2025-10-17 10:56:30,962 - INFO - Starting CNN training script
2025-10-17 10:56:30,962 - INFO - Arguments: {'model': 'googlenet', 'dataset': 'cifar10', 'data_dir': './data', 'batch_size': 256, 'num_workers': 8, 'epochs': 200, 'lr': 0.1, 'lr_schedule': '60:0.1,60:0.02,40:0.004,40:0.0008', 'warm': 1, 'output_dir': './experiments/googlenet_cifar10_20251017_105630'}
2025-10-17 10:56:31,032 - INFO - Using device: cuda
2025-10-17 10:56:31,032 - INFO - Dataset: cifar10, Input channels: 3, Classes: 10
2025-10-17 10:56:33,171 - INFO - Using model: googlenet
2025-10-17 10:56:33,172 - INFO - Learning rate schedule: [(60, 0.1), (60, 0.02), (40, 0.004), (40, 0.0008)]
2025-10-17 10:56:33,174 - INFO - Using TensorBoard for visualization
2025-10-17 10:56:33,174 - INFO - Starting training for 200 epochs
2025-10-17 10:56:33,174 - INFO - Epoch 1/200 (lr=0.1)
2025-10-17 10:56:47,453 - INFO - Train Loss: 1.6591, Train Acc: 39.81%, Val Loss: 1.4578, Val Acc: 49.49%
2025-10-17 10:56:47,528 - INFO - New best model saved with accuracy: 49.49%
2025-10-17 10:56:47,528 - INFO - Epoch 2/200 (lr=0.1)
2025-10-17 10:57:00,045 - INFO - Train Loss: 1.2726, Train Acc: 55.95%, Val Loss: 1.1135, Val Acc: 60.76%
2025-10-17 10:57:00,264 - INFO - New best model saved with accuracy: 60.76%
2025-10-17 10:57:00,265 - INFO - Epoch 3/200 (lr=0.1)
2025-10-17 10:57:12,184 - INFO - Train Loss: 1.0821, Train Acc: 62.25%, Val Loss: 0.9547, Val Acc: 68.08%
2025-10-17 10:57:12,392 - INFO - New best model saved with accuracy: 68.08%
2025-10-17 10:57:12,392 - INFO - Epoch 4/200 (lr=0.1)
2025-10-17 10:57:25,289 - INFO - Train Loss: 0.8278, Train Acc: 71.45%, Val Loss: 0.7931, Val Acc: 72.30%
2025-10-17 10:57:25,594 - INFO - New best model saved with accuracy: 72.30%
2025-10-17 10:57:25,594 - INFO - Epoch 5/200 (lr=0.1)
2025-10-17 10:57:37,753 - INFO - Train Loss: 0.7186, Train Acc: 75.07%, Val Loss: 0.6469, Val Acc: 77.76%
2025-10-17 10:57:37,981 - INFO - New best model saved with accuracy: 77.76%
2025-10-17 10:57:37,981 - INFO - Epoch 6/200 (lr=0.1)
2025-10-17 10:57:49,946 - INFO - Train Loss: 0.6501, Train Acc: 77.71%, Val Loss: 0.7185, Val Acc: 75.83%
2025-10-17 10:57:49,947 - INFO - Epoch 7/200 (lr=0.1)
2025-10-17 10:58:01,884 - INFO - Train Loss: 0.5968, Train Acc: 79.58%, Val Loss: 0.7082, Val Acc: 76.96%
2025-10-17 10:58:01,885 - INFO - Epoch 8/200 (lr=0.1)
2025-10-17 10:58:14,384 - INFO - Train Loss: 0.5527, Train Acc: 81.06%, Val Loss: 0.5981, Val Acc: 79.51%
2025-10-17 10:58:14,621 - INFO - New best model saved with accuracy: 79.51%
2025-10-17 10:58:14,622 - INFO - Epoch 9/200 (lr=0.1)
2025-10-17 10:58:26,645 - INFO - Train Loss: 0.5225, Train Acc: 82.27%, Val Loss: 0.7037, Val Acc: 76.99%
2025-10-17 10:58:26,645 - INFO - Epoch 10/200 (lr=0.1)
2025-10-17 10:58:39,118 - INFO - Train Loss: 0.4997, Train Acc: 82.94%, Val Loss: 0.6322, Val Acc: 78.47%
2025-10-17 10:58:39,118 - INFO - Epoch 11/200 (lr=0.1)
2025-10-17 10:58:51,807 - INFO - Train Loss: 0.4712, Train Acc: 83.74%, Val Loss: 0.5998, Val Acc: 79.56%
2025-10-17 10:58:52,003 - INFO - New best model saved with accuracy: 79.56%
2025-10-17 10:58:52,004 - INFO - Epoch 12/200 (lr=0.1)
2025-10-17 10:59:04,186 - INFO - Train Loss: 0.4488, Train Acc: 84.73%, Val Loss: 0.5142, Val Acc: 82.36%
2025-10-17 10:59:04,538 - INFO - New best model saved with accuracy: 82.36%
2025-10-17 10:59:04,538 - INFO - Epoch 13/200 (lr=0.1)
2025-10-17 10:59:16,477 - INFO - Train Loss: 0.4406, Train Acc: 85.09%, Val Loss: 0.8083, Val Acc: 73.93%
2025-10-17 10:59:16,478 - INFO - Epoch 14/200 (lr=0.1)
2025-10-17 10:59:28,769 - INFO - Train Loss: 0.4272, Train Acc: 85.45%, Val Loss: 0.5626, Val Acc: 81.52%
2025-10-17 10:59:28,770 - INFO - Epoch 15/200 (lr=0.1)
2025-10-17 10:59:41,089 - INFO - Train Loss: 0.4142, Train Acc: 85.91%, Val Loss: 0.5322, Val Acc: 81.44%
2025-10-17 10:59:41,090 - INFO - Epoch 16/200 (lr=0.1)
2025-10-17 10:59:53,952 - INFO - Train Loss: 0.3990, Train Acc: 86.39%, Val Loss: 0.4893, Val Acc: 83.22%
2025-10-17 10:59:54,197 - INFO - New best model saved with accuracy: 83.22%
2025-10-17 10:59:54,197 - INFO - Epoch 17/200 (lr=0.1)
2025-10-17 11:00:06,348 - INFO - Train Loss: 0.4083, Train Acc: 86.17%, Val Loss: 0.7205, Val Acc: 77.08%
2025-10-17 11:00:06,349 - INFO - Epoch 18/200 (lr=0.1)
2025-10-17 11:00:18,553 - INFO - Train Loss: 0.3989, Train Acc: 86.50%, Val Loss: 0.5202, Val Acc: 82.40%
2025-10-17 11:00:18,554 - INFO - Epoch 19/200 (lr=0.1)
2025-10-17 11:00:30,130 - INFO - Train Loss: 0.3861, Train Acc: 86.91%, Val Loss: 0.5496, Val Acc: 82.49%
2025-10-17 11:00:30,130 - INFO - Epoch 20/200 (lr=0.1)
2025-10-17 11:00:42,805 - INFO - Train Loss: 0.3834, Train Acc: 86.86%, Val Loss: 0.4496, Val Acc: 85.18%
2025-10-17 11:00:43,008 - INFO - New best model saved with accuracy: 85.18%
2025-10-17 11:00:43,008 - INFO - Epoch 21/200 (lr=0.1)
2025-10-17 11:00:55,400 - INFO - Train Loss: 0.3736, Train Acc: 87.32%, Val Loss: 0.4628, Val Acc: 84.20%
2025-10-17 11:00:55,401 - INFO - Epoch 22/200 (lr=0.1)
2025-10-17 11:01:08,434 - INFO - Train Loss: 0.3712, Train Acc: 87.47%, Val Loss: 0.5238, Val Acc: 82.32%
2025-10-17 11:01:08,435 - INFO - Epoch 23/200 (lr=0.1)
2025-10-17 11:01:20,541 - INFO - Train Loss: 0.3751, Train Acc: 87.22%, Val Loss: 0.5645, Val Acc: 81.00%
2025-10-17 11:01:20,542 - INFO - Epoch 24/200 (lr=0.1)
2025-10-17 11:01:33,020 - INFO - Train Loss: 0.3647, Train Acc: 87.51%, Val Loss: 0.5727, Val Acc: 81.38%
2025-10-17 11:01:33,021 - INFO - Epoch 25/200 (lr=0.1)
2025-10-17 11:01:45,341 - INFO - Train Loss: 0.3604, Train Acc: 87.77%, Val Loss: 0.4651, Val Acc: 85.11%
2025-10-17 11:01:45,341 - INFO - Epoch 26/200 (lr=0.1)
2025-10-17 11:01:57,730 - INFO - Train Loss: 0.3551, Train Acc: 88.00%, Val Loss: 0.5515, Val Acc: 82.17%
2025-10-17 11:01:57,730 - INFO - Epoch 27/200 (lr=0.1)
2025-10-17 11:02:10,158 - INFO - Train Loss: 0.3577, Train Acc: 87.90%, Val Loss: 0.6391, Val Acc: 79.30%
2025-10-17 11:02:10,159 - INFO - Epoch 28/200 (lr=0.1)
2025-10-17 11:02:22,690 - INFO - Train Loss: 0.3545, Train Acc: 87.87%, Val Loss: 0.4701, Val Acc: 85.02%
2025-10-17 11:02:22,691 - INFO - Epoch 29/200 (lr=0.1)
2025-10-17 11:02:34,693 - INFO - Train Loss: 0.3463, Train Acc: 88.25%, Val Loss: 0.4028, Val Acc: 86.71%
2025-10-17 11:02:34,908 - INFO - New best model saved with accuracy: 86.71%
2025-10-17 11:02:34,909 - INFO - Epoch 30/200 (lr=0.1)
2025-10-17 11:02:46,964 - INFO - Train Loss: 0.3463, Train Acc: 88.35%, Val Loss: 0.4594, Val Acc: 84.41%
2025-10-17 11:02:46,965 - INFO - Epoch 31/200 (lr=0.1)
2025-10-17 11:02:59,499 - INFO - Train Loss: 0.3464, Train Acc: 88.29%, Val Loss: 0.4651, Val Acc: 84.26%
2025-10-17 11:02:59,500 - INFO - Epoch 32/200 (lr=0.1)
2025-10-17 11:03:11,995 - INFO - Train Loss: 0.3400, Train Acc: 88.48%, Val Loss: 0.5998, Val Acc: 80.41%
2025-10-17 11:03:11,996 - INFO - Epoch 33/200 (lr=0.1)
2025-10-17 11:03:24,753 - INFO - Train Loss: 0.3365, Train Acc: 88.43%, Val Loss: 0.4702, Val Acc: 84.16%
2025-10-17 11:03:24,754 - INFO - Epoch 34/200 (lr=0.1)
2025-10-17 11:03:37,578 - INFO - Train Loss: 0.3331, Train Acc: 88.81%, Val Loss: 0.4400, Val Acc: 85.48%
2025-10-17 11:03:37,578 - INFO - Epoch 35/200 (lr=0.1)
2025-10-17 11:03:50,303 - INFO - Train Loss: 0.3326, Train Acc: 88.54%, Val Loss: 0.6716, Val Acc: 78.99%
2025-10-17 11:03:50,303 - INFO - Epoch 36/200 (lr=0.1)
2025-10-17 11:04:02,614 - INFO - Train Loss: 0.3296, Train Acc: 88.84%, Val Loss: 0.5939, Val Acc: 81.09%
2025-10-17 11:04:02,614 - INFO - Epoch 37/200 (lr=0.1)
2025-10-17 11:04:14,814 - INFO - Train Loss: 0.3285, Train Acc: 88.84%, Val Loss: 0.5870, Val Acc: 80.92%
2025-10-17 11:04:14,814 - INFO - Epoch 38/200 (lr=0.1)
2025-10-17 11:04:27,117 - INFO - Train Loss: 0.3286, Train Acc: 88.74%, Val Loss: 0.5143, Val Acc: 83.35%
2025-10-17 11:04:27,118 - INFO - Epoch 39/200 (lr=0.1)
2025-10-17 11:04:39,325 - INFO - Train Loss: 0.3188, Train Acc: 89.23%, Val Loss: 0.4023, Val Acc: 86.43%
2025-10-17 11:04:39,325 - INFO - Epoch 40/200 (lr=0.1)
2025-10-17 11:04:51,266 - INFO - Train Loss: 0.3270, Train Acc: 89.00%, Val Loss: 0.5230, Val Acc: 82.96%
2025-10-17 11:04:51,267 - INFO - Epoch 41/200 (lr=0.1)
2025-10-17 11:05:03,624 - INFO - Train Loss: 0.3255, Train Acc: 88.70%, Val Loss: 0.4254, Val Acc: 86.07%
2025-10-17 11:05:03,625 - INFO - Epoch 42/200 (lr=0.1)
2025-10-17 11:05:16,397 - INFO - Train Loss: 0.3225, Train Acc: 88.97%, Val Loss: 0.5913, Val Acc: 80.83%
2025-10-17 11:05:16,398 - INFO - Epoch 43/200 (lr=0.1)
2025-10-17 11:05:29,074 - INFO - Train Loss: 0.3192, Train Acc: 89.19%, Val Loss: 0.6097, Val Acc: 79.79%
2025-10-17 11:05:29,075 - INFO - Epoch 44/200 (lr=0.1)
2025-10-17 11:05:41,403 - INFO - Train Loss: 0.3173, Train Acc: 89.29%, Val Loss: 0.3973, Val Acc: 86.76%
2025-10-17 11:05:41,615 - INFO - New best model saved with accuracy: 86.76%
2025-10-17 11:05:41,616 - INFO - Epoch 45/200 (lr=0.1)
2025-10-17 11:05:53,985 - INFO - Train Loss: 0.3114, Train Acc: 89.43%, Val Loss: 0.4564, Val Acc: 84.55%
2025-10-17 11:05:53,985 - INFO - Epoch 46/200 (lr=0.1)
2025-10-17 11:06:06,522 - INFO - Train Loss: 0.3167, Train Acc: 89.11%, Val Loss: 0.3750, Val Acc: 87.14%
2025-10-17 11:06:06,799 - INFO - New best model saved with accuracy: 87.14%
2025-10-17 11:06:06,800 - INFO - Epoch 47/200 (lr=0.1)
2025-10-17 11:06:19,020 - INFO - Train Loss: 0.3130, Train Acc: 89.30%, Val Loss: 0.6084, Val Acc: 80.90%
2025-10-17 11:06:19,021 - INFO - Epoch 48/200 (lr=0.1)
2025-10-17 11:06:31,254 - INFO - Train Loss: 0.3078, Train Acc: 89.50%, Val Loss: 0.5159, Val Acc: 83.49%
2025-10-17 11:06:31,254 - INFO - Epoch 49/200 (lr=0.1)
2025-10-17 11:06:43,368 - INFO - Train Loss: 0.3137, Train Acc: 89.25%, Val Loss: 0.5639, Val Acc: 81.52%
2025-10-17 11:06:43,369 - INFO - Epoch 50/200 (lr=0.1)
2025-10-17 11:06:55,564 - INFO - Train Loss: 0.3043, Train Acc: 89.68%, Val Loss: 0.5148, Val Acc: 83.59%
2025-10-17 11:06:55,565 - INFO - Epoch 51/200 (lr=0.1)
2025-10-17 11:07:07,962 - INFO - Train Loss: 0.3067, Train Acc: 89.49%, Val Loss: 0.6010, Val Acc: 80.62%
2025-10-17 11:07:07,963 - INFO - Epoch 52/200 (lr=0.1)
2025-10-17 11:07:20,372 - INFO - Train Loss: 0.3096, Train Acc: 89.58%, Val Loss: 0.4453, Val Acc: 84.83%
2025-10-17 11:07:20,373 - INFO - Epoch 53/200 (lr=0.1)
2025-10-17 11:07:32,784 - INFO - Train Loss: 0.3069, Train Acc: 89.46%, Val Loss: 0.6579, Val Acc: 79.38%
2025-10-17 11:07:32,784 - INFO - Epoch 54/200 (lr=0.1)
2025-10-17 11:07:44,812 - INFO - Train Loss: 0.2996, Train Acc: 89.92%, Val Loss: 0.5163, Val Acc: 83.61%
2025-10-17 11:07:44,812 - INFO - Epoch 55/200 (lr=0.1)
2025-10-17 11:07:56,978 - INFO - Train Loss: 0.3001, Train Acc: 89.87%, Val Loss: 0.4298, Val Acc: 86.06%
2025-10-17 11:07:56,979 - INFO - Epoch 56/200 (lr=0.1)
2025-10-17 11:08:09,185 - INFO - Train Loss: 0.3062, Train Acc: 89.63%, Val Loss: 0.3740, Val Acc: 87.48%
2025-10-17 11:08:09,707 - INFO - New best model saved with accuracy: 87.48%
2025-10-17 11:08:09,708 - INFO - Epoch 57/200 (lr=0.1)
2025-10-17 11:08:22,179 - INFO - Train Loss: 0.3021, Train Acc: 89.70%, Val Loss: 0.6606, Val Acc: 80.05%
2025-10-17 11:08:22,179 - INFO - Epoch 58/200 (lr=0.1)
2025-10-17 11:08:35,067 - INFO - Train Loss: 0.3071, Train Acc: 89.46%, Val Loss: 0.4597, Val Acc: 84.57%
2025-10-17 11:08:35,068 - INFO - Epoch 59/200 (lr=0.1)
2025-10-17 11:08:46,970 - INFO - Train Loss: 0.2963, Train Acc: 89.91%, Val Loss: 0.5511, Val Acc: 82.77%
2025-10-17 11:08:46,971 - INFO - Epoch 60/200 (lr=0.1)
2025-10-17 11:08:59,325 - INFO - Train Loss: 0.2995, Train Acc: 89.72%, Val Loss: 0.7002, Val Acc: 78.97%
2025-10-17 11:08:59,325 - INFO - Epoch 61/200 (lr=0.02)
2025-10-17 11:09:11,501 - INFO - Train Loss: 0.1700, Train Acc: 94.39%, Val Loss: 0.2061, Val Acc: 93.27%
2025-10-17 11:09:11,818 - INFO - New best model saved with accuracy: 93.27%
2025-10-17 11:09:11,818 - INFO - Epoch 62/200 (lr=0.02)
2025-10-17 11:09:23,951 - INFO - Train Loss: 0.1244, Train Acc: 95.81%, Val Loss: 0.1942, Val Acc: 93.69%
2025-10-17 11:09:24,179 - INFO - New best model saved with accuracy: 93.69%
2025-10-17 11:09:24,179 - INFO - Epoch 63/200 (lr=0.02)
2025-10-17 11:09:36,414 - INFO - Train Loss: 0.1080, Train Acc: 96.36%, Val Loss: 0.2088, Val Acc: 93.35%
2025-10-17 11:09:36,415 - INFO - Epoch 64/200 (lr=0.02)
2025-10-17 11:09:48,944 - INFO - Train Loss: 0.1006, Train Acc: 96.62%, Val Loss: 0.2051, Val Acc: 93.46%
2025-10-17 11:09:48,945 - INFO - Epoch 65/200 (lr=0.02)
2025-10-17 11:10:01,589 - INFO - Train Loss: 0.0955, Train Acc: 96.79%, Val Loss: 0.2214, Val Acc: 92.95%
2025-10-17 11:10:01,589 - INFO - Epoch 66/200 (lr=0.02)
2025-10-17 11:10:14,011 - INFO - Train Loss: 0.0848, Train Acc: 97.08%, Val Loss: 0.2174, Val Acc: 93.06%
2025-10-17 11:10:14,011 - INFO - Epoch 67/200 (lr=0.02)
2025-10-17 11:10:26,805 - INFO - Train Loss: 0.0790, Train Acc: 97.34%, Val Loss: 0.2332, Val Acc: 93.03%
2025-10-17 11:10:26,805 - INFO - Epoch 68/200 (lr=0.02)
2025-10-17 11:10:38,497 - INFO - Train Loss: 0.0785, Train Acc: 97.39%, Val Loss: 0.2217, Val Acc: 93.44%
2025-10-17 11:10:38,498 - INFO - Epoch 69/200 (lr=0.02)
2025-10-17 11:10:50,779 - INFO - Train Loss: 0.0790, Train Acc: 97.29%, Val Loss: 0.2270, Val Acc: 93.44%
2025-10-17 11:10:50,779 - INFO - Epoch 70/200 (lr=0.02)
2025-10-17 11:11:03,474 - INFO - Train Loss: 0.0805, Train Acc: 97.34%, Val Loss: 0.2255, Val Acc: 93.08%
2025-10-17 11:11:03,474 - INFO - Epoch 71/200 (lr=0.02)
2025-10-17 11:11:15,811 - INFO - Train Loss: 0.0788, Train Acc: 97.36%, Val Loss: 0.2493, Val Acc: 92.93%
2025-10-17 11:11:15,811 - INFO - Epoch 72/200 (lr=0.02)
2025-10-17 11:11:28,523 - INFO - Train Loss: 0.0764, Train Acc: 97.38%, Val Loss: 0.2269, Val Acc: 93.33%
2025-10-17 11:11:28,523 - INFO - Epoch 73/200 (lr=0.02)
2025-10-17 11:11:40,926 - INFO - Train Loss: 0.0753, Train Acc: 97.44%, Val Loss: 0.2522, Val Acc: 92.59%
2025-10-17 11:11:40,926 - INFO - Epoch 74/200 (lr=0.02)
2025-10-17 11:11:53,354 - INFO - Train Loss: 0.0791, Train Acc: 97.24%, Val Loss: 0.2826, Val Acc: 92.00%
2025-10-17 11:11:53,354 - INFO - Epoch 75/200 (lr=0.02)
2025-10-17 11:12:05,391 - INFO - Train Loss: 0.0806, Train Acc: 97.29%, Val Loss: 0.2409, Val Acc: 92.78%
2025-10-17 11:12:05,391 - INFO - Epoch 76/200 (lr=0.02)
2025-10-17 11:12:17,404 - INFO - Train Loss: 0.0775, Train Acc: 97.42%, Val Loss: 0.2819, Val Acc: 91.98%
2025-10-17 11:12:17,405 - INFO - Epoch 77/200 (lr=0.02)
2025-10-17 11:12:29,876 - INFO - Train Loss: 0.0765, Train Acc: 97.43%, Val Loss: 0.2682, Val Acc: 92.50%
2025-10-17 11:12:29,877 - INFO - Epoch 78/200 (lr=0.02)
2025-10-17 11:12:42,356 - INFO - Train Loss: 0.0814, Train Acc: 97.22%, Val Loss: 0.2531, Val Acc: 92.60%
2025-10-17 11:12:42,357 - INFO - Epoch 79/200 (lr=0.02)
2025-10-17 11:12:54,757 - INFO - Train Loss: 0.0731, Train Acc: 97.57%, Val Loss: 0.2839, Val Acc: 91.78%
2025-10-17 11:12:54,758 - INFO - Epoch 80/200 (lr=0.02)
2025-10-17 11:13:07,078 - INFO - Train Loss: 0.0702, Train Acc: 97.68%, Val Loss: 0.2831, Val Acc: 91.82%
2025-10-17 11:13:07,078 - INFO - Epoch 81/200 (lr=0.02)
2025-10-17 11:13:19,527 - INFO - Train Loss: 0.0822, Train Acc: 97.22%, Val Loss: 0.2538, Val Acc: 92.47%
2025-10-17 11:13:19,528 - INFO - Epoch 82/200 (lr=0.02)
2025-10-17 11:13:31,952 - INFO - Train Loss: 0.0822, Train Acc: 97.19%, Val Loss: 0.2743, Val Acc: 91.79%
2025-10-17 11:13:31,953 - INFO - Epoch 83/200 (lr=0.02)
2025-10-17 11:13:44,199 - INFO - Train Loss: 0.0798, Train Acc: 97.27%, Val Loss: 0.2746, Val Acc: 91.68%
2025-10-17 11:13:44,199 - INFO - Epoch 84/200 (lr=0.02)
2025-10-17 11:13:56,986 - INFO - Train Loss: 0.0800, Train Acc: 97.28%, Val Loss: 0.2788, Val Acc: 91.76%
2025-10-17 11:13:56,986 - INFO - Epoch 85/200 (lr=0.02)
2025-10-17 11:14:08,907 - INFO - Train Loss: 0.0803, Train Acc: 97.33%, Val Loss: 0.2374, Val Acc: 92.95%
2025-10-17 11:14:08,907 - INFO - Epoch 86/200 (lr=0.02)
2025-10-17 11:14:21,142 - INFO - Train Loss: 0.0845, Train Acc: 97.19%, Val Loss: 0.2744, Val Acc: 91.39%
2025-10-17 11:14:21,143 - INFO - Epoch 87/200 (lr=0.02)
2025-10-17 11:14:33,346 - INFO - Train Loss: 0.0829, Train Acc: 97.12%, Val Loss: 0.3002, Val Acc: 91.44%
2025-10-17 11:14:33,346 - INFO - Epoch 88/200 (lr=0.02)
2025-10-17 11:14:45,311 - INFO - Train Loss: 0.0875, Train Acc: 97.04%, Val Loss: 0.2974, Val Acc: 91.78%
2025-10-17 11:14:45,312 - INFO - Epoch 89/200 (lr=0.02)
2025-10-17 11:14:57,393 - INFO - Train Loss: 0.0851, Train Acc: 97.07%, Val Loss: 0.2948, Val Acc: 91.67%
2025-10-17 11:14:57,394 - INFO - Epoch 90/200 (lr=0.02)
2025-10-17 11:15:10,115 - INFO - Train Loss: 0.0877, Train Acc: 97.04%, Val Loss: 0.2705, Val Acc: 91.93%
2025-10-17 11:15:10,115 - INFO - Epoch 91/200 (lr=0.02)
2025-10-17 11:15:22,257 - INFO - Train Loss: 0.0813, Train Acc: 97.33%, Val Loss: 0.3094, Val Acc: 91.39%
2025-10-17 11:15:22,257 - INFO - Epoch 92/200 (lr=0.02)
2025-10-17 11:15:34,435 - INFO - Train Loss: 0.0935, Train Acc: 96.82%, Val Loss: 0.2752, Val Acc: 92.10%
2025-10-17 11:15:34,436 - INFO - Epoch 93/200 (lr=0.02)
2025-10-17 11:15:46,481 - INFO - Train Loss: 0.0865, Train Acc: 97.16%, Val Loss: 0.2911, Val Acc: 91.46%
2025-10-17 11:15:46,481 - INFO - Epoch 94/200 (lr=0.02)
2025-10-17 11:15:58,835 - INFO - Train Loss: 0.0866, Train Acc: 97.01%, Val Loss: 0.2460, Val Acc: 92.89%
2025-10-17 11:15:58,835 - INFO - Epoch 95/200 (lr=0.02)
2025-10-17 11:16:10,982 - INFO - Train Loss: 0.0850, Train Acc: 97.09%, Val Loss: 0.3071, Val Acc: 91.12%
2025-10-17 11:16:10,983 - INFO - Epoch 96/200 (lr=0.02)
2025-10-17 11:16:23,379 - INFO - Train Loss: 0.0853, Train Acc: 97.15%, Val Loss: 0.2918, Val Acc: 91.72%
2025-10-17 11:16:23,381 - INFO - Epoch 97/200 (lr=0.02)
2025-10-17 11:16:35,724 - INFO - Train Loss: 0.0844, Train Acc: 97.14%, Val Loss: 0.3092, Val Acc: 90.85%
2025-10-17 11:16:35,725 - INFO - Epoch 98/200 (lr=0.02)
2025-10-17 11:16:47,694 - INFO - Train Loss: 0.0832, Train Acc: 97.28%, Val Loss: 0.2841, Val Acc: 91.45%
2025-10-17 11:16:47,695 - INFO - Epoch 99/200 (lr=0.02)
2025-10-17 11:16:59,981 - INFO - Train Loss: 0.0845, Train Acc: 97.18%, Val Loss: 0.3232, Val Acc: 90.64%
2025-10-17 11:16:59,981 - INFO - Epoch 100/200 (lr=0.02)
2025-10-17 11:17:12,370 - INFO - Train Loss: 0.0888, Train Acc: 97.02%, Val Loss: 0.2893, Val Acc: 91.83%
2025-10-17 11:17:12,370 - INFO - Epoch 101/200 (lr=0.02)
2025-10-17 11:17:24,272 - INFO - Train Loss: 0.0911, Train Acc: 96.87%, Val Loss: 0.2967, Val Acc: 91.38%
2025-10-17 11:17:24,273 - INFO - Epoch 102/200 (lr=0.02)
2025-10-17 11:17:36,958 - INFO - Train Loss: 0.0894, Train Acc: 97.02%, Val Loss: 0.3358, Val Acc: 90.45%
2025-10-17 11:17:36,959 - INFO - Epoch 103/200 (lr=0.02)
2025-10-17 11:17:49,699 - INFO - Train Loss: 0.0907, Train Acc: 96.91%, Val Loss: 0.2904, Val Acc: 91.15%
2025-10-17 11:17:49,700 - INFO - Epoch 104/200 (lr=0.02)
2025-10-17 11:18:02,284 - INFO - Train Loss: 0.0900, Train Acc: 96.98%, Val Loss: 0.3174, Val Acc: 90.85%
2025-10-17 11:18:02,285 - INFO - Epoch 105/200 (lr=0.02)
2025-10-17 11:18:14,639 - INFO - Train Loss: 0.0855, Train Acc: 97.10%, Val Loss: 0.2718, Val Acc: 91.89%
2025-10-17 11:18:14,640 - INFO - Epoch 106/200 (lr=0.02)
2025-10-17 11:18:27,174 - INFO - Train Loss: 0.0904, Train Acc: 96.94%, Val Loss: 0.3666, Val Acc: 89.29%
2025-10-17 11:18:27,175 - INFO - Epoch 107/200 (lr=0.02)
2025-10-17 11:18:39,217 - INFO - Train Loss: 0.0885, Train Acc: 97.02%, Val Loss: 0.3076, Val Acc: 90.87%
2025-10-17 11:18:39,218 - INFO - Epoch 108/200 (lr=0.02)
2025-10-17 11:18:51,764 - INFO - Train Loss: 0.0880, Train Acc: 97.03%, Val Loss: 0.3067, Val Acc: 91.28%
2025-10-17 11:18:51,765 - INFO - Epoch 109/200 (lr=0.02)
2025-10-17 11:19:04,586 - INFO - Train Loss: 0.0876, Train Acc: 97.13%, Val Loss: 0.3011, Val Acc: 91.12%
2025-10-17 11:19:04,587 - INFO - Epoch 110/200 (lr=0.02)
2025-10-17 11:19:16,578 - INFO - Train Loss: 0.0858, Train Acc: 97.18%, Val Loss: 0.2960, Val Acc: 91.43%
2025-10-17 11:19:16,579 - INFO - Epoch 111/200 (lr=0.02)
2025-10-17 11:19:28,991 - INFO - Train Loss: 0.0863, Train Acc: 97.15%, Val Loss: 0.2889, Val Acc: 91.68%
2025-10-17 11:19:28,992 - INFO - Epoch 112/200 (lr=0.02)
2025-10-17 11:19:41,262 - INFO - Train Loss: 0.0918, Train Acc: 96.90%, Val Loss: 0.2897, Val Acc: 91.56%
2025-10-17 11:19:41,263 - INFO - Epoch 113/200 (lr=0.02)
2025-10-17 11:19:53,355 - INFO - Train Loss: 0.0882, Train Acc: 97.05%, Val Loss: 0.2878, Val Acc: 91.82%
2025-10-17 11:19:53,356 - INFO - Epoch 114/200 (lr=0.02)
2025-10-17 11:20:05,445 - INFO - Train Loss: 0.0856, Train Acc: 97.10%, Val Loss: 0.3160, Val Acc: 91.30%
2025-10-17 11:20:05,446 - INFO - Epoch 115/200 (lr=0.02)
2025-10-17 11:20:17,549 - INFO - Train Loss: 0.0864, Train Acc: 97.13%, Val Loss: 0.3003, Val Acc: 91.54%
2025-10-17 11:20:17,549 - INFO - Epoch 116/200 (lr=0.02)
2025-10-17 11:20:29,631 - INFO - Train Loss: 0.0865, Train Acc: 97.05%, Val Loss: 0.3096, Val Acc: 91.07%
2025-10-17 11:20:29,632 - INFO - Epoch 117/200 (lr=0.02)
2025-10-17 11:20:41,883 - INFO - Train Loss: 0.0827, Train Acc: 97.16%, Val Loss: 0.3243, Val Acc: 90.79%
2025-10-17 11:20:41,884 - INFO - Epoch 118/200 (lr=0.02)
2025-10-17 11:20:53,939 - INFO - Train Loss: 0.0868, Train Acc: 97.08%, Val Loss: 0.3883, Val Acc: 89.40%
2025-10-17 11:20:53,940 - INFO - Epoch 119/200 (lr=0.02)
2025-10-17 11:21:06,047 - INFO - Train Loss: 0.0864, Train Acc: 97.14%, Val Loss: 0.4867, Val Acc: 86.86%
2025-10-17 11:21:06,048 - INFO - Epoch 120/200 (lr=0.02)
2025-10-17 11:21:18,485 - INFO - Train Loss: 0.0857, Train Acc: 97.10%, Val Loss: 0.3511, Val Acc: 89.67%
2025-10-17 11:21:18,486 - INFO - Epoch 121/200 (lr=0.004)
2025-10-17 11:21:30,801 - INFO - Train Loss: 0.0392, Train Acc: 98.75%, Val Loss: 0.1892, Val Acc: 94.29%
2025-10-17 11:21:31,197 - INFO - New best model saved with accuracy: 94.29%
2025-10-17 11:21:31,197 - INFO - Epoch 122/200 (lr=0.004)
2025-10-17 11:21:43,161 - INFO - Train Loss: 0.0241, Train Acc: 99.29%, Val Loss: 0.1883, Val Acc: 94.56%
2025-10-17 11:21:43,476 - INFO - New best model saved with accuracy: 94.56%
2025-10-17 11:21:43,476 - INFO - Epoch 123/200 (lr=0.004)
2025-10-17 11:21:55,940 - INFO - Train Loss: 0.0200, Train Acc: 99.43%, Val Loss: 0.1900, Val Acc: 94.66%
2025-10-17 11:21:56,166 - INFO - New best model saved with accuracy: 94.66%
2025-10-17 11:21:56,166 - INFO - Epoch 124/200 (lr=0.004)
2025-10-17 11:22:08,060 - INFO - Train Loss: 0.0173, Train Acc: 99.50%, Val Loss: 0.1901, Val Acc: 94.48%
2025-10-17 11:22:08,060 - INFO - Epoch 125/200 (lr=0.004)
2025-10-17 11:22:19,880 - INFO - Train Loss: 0.0170, Train Acc: 99.52%, Val Loss: 0.1901, Val Acc: 94.68%
2025-10-17 11:22:20,080 - INFO - New best model saved with accuracy: 94.68%
2025-10-17 11:22:20,081 - INFO - Epoch 126/200 (lr=0.004)
2025-10-17 11:22:32,157 - INFO - Train Loss: 0.0150, Train Acc: 99.54%, Val Loss: 0.2001, Val Acc: 94.43%
2025-10-17 11:22:32,158 - INFO - Epoch 127/200 (lr=0.004)
2025-10-17 11:22:44,095 - INFO - Train Loss: 0.0159, Train Acc: 99.55%, Val Loss: 0.1950, Val Acc: 94.66%
2025-10-17 11:22:44,096 - INFO - Epoch 128/200 (lr=0.004)
2025-10-17 11:22:56,029 - INFO - Train Loss: 0.0142, Train Acc: 99.62%, Val Loss: 0.1922, Val Acc: 94.76%
2025-10-17 11:22:56,248 - INFO - New best model saved with accuracy: 94.76%
2025-10-17 11:22:56,249 - INFO - Epoch 129/200 (lr=0.004)
2025-10-17 11:23:08,074 - INFO - Train Loss: 0.0130, Train Acc: 99.63%, Val Loss: 0.1898, Val Acc: 94.69%
2025-10-17 11:23:08,075 - INFO - Epoch 130/200 (lr=0.004)
2025-10-17 11:23:19,934 - INFO - Train Loss: 0.0123, Train Acc: 99.66%, Val Loss: 0.1944, Val Acc: 94.68%
2025-10-17 11:23:19,935 - INFO - Epoch 131/200 (lr=0.004)
2025-10-17 11:23:32,124 - INFO - Train Loss: 0.0110, Train Acc: 99.71%, Val Loss: 0.1924, Val Acc: 94.92%
2025-10-17 11:23:32,337 - INFO - New best model saved with accuracy: 94.92%
2025-10-17 11:23:32,337 - INFO - Epoch 132/200 (lr=0.004)
2025-10-17 11:23:44,273 - INFO - Train Loss: 0.0101, Train Acc: 99.74%, Val Loss: 0.1972, Val Acc: 94.73%
2025-10-17 11:23:44,274 - INFO - Epoch 133/200 (lr=0.004)
2025-10-17 11:23:56,732 - INFO - Train Loss: 0.0116, Train Acc: 99.66%, Val Loss: 0.2077, Val Acc: 94.53%
2025-10-17 11:23:56,733 - INFO - Epoch 134/200 (lr=0.004)
2025-10-17 11:24:08,221 - INFO - Train Loss: 0.0106, Train Acc: 99.72%, Val Loss: 0.2025, Val Acc: 94.68%
2025-10-17 11:24:08,222 - INFO - Epoch 135/200 (lr=0.004)
2025-10-17 11:24:20,161 - INFO - Train Loss: 0.0094, Train Acc: 99.76%, Val Loss: 0.2012, Val Acc: 94.46%
2025-10-17 11:24:20,162 - INFO - Epoch 136/200 (lr=0.004)
2025-10-17 11:24:32,224 - INFO - Train Loss: 0.0108, Train Acc: 99.70%, Val Loss: 0.2098, Val Acc: 94.56%
2025-10-17 11:24:32,225 - INFO - Epoch 137/200 (lr=0.004)
2025-10-17 11:24:44,189 - INFO - Train Loss: 0.0102, Train Acc: 99.70%, Val Loss: 0.2049, Val Acc: 94.74%
2025-10-17 11:24:44,189 - INFO - Epoch 138/200 (lr=0.004)
2025-10-17 11:24:56,206 - INFO - Train Loss: 0.0096, Train Acc: 99.75%, Val Loss: 0.2028, Val Acc: 94.86%
2025-10-17 11:24:56,207 - INFO - Epoch 139/200 (lr=0.004)
2025-10-17 11:25:08,252 - INFO - Train Loss: 0.0098, Train Acc: 99.74%, Val Loss: 0.2060, Val Acc: 94.48%
2025-10-17 11:25:08,253 - INFO - Epoch 140/200 (lr=0.004)
2025-10-17 11:25:20,237 - INFO - Train Loss: 0.0097, Train Acc: 99.75%, Val Loss: 0.1983, Val Acc: 94.72%
2025-10-17 11:25:20,237 - INFO - Epoch 141/200 (lr=0.004)
2025-10-17 11:25:32,419 - INFO - Train Loss: 0.0098, Train Acc: 99.73%, Val Loss: 0.2072, Val Acc: 94.64%
2025-10-17 11:25:32,419 - INFO - Epoch 142/200 (lr=0.004)
2025-10-17 11:25:44,772 - INFO - Train Loss: 0.0089, Train Acc: 99.77%, Val Loss: 0.2005, Val Acc: 94.90%
2025-10-17 11:25:44,772 - INFO - Epoch 143/200 (lr=0.004)
2025-10-17 11:25:56,840 - INFO - Train Loss: 0.0088, Train Acc: 99.76%, Val Loss: 0.2037, Val Acc: 94.54%
2025-10-17 11:25:56,841 - INFO - Epoch 144/200 (lr=0.004)
2025-10-17 11:26:08,772 - INFO - Train Loss: 0.0087, Train Acc: 99.78%, Val Loss: 0.1956, Val Acc: 94.75%
2025-10-17 11:26:08,774 - INFO - Epoch 145/200 (lr=0.004)
2025-10-17 11:26:20,709 - INFO - Train Loss: 0.0085, Train Acc: 99.78%, Val Loss: 0.2093, Val Acc: 94.60%
2025-10-17 11:26:20,710 - INFO - Epoch 146/200 (lr=0.004)
2025-10-17 11:26:32,750 - INFO - Train Loss: 0.0089, Train Acc: 99.74%, Val Loss: 0.2106, Val Acc: 94.52%
2025-10-17 11:26:32,750 - INFO - Epoch 147/200 (lr=0.004)
2025-10-17 11:26:44,408 - INFO - Train Loss: 0.0082, Train Acc: 99.82%, Val Loss: 0.2124, Val Acc: 94.51%
2025-10-17 11:26:44,409 - INFO - Epoch 148/200 (lr=0.004)
2025-10-17 11:26:56,771 - INFO - Train Loss: 0.0086, Train Acc: 99.80%, Val Loss: 0.2046, Val Acc: 94.66%
2025-10-17 11:26:56,771 - INFO - Epoch 149/200 (lr=0.004)
2025-10-17 11:27:08,935 - INFO - Train Loss: 0.0079, Train Acc: 99.80%, Val Loss: 0.2097, Val Acc: 94.64%
2025-10-17 11:27:08,936 - INFO - Epoch 150/200 (lr=0.004)
2025-10-17 11:27:20,793 - INFO - Train Loss: 0.0087, Train Acc: 99.81%, Val Loss: 0.2155, Val Acc: 94.65%
2025-10-17 11:27:20,794 - INFO - Epoch 151/200 (lr=0.004)
2025-10-17 11:27:32,880 - INFO - Train Loss: 0.0080, Train Acc: 99.81%, Val Loss: 0.2083, Val Acc: 94.67%
2025-10-17 11:27:32,881 - INFO - Epoch 152/200 (lr=0.004)
2025-10-17 11:27:44,934 - INFO - Train Loss: 0.0087, Train Acc: 99.78%, Val Loss: 0.2077, Val Acc: 94.45%
2025-10-17 11:27:44,935 - INFO - Epoch 153/200 (lr=0.004)
2025-10-17 11:27:57,099 - INFO - Train Loss: 0.0086, Train Acc: 99.78%, Val Loss: 0.2024, Val Acc: 94.59%
2025-10-17 11:27:57,099 - INFO - Epoch 154/200 (lr=0.004)
2025-10-17 11:28:09,170 - INFO - Train Loss: 0.0089, Train Acc: 99.78%, Val Loss: 0.2097, Val Acc: 94.62%
2025-10-17 11:28:09,171 - INFO - Epoch 155/200 (lr=0.004)
2025-10-17 11:28:21,394 - INFO - Train Loss: 0.0085, Train Acc: 99.79%, Val Loss: 0.2095, Val Acc: 94.69%
2025-10-17 11:28:21,395 - INFO - Epoch 156/200 (lr=0.004)
2025-10-17 11:28:33,055 - INFO - Train Loss: 0.0078, Train Acc: 99.80%, Val Loss: 0.2101, Val Acc: 94.46%
2025-10-17 11:28:33,055 - INFO - Epoch 157/200 (lr=0.004)
2025-10-17 11:28:44,969 - INFO - Train Loss: 0.0068, Train Acc: 99.83%, Val Loss: 0.2137, Val Acc: 94.47%
2025-10-17 11:28:44,970 - INFO - Epoch 158/200 (lr=0.004)
2025-10-17 11:28:57,323 - INFO - Train Loss: 0.0084, Train Acc: 99.81%, Val Loss: 0.2150, Val Acc: 94.55%
2025-10-17 11:28:57,323 - INFO - Epoch 159/200 (lr=0.004)
2025-10-17 11:29:09,370 - INFO - Train Loss: 0.0083, Train Acc: 99.80%, Val Loss: 0.2041, Val Acc: 94.70%
2025-10-17 11:29:09,371 - INFO - Epoch 160/200 (lr=0.004)
2025-10-17 11:29:21,213 - INFO - Train Loss: 0.0087, Train Acc: 99.78%, Val Loss: 0.2081, Val Acc: 94.59%
2025-10-17 11:29:21,213 - INFO - Epoch 161/200 (lr=0.0008)
2025-10-17 11:29:33,401 - INFO - Train Loss: 0.0077, Train Acc: 99.82%, Val Loss: 0.2030, Val Acc: 94.83%
2025-10-17 11:29:33,401 - INFO - Epoch 162/200 (lr=0.0008)
2025-10-17 11:29:46,073 - INFO - Train Loss: 0.0068, Train Acc: 99.87%, Val Loss: 0.2004, Val Acc: 94.86%
2025-10-17 11:29:46,073 - INFO - Epoch 163/200 (lr=0.0008)
2025-10-17 11:29:58,266 - INFO - Train Loss: 0.0057, Train Acc: 99.88%, Val Loss: 0.2014, Val Acc: 94.78%
2025-10-17 11:29:58,267 - INFO - Epoch 164/200 (lr=0.0008)
2025-10-17 11:30:10,411 - INFO - Train Loss: 0.0055, Train Acc: 99.89%, Val Loss: 0.1998, Val Acc: 94.70%
2025-10-17 11:30:10,412 - INFO - Epoch 165/200 (lr=0.0008)
2025-10-17 11:30:22,638 - INFO - Train Loss: 0.0056, Train Acc: 99.88%, Val Loss: 0.1989, Val Acc: 94.81%
2025-10-17 11:30:22,639 - INFO - Epoch 166/200 (lr=0.0008)
2025-10-17 11:30:34,677 - INFO - Train Loss: 0.0050, Train Acc: 99.91%, Val Loss: 0.2022, Val Acc: 94.82%
2025-10-17 11:30:34,678 - INFO - Epoch 167/200 (lr=0.0008)
2025-10-17 11:30:46,768 - INFO - Train Loss: 0.0055, Train Acc: 99.89%, Val Loss: 0.1968, Val Acc: 94.87%
2025-10-17 11:30:46,769 - INFO - Epoch 168/200 (lr=0.0008)
2025-10-17 11:30:58,653 - INFO - Train Loss: 0.0053, Train Acc: 99.87%, Val Loss: 0.2007, Val Acc: 94.92%
2025-10-17 11:30:58,654 - INFO - Epoch 169/200 (lr=0.0008)
2025-10-17 11:31:10,689 - INFO - Train Loss: 0.0054, Train Acc: 99.88%, Val Loss: 0.2011, Val Acc: 94.83%
2025-10-17 11:31:10,690 - INFO - Epoch 170/200 (lr=0.0008)
2025-10-17 11:31:22,419 - INFO - Train Loss: 0.0052, Train Acc: 99.90%, Val Loss: 0.2003, Val Acc: 94.80%
2025-10-17 11:31:22,420 - INFO - Epoch 171/200 (lr=0.0008)
2025-10-17 11:31:34,491 - INFO - Train Loss: 0.0045, Train Acc: 99.91%, Val Loss: 0.2027, Val Acc: 94.84%
2025-10-17 11:31:34,492 - INFO - Epoch 172/200 (lr=0.0008)
2025-10-17 11:31:46,757 - INFO - Train Loss: 0.0049, Train Acc: 99.89%, Val Loss: 0.2024, Val Acc: 94.83%
2025-10-17 11:31:46,758 - INFO - Epoch 173/200 (lr=0.0008)
2025-10-17 11:31:59,119 - INFO - Train Loss: 0.0050, Train Acc: 99.90%, Val Loss: 0.2018, Val Acc: 94.66%
2025-10-17 11:31:59,120 - INFO - Epoch 174/200 (lr=0.0008)
2025-10-17 11:32:11,288 - INFO - Train Loss: 0.0052, Train Acc: 99.89%, Val Loss: 0.2023, Val Acc: 94.81%
2025-10-17 11:32:11,289 - INFO - Epoch 175/200 (lr=0.0008)
2025-10-17 11:32:22,767 - INFO - Train Loss: 0.0046, Train Acc: 99.90%, Val Loss: 0.2006, Val Acc: 94.77%
2025-10-17 11:32:22,768 - INFO - Epoch 176/200 (lr=0.0008)
2025-10-17 11:32:34,770 - INFO - Train Loss: 0.0051, Train Acc: 99.90%, Val Loss: 0.2004, Val Acc: 94.81%
2025-10-17 11:32:34,771 - INFO - Epoch 177/200 (lr=0.0008)
2025-10-17 11:32:46,893 - INFO - Train Loss: 0.0042, Train Acc: 99.92%, Val Loss: 0.2001, Val Acc: 94.78%
2025-10-17 11:32:46,893 - INFO - Epoch 178/200 (lr=0.0008)
2025-10-17 11:32:59,197 - INFO - Train Loss: 0.0041, Train Acc: 99.93%, Val Loss: 0.1995, Val Acc: 94.83%
2025-10-17 11:32:59,198 - INFO - Epoch 179/200 (lr=0.0008)
2025-10-17 11:33:11,746 - INFO - Train Loss: 0.0046, Train Acc: 99.91%, Val Loss: 0.2020, Val Acc: 94.75%
2025-10-17 11:33:11,747 - INFO - Epoch 180/200 (lr=0.0008)
2025-10-17 11:33:24,053 - INFO - Train Loss: 0.0043, Train Acc: 99.92%, Val Loss: 0.1994, Val Acc: 94.80%
2025-10-17 11:33:24,053 - INFO - Epoch 181/200 (lr=0.0008)
2025-10-17 11:33:35,688 - INFO - Train Loss: 0.0047, Train Acc: 99.90%, Val Loss: 0.1993, Val Acc: 94.77%
2025-10-17 11:33:35,689 - INFO - Epoch 182/200 (lr=0.0008)
2025-10-17 11:33:47,491 - INFO - Train Loss: 0.0042, Train Acc: 99.92%, Val Loss: 0.2009, Val Acc: 94.80%
2025-10-17 11:33:47,491 - INFO - Epoch 183/200 (lr=0.0008)
2025-10-17 11:33:59,376 - INFO - Train Loss: 0.0040, Train Acc: 99.94%, Val Loss: 0.2003, Val Acc: 94.85%
2025-10-17 11:33:59,377 - INFO - Epoch 184/200 (lr=0.0008)
2025-10-17 11:34:11,498 - INFO - Train Loss: 0.0039, Train Acc: 99.93%, Val Loss: 0.2034, Val Acc: 94.71%
2025-10-17 11:34:11,498 - INFO - Epoch 185/200 (lr=0.0008)
2025-10-17 11:34:23,461 - INFO - Train Loss: 0.0044, Train Acc: 99.93%, Val Loss: 0.2041, Val Acc: 94.81%
2025-10-17 11:34:23,461 - INFO - Epoch 186/200 (lr=0.0008)
2025-10-17 11:34:35,722 - INFO - Train Loss: 0.0041, Train Acc: 99.94%, Val Loss: 0.2011, Val Acc: 94.77%
2025-10-17 11:34:35,723 - INFO - Epoch 187/200 (lr=0.0008)
2025-10-17 11:34:47,516 - INFO - Train Loss: 0.0048, Train Acc: 99.90%, Val Loss: 0.2020, Val Acc: 94.85%
2025-10-17 11:34:47,517 - INFO - Epoch 188/200 (lr=0.0008)
2025-10-17 11:34:59,887 - INFO - Train Loss: 0.0040, Train Acc: 99.93%, Val Loss: 0.2010, Val Acc: 94.84%
2025-10-17 11:34:59,887 - INFO - Epoch 189/200 (lr=0.0008)
2025-10-17 11:35:11,759 - INFO - Train Loss: 0.0042, Train Acc: 99.93%, Val Loss: 0.2005, Val Acc: 94.94%
2025-10-17 11:35:11,984 - INFO - New best model saved with accuracy: 94.94%
2025-10-17 11:35:11,984 - INFO - Epoch 190/200 (lr=0.0008)
2025-10-17 11:35:24,257 - INFO - Train Loss: 0.0041, Train Acc: 99.92%, Val Loss: 0.2037, Val Acc: 94.82%
2025-10-17 11:35:24,258 - INFO - Epoch 191/200 (lr=0.0008)
2025-10-17 11:35:35,816 - INFO - Train Loss: 0.0043, Train Acc: 99.93%, Val Loss: 0.2001, Val Acc: 94.84%
2025-10-17 11:35:35,816 - INFO - Epoch 192/200 (lr=0.0008)
2025-10-17 11:35:47,731 - INFO - Train Loss: 0.0049, Train Acc: 99.91%, Val Loss: 0.2017, Val Acc: 94.75%
2025-10-17 11:35:47,731 - INFO - Epoch 193/200 (lr=0.0008)
2025-10-17 11:35:59,680 - INFO - Train Loss: 0.0040, Train Acc: 99.94%, Val Loss: 0.2022, Val Acc: 94.91%
2025-10-17 11:35:59,681 - INFO - Epoch 194/200 (lr=0.0008)
2025-10-17 11:36:12,156 - INFO - Train Loss: 0.0043, Train Acc: 99.92%, Val Loss: 0.2019, Val Acc: 94.78%
2025-10-17 11:36:12,156 - INFO - Epoch 195/200 (lr=0.0008)
2025-10-17 11:36:24,258 - INFO - Train Loss: 0.0039, Train Acc: 99.93%, Val Loss: 0.2021, Val Acc: 94.86%
2025-10-17 11:36:24,258 - INFO - Epoch 196/200 (lr=0.0008)
2025-10-17 11:36:36,344 - INFO - Train Loss: 0.0037, Train Acc: 99.94%, Val Loss: 0.2015, Val Acc: 94.81%
2025-10-17 11:36:36,345 - INFO - Epoch 197/200 (lr=0.0008)
2025-10-17 11:36:48,171 - INFO - Train Loss: 0.0038, Train Acc: 99.94%, Val Loss: 0.2001, Val Acc: 94.81%
2025-10-17 11:36:48,171 - INFO - Epoch 198/200 (lr=0.0008)
2025-10-17 11:37:00,485 - INFO - Train Loss: 0.0044, Train Acc: 99.91%, Val Loss: 0.1993, Val Acc: 94.78%
2025-10-17 11:37:00,486 - INFO - Epoch 199/200 (lr=0.0008)
2025-10-17 11:37:12,658 - INFO - Train Loss: 0.0038, Train Acc: 99.94%, Val Loss: 0.2000, Val Acc: 94.80%
2025-10-17 11:37:12,658 - INFO - Epoch 200/200 (lr=0.0008)
2025-10-17 11:37:24,789 - INFO - Train Loss: 0.0043, Train Acc: 99.91%, Val Loss: 0.2038, Val Acc: 94.86%
2025-10-17 11:37:24,790 - INFO - Training completed. Best validation accuracy: 94.94%
