2025-10-16 13:44:17,108 - INFO - Starting CNN training script
2025-10-16 13:44:17,108 - INFO - Arguments: {'model': 'vgg16', 'dataset': 'mnist', 'data_dir': './data', 'batch_size': 256, 'num_workers': 4, 'epochs': 50, 'lr': 0.001, 'output_dir': './experiments/vgg16_mnist_20251016_134417'}
2025-10-16 13:44:18,584 - INFO - Using device: cuda
2025-10-16 13:44:18,585 - INFO - Dataset: mnist, Input channels: 1, Classes: 10
2025-10-16 13:44:21,109 - INFO - Using model: vgg16
2025-10-16 13:44:21,112 - INFO - Using TensorBoard for visualization
2025-10-16 13:44:21,112 - INFO - Starting training for 50 epochs
2025-10-16 13:44:21,112 - INFO - Epoch 1/50
2025-10-16 13:44:42,374 - INFO - Train Loss: 1.1722, Train Acc: 54.18%
2025-10-16 13:44:42,375 - INFO - Val Loss: 0.2342, Val Acc: 93.81%
2025-10-16 13:44:42,630 - INFO - New best model saved with accuracy: 93.81%
2025-10-16 13:44:42,630 - INFO - Epoch 2/50
2025-10-16 13:45:08,562 - INFO - Train Loss: 0.1453, Train Acc: 96.11%
2025-10-16 13:45:08,562 - INFO - Val Loss: 0.1037, Val Acc: 97.43%
2025-10-16 13:45:09,712 - INFO - New best model saved with accuracy: 97.43%
2025-10-16 13:45:09,712 - INFO - Epoch 3/50
2025-10-16 13:45:32,755 - INFO - Train Loss: 0.0844, Train Acc: 97.81%
2025-10-16 13:45:32,756 - INFO - Val Loss: 0.0639, Val Acc: 98.19%
2025-10-16 13:45:33,884 - INFO - New best model saved with accuracy: 98.19%
2025-10-16 13:45:33,885 - INFO - Epoch 4/50
2025-10-16 13:46:01,129 - INFO - Train Loss: 0.0609, Train Acc: 98.49%
2025-10-16 13:46:01,129 - INFO - Val Loss: 0.0469, Val Acc: 98.60%
2025-10-16 13:46:02,182 - INFO - New best model saved with accuracy: 98.60%
2025-10-16 13:46:02,182 - INFO - Epoch 5/50
2025-10-16 13:46:31,076 - INFO - Train Loss: 0.0561, Train Acc: 98.60%
2025-10-16 13:46:31,077 - INFO - Val Loss: 0.0870, Val Acc: 97.86%
2025-10-16 13:46:31,077 - INFO - Epoch 6/50
2025-10-16 13:47:03,822 - INFO - Train Loss: 0.0448, Train Acc: 98.91%
2025-10-16 13:47:03,823 - INFO - Val Loss: 0.0282, Val Acc: 99.24%
2025-10-16 13:47:04,942 - INFO - New best model saved with accuracy: 99.24%
2025-10-16 13:47:04,942 - INFO - Epoch 7/50
2025-10-16 13:47:37,604 - INFO - Train Loss: 0.0417, Train Acc: 98.98%
2025-10-16 13:47:37,604 - INFO - Val Loss: 0.1048, Val Acc: 97.21%
2025-10-16 13:47:37,604 - INFO - Epoch 8/50
2025-10-16 13:48:10,667 - INFO - Train Loss: 0.0385, Train Acc: 99.06%
2025-10-16 13:48:10,668 - INFO - Val Loss: 0.0358, Val Acc: 99.28%
2025-10-16 13:48:11,892 - INFO - New best model saved with accuracy: 99.28%
2025-10-16 13:48:11,892 - INFO - Epoch 9/50
2025-10-16 13:48:45,250 - INFO - Train Loss: 0.0465, Train Acc: 98.87%
2025-10-16 13:48:45,251 - INFO - Val Loss: 0.0266, Val Acc: 99.35%
2025-10-16 13:48:46,316 - INFO - New best model saved with accuracy: 99.35%
2025-10-16 13:48:46,316 - INFO - Epoch 10/50
2025-10-16 13:49:18,963 - INFO - Train Loss: 0.0364, Train Acc: 99.15%
2025-10-16 13:49:18,964 - INFO - Val Loss: 0.0542, Val Acc: 98.88%
2025-10-16 13:49:18,964 - INFO - Epoch 11/50
2025-10-16 13:49:52,324 - INFO - Train Loss: 0.0326, Train Acc: 99.25%
2025-10-16 13:49:52,325 - INFO - Val Loss: 0.0392, Val Acc: 99.00%
2025-10-16 13:49:52,325 - INFO - Epoch 12/50
2025-10-16 13:50:25,310 - INFO - Train Loss: 0.0261, Train Acc: 99.37%
2025-10-16 13:50:25,311 - INFO - Val Loss: 0.0248, Val Acc: 99.34%
2025-10-16 13:50:25,311 - INFO - Epoch 13/50
2025-10-16 13:50:57,860 - INFO - Train Loss: 0.0245, Train Acc: 99.48%
2025-10-16 13:50:57,861 - INFO - Val Loss: 0.0433, Val Acc: 98.96%
2025-10-16 13:50:57,861 - INFO - Epoch 14/50
2025-10-16 13:51:31,077 - INFO - Train Loss: 0.0256, Train Acc: 99.44%
2025-10-16 13:51:31,078 - INFO - Val Loss: 0.0343, Val Acc: 99.32%
2025-10-16 13:51:31,078 - INFO - Epoch 15/50
2025-10-16 13:52:08,335 - INFO - Train Loss: 0.0292, Train Acc: 99.37%
2025-10-16 13:52:08,335 - INFO - Val Loss: 0.0441, Val Acc: 98.97%
2025-10-16 13:52:08,336 - INFO - Epoch 16/50
2025-10-16 13:52:47,647 - INFO - Train Loss: 0.0317, Train Acc: 99.32%
2025-10-16 13:52:47,648 - INFO - Val Loss: 0.0426, Val Acc: 99.13%
2025-10-16 13:52:47,648 - INFO - Epoch 17/50
2025-10-16 13:53:27,033 - INFO - Train Loss: 0.0303, Train Acc: 99.39%
2025-10-16 13:53:27,033 - INFO - Val Loss: 0.0341, Val Acc: 99.17%
2025-10-16 13:53:27,033 - INFO - Epoch 18/50
2025-10-16 13:54:06,116 - INFO - Train Loss: 0.0172, Train Acc: 99.62%
2025-10-16 13:54:06,117 - INFO - Val Loss: 0.0315, Val Acc: 99.36%
2025-10-16 13:54:07,352 - INFO - New best model saved with accuracy: 99.36%
2025-10-16 13:54:07,353 - INFO - Epoch 19/50
2025-10-16 13:54:46,227 - INFO - Train Loss: 0.0183, Train Acc: 99.61%
2025-10-16 13:54:46,227 - INFO - Val Loss: 0.0273, Val Acc: 99.41%
2025-10-16 13:54:47,368 - INFO - New best model saved with accuracy: 99.41%
2025-10-16 13:54:47,369 - INFO - Epoch 20/50
2025-10-16 13:55:26,016 - INFO - Train Loss: 0.0159, Train Acc: 99.67%
2025-10-16 13:55:26,017 - INFO - Val Loss: 0.0295, Val Acc: 99.35%
2025-10-16 13:55:26,017 - INFO - Epoch 21/50
2025-10-16 13:56:03,547 - INFO - Train Loss: 0.0164, Train Acc: 99.61%
2025-10-16 13:56:03,548 - INFO - Val Loss: 0.0461, Val Acc: 99.11%
2025-10-16 13:56:03,548 - INFO - Epoch 22/50
2025-10-16 13:56:36,987 - INFO - Train Loss: 0.0522, Train Acc: 99.07%
2025-10-16 13:56:36,988 - INFO - Val Loss: 0.0293, Val Acc: 99.33%
2025-10-16 13:56:36,988 - INFO - Epoch 23/50
2025-10-16 13:57:08,256 - INFO - Train Loss: 0.0492, Train Acc: 99.01%
2025-10-16 13:57:08,257 - INFO - Val Loss: 0.0261, Val Acc: 99.31%
2025-10-16 13:57:08,257 - INFO - Epoch 24/50
2025-10-16 13:57:38,023 - INFO - Train Loss: 0.0172, Train Acc: 99.60%
2025-10-16 13:57:38,024 - INFO - Val Loss: 0.0197, Val Acc: 99.54%
2025-10-16 13:57:39,236 - INFO - New best model saved with accuracy: 99.54%
2025-10-16 13:57:39,237 - INFO - Epoch 25/50
2025-10-16 13:58:08,959 - INFO - Train Loss: 0.0107, Train Acc: 99.75%
2025-10-16 13:58:08,960 - INFO - Val Loss: 0.0289, Val Acc: 99.42%
2025-10-16 13:58:08,960 - INFO - Epoch 26/50
2025-10-16 13:58:38,811 - INFO - Train Loss: 0.0094, Train Acc: 99.78%
2025-10-16 13:58:38,812 - INFO - Val Loss: 0.0188, Val Acc: 99.53%
2025-10-16 13:58:38,812 - INFO - Epoch 27/50
2025-10-16 13:59:02,304 - INFO - Train Loss: 0.0114, Train Acc: 99.75%
2025-10-16 13:59:02,305 - INFO - Val Loss: 0.0352, Val Acc: 99.36%
2025-10-16 13:59:02,305 - INFO - Epoch 28/50
2025-10-16 13:59:25,296 - INFO - Train Loss: 0.0109, Train Acc: 99.76%
2025-10-16 13:59:25,297 - INFO - Val Loss: 0.0538, Val Acc: 99.50%
2025-10-16 13:59:25,297 - INFO - Epoch 29/50
2025-10-16 13:59:48,487 - INFO - Train Loss: 0.0113, Train Acc: 99.72%
2025-10-16 13:59:48,487 - INFO - Val Loss: 0.0619, Val Acc: 99.28%
2025-10-16 13:59:48,488 - INFO - Epoch 30/50
2025-10-16 14:00:10,904 - INFO - Train Loss: 0.0102, Train Acc: 99.77%
2025-10-16 14:00:10,905 - INFO - Val Loss: 0.0451, Val Acc: 99.50%
2025-10-16 14:00:10,905 - INFO - Epoch 31/50
2025-10-16 14:00:33,615 - INFO - Train Loss: 0.0102, Train Acc: 99.75%
2025-10-16 14:00:33,616 - INFO - Val Loss: 0.0447, Val Acc: 99.41%
2025-10-16 14:00:33,616 - INFO - Epoch 32/50
2025-10-16 14:00:56,465 - INFO - Train Loss: 0.0128, Train Acc: 99.73%
2025-10-16 14:00:56,466 - INFO - Val Loss: 0.0334, Val Acc: 99.45%
2025-10-16 14:00:56,466 - INFO - Epoch 33/50
2025-10-16 14:01:19,572 - INFO - Train Loss: 0.0108, Train Acc: 99.78%
2025-10-16 14:01:19,572 - INFO - Val Loss: 0.0411, Val Acc: 99.37%
2025-10-16 14:01:19,572 - INFO - Epoch 34/50
2025-10-16 14:01:42,935 - INFO - Train Loss: 0.0087, Train Acc: 99.79%
2025-10-16 14:01:42,936 - INFO - Val Loss: 0.0313, Val Acc: 99.44%
2025-10-16 14:01:42,936 - INFO - Epoch 35/50
2025-10-16 14:02:06,481 - INFO - Train Loss: 0.0100, Train Acc: 99.75%
2025-10-16 14:02:06,482 - INFO - Val Loss: 0.0377, Val Acc: 99.50%
2025-10-16 14:02:06,483 - INFO - Epoch 36/50
2025-10-16 14:02:29,392 - INFO - Train Loss: 0.0103, Train Acc: 99.79%
2025-10-16 14:02:29,393 - INFO - Val Loss: 0.0246, Val Acc: 99.57%
2025-10-16 14:02:30,842 - INFO - New best model saved with accuracy: 99.57%
2025-10-16 14:02:30,842 - INFO - Epoch 37/50
2025-10-16 14:02:53,433 - INFO - Train Loss: 0.0094, Train Acc: 99.77%
2025-10-16 14:02:53,433 - INFO - Val Loss: 0.0269, Val Acc: 99.36%
2025-10-16 14:02:53,434 - INFO - Epoch 38/50
2025-10-16 14:03:16,865 - INFO - Train Loss: 0.0060, Train Acc: 99.85%
2025-10-16 14:03:16,866 - INFO - Val Loss: 0.0620, Val Acc: 99.32%
2025-10-16 14:03:16,866 - INFO - Epoch 39/50
2025-10-16 14:03:37,332 - INFO - Train Loss: 0.0083, Train Acc: 99.83%
2025-10-16 14:03:37,333 - INFO - Val Loss: 0.0485, Val Acc: 99.45%
2025-10-16 14:03:37,333 - INFO - Epoch 40/50
2025-10-16 14:03:54,097 - INFO - Train Loss: 0.0094, Train Acc: 99.81%
2025-10-16 14:03:54,098 - INFO - Val Loss: 0.0361, Val Acc: 99.46%
2025-10-16 14:03:54,098 - INFO - Epoch 41/50
2025-10-16 14:04:11,319 - INFO - Train Loss: 0.0889, Train Acc: 98.56%
2025-10-16 14:04:11,319 - INFO - Val Loss: 0.0291, Val Acc: 99.25%
2025-10-16 14:04:11,319 - INFO - Epoch 42/50
2025-10-16 14:04:25,763 - INFO - Train Loss: 0.0246, Train Acc: 99.52%
2025-10-16 14:04:25,763 - INFO - Val Loss: 0.0250, Val Acc: 99.40%
2025-10-16 14:04:25,764 - INFO - Epoch 43/50
2025-10-16 14:04:38,798 - INFO - Train Loss: 0.0086, Train Acc: 99.79%
2025-10-16 14:04:38,799 - INFO - Val Loss: 0.0238, Val Acc: 99.48%
2025-10-16 14:04:38,799 - INFO - Epoch 44/50
2025-10-16 14:04:52,386 - INFO - Train Loss: 0.0060, Train Acc: 99.85%
2025-10-16 14:04:52,387 - INFO - Val Loss: 0.0201, Val Acc: 99.54%
2025-10-16 14:04:52,387 - INFO - Epoch 45/50
2025-10-16 14:05:02,351 - INFO - Train Loss: 0.0043, Train Acc: 99.90%
2025-10-16 14:05:02,352 - INFO - Val Loss: 0.0229, Val Acc: 99.48%
2025-10-16 14:05:02,352 - INFO - Epoch 46/50
2025-10-16 14:05:11,212 - INFO - Train Loss: 0.0047, Train Acc: 99.89%
2025-10-16 14:05:11,212 - INFO - Val Loss: 0.0281, Val Acc: 99.54%
2025-10-16 14:05:11,213 - INFO - Epoch 47/50
2025-10-16 14:05:20,629 - INFO - Train Loss: 0.0037, Train Acc: 99.91%
2025-10-16 14:05:20,629 - INFO - Val Loss: 0.0266, Val Acc: 99.44%
2025-10-16 14:05:20,629 - INFO - Epoch 48/50
2025-10-16 14:05:29,821 - INFO - Train Loss: 0.0034, Train Acc: 99.92%
2025-10-16 14:05:29,822 - INFO - Val Loss: 0.0261, Val Acc: 99.54%
2025-10-16 14:05:29,822 - INFO - Epoch 49/50
2025-10-16 14:05:37,066 - INFO - Train Loss: 0.0041, Train Acc: 99.90%
2025-10-16 14:05:37,067 - INFO - Val Loss: 0.0255, Val Acc: 99.52%
2025-10-16 14:05:37,067 - INFO - Epoch 50/50
2025-10-16 14:05:43,965 - INFO - Train Loss: 0.0052, Train Acc: 99.88%
2025-10-16 14:05:43,966 - INFO - Val Loss: 0.0260, Val Acc: 99.54%
2025-10-16 14:05:43,967 - INFO - Training completed. Best validation accuracy: 99.57%
