2025-10-16 17:44:34,710 - INFO - Starting CNN training script
2025-10-16 17:44:34,710 - INFO - Arguments: {'model': 'googlenet', 'dataset': 'cifar10', 'data_dir': './data', 'batch_size': 256, 'num_workers': 4, 'epochs': 200, 'lr': 0.1, 'lr_schedule': '60:0.1,60:0.02,40:0.004,40:0.0008', 'output_dir': './experiments/googlenet_cifar10_20251016_174434'}
2025-10-16 17:44:34,787 - INFO - Using device: cuda
2025-10-16 17:44:34,787 - INFO - Dataset: cifar10, Input channels: 3, Classes: 10
2025-10-16 17:44:36,949 - INFO - Using model: googlenet
2025-10-16 17:44:36,950 - INFO - Learning rate schedule: [(60, 0.1), (60, 0.02), (40, 0.004), (40, 0.0008)]
2025-10-16 17:44:36,951 - INFO - Using TensorBoard for visualization
2025-10-16 17:44:36,951 - INFO - Starting training for 200 epochs
2025-10-16 17:44:36,951 - INFO - Epoch 1/200 (lr=0.1)
2025-10-16 17:44:49,801 - INFO - Train Loss: 3.0368, Train Acc: 14.02%, Val Loss: 2.2224, Val Acc: 14.28%
2025-10-16 17:44:49,882 - INFO - New best model saved with accuracy: 14.28%
2025-10-16 17:44:49,882 - INFO - Epoch 2/200 (lr=0.1)
2025-10-16 17:45:01,112 - INFO - Train Loss: 2.2871, Train Acc: 20.04%, Val Loss: 1.9303, Val Acc: 23.59%
2025-10-16 17:45:01,501 - INFO - New best model saved with accuracy: 23.59%
2025-10-16 17:45:01,501 - INFO - Epoch 3/200 (lr=0.1)
2025-10-16 17:45:11,323 - INFO - Train Loss: 1.9245, Train Acc: 26.58%, Val Loss: 1.8880, Val Acc: 28.13%
2025-10-16 17:45:11,595 - INFO - New best model saved with accuracy: 28.13%
2025-10-16 17:45:11,596 - INFO - Epoch 4/200 (lr=0.1)
2025-10-16 17:45:22,384 - INFO - Train Loss: 1.7868, Train Acc: 30.11%, Val Loss: 1.7372, Val Acc: 32.34%
2025-10-16 17:45:22,691 - INFO - New best model saved with accuracy: 32.34%
2025-10-16 17:45:22,691 - INFO - Epoch 5/200 (lr=0.1)
2025-10-16 17:45:33,828 - INFO - Train Loss: 1.6534, Train Acc: 36.41%, Val Loss: 1.6434, Val Acc: 36.67%
2025-10-16 17:45:34,066 - INFO - New best model saved with accuracy: 36.67%
2025-10-16 17:45:34,066 - INFO - Epoch 6/200 (lr=0.1)
2025-10-16 17:45:44,863 - INFO - Train Loss: 1.5423, Train Acc: 42.40%, Val Loss: 1.4695, Val Acc: 45.04%
2025-10-16 17:45:45,153 - INFO - New best model saved with accuracy: 45.04%
2025-10-16 17:45:45,153 - INFO - Epoch 7/200 (lr=0.1)
2025-10-16 17:45:57,167 - INFO - Train Loss: 1.4434, Train Acc: 46.53%, Val Loss: 1.4481, Val Acc: 44.48%
2025-10-16 17:45:57,168 - INFO - Epoch 8/200 (lr=0.1)
2025-10-16 17:46:08,392 - INFO - Train Loss: 1.3583, Train Acc: 50.30%, Val Loss: 1.3464, Val Acc: 50.86%
2025-10-16 17:46:08,606 - INFO - New best model saved with accuracy: 50.86%
2025-10-16 17:46:08,606 - INFO - Epoch 9/200 (lr=0.1)
2025-10-16 17:46:20,260 - INFO - Train Loss: 1.2902, Train Acc: 53.63%, Val Loss: 1.2105, Val Acc: 56.17%
2025-10-16 17:46:20,462 - INFO - New best model saved with accuracy: 56.17%
2025-10-16 17:46:20,462 - INFO - Epoch 10/200 (lr=0.1)
2025-10-16 17:46:31,678 - INFO - Train Loss: 1.2174, Train Acc: 56.89%, Val Loss: 1.1505, Val Acc: 58.63%
2025-10-16 17:46:32,372 - INFO - New best model saved with accuracy: 58.63%
2025-10-16 17:46:32,372 - INFO - Epoch 11/200 (lr=0.1)
2025-10-16 17:46:43,387 - INFO - Train Loss: 1.1381, Train Acc: 60.25%, Val Loss: 1.1172, Val Acc: 60.00%
2025-10-16 17:46:43,689 - INFO - New best model saved with accuracy: 60.00%
2025-10-16 17:46:43,689 - INFO - Epoch 12/200 (lr=0.1)
2025-10-16 17:46:55,775 - INFO - Train Loss: 1.1052, Train Acc: 61.75%, Val Loss: 1.0836, Val Acc: 61.34%
2025-10-16 17:46:56,073 - INFO - New best model saved with accuracy: 61.34%
2025-10-16 17:46:56,074 - INFO - Epoch 13/200 (lr=0.1)
2025-10-16 17:47:07,130 - INFO - Train Loss: 1.0708, Train Acc: 63.25%, Val Loss: 1.0081, Val Acc: 65.13%
2025-10-16 17:47:07,389 - INFO - New best model saved with accuracy: 65.13%
2025-10-16 17:47:07,389 - INFO - Epoch 14/200 (lr=0.1)
2025-10-16 17:47:19,029 - INFO - Train Loss: 1.0256, Train Acc: 64.57%, Val Loss: 1.0149, Val Acc: 65.37%
2025-10-16 17:47:19,267 - INFO - New best model saved with accuracy: 65.37%
2025-10-16 17:47:19,267 - INFO - Epoch 15/200 (lr=0.1)
2025-10-16 17:47:30,367 - INFO - Train Loss: 0.9826, Train Acc: 66.19%, Val Loss: 1.0842, Val Acc: 63.04%
2025-10-16 17:47:30,368 - INFO - Epoch 16/200 (lr=0.1)
2025-10-16 17:47:41,299 - INFO - Train Loss: 0.9402, Train Acc: 67.91%, Val Loss: 0.9507, Val Acc: 67.62%
2025-10-16 17:47:41,506 - INFO - New best model saved with accuracy: 67.62%
2025-10-16 17:47:41,506 - INFO - Epoch 17/200 (lr=0.1)
2025-10-16 17:47:52,701 - INFO - Train Loss: 0.9237, Train Acc: 68.57%, Val Loss: 0.8780, Val Acc: 69.02%
2025-10-16 17:47:52,931 - INFO - New best model saved with accuracy: 69.02%
2025-10-16 17:47:52,932 - INFO - Epoch 18/200 (lr=0.1)
2025-10-16 17:48:04,857 - INFO - Train Loss: 0.9093, Train Acc: 69.18%, Val Loss: 0.8659, Val Acc: 69.78%
2025-10-16 17:48:05,106 - INFO - New best model saved with accuracy: 69.78%
2025-10-16 17:48:05,107 - INFO - Epoch 19/200 (lr=0.1)
2025-10-16 17:48:16,240 - INFO - Train Loss: 0.8824, Train Acc: 70.18%, Val Loss: 0.8627, Val Acc: 71.91%
2025-10-16 17:48:16,455 - INFO - New best model saved with accuracy: 71.91%
2025-10-16 17:48:16,455 - INFO - Epoch 20/200 (lr=0.1)
2025-10-16 17:48:26,216 - INFO - Train Loss: 0.8576, Train Acc: 70.95%, Val Loss: 0.8678, Val Acc: 70.46%
2025-10-16 17:48:26,217 - INFO - Epoch 21/200 (lr=0.1)
2025-10-16 17:48:37,971 - INFO - Train Loss: 0.8434, Train Acc: 71.34%, Val Loss: 0.8641, Val Acc: 71.09%
2025-10-16 17:48:37,972 - INFO - Epoch 22/200 (lr=0.1)
2025-10-16 17:48:48,885 - INFO - Train Loss: 0.8220, Train Acc: 72.15%, Val Loss: 0.8354, Val Acc: 70.98%
2025-10-16 17:48:48,885 - INFO - Epoch 23/200 (lr=0.1)
2025-10-16 17:49:00,327 - INFO - Train Loss: 0.8126, Train Acc: 72.49%, Val Loss: 0.9305, Val Acc: 68.50%
2025-10-16 17:49:00,328 - INFO - Epoch 24/200 (lr=0.1)
2025-10-16 17:49:11,638 - INFO - Train Loss: 0.7998, Train Acc: 72.93%, Val Loss: 0.7939, Val Acc: 72.80%
2025-10-16 17:49:11,840 - INFO - New best model saved with accuracy: 72.80%
2025-10-16 17:49:11,840 - INFO - Epoch 25/200 (lr=0.1)
2025-10-16 17:49:23,568 - INFO - Train Loss: 0.7891, Train Acc: 73.08%, Val Loss: 0.8082, Val Acc: 72.42%
2025-10-16 17:49:23,569 - INFO - Epoch 26/200 (lr=0.1)
2025-10-16 17:49:35,518 - INFO - Train Loss: 0.7750, Train Acc: 73.82%, Val Loss: 0.7079, Val Acc: 76.12%
2025-10-16 17:49:35,717 - INFO - New best model saved with accuracy: 76.12%
2025-10-16 17:49:35,717 - INFO - Epoch 27/200 (lr=0.1)
2025-10-16 17:49:46,762 - INFO - Train Loss: 0.7640, Train Acc: 74.24%, Val Loss: 0.8356, Val Acc: 72.65%
2025-10-16 17:49:46,762 - INFO - Epoch 28/200 (lr=0.1)
2025-10-16 17:49:57,676 - INFO - Train Loss: 0.7566, Train Acc: 74.40%, Val Loss: 0.8174, Val Acc: 72.36%
2025-10-16 17:49:57,677 - INFO - Epoch 29/200 (lr=0.1)
2025-10-16 17:50:09,014 - INFO - Train Loss: 0.7405, Train Acc: 74.74%, Val Loss: 0.7567, Val Acc: 74.49%
2025-10-16 17:50:09,015 - INFO - Epoch 30/200 (lr=0.1)
2025-10-16 17:50:16,072 - INFO - Train Loss: 0.7423, Train Acc: 74.95%, Val Loss: 0.7323, Val Acc: 74.73%
2025-10-16 17:50:16,072 - INFO - Epoch 31/200 (lr=0.1)
2025-10-16 17:50:26,586 - INFO - Train Loss: 0.7334, Train Acc: 75.33%, Val Loss: 0.7782, Val Acc: 73.46%
2025-10-16 17:50:26,587 - INFO - Epoch 32/200 (lr=0.1)
2025-10-16 17:50:37,747 - INFO - Train Loss: 0.7373, Train Acc: 75.28%, Val Loss: 0.7444, Val Acc: 74.13%
2025-10-16 17:50:37,747 - INFO - Epoch 33/200 (lr=0.1)
2025-10-16 17:50:48,602 - INFO - Train Loss: 0.7310, Train Acc: 75.39%, Val Loss: 0.9214, Val Acc: 70.50%
2025-10-16 17:50:48,602 - INFO - Epoch 34/200 (lr=0.1)
2025-10-16 17:50:59,427 - INFO - Train Loss: 0.7158, Train Acc: 75.78%, Val Loss: 0.9768, Val Acc: 67.92%
2025-10-16 17:50:59,428 - INFO - Epoch 35/200 (lr=0.1)
2025-10-16 17:51:11,015 - INFO - Train Loss: 0.7104, Train Acc: 75.93%, Val Loss: 0.8088, Val Acc: 73.05%
2025-10-16 17:51:11,016 - INFO - Epoch 36/200 (lr=0.1)
2025-10-16 17:51:21,852 - INFO - Train Loss: 0.7077, Train Acc: 76.03%, Val Loss: 0.7932, Val Acc: 72.48%
2025-10-16 17:51:21,853 - INFO - Epoch 37/200 (lr=0.1)
2025-10-16 17:51:33,183 - INFO - Train Loss: 0.7018, Train Acc: 76.21%, Val Loss: 0.7288, Val Acc: 75.64%
2025-10-16 17:51:33,184 - INFO - Epoch 38/200 (lr=0.1)
2025-10-16 17:51:44,376 - INFO - Train Loss: 0.6980, Train Acc: 76.47%, Val Loss: 0.7140, Val Acc: 76.24%
2025-10-16 17:51:44,599 - INFO - New best model saved with accuracy: 76.24%
2025-10-16 17:51:44,599 - INFO - Epoch 39/200 (lr=0.1)
2025-10-16 17:51:57,161 - INFO - Train Loss: 0.6932, Train Acc: 76.53%, Val Loss: 0.7804, Val Acc: 74.00%
2025-10-16 17:51:57,161 - INFO - Epoch 40/200 (lr=0.1)
2025-10-16 17:52:08,382 - INFO - Train Loss: 0.6920, Train Acc: 76.52%, Val Loss: 0.6892, Val Acc: 76.53%
2025-10-16 17:52:08,592 - INFO - New best model saved with accuracy: 76.53%
2025-10-16 17:52:08,592 - INFO - Epoch 41/200 (lr=0.1)
2025-10-16 17:52:19,645 - INFO - Train Loss: 0.6809, Train Acc: 77.11%, Val Loss: 0.7954, Val Acc: 74.10%
2025-10-16 17:52:19,646 - INFO - Epoch 42/200 (lr=0.1)
2025-10-16 17:52:29,616 - INFO - Train Loss: 0.6861, Train Acc: 76.82%, Val Loss: 0.7445, Val Acc: 74.97%
2025-10-16 17:52:29,617 - INFO - Epoch 43/200 (lr=0.1)
2025-10-16 17:52:41,184 - INFO - Train Loss: 0.6809, Train Acc: 77.00%, Val Loss: 0.6970, Val Acc: 76.47%
2025-10-16 17:52:41,185 - INFO - Epoch 44/200 (lr=0.1)
2025-10-16 17:52:53,362 - INFO - Train Loss: 0.6762, Train Acc: 76.90%, Val Loss: 0.7395, Val Acc: 75.51%
2025-10-16 17:52:53,363 - INFO - Epoch 45/200 (lr=0.1)
2025-10-16 17:53:04,535 - INFO - Train Loss: 0.6788, Train Acc: 77.09%, Val Loss: 0.6414, Val Acc: 78.10%
2025-10-16 17:53:04,738 - INFO - New best model saved with accuracy: 78.10%
2025-10-16 17:53:04,739 - INFO - Epoch 46/200 (lr=0.1)
2025-10-16 17:53:16,359 - INFO - Train Loss: 0.6719, Train Acc: 77.27%, Val Loss: 0.6589, Val Acc: 77.44%
2025-10-16 17:53:16,359 - INFO - Epoch 47/200 (lr=0.1)
2025-10-16 17:53:27,241 - INFO - Train Loss: 0.6732, Train Acc: 77.11%, Val Loss: 0.6929, Val Acc: 76.36%
2025-10-16 17:53:27,242 - INFO - Epoch 48/200 (lr=0.1)
2025-10-16 17:53:38,841 - INFO - Train Loss: 0.6647, Train Acc: 77.26%, Val Loss: 0.8008, Val Acc: 73.17%
2025-10-16 17:53:38,841 - INFO - Epoch 49/200 (lr=0.1)
2025-10-16 17:53:49,459 - INFO - Train Loss: 0.6664, Train Acc: 77.36%, Val Loss: 0.7728, Val Acc: 74.51%
2025-10-16 17:53:49,460 - INFO - Epoch 50/200 (lr=0.1)
2025-10-16 17:53:59,107 - INFO - Train Loss: 0.6663, Train Acc: 77.43%, Val Loss: 0.7110, Val Acc: 76.51%
2025-10-16 17:53:59,108 - INFO - Epoch 51/200 (lr=0.1)
2025-10-16 17:54:10,557 - INFO - Train Loss: 0.6530, Train Acc: 77.85%, Val Loss: 0.8828, Val Acc: 71.18%
2025-10-16 17:54:10,558 - INFO - Epoch 52/200 (lr=0.1)
2025-10-16 17:54:21,579 - INFO - Train Loss: 0.6628, Train Acc: 77.55%, Val Loss: 0.7801, Val Acc: 75.38%
2025-10-16 17:54:21,580 - INFO - Epoch 53/200 (lr=0.1)
2025-10-16 17:54:32,063 - INFO - Train Loss: 0.6474, Train Acc: 77.94%, Val Loss: 0.8378, Val Acc: 73.19%
2025-10-16 17:54:32,063 - INFO - Epoch 54/200 (lr=0.1)
2025-10-16 17:54:40,769 - INFO - Train Loss: 0.6547, Train Acc: 77.62%, Val Loss: 0.6905, Val Acc: 76.84%
2025-10-16 17:54:40,770 - INFO - Epoch 55/200 (lr=0.1)
2025-10-16 17:54:51,410 - INFO - Train Loss: 0.6548, Train Acc: 77.66%, Val Loss: 0.8104, Val Acc: 73.90%
2025-10-16 17:54:51,411 - INFO - Epoch 56/200 (lr=0.1)
2025-10-16 17:55:02,687 - INFO - Train Loss: 0.6424, Train Acc: 77.95%, Val Loss: 0.6987, Val Acc: 75.76%
2025-10-16 17:55:02,687 - INFO - Epoch 57/200 (lr=0.1)
2025-10-16 17:55:13,731 - INFO - Train Loss: 0.6484, Train Acc: 77.88%, Val Loss: 0.6523, Val Acc: 78.14%
2025-10-16 17:55:13,958 - INFO - New best model saved with accuracy: 78.14%
2025-10-16 17:55:13,959 - INFO - Epoch 58/200 (lr=0.1)
2025-10-16 17:55:24,951 - INFO - Train Loss: 0.6514, Train Acc: 77.89%, Val Loss: 0.6756, Val Acc: 77.31%
2025-10-16 17:55:24,951 - INFO - Epoch 59/200 (lr=0.1)
2025-10-16 17:55:36,371 - INFO - Train Loss: 0.6386, Train Acc: 78.48%, Val Loss: 0.7351, Val Acc: 74.94%
2025-10-16 17:55:36,372 - INFO - Epoch 60/200 (lr=0.1)
2025-10-16 17:55:47,766 - INFO - Train Loss: 0.6494, Train Acc: 77.93%, Val Loss: 0.7681, Val Acc: 75.13%
2025-10-16 17:55:47,767 - INFO - Epoch 61/200 (lr=0.02)
2025-10-16 17:55:58,955 - INFO - Train Loss: 0.4872, Train Acc: 83.44%, Val Loss: 0.4554, Val Acc: 84.43%
2025-10-16 17:55:59,141 - INFO - New best model saved with accuracy: 84.43%
2025-10-16 17:55:59,141 - INFO - Epoch 62/200 (lr=0.02)
2025-10-16 17:56:10,268 - INFO - Train Loss: 0.4374, Train Acc: 85.09%, Val Loss: 0.4380, Val Acc: 84.91%
2025-10-16 17:56:10,516 - INFO - New best model saved with accuracy: 84.91%
2025-10-16 17:56:10,517 - INFO - Epoch 63/200 (lr=0.02)
2025-10-16 17:56:22,051 - INFO - Train Loss: 0.4194, Train Acc: 85.87%, Val Loss: 0.4379, Val Acc: 84.99%
2025-10-16 17:56:22,274 - INFO - New best model saved with accuracy: 84.99%
2025-10-16 17:56:22,274 - INFO - Epoch 64/200 (lr=0.02)
2025-10-16 17:56:31,251 - INFO - Train Loss: 0.4074, Train Acc: 86.14%, Val Loss: 0.4364, Val Acc: 85.12%
2025-10-16 17:56:31,481 - INFO - New best model saved with accuracy: 85.12%
2025-10-16 17:56:31,481 - INFO - Epoch 65/200 (lr=0.02)
2025-10-16 17:56:42,486 - INFO - Train Loss: 0.3964, Train Acc: 86.62%, Val Loss: 0.4505, Val Acc: 84.46%
2025-10-16 17:56:42,487 - INFO - Epoch 66/200 (lr=0.02)
2025-10-16 17:56:53,658 - INFO - Train Loss: 0.3981, Train Acc: 86.41%, Val Loss: 0.4421, Val Acc: 85.16%
2025-10-16 17:56:53,875 - INFO - New best model saved with accuracy: 85.16%
2025-10-16 17:56:53,876 - INFO - Epoch 67/200 (lr=0.02)
2025-10-16 17:57:04,644 - INFO - Train Loss: 0.3856, Train Acc: 86.94%, Val Loss: 0.4708, Val Acc: 84.22%
2025-10-16 17:57:04,645 - INFO - Epoch 68/200 (lr=0.02)
2025-10-16 17:57:15,818 - INFO - Train Loss: 0.3822, Train Acc: 86.80%, Val Loss: 0.4658, Val Acc: 84.67%
2025-10-16 17:57:15,819 - INFO - Epoch 69/200 (lr=0.02)
2025-10-16 17:57:24,849 - INFO - Train Loss: 0.3809, Train Acc: 86.81%, Val Loss: 0.4554, Val Acc: 84.93%
2025-10-16 17:57:24,850 - INFO - Epoch 70/200 (lr=0.02)
2025-10-16 17:57:36,184 - INFO - Train Loss: 0.3787, Train Acc: 87.05%, Val Loss: 0.4565, Val Acc: 85.07%
2025-10-16 17:57:36,185 - INFO - Epoch 71/200 (lr=0.02)
2025-10-16 17:57:46,494 - INFO - Train Loss: 0.3677, Train Acc: 87.44%, Val Loss: 0.4802, Val Acc: 84.31%
2025-10-16 17:57:46,494 - INFO - Epoch 72/200 (lr=0.02)
2025-10-16 17:57:55,015 - INFO - Train Loss: 0.3739, Train Acc: 87.23%, Val Loss: 0.4624, Val Acc: 84.66%
2025-10-16 17:57:55,016 - INFO - Epoch 73/200 (lr=0.02)
2025-10-16 17:58:05,176 - INFO - Train Loss: 0.3707, Train Acc: 87.21%, Val Loss: 0.4952, Val Acc: 83.54%
2025-10-16 17:58:05,177 - INFO - Epoch 74/200 (lr=0.02)
2025-10-16 17:58:16,564 - INFO - Train Loss: 0.3691, Train Acc: 87.34%, Val Loss: 0.4883, Val Acc: 84.30%
2025-10-16 17:58:16,564 - INFO - Epoch 75/200 (lr=0.02)
2025-10-16 17:58:27,526 - INFO - Train Loss: 0.3641, Train Acc: 87.45%, Val Loss: 0.5132, Val Acc: 83.13%
2025-10-16 17:58:27,526 - INFO - Epoch 76/200 (lr=0.02)
2025-10-16 17:58:38,879 - INFO - Train Loss: 0.3620, Train Acc: 87.58%, Val Loss: 0.5003, Val Acc: 83.72%
2025-10-16 17:58:38,880 - INFO - Epoch 77/200 (lr=0.02)
2025-10-16 17:58:49,950 - INFO - Train Loss: 0.3673, Train Acc: 87.50%, Val Loss: 0.5170, Val Acc: 83.24%
2025-10-16 17:58:49,950 - INFO - Epoch 78/200 (lr=0.02)
2025-10-16 17:59:01,048 - INFO - Train Loss: 0.3606, Train Acc: 87.57%, Val Loss: 0.4611, Val Acc: 84.60%
2025-10-16 17:59:01,049 - INFO - Epoch 79/200 (lr=0.02)
2025-10-16 17:59:12,044 - INFO - Train Loss: 0.3640, Train Acc: 87.42%, Val Loss: 0.4897, Val Acc: 84.08%
2025-10-16 17:59:12,045 - INFO - Epoch 80/200 (lr=0.02)
2025-10-16 17:59:23,168 - INFO - Train Loss: 0.3582, Train Acc: 87.56%, Val Loss: 0.4864, Val Acc: 84.09%
2025-10-16 17:59:23,169 - INFO - Epoch 81/200 (lr=0.02)
2025-10-16 17:59:33,913 - INFO - Train Loss: 0.3569, Train Acc: 87.56%, Val Loss: 0.4959, Val Acc: 83.83%
2025-10-16 17:59:33,914 - INFO - Epoch 82/200 (lr=0.02)
2025-10-16 17:59:43,825 - INFO - Train Loss: 0.3623, Train Acc: 87.55%, Val Loss: 0.4642, Val Acc: 84.28%
2025-10-16 17:59:43,826 - INFO - Epoch 83/200 (lr=0.02)
2025-10-16 17:59:54,931 - INFO - Train Loss: 0.3606, Train Acc: 87.56%, Val Loss: 0.4913, Val Acc: 84.15%
2025-10-16 17:59:54,932 - INFO - Epoch 84/200 (lr=0.02)
2025-10-16 18:00:06,202 - INFO - Train Loss: 0.3574, Train Acc: 87.59%, Val Loss: 0.5087, Val Acc: 83.30%
2025-10-16 18:00:06,203 - INFO - Epoch 85/200 (lr=0.02)
2025-10-16 18:00:17,309 - INFO - Train Loss: 0.3614, Train Acc: 87.69%, Val Loss: 0.4833, Val Acc: 84.10%
2025-10-16 18:00:17,310 - INFO - Epoch 86/200 (lr=0.02)
2025-10-16 18:00:28,111 - INFO - Train Loss: 0.3618, Train Acc: 87.61%, Val Loss: 0.5026, Val Acc: 83.49%
2025-10-16 18:00:28,111 - INFO - Epoch 87/200 (lr=0.02)
2025-10-16 18:00:39,244 - INFO - Train Loss: 0.3544, Train Acc: 87.78%, Val Loss: 0.5202, Val Acc: 83.62%
2025-10-16 18:00:39,245 - INFO - Epoch 88/200 (lr=0.02)
2025-10-16 18:00:49,629 - INFO - Train Loss: 0.3607, Train Acc: 87.54%, Val Loss: 0.5225, Val Acc: 83.05%
2025-10-16 18:00:49,630 - INFO - Epoch 89/200 (lr=0.02)
2025-10-16 18:01:00,542 - INFO - Train Loss: 0.3602, Train Acc: 87.58%, Val Loss: 0.5147, Val Acc: 83.23%
2025-10-16 18:01:00,543 - INFO - Epoch 90/200 (lr=0.02)
2025-10-16 18:01:12,072 - INFO - Train Loss: 0.3536, Train Acc: 88.11%, Val Loss: 0.4903, Val Acc: 84.58%
2025-10-16 18:01:12,072 - INFO - Epoch 91/200 (lr=0.02)
2025-10-16 18:01:23,891 - INFO - Train Loss: 0.3521, Train Acc: 88.01%, Val Loss: 0.5379, Val Acc: 82.81%
2025-10-16 18:01:23,892 - INFO - Epoch 92/200 (lr=0.02)
2025-10-16 18:01:34,884 - INFO - Train Loss: 0.3537, Train Acc: 87.72%, Val Loss: 0.4652, Val Acc: 84.47%
2025-10-16 18:01:34,884 - INFO - Epoch 93/200 (lr=0.02)
2025-10-16 18:01:44,426 - INFO - Train Loss: 0.3508, Train Acc: 87.97%, Val Loss: 0.4872, Val Acc: 83.98%
2025-10-16 18:01:44,427 - INFO - Epoch 94/200 (lr=0.02)
2025-10-16 18:01:54,848 - INFO - Train Loss: 0.3564, Train Acc: 87.64%, Val Loss: 0.5067, Val Acc: 83.77%
2025-10-16 18:01:54,849 - INFO - Epoch 95/200 (lr=0.02)
2025-10-16 18:02:06,410 - INFO - Train Loss: 0.3434, Train Acc: 88.15%, Val Loss: 0.5092, Val Acc: 83.59%
2025-10-16 18:02:06,411 - INFO - Epoch 96/200 (lr=0.02)
2025-10-16 18:02:15,417 - INFO - Train Loss: 0.3470, Train Acc: 88.14%, Val Loss: 0.5336, Val Acc: 83.07%
2025-10-16 18:02:15,418 - INFO - Epoch 97/200 (lr=0.02)
2025-10-16 18:02:23,241 - INFO - Train Loss: 0.3535, Train Acc: 87.86%, Val Loss: 0.5244, Val Acc: 83.52%
2025-10-16 18:02:23,241 - INFO - Epoch 98/200 (lr=0.02)
2025-10-16 18:02:33,358 - INFO - Train Loss: 0.3414, Train Acc: 88.22%, Val Loss: 0.4936, Val Acc: 84.07%
2025-10-16 18:02:33,359 - INFO - Epoch 99/200 (lr=0.02)
2025-10-16 18:02:45,332 - INFO - Train Loss: 0.3453, Train Acc: 88.01%, Val Loss: 0.5317, Val Acc: 82.71%
2025-10-16 18:02:45,332 - INFO - Epoch 100/200 (lr=0.02)
2025-10-16 18:02:56,207 - INFO - Train Loss: 0.3434, Train Acc: 88.20%, Val Loss: 0.5388, Val Acc: 82.70%
2025-10-16 18:02:56,207 - INFO - Epoch 101/200 (lr=0.02)
2025-10-16 18:03:07,175 - INFO - Train Loss: 0.3441, Train Acc: 88.25%, Val Loss: 0.5256, Val Acc: 83.41%
2025-10-16 18:03:07,176 - INFO - Epoch 102/200 (lr=0.02)
2025-10-16 18:03:18,039 - INFO - Train Loss: 0.3403, Train Acc: 88.21%, Val Loss: 0.4954, Val Acc: 83.62%
2025-10-16 18:03:18,040 - INFO - Epoch 103/200 (lr=0.02)
2025-10-16 18:03:29,858 - INFO - Train Loss: 0.3405, Train Acc: 88.22%, Val Loss: 0.5161, Val Acc: 83.27%
2025-10-16 18:03:29,859 - INFO - Epoch 104/200 (lr=0.02)
2025-10-16 18:03:41,860 - INFO - Train Loss: 0.3444, Train Acc: 88.16%, Val Loss: 0.5227, Val Acc: 82.73%
2025-10-16 18:03:41,861 - INFO - Epoch 105/200 (lr=0.02)
2025-10-16 18:03:52,766 - INFO - Train Loss: 0.3384, Train Acc: 88.21%, Val Loss: 0.5169, Val Acc: 83.29%
2025-10-16 18:03:52,767 - INFO - Epoch 106/200 (lr=0.02)
2025-10-16 18:04:04,153 - INFO - Train Loss: 0.3458, Train Acc: 88.08%, Val Loss: 0.4887, Val Acc: 84.50%
2025-10-16 18:04:04,153 - INFO - Epoch 107/200 (lr=0.02)
2025-10-16 18:04:15,125 - INFO - Train Loss: 0.3354, Train Acc: 88.53%, Val Loss: 0.4971, Val Acc: 84.14%
2025-10-16 18:04:15,126 - INFO - Epoch 108/200 (lr=0.02)
2025-10-16 18:04:26,374 - INFO - Train Loss: 0.3341, Train Acc: 88.52%, Val Loss: 0.4871, Val Acc: 84.31%
2025-10-16 18:04:26,375 - INFO - Epoch 109/200 (lr=0.02)
2025-10-16 18:04:37,344 - INFO - Train Loss: 0.3346, Train Acc: 88.64%, Val Loss: 0.5240, Val Acc: 83.65%
2025-10-16 18:04:37,345 - INFO - Epoch 110/200 (lr=0.02)
2025-10-16 18:04:48,709 - INFO - Train Loss: 0.3371, Train Acc: 88.26%, Val Loss: 0.4900, Val Acc: 84.15%
2025-10-16 18:04:48,710 - INFO - Epoch 111/200 (lr=0.02)
2025-10-16 18:04:58,411 - INFO - Train Loss: 0.3402, Train Acc: 88.32%, Val Loss: 0.5027, Val Acc: 83.69%
2025-10-16 18:04:58,412 - INFO - Epoch 112/200 (lr=0.02)
2025-10-16 18:05:10,102 - INFO - Train Loss: 0.3326, Train Acc: 88.54%, Val Loss: 0.5013, Val Acc: 84.07%
2025-10-16 18:05:10,102 - INFO - Epoch 113/200 (lr=0.02)
2025-10-16 18:05:20,974 - INFO - Train Loss: 0.3281, Train Acc: 88.79%, Val Loss: 0.4877, Val Acc: 84.38%
2025-10-16 18:05:20,974 - INFO - Epoch 114/200 (lr=0.02)
2025-10-16 18:05:30,129 - INFO - Train Loss: 0.3256, Train Acc: 88.71%, Val Loss: 0.5249, Val Acc: 83.08%
2025-10-16 18:05:30,130 - INFO - Epoch 115/200 (lr=0.02)
2025-10-16 18:05:40,544 - INFO - Train Loss: 0.3345, Train Acc: 88.55%, Val Loss: 0.5233, Val Acc: 83.53%
2025-10-16 18:05:40,545 - INFO - Epoch 116/200 (lr=0.02)
2025-10-16 18:05:51,643 - INFO - Train Loss: 0.3355, Train Acc: 88.31%, Val Loss: 0.5139, Val Acc: 83.43%
2025-10-16 18:05:51,644 - INFO - Epoch 117/200 (lr=0.02)
2025-10-16 18:06:02,607 - INFO - Train Loss: 0.3302, Train Acc: 88.70%, Val Loss: 0.5199, Val Acc: 83.33%
2025-10-16 18:06:02,608 - INFO - Epoch 118/200 (lr=0.02)
2025-10-16 18:06:13,305 - INFO - Train Loss: 0.3307, Train Acc: 88.39%, Val Loss: 0.5112, Val Acc: 83.87%
2025-10-16 18:06:13,306 - INFO - Epoch 119/200 (lr=0.02)
2025-10-16 18:06:24,448 - INFO - Train Loss: 0.3257, Train Acc: 88.65%, Val Loss: 0.5532, Val Acc: 82.37%
2025-10-16 18:06:24,448 - INFO - Epoch 120/200 (lr=0.02)
2025-10-16 18:06:34,880 - INFO - Train Loss: 0.3237, Train Acc: 88.71%, Val Loss: 0.5346, Val Acc: 83.16%
2025-10-16 18:06:34,881 - INFO - Epoch 121/200 (lr=0.004)
2025-10-16 18:06:41,815 - INFO - Train Loss: 0.2343, Train Acc: 91.98%, Val Loss: 0.4230, Val Acc: 86.13%
2025-10-16 18:06:42,012 - INFO - New best model saved with accuracy: 86.13%
2025-10-16 18:06:42,012 - INFO - Epoch 122/200 (lr=0.004)
2025-10-16 18:06:52,580 - INFO - Train Loss: 0.2003, Train Acc: 93.21%, Val Loss: 0.4290, Val Acc: 86.78%
2025-10-16 18:06:52,805 - INFO - New best model saved with accuracy: 86.78%
2025-10-16 18:06:52,806 - INFO - Epoch 123/200 (lr=0.004)
2025-10-16 18:07:03,976 - INFO - Train Loss: 0.1883, Train Acc: 93.56%, Val Loss: 0.4364, Val Acc: 86.88%
2025-10-16 18:07:04,213 - INFO - New best model saved with accuracy: 86.88%
2025-10-16 18:07:04,214 - INFO - Epoch 124/200 (lr=0.004)
2025-10-16 18:07:15,404 - INFO - Train Loss: 0.1779, Train Acc: 93.95%, Val Loss: 0.4414, Val Acc: 86.77%
2025-10-16 18:07:15,404 - INFO - Epoch 125/200 (lr=0.004)
2025-10-16 18:07:27,333 - INFO - Train Loss: 0.1736, Train Acc: 94.02%, Val Loss: 0.4433, Val Acc: 86.89%
2025-10-16 18:07:27,559 - INFO - New best model saved with accuracy: 86.89%
2025-10-16 18:07:27,560 - INFO - Epoch 126/200 (lr=0.004)
2025-10-16 18:07:38,874 - INFO - Train Loss: 0.1671, Train Acc: 94.28%, Val Loss: 0.4461, Val Acc: 86.97%
2025-10-16 18:07:39,093 - INFO - New best model saved with accuracy: 86.97%
2025-10-16 18:07:39,093 - INFO - Epoch 127/200 (lr=0.004)
2025-10-16 18:07:50,420 - INFO - Train Loss: 0.1656, Train Acc: 94.31%, Val Loss: 0.4557, Val Acc: 86.61%
2025-10-16 18:07:50,421 - INFO - Epoch 128/200 (lr=0.004)
2025-10-16 18:08:01,711 - INFO - Train Loss: 0.1599, Train Acc: 94.69%, Val Loss: 0.4597, Val Acc: 86.49%
2025-10-16 18:08:01,712 - INFO - Epoch 129/200 (lr=0.004)
2025-10-16 18:08:13,394 - INFO - Train Loss: 0.1577, Train Acc: 94.63%, Val Loss: 0.4510, Val Acc: 86.92%
2025-10-16 18:08:13,394 - INFO - Epoch 130/200 (lr=0.004)
2025-10-16 18:08:25,375 - INFO - Train Loss: 0.1519, Train Acc: 94.83%, Val Loss: 0.4715, Val Acc: 86.39%
2025-10-16 18:08:25,376 - INFO - Epoch 131/200 (lr=0.004)
2025-10-16 18:08:36,912 - INFO - Train Loss: 0.1521, Train Acc: 94.75%, Val Loss: 0.4658, Val Acc: 86.45%
2025-10-16 18:08:36,913 - INFO - Epoch 132/200 (lr=0.004)
2025-10-16 18:08:48,877 - INFO - Train Loss: 0.1481, Train Acc: 94.91%, Val Loss: 0.4647, Val Acc: 86.53%
2025-10-16 18:08:48,878 - INFO - Epoch 133/200 (lr=0.004)
2025-10-16 18:09:00,938 - INFO - Train Loss: 0.1471, Train Acc: 95.00%, Val Loss: 0.4790, Val Acc: 86.29%
2025-10-16 18:09:00,939 - INFO - Epoch 134/200 (lr=0.004)
2025-10-16 18:09:12,154 - INFO - Train Loss: 0.1451, Train Acc: 95.04%, Val Loss: 0.4888, Val Acc: 86.25%
2025-10-16 18:09:12,155 - INFO - Epoch 135/200 (lr=0.004)
2025-10-16 18:09:23,617 - INFO - Train Loss: 0.1411, Train Acc: 95.08%, Val Loss: 0.4788, Val Acc: 86.71%
2025-10-16 18:09:23,617 - INFO - Epoch 136/200 (lr=0.004)
2025-10-16 18:09:34,830 - INFO - Train Loss: 0.1388, Train Acc: 95.31%, Val Loss: 0.4790, Val Acc: 86.59%
2025-10-16 18:09:34,831 - INFO - Epoch 137/200 (lr=0.004)
2025-10-16 18:09:46,217 - INFO - Train Loss: 0.1362, Train Acc: 95.32%, Val Loss: 0.4914, Val Acc: 86.42%
2025-10-16 18:09:46,218 - INFO - Epoch 138/200 (lr=0.004)
2025-10-16 18:09:57,718 - INFO - Train Loss: 0.1350, Train Acc: 95.38%, Val Loss: 0.4851, Val Acc: 86.46%
2025-10-16 18:09:57,718 - INFO - Epoch 139/200 (lr=0.004)
2025-10-16 18:10:09,504 - INFO - Train Loss: 0.1386, Train Acc: 95.23%, Val Loss: 0.4838, Val Acc: 86.55%
2025-10-16 18:10:09,505 - INFO - Epoch 140/200 (lr=0.004)
2025-10-16 18:10:21,216 - INFO - Train Loss: 0.1343, Train Acc: 95.43%, Val Loss: 0.4831, Val Acc: 86.76%
2025-10-16 18:10:21,217 - INFO - Epoch 141/200 (lr=0.004)
2025-10-16 18:10:32,843 - INFO - Train Loss: 0.1332, Train Acc: 95.44%, Val Loss: 0.4995, Val Acc: 86.49%
2025-10-16 18:10:32,844 - INFO - Epoch 142/200 (lr=0.004)
2025-10-16 18:10:44,980 - INFO - Train Loss: 0.1342, Train Acc: 95.42%, Val Loss: 0.4927, Val Acc: 86.55%
2025-10-16 18:10:44,981 - INFO - Epoch 143/200 (lr=0.004)
2025-10-16 18:10:58,349 - INFO - Train Loss: 0.1314, Train Acc: 95.52%, Val Loss: 0.4961, Val Acc: 86.21%
2025-10-16 18:10:58,350 - INFO - Epoch 144/200 (lr=0.004)
2025-10-16 18:11:10,498 - INFO - Train Loss: 0.1277, Train Acc: 95.60%, Val Loss: 0.4948, Val Acc: 86.50%
2025-10-16 18:11:10,499 - INFO - Epoch 145/200 (lr=0.004)
2025-10-16 18:11:22,800 - INFO - Train Loss: 0.1323, Train Acc: 95.54%, Val Loss: 0.4931, Val Acc: 86.46%
2025-10-16 18:11:22,802 - INFO - Epoch 146/200 (lr=0.004)
2025-10-16 18:11:34,304 - INFO - Train Loss: 0.1278, Train Acc: 95.70%, Val Loss: 0.4996, Val Acc: 86.27%
2025-10-16 18:11:34,305 - INFO - Epoch 147/200 (lr=0.004)
2025-10-16 18:11:46,392 - INFO - Train Loss: 0.1280, Train Acc: 95.64%, Val Loss: 0.5284, Val Acc: 85.64%
2025-10-16 18:11:46,392 - INFO - Epoch 148/200 (lr=0.004)
2025-10-16 18:11:57,811 - INFO - Train Loss: 0.1308, Train Acc: 95.48%, Val Loss: 0.4981, Val Acc: 86.29%
2025-10-16 18:11:57,812 - INFO - Epoch 149/200 (lr=0.004)
2025-10-16 18:12:07,927 - INFO - Train Loss: 0.1260, Train Acc: 95.69%, Val Loss: 0.5108, Val Acc: 86.06%
2025-10-16 18:12:07,928 - INFO - Epoch 150/200 (lr=0.004)
2025-10-16 18:12:19,827 - INFO - Train Loss: 0.1256, Train Acc: 95.84%, Val Loss: 0.5175, Val Acc: 85.93%
2025-10-16 18:12:19,828 - INFO - Epoch 151/200 (lr=0.004)
2025-10-16 18:12:31,995 - INFO - Train Loss: 0.1297, Train Acc: 95.61%, Val Loss: 0.4950, Val Acc: 86.20%
2025-10-16 18:12:31,995 - INFO - Epoch 152/200 (lr=0.004)
2025-10-16 18:12:43,737 - INFO - Train Loss: 0.1245, Train Acc: 95.76%, Val Loss: 0.5092, Val Acc: 86.29%
2025-10-16 18:12:43,738 - INFO - Epoch 153/200 (lr=0.004)
2025-10-16 18:12:55,285 - INFO - Train Loss: 0.1246, Train Acc: 95.88%, Val Loss: 0.5204, Val Acc: 86.09%
2025-10-16 18:12:55,286 - INFO - Epoch 154/200 (lr=0.004)
2025-10-16 18:13:06,168 - INFO - Train Loss: 0.1224, Train Acc: 95.81%, Val Loss: 0.5016, Val Acc: 85.95%
2025-10-16 18:13:06,169 - INFO - Epoch 155/200 (lr=0.004)
2025-10-16 18:13:17,401 - INFO - Train Loss: 0.1283, Train Acc: 95.67%, Val Loss: 0.5152, Val Acc: 86.22%
2025-10-16 18:13:17,402 - INFO - Epoch 156/200 (lr=0.004)
2025-10-16 18:13:28,700 - INFO - Train Loss: 0.1237, Train Acc: 95.82%, Val Loss: 0.5199, Val Acc: 86.07%
2025-10-16 18:13:28,701 - INFO - Epoch 157/200 (lr=0.004)
2025-10-16 18:13:40,128 - INFO - Train Loss: 0.1209, Train Acc: 95.74%, Val Loss: 0.5122, Val Acc: 86.00%
2025-10-16 18:13:40,129 - INFO - Epoch 158/200 (lr=0.004)
2025-10-16 18:13:52,232 - INFO - Train Loss: 0.1232, Train Acc: 95.89%, Val Loss: 0.5261, Val Acc: 86.14%
2025-10-16 18:13:52,233 - INFO - Epoch 159/200 (lr=0.004)
2025-10-16 18:14:05,056 - INFO - Train Loss: 0.1220, Train Acc: 95.82%, Val Loss: 0.5165, Val Acc: 86.20%
2025-10-16 18:14:05,057 - INFO - Epoch 160/200 (lr=0.004)
2025-10-16 18:14:16,962 - INFO - Train Loss: 0.1228, Train Acc: 95.71%, Val Loss: 0.5141, Val Acc: 85.89%
2025-10-16 18:14:16,963 - INFO - Epoch 161/200 (lr=0.0008)
2025-10-16 18:14:29,047 - INFO - Train Loss: 0.0959, Train Acc: 96.70%, Val Loss: 0.4902, Val Acc: 86.59%
2025-10-16 18:14:29,048 - INFO - Epoch 162/200 (lr=0.0008)
2025-10-16 18:14:41,903 - INFO - Train Loss: 0.0889, Train Acc: 97.01%, Val Loss: 0.5020, Val Acc: 86.65%
2025-10-16 18:14:41,904 - INFO - Epoch 163/200 (lr=0.0008)
2025-10-16 18:14:53,443 - INFO - Train Loss: 0.0835, Train Acc: 97.32%, Val Loss: 0.5003, Val Acc: 86.54%
2025-10-16 18:14:53,444 - INFO - Epoch 164/200 (lr=0.0008)
2025-10-16 18:15:04,403 - INFO - Train Loss: 0.0828, Train Acc: 97.28%, Val Loss: 0.5022, Val Acc: 86.49%
2025-10-16 18:15:04,404 - INFO - Epoch 165/200 (lr=0.0008)
2025-10-16 18:15:15,608 - INFO - Train Loss: 0.0796, Train Acc: 97.33%, Val Loss: 0.5046, Val Acc: 86.51%
2025-10-16 18:15:15,610 - INFO - Epoch 166/200 (lr=0.0008)
2025-10-16 18:15:26,145 - INFO - Train Loss: 0.0773, Train Acc: 97.46%, Val Loss: 0.5119, Val Acc: 86.50%
2025-10-16 18:15:26,146 - INFO - Epoch 167/200 (lr=0.0008)
2025-10-16 18:15:37,470 - INFO - Train Loss: 0.0730, Train Acc: 97.61%, Val Loss: 0.5131, Val Acc: 86.47%
2025-10-16 18:15:37,472 - INFO - Epoch 168/200 (lr=0.0008)
2025-10-16 18:15:48,827 - INFO - Train Loss: 0.0773, Train Acc: 97.51%, Val Loss: 0.5160, Val Acc: 86.52%
2025-10-16 18:15:48,828 - INFO - Epoch 169/200 (lr=0.0008)
2025-10-16 18:16:00,034 - INFO - Train Loss: 0.0748, Train Acc: 97.57%, Val Loss: 0.5148, Val Acc: 86.65%
2025-10-16 18:16:00,035 - INFO - Epoch 170/200 (lr=0.0008)
2025-10-16 18:16:11,669 - INFO - Train Loss: 0.0732, Train Acc: 97.67%, Val Loss: 0.5170, Val Acc: 86.68%
2025-10-16 18:16:11,670 - INFO - Epoch 171/200 (lr=0.0008)
2025-10-16 18:16:22,959 - INFO - Train Loss: 0.0734, Train Acc: 97.62%, Val Loss: 0.5219, Val Acc: 86.60%
2025-10-16 18:16:22,959 - INFO - Epoch 172/200 (lr=0.0008)
2025-10-16 18:16:34,230 - INFO - Train Loss: 0.0736, Train Acc: 97.56%, Val Loss: 0.5189, Val Acc: 86.84%
2025-10-16 18:16:34,231 - INFO - Epoch 173/200 (lr=0.0008)
2025-10-16 18:16:45,546 - INFO - Train Loss: 0.0711, Train Acc: 97.63%, Val Loss: 0.5276, Val Acc: 86.82%
2025-10-16 18:16:45,546 - INFO - Epoch 174/200 (lr=0.0008)
2025-10-16 18:16:57,095 - INFO - Train Loss: 0.0725, Train Acc: 97.61%, Val Loss: 0.5279, Val Acc: 86.54%
2025-10-16 18:16:57,096 - INFO - Epoch 175/200 (lr=0.0008)
2025-10-16 18:17:08,978 - INFO - Train Loss: 0.0681, Train Acc: 97.79%, Val Loss: 0.5297, Val Acc: 86.91%
2025-10-16 18:17:08,979 - INFO - Epoch 176/200 (lr=0.0008)
2025-10-16 18:17:20,552 - INFO - Train Loss: 0.0680, Train Acc: 97.77%, Val Loss: 0.5299, Val Acc: 86.68%
2025-10-16 18:17:20,553 - INFO - Epoch 177/200 (lr=0.0008)
2025-10-16 18:17:32,255 - INFO - Train Loss: 0.0658, Train Acc: 97.83%, Val Loss: 0.5308, Val Acc: 86.57%
2025-10-16 18:17:32,256 - INFO - Epoch 178/200 (lr=0.0008)
2025-10-16 18:17:44,042 - INFO - Train Loss: 0.0672, Train Acc: 97.74%, Val Loss: 0.5309, Val Acc: 86.61%
2025-10-16 18:17:44,043 - INFO - Epoch 179/200 (lr=0.0008)
2025-10-16 18:17:55,724 - INFO - Train Loss: 0.0699, Train Acc: 97.76%, Val Loss: 0.5356, Val Acc: 86.77%
2025-10-16 18:17:55,725 - INFO - Epoch 180/200 (lr=0.0008)
2025-10-16 18:18:07,073 - INFO - Train Loss: 0.0673, Train Acc: 97.71%, Val Loss: 0.5346, Val Acc: 86.51%
2025-10-16 18:18:07,074 - INFO - Epoch 181/200 (lr=0.0008)
2025-10-16 18:18:19,212 - INFO - Train Loss: 0.0691, Train Acc: 97.65%, Val Loss: 0.5350, Val Acc: 86.78%
2025-10-16 18:18:19,213 - INFO - Epoch 182/200 (lr=0.0008)
2025-10-16 18:18:31,003 - INFO - Train Loss: 0.0676, Train Acc: 97.74%, Val Loss: 0.5309, Val Acc: 86.79%
2025-10-16 18:18:31,004 - INFO - Epoch 183/200 (lr=0.0008)
2025-10-16 18:18:42,180 - INFO - Train Loss: 0.0643, Train Acc: 97.87%, Val Loss: 0.5313, Val Acc: 86.82%
2025-10-16 18:18:42,181 - INFO - Epoch 184/200 (lr=0.0008)
2025-10-16 18:18:53,828 - INFO - Train Loss: 0.0678, Train Acc: 97.82%, Val Loss: 0.5326, Val Acc: 86.62%
2025-10-16 18:18:53,829 - INFO - Epoch 185/200 (lr=0.0008)
2025-10-16 18:19:04,380 - INFO - Train Loss: 0.0665, Train Acc: 97.86%, Val Loss: 0.5323, Val Acc: 86.73%
2025-10-16 18:19:04,380 - INFO - Epoch 186/200 (lr=0.0008)
2025-10-16 18:19:13,748 - INFO - Train Loss: 0.0643, Train Acc: 97.83%, Val Loss: 0.5386, Val Acc: 86.71%
2025-10-16 18:19:13,749 - INFO - Epoch 187/200 (lr=0.0008)
2025-10-16 18:19:24,776 - INFO - Train Loss: 0.0636, Train Acc: 97.86%, Val Loss: 0.5346, Val Acc: 86.74%
2025-10-16 18:19:24,777 - INFO - Epoch 188/200 (lr=0.0008)
2025-10-16 18:19:35,922 - INFO - Train Loss: 0.0647, Train Acc: 97.90%, Val Loss: 0.5418, Val Acc: 86.57%
2025-10-16 18:19:35,922 - INFO - Epoch 189/200 (lr=0.0008)
2025-10-16 18:19:46,891 - INFO - Train Loss: 0.0659, Train Acc: 97.83%, Val Loss: 0.5325, Val Acc: 86.77%
2025-10-16 18:19:46,892 - INFO - Epoch 190/200 (lr=0.0008)
2025-10-16 18:19:58,002 - INFO - Train Loss: 0.0627, Train Acc: 97.90%, Val Loss: 0.5421, Val Acc: 86.73%
2025-10-16 18:19:58,003 - INFO - Epoch 191/200 (lr=0.0008)
2025-10-16 18:20:08,080 - INFO - Train Loss: 0.0618, Train Acc: 97.99%, Val Loss: 0.5389, Val Acc: 86.67%
2025-10-16 18:20:08,081 - INFO - Epoch 192/200 (lr=0.0008)
2025-10-16 18:20:19,118 - INFO - Train Loss: 0.0600, Train Acc: 98.08%, Val Loss: 0.5416, Val Acc: 86.69%
2025-10-16 18:20:19,119 - INFO - Epoch 193/200 (lr=0.0008)
2025-10-16 18:20:29,588 - INFO - Train Loss: 0.0637, Train Acc: 97.91%, Val Loss: 0.5432, Val Acc: 86.46%
2025-10-16 18:20:29,588 - INFO - Epoch 194/200 (lr=0.0008)
2025-10-16 18:20:40,617 - INFO - Train Loss: 0.0629, Train Acc: 98.00%, Val Loss: 0.5505, Val Acc: 86.51%
2025-10-16 18:20:40,618 - INFO - Epoch 195/200 (lr=0.0008)
2025-10-16 18:20:51,768 - INFO - Train Loss: 0.0631, Train Acc: 97.97%, Val Loss: 0.5441, Val Acc: 86.64%
2025-10-16 18:20:51,768 - INFO - Epoch 196/200 (lr=0.0008)
2025-10-16 18:21:03,811 - INFO - Train Loss: 0.0626, Train Acc: 97.95%, Val Loss: 0.5468, Val Acc: 86.65%
2025-10-16 18:21:03,811 - INFO - Epoch 197/200 (lr=0.0008)
2025-10-16 18:21:15,448 - INFO - Train Loss: 0.0598, Train Acc: 98.03%, Val Loss: 0.5429, Val Acc: 86.65%
2025-10-16 18:21:15,449 - INFO - Epoch 198/200 (lr=0.0008)
2025-10-16 18:21:27,046 - INFO - Train Loss: 0.0607, Train Acc: 98.00%, Val Loss: 0.5446, Val Acc: 86.48%
2025-10-16 18:21:27,047 - INFO - Epoch 199/200 (lr=0.0008)
2025-10-16 18:21:39,179 - INFO - Train Loss: 0.0585, Train Acc: 98.07%, Val Loss: 0.5566, Val Acc: 86.73%
2025-10-16 18:21:39,180 - INFO - Epoch 200/200 (lr=0.0008)
2025-10-16 18:21:50,499 - INFO - Train Loss: 0.0583, Train Acc: 98.10%, Val Loss: 0.5522, Val Acc: 86.69%
2025-10-16 18:21:50,501 - INFO - Training completed. Best validation accuracy: 86.97%
