2025-10-17 12:44:37,819 - INFO - Starting CNN training script
2025-10-17 12:44:37,819 - INFO - Arguments: {'model': 'mobilenetv2', 'dataset': 'cifar100', 'data_dir': './data', 'batch_size': 256, 'num_workers': 8, 'epochs': 200, 'lr': 0.1, 'lr_schedule': '60:0.1,60:0.02,40:0.004,40:0.0008', 'warm': 1, 'output_dir': './experiments/mobilenetv2_cifar100_20251017_124437'}
2025-10-17 12:44:37,915 - INFO - Using device: cuda
2025-10-17 12:44:37,915 - INFO - Dataset: cifar100, Input channels: 3, Classes: 100
2025-10-17 12:44:40,151 - INFO - Using model: mobilenetv2
2025-10-17 12:44:40,152 - INFO - Learning rate schedule: [(60, 0.1), (60, 0.02), (40, 0.004), (40, 0.0008)]
2025-10-17 12:44:40,170 - INFO - Using TensorBoard for visualization
2025-10-17 12:44:40,170 - INFO - Starting training for 200 epochs
2025-10-17 12:44:40,170 - INFO - Epoch 1/200 (lr=0.1)
2025-10-17 12:44:49,722 - INFO - Train Loss: 4.2788, Train Acc: 4.83%, Val Loss: 4.1098, Val Acc: 8.87%
2025-10-17 12:44:49,775 - INFO - New best model saved with accuracy: 8.87%
2025-10-17 12:44:49,775 - INFO - Epoch 2/200 (lr=0.1)
2025-10-17 12:44:57,908 - INFO - Train Loss: 3.6586, Train Acc: 12.57%, Val Loss: 3.6246, Val Acc: 14.06%
2025-10-17 12:44:58,316 - INFO - New best model saved with accuracy: 14.06%
2025-10-17 12:44:58,316 - INFO - Epoch 3/200 (lr=0.1)
2025-10-17 12:45:06,536 - INFO - Train Loss: 3.3480, Train Acc: 17.63%, Val Loss: 3.1858, Val Acc: 21.22%
2025-10-17 12:45:06,666 - INFO - New best model saved with accuracy: 21.22%
2025-10-17 12:45:06,666 - INFO - Epoch 4/200 (lr=0.1)
2025-10-17 12:45:15,497 - INFO - Train Loss: 3.1285, Train Acc: 21.65%, Val Loss: 3.0901, Val Acc: 22.53%
2025-10-17 12:45:15,608 - INFO - New best model saved with accuracy: 22.53%
2025-10-17 12:45:15,608 - INFO - Epoch 5/200 (lr=0.1)
2025-10-17 12:45:24,360 - INFO - Train Loss: 2.9257, Train Acc: 25.51%, Val Loss: 2.8312, Val Acc: 27.58%
2025-10-17 12:45:24,468 - INFO - New best model saved with accuracy: 27.58%
2025-10-17 12:45:24,468 - INFO - Epoch 6/200 (lr=0.1)
2025-10-17 12:45:33,374 - INFO - Train Loss: 2.7604, Train Acc: 28.70%, Val Loss: 2.8235, Val Acc: 26.95%
2025-10-17 12:45:33,375 - INFO - Epoch 7/200 (lr=0.1)
2025-10-17 12:45:42,253 - INFO - Train Loss: 2.6137, Train Acc: 31.59%, Val Loss: 2.5495, Val Acc: 33.31%
2025-10-17 12:45:42,338 - INFO - New best model saved with accuracy: 33.31%
2025-10-17 12:45:42,338 - INFO - Epoch 8/200 (lr=0.1)
2025-10-17 12:45:51,360 - INFO - Train Loss: 2.4891, Train Acc: 34.26%, Val Loss: 2.6932, Val Acc: 30.01%
2025-10-17 12:45:51,361 - INFO - Epoch 9/200 (lr=0.1)
2025-10-17 12:46:00,406 - INFO - Train Loss: 2.3648, Train Acc: 36.50%, Val Loss: 2.4184, Val Acc: 35.30%
2025-10-17 12:46:00,538 - INFO - New best model saved with accuracy: 35.30%
2025-10-17 12:46:00,539 - INFO - Epoch 10/200 (lr=0.1)
2025-10-17 12:46:09,109 - INFO - Train Loss: 2.2813, Train Acc: 38.36%, Val Loss: 2.2425, Val Acc: 39.59%
2025-10-17 12:46:09,216 - INFO - New best model saved with accuracy: 39.59%
2025-10-17 12:46:09,217 - INFO - Epoch 11/200 (lr=0.1)
2025-10-17 12:46:18,326 - INFO - Train Loss: 2.2109, Train Acc: 40.00%, Val Loss: 2.4162, Val Acc: 36.28%
2025-10-17 12:46:18,327 - INFO - Epoch 12/200 (lr=0.1)
2025-10-17 12:46:27,291 - INFO - Train Loss: 2.1390, Train Acc: 41.32%, Val Loss: 2.2370, Val Acc: 39.76%
2025-10-17 12:46:27,384 - INFO - New best model saved with accuracy: 39.76%
2025-10-17 12:46:27,384 - INFO - Epoch 13/200 (lr=0.1)
2025-10-17 12:46:35,462 - INFO - Train Loss: 2.0798, Train Acc: 43.32%, Val Loss: 2.2451, Val Acc: 40.26%
2025-10-17 12:46:35,578 - INFO - New best model saved with accuracy: 40.26%
2025-10-17 12:46:35,578 - INFO - Epoch 14/200 (lr=0.1)
2025-10-17 12:46:44,675 - INFO - Train Loss: 2.0379, Train Acc: 43.98%, Val Loss: 2.1397, Val Acc: 41.37%
2025-10-17 12:46:44,825 - INFO - New best model saved with accuracy: 41.37%
2025-10-17 12:46:44,825 - INFO - Epoch 15/200 (lr=0.1)
2025-10-17 12:46:54,001 - INFO - Train Loss: 1.9910, Train Acc: 45.21%, Val Loss: 2.0959, Val Acc: 43.33%
2025-10-17 12:46:54,143 - INFO - New best model saved with accuracy: 43.33%
2025-10-17 12:46:54,144 - INFO - Epoch 16/200 (lr=0.1)
2025-10-17 12:47:03,860 - INFO - Train Loss: 1.9720, Train Acc: 45.67%, Val Loss: 2.1862, Val Acc: 40.79%
2025-10-17 12:47:03,861 - INFO - Epoch 17/200 (lr=0.1)
2025-10-17 12:47:13,215 - INFO - Train Loss: 1.9321, Train Acc: 46.61%, Val Loss: 2.0157, Val Acc: 44.51%
2025-10-17 12:47:13,306 - INFO - New best model saved with accuracy: 44.51%
2025-10-17 12:47:13,306 - INFO - Epoch 18/200 (lr=0.1)
2025-10-17 12:47:22,448 - INFO - Train Loss: 1.9129, Train Acc: 47.01%, Val Loss: 2.4546, Val Acc: 38.06%
2025-10-17 12:47:22,449 - INFO - Epoch 19/200 (lr=0.1)
2025-10-17 12:47:31,475 - INFO - Train Loss: 1.8923, Train Acc: 47.41%, Val Loss: 2.1135, Val Acc: 42.77%
2025-10-17 12:47:31,476 - INFO - Epoch 20/200 (lr=0.1)
2025-10-17 12:47:40,424 - INFO - Train Loss: 1.8757, Train Acc: 47.95%, Val Loss: 2.0807, Val Acc: 43.26%
2025-10-17 12:47:40,425 - INFO - Epoch 21/200 (lr=0.1)
2025-10-17 12:47:49,665 - INFO - Train Loss: 1.8524, Train Acc: 48.41%, Val Loss: 2.0303, Val Acc: 44.89%
2025-10-17 12:47:49,765 - INFO - New best model saved with accuracy: 44.89%
2025-10-17 12:47:49,766 - INFO - Epoch 22/200 (lr=0.1)
2025-10-17 12:47:58,827 - INFO - Train Loss: 1.8231, Train Acc: 49.16%, Val Loss: 2.0943, Val Acc: 43.52%
2025-10-17 12:47:58,827 - INFO - Epoch 23/200 (lr=0.1)
2025-10-17 12:48:08,489 - INFO - Train Loss: 1.8260, Train Acc: 49.06%, Val Loss: 2.1198, Val Acc: 43.38%
2025-10-17 12:48:08,489 - INFO - Epoch 24/200 (lr=0.1)
2025-10-17 12:48:17,525 - INFO - Train Loss: 1.7999, Train Acc: 49.77%, Val Loss: 2.2660, Val Acc: 41.94%
2025-10-17 12:48:17,526 - INFO - Epoch 25/200 (lr=0.1)
2025-10-17 12:48:26,769 - INFO - Train Loss: 1.7889, Train Acc: 50.18%, Val Loss: 1.8940, Val Acc: 47.94%
2025-10-17 12:48:26,867 - INFO - New best model saved with accuracy: 47.94%
2025-10-17 12:48:26,867 - INFO - Epoch 26/200 (lr=0.1)
2025-10-17 12:48:35,422 - INFO - Train Loss: 1.7735, Train Acc: 50.30%, Val Loss: 1.9660, Val Acc: 46.79%
2025-10-17 12:48:35,422 - INFO - Epoch 27/200 (lr=0.1)
2025-10-17 12:48:44,525 - INFO - Train Loss: 1.7572, Train Acc: 51.01%, Val Loss: 2.0303, Val Acc: 44.87%
2025-10-17 12:48:44,526 - INFO - Epoch 28/200 (lr=0.1)
2025-10-17 12:48:53,668 - INFO - Train Loss: 1.7495, Train Acc: 51.17%, Val Loss: 1.9994, Val Acc: 44.94%
2025-10-17 12:48:53,669 - INFO - Epoch 29/200 (lr=0.1)
2025-10-17 12:49:02,011 - INFO - Train Loss: 1.7477, Train Acc: 50.97%, Val Loss: 1.9648, Val Acc: 46.47%
2025-10-17 12:49:02,012 - INFO - Epoch 30/200 (lr=0.1)
2025-10-17 12:49:11,258 - INFO - Train Loss: 1.7355, Train Acc: 51.47%, Val Loss: 2.0532, Val Acc: 45.43%
2025-10-17 12:49:11,259 - INFO - Epoch 31/200 (lr=0.1)
2025-10-17 12:49:19,186 - INFO - Train Loss: 1.7237, Train Acc: 51.76%, Val Loss: 1.9013, Val Acc: 48.44%
2025-10-17 12:49:19,279 - INFO - New best model saved with accuracy: 48.44%
2025-10-17 12:49:19,280 - INFO - Epoch 32/200 (lr=0.1)
2025-10-17 12:49:28,213 - INFO - Train Loss: 1.7091, Train Acc: 52.10%, Val Loss: 1.8719, Val Acc: 48.06%
2025-10-17 12:49:28,213 - INFO - Epoch 33/200 (lr=0.1)
2025-10-17 12:49:37,209 - INFO - Train Loss: 1.7059, Train Acc: 52.37%, Val Loss: 1.9868, Val Acc: 45.92%
2025-10-17 12:49:37,209 - INFO - Epoch 34/200 (lr=0.1)
2025-10-17 12:49:45,990 - INFO - Train Loss: 1.7033, Train Acc: 52.00%, Val Loss: 1.9754, Val Acc: 46.35%
2025-10-17 12:49:45,991 - INFO - Epoch 35/200 (lr=0.1)
2025-10-17 12:49:55,023 - INFO - Train Loss: 1.6916, Train Acc: 52.59%, Val Loss: 1.9480, Val Acc: 46.55%
2025-10-17 12:49:55,024 - INFO - Epoch 36/200 (lr=0.1)
2025-10-17 12:50:04,057 - INFO - Train Loss: 1.6968, Train Acc: 52.55%, Val Loss: 2.0496, Val Acc: 45.83%
2025-10-17 12:50:04,057 - INFO - Epoch 37/200 (lr=0.1)
2025-10-17 12:50:13,175 - INFO - Train Loss: 1.6774, Train Acc: 52.85%, Val Loss: 2.0170, Val Acc: 46.16%
2025-10-17 12:50:13,176 - INFO - Epoch 38/200 (lr=0.1)
2025-10-17 12:50:22,312 - INFO - Train Loss: 1.6721, Train Acc: 52.97%, Val Loss: 1.9352, Val Acc: 47.94%
2025-10-17 12:50:22,313 - INFO - Epoch 39/200 (lr=0.1)
2025-10-17 12:50:31,419 - INFO - Train Loss: 1.6733, Train Acc: 53.03%, Val Loss: 1.8824, Val Acc: 48.75%
2025-10-17 12:50:31,513 - INFO - New best model saved with accuracy: 48.75%
2025-10-17 12:50:31,514 - INFO - Epoch 40/200 (lr=0.1)
2025-10-17 12:50:40,689 - INFO - Train Loss: 1.6723, Train Acc: 53.22%, Val Loss: 1.9149, Val Acc: 47.87%
2025-10-17 12:50:40,689 - INFO - Epoch 41/200 (lr=0.1)
2025-10-17 12:50:50,126 - INFO - Train Loss: 1.6631, Train Acc: 53.24%, Val Loss: 2.2004, Val Acc: 43.46%
2025-10-17 12:50:50,127 - INFO - Epoch 42/200 (lr=0.1)
2025-10-17 12:50:59,480 - INFO - Train Loss: 1.6655, Train Acc: 53.40%, Val Loss: 1.8010, Val Acc: 50.26%
2025-10-17 12:50:59,575 - INFO - New best model saved with accuracy: 50.26%
2025-10-17 12:50:59,576 - INFO - Epoch 43/200 (lr=0.1)
2025-10-17 12:51:08,588 - INFO - Train Loss: 1.6444, Train Acc: 53.68%, Val Loss: 1.8584, Val Acc: 49.01%
2025-10-17 12:51:08,589 - INFO - Epoch 44/200 (lr=0.1)
2025-10-17 12:51:17,421 - INFO - Train Loss: 1.6564, Train Acc: 53.52%, Val Loss: 1.7355, Val Acc: 51.91%
2025-10-17 12:51:17,511 - INFO - New best model saved with accuracy: 51.91%
2025-10-17 12:51:17,512 - INFO - Epoch 45/200 (lr=0.1)
2025-10-17 12:51:26,707 - INFO - Train Loss: 1.6467, Train Acc: 53.51%, Val Loss: 1.7808, Val Acc: 50.59%
2025-10-17 12:51:26,708 - INFO - Epoch 46/200 (lr=0.1)
2025-10-17 12:51:36,192 - INFO - Train Loss: 1.6478, Train Acc: 53.62%, Val Loss: 1.8251, Val Acc: 49.85%
2025-10-17 12:51:36,193 - INFO - Epoch 47/200 (lr=0.1)
2025-10-17 12:51:45,344 - INFO - Train Loss: 1.6407, Train Acc: 53.67%, Val Loss: 1.8665, Val Acc: 49.43%
2025-10-17 12:51:45,344 - INFO - Epoch 48/200 (lr=0.1)
2025-10-17 12:51:54,459 - INFO - Train Loss: 1.6421, Train Acc: 53.64%, Val Loss: 1.7879, Val Acc: 50.51%
2025-10-17 12:51:54,460 - INFO - Epoch 49/200 (lr=0.1)
2025-10-17 12:52:01,519 - INFO - Train Loss: 1.6317, Train Acc: 54.12%, Val Loss: 2.0756, Val Acc: 45.29%
2025-10-17 12:52:01,520 - INFO - Epoch 50/200 (lr=0.1)
2025-10-17 12:52:10,844 - INFO - Train Loss: 1.6400, Train Acc: 53.49%, Val Loss: 1.9894, Val Acc: 47.54%
2025-10-17 12:52:10,845 - INFO - Epoch 51/200 (lr=0.1)
2025-10-17 12:52:20,098 - INFO - Train Loss: 1.6276, Train Acc: 54.22%, Val Loss: 1.9300, Val Acc: 47.83%
2025-10-17 12:52:20,098 - INFO - Epoch 52/200 (lr=0.1)
2025-10-17 12:52:29,071 - INFO - Train Loss: 1.6144, Train Acc: 54.54%, Val Loss: 1.8491, Val Acc: 49.53%
2025-10-17 12:52:29,072 - INFO - Epoch 53/200 (lr=0.1)
2025-10-17 12:52:38,203 - INFO - Train Loss: 1.6194, Train Acc: 54.18%, Val Loss: 1.8339, Val Acc: 48.81%
2025-10-17 12:52:38,204 - INFO - Epoch 54/200 (lr=0.1)
2025-10-17 12:52:47,135 - INFO - Train Loss: 1.6195, Train Acc: 54.43%, Val Loss: 1.7462, Val Acc: 52.18%
2025-10-17 12:52:47,229 - INFO - New best model saved with accuracy: 52.18%
2025-10-17 12:52:47,229 - INFO - Epoch 55/200 (lr=0.1)
2025-10-17 12:52:56,511 - INFO - Train Loss: 1.6250, Train Acc: 54.02%, Val Loss: 1.7926, Val Acc: 49.94%
2025-10-17 12:52:56,511 - INFO - Epoch 56/200 (lr=0.1)
2025-10-17 12:53:05,938 - INFO - Train Loss: 1.6267, Train Acc: 54.00%, Val Loss: 1.8539, Val Acc: 48.98%
2025-10-17 12:53:05,938 - INFO - Epoch 57/200 (lr=0.1)
2025-10-17 12:53:14,891 - INFO - Train Loss: 1.6153, Train Acc: 54.50%, Val Loss: 1.7283, Val Acc: 52.10%
2025-10-17 12:53:14,892 - INFO - Epoch 58/200 (lr=0.1)
2025-10-17 12:53:23,801 - INFO - Train Loss: 1.6169, Train Acc: 54.45%, Val Loss: 1.7677, Val Acc: 51.13%
2025-10-17 12:53:23,801 - INFO - Epoch 59/200 (lr=0.1)
2025-10-17 12:53:32,393 - INFO - Train Loss: 1.6023, Train Acc: 54.65%, Val Loss: 1.8243, Val Acc: 50.21%
2025-10-17 12:53:32,394 - INFO - Epoch 60/200 (lr=0.1)
2025-10-17 12:53:40,763 - INFO - Train Loss: 1.5992, Train Acc: 54.89%, Val Loss: 1.7849, Val Acc: 50.99%
2025-10-17 12:53:40,764 - INFO - Epoch 61/200 (lr=0.02)
2025-10-17 12:53:49,930 - INFO - Train Loss: 1.2287, Train Acc: 64.62%, Val Loss: 1.2403, Val Acc: 64.29%
2025-10-17 12:53:50,024 - INFO - New best model saved with accuracy: 64.29%
2025-10-17 12:53:50,024 - INFO - Epoch 62/200 (lr=0.02)
2025-10-17 12:53:58,734 - INFO - Train Loss: 1.1092, Train Acc: 67.70%, Val Loss: 1.2092, Val Acc: 64.68%
2025-10-17 12:53:58,819 - INFO - New best model saved with accuracy: 64.68%
2025-10-17 12:53:58,820 - INFO - Epoch 63/200 (lr=0.02)
2025-10-17 12:54:07,780 - INFO - Train Loss: 1.0690, Train Acc: 68.72%, Val Loss: 1.1966, Val Acc: 65.32%
2025-10-17 12:54:07,896 - INFO - New best model saved with accuracy: 65.32%
2025-10-17 12:54:07,897 - INFO - Epoch 64/200 (lr=0.02)
2025-10-17 12:54:17,053 - INFO - Train Loss: 1.0381, Train Acc: 69.64%, Val Loss: 1.1988, Val Acc: 65.40%
2025-10-17 12:54:17,153 - INFO - New best model saved with accuracy: 65.40%
2025-10-17 12:54:17,153 - INFO - Epoch 65/200 (lr=0.02)
2025-10-17 12:54:25,467 - INFO - Train Loss: 1.0123, Train Acc: 70.17%, Val Loss: 1.1851, Val Acc: 65.47%
2025-10-17 12:54:25,565 - INFO - New best model saved with accuracy: 65.47%
2025-10-17 12:54:25,565 - INFO - Epoch 66/200 (lr=0.02)
2025-10-17 12:54:34,236 - INFO - Train Loss: 0.9895, Train Acc: 70.70%, Val Loss: 1.1921, Val Acc: 65.55%
2025-10-17 12:54:34,325 - INFO - New best model saved with accuracy: 65.55%
2025-10-17 12:54:34,325 - INFO - Epoch 67/200 (lr=0.02)
2025-10-17 12:54:43,388 - INFO - Train Loss: 0.9835, Train Acc: 70.79%, Val Loss: 1.2052, Val Acc: 65.40%
2025-10-17 12:54:43,389 - INFO - Epoch 68/200 (lr=0.02)
2025-10-17 12:54:52,413 - INFO - Train Loss: 0.9718, Train Acc: 71.28%, Val Loss: 1.2011, Val Acc: 65.86%
2025-10-17 12:54:52,543 - INFO - New best model saved with accuracy: 65.86%
2025-10-17 12:54:52,543 - INFO - Epoch 69/200 (lr=0.02)
2025-10-17 12:55:00,756 - INFO - Train Loss: 0.9647, Train Acc: 71.30%, Val Loss: 1.2388, Val Acc: 64.21%
2025-10-17 12:55:00,757 - INFO - Epoch 70/200 (lr=0.02)
2025-10-17 12:55:08,985 - INFO - Train Loss: 0.9559, Train Acc: 71.63%, Val Loss: 1.1929, Val Acc: 65.50%
2025-10-17 12:55:08,985 - INFO - Epoch 71/200 (lr=0.02)
2025-10-17 12:55:18,281 - INFO - Train Loss: 0.9475, Train Acc: 71.59%, Val Loss: 1.2324, Val Acc: 64.96%
2025-10-17 12:55:18,282 - INFO - Epoch 72/200 (lr=0.02)
2025-10-17 12:55:27,728 - INFO - Train Loss: 0.9341, Train Acc: 71.96%, Val Loss: 1.2255, Val Acc: 65.60%
2025-10-17 12:55:27,729 - INFO - Epoch 73/200 (lr=0.02)
2025-10-17 12:55:36,483 - INFO - Train Loss: 0.9343, Train Acc: 72.14%, Val Loss: 1.2137, Val Acc: 65.62%
2025-10-17 12:55:36,484 - INFO - Epoch 74/200 (lr=0.02)
2025-10-17 12:55:45,232 - INFO - Train Loss: 0.9349, Train Acc: 72.05%, Val Loss: 1.2341, Val Acc: 64.65%
2025-10-17 12:55:45,233 - INFO - Epoch 75/200 (lr=0.02)
2025-10-17 12:55:53,974 - INFO - Train Loss: 0.9335, Train Acc: 71.99%, Val Loss: 1.2591, Val Acc: 64.71%
2025-10-17 12:55:53,975 - INFO - Epoch 76/200 (lr=0.02)
2025-10-17 12:56:02,963 - INFO - Train Loss: 0.9295, Train Acc: 72.12%, Val Loss: 1.2408, Val Acc: 64.54%
2025-10-17 12:56:02,964 - INFO - Epoch 77/200 (lr=0.02)
2025-10-17 12:56:11,829 - INFO - Train Loss: 0.9254, Train Acc: 72.34%, Val Loss: 1.2433, Val Acc: 64.89%
2025-10-17 12:56:11,829 - INFO - Epoch 78/200 (lr=0.02)
2025-10-17 12:56:20,819 - INFO - Train Loss: 0.9171, Train Acc: 72.39%, Val Loss: 1.2844, Val Acc: 63.47%
2025-10-17 12:56:20,819 - INFO - Epoch 79/200 (lr=0.02)
2025-10-17 12:56:29,914 - INFO - Train Loss: 0.9182, Train Acc: 72.34%, Val Loss: 1.2827, Val Acc: 64.04%
2025-10-17 12:56:29,915 - INFO - Epoch 80/200 (lr=0.02)
2025-10-17 12:56:38,970 - INFO - Train Loss: 0.9181, Train Acc: 72.41%, Val Loss: 1.2699, Val Acc: 64.08%
2025-10-17 12:56:38,970 - INFO - Epoch 81/200 (lr=0.02)
2025-10-17 12:56:47,695 - INFO - Train Loss: 0.9073, Train Acc: 72.60%, Val Loss: 1.3122, Val Acc: 63.45%
2025-10-17 12:56:47,696 - INFO - Epoch 82/200 (lr=0.02)
2025-10-17 12:56:56,455 - INFO - Train Loss: 0.9053, Train Acc: 72.80%, Val Loss: 1.3279, Val Acc: 62.36%
2025-10-17 12:56:56,455 - INFO - Epoch 83/200 (lr=0.02)
2025-10-17 12:57:05,761 - INFO - Train Loss: 0.9100, Train Acc: 72.49%, Val Loss: 1.2758, Val Acc: 64.07%
2025-10-17 12:57:05,762 - INFO - Epoch 84/200 (lr=0.02)
2025-10-17 12:57:14,856 - INFO - Train Loss: 0.8947, Train Acc: 72.92%, Val Loss: 1.3229, Val Acc: 63.03%
2025-10-17 12:57:14,856 - INFO - Epoch 85/200 (lr=0.02)
2025-10-17 12:57:23,646 - INFO - Train Loss: 0.9041, Train Acc: 72.87%, Val Loss: 1.3265, Val Acc: 62.86%
2025-10-17 12:57:23,647 - INFO - Epoch 86/200 (lr=0.02)
2025-10-17 12:57:32,747 - INFO - Train Loss: 0.9011, Train Acc: 72.78%, Val Loss: 1.3372, Val Acc: 63.09%
2025-10-17 12:57:32,748 - INFO - Epoch 87/200 (lr=0.02)
2025-10-17 12:57:41,809 - INFO - Train Loss: 0.8976, Train Acc: 73.01%, Val Loss: 1.2917, Val Acc: 63.80%
2025-10-17 12:57:41,810 - INFO - Epoch 88/200 (lr=0.02)
2025-10-17 12:57:50,786 - INFO - Train Loss: 0.8981, Train Acc: 72.83%, Val Loss: 1.2890, Val Acc: 63.97%
2025-10-17 12:57:50,787 - INFO - Epoch 89/200 (lr=0.02)
2025-10-17 12:57:59,812 - INFO - Train Loss: 0.8946, Train Acc: 73.02%, Val Loss: 1.2975, Val Acc: 63.63%
2025-10-17 12:57:59,813 - INFO - Epoch 90/200 (lr=0.02)
2025-10-17 12:58:08,832 - INFO - Train Loss: 0.8839, Train Acc: 73.54%, Val Loss: 1.3480, Val Acc: 62.94%
2025-10-17 12:58:08,832 - INFO - Epoch 91/200 (lr=0.02)
2025-10-17 12:58:17,812 - INFO - Train Loss: 0.8827, Train Acc: 73.51%, Val Loss: 1.3506, Val Acc: 62.78%
2025-10-17 12:58:17,813 - INFO - Epoch 92/200 (lr=0.02)
2025-10-17 12:58:25,364 - INFO - Train Loss: 0.8883, Train Acc: 73.21%, Val Loss: 1.2599, Val Acc: 65.11%
2025-10-17 12:58:25,365 - INFO - Epoch 93/200 (lr=0.02)
2025-10-17 12:58:33,124 - INFO - Train Loss: 0.8747, Train Acc: 73.69%, Val Loss: 1.3116, Val Acc: 63.65%
2025-10-17 12:58:33,125 - INFO - Epoch 94/200 (lr=0.02)
2025-10-17 12:58:41,551 - INFO - Train Loss: 0.8702, Train Acc: 73.59%, Val Loss: 1.2940, Val Acc: 64.13%
2025-10-17 12:58:41,551 - INFO - Epoch 95/200 (lr=0.02)
2025-10-17 12:58:49,827 - INFO - Train Loss: 0.8595, Train Acc: 74.08%, Val Loss: 1.3160, Val Acc: 63.21%
2025-10-17 12:58:49,828 - INFO - Epoch 96/200 (lr=0.02)
2025-10-17 12:58:58,042 - INFO - Train Loss: 0.8732, Train Acc: 73.63%, Val Loss: 1.3376, Val Acc: 63.17%
2025-10-17 12:58:58,043 - INFO - Epoch 97/200 (lr=0.02)
2025-10-17 12:59:05,996 - INFO - Train Loss: 0.8639, Train Acc: 73.88%, Val Loss: 1.3595, Val Acc: 63.04%
2025-10-17 12:59:05,997 - INFO - Epoch 98/200 (lr=0.02)
2025-10-17 12:59:14,944 - INFO - Train Loss: 0.8615, Train Acc: 73.71%, Val Loss: 1.4055, Val Acc: 61.60%
2025-10-17 12:59:14,945 - INFO - Epoch 99/200 (lr=0.02)
2025-10-17 12:59:24,536 - INFO - Train Loss: 0.8565, Train Acc: 73.98%, Val Loss: 1.3364, Val Acc: 63.36%
2025-10-17 12:59:24,537 - INFO - Epoch 100/200 (lr=0.02)
2025-10-17 12:59:33,706 - INFO - Train Loss: 0.8446, Train Acc: 74.42%, Val Loss: 1.3378, Val Acc: 63.21%
2025-10-17 12:59:33,707 - INFO - Epoch 101/200 (lr=0.02)
2025-10-17 12:59:42,609 - INFO - Train Loss: 0.8478, Train Acc: 74.12%, Val Loss: 1.3072, Val Acc: 64.10%
2025-10-17 12:59:42,609 - INFO - Epoch 102/200 (lr=0.02)
2025-10-17 12:59:51,866 - INFO - Train Loss: 0.8546, Train Acc: 74.05%, Val Loss: 1.3916, Val Acc: 62.17%
2025-10-17 12:59:51,867 - INFO - Epoch 103/200 (lr=0.02)
2025-10-17 12:59:59,766 - INFO - Train Loss: 0.8468, Train Acc: 74.44%, Val Loss: 1.3616, Val Acc: 63.12%
2025-10-17 12:59:59,767 - INFO - Epoch 104/200 (lr=0.02)
2025-10-17 13:00:08,891 - INFO - Train Loss: 0.8332, Train Acc: 74.65%, Val Loss: 1.3724, Val Acc: 62.19%
2025-10-17 13:00:08,891 - INFO - Epoch 105/200 (lr=0.02)
2025-10-17 13:00:17,915 - INFO - Train Loss: 0.8325, Train Acc: 74.61%, Val Loss: 1.3104, Val Acc: 63.86%
2025-10-17 13:00:17,916 - INFO - Epoch 106/200 (lr=0.02)
2025-10-17 13:00:27,078 - INFO - Train Loss: 0.8238, Train Acc: 75.00%, Val Loss: 1.3233, Val Acc: 63.82%
2025-10-17 13:00:27,078 - INFO - Epoch 107/200 (lr=0.02)
2025-10-17 13:00:35,754 - INFO - Train Loss: 0.8166, Train Acc: 75.10%, Val Loss: 1.3619, Val Acc: 63.25%
2025-10-17 13:00:35,755 - INFO - Epoch 108/200 (lr=0.02)
2025-10-17 13:00:44,563 - INFO - Train Loss: 0.8214, Train Acc: 74.82%, Val Loss: 1.3132, Val Acc: 64.32%
2025-10-17 13:00:44,564 - INFO - Epoch 109/200 (lr=0.02)
2025-10-17 13:00:53,423 - INFO - Train Loss: 0.8225, Train Acc: 75.03%, Val Loss: 1.4136, Val Acc: 61.51%
2025-10-17 13:00:53,424 - INFO - Epoch 110/200 (lr=0.02)
2025-10-17 13:01:02,250 - INFO - Train Loss: 0.8196, Train Acc: 74.97%, Val Loss: 1.3848, Val Acc: 62.75%
2025-10-17 13:01:02,250 - INFO - Epoch 111/200 (lr=0.02)
2025-10-17 13:01:11,310 - INFO - Train Loss: 0.8158, Train Acc: 74.94%, Val Loss: 1.3095, Val Acc: 63.92%
2025-10-17 13:01:11,311 - INFO - Epoch 112/200 (lr=0.02)
2025-10-17 13:01:20,192 - INFO - Train Loss: 0.8148, Train Acc: 75.28%, Val Loss: 1.3410, Val Acc: 63.22%
2025-10-17 13:01:20,193 - INFO - Epoch 113/200 (lr=0.02)
2025-10-17 13:01:29,060 - INFO - Train Loss: 0.8121, Train Acc: 75.30%, Val Loss: 1.3788, Val Acc: 62.75%
2025-10-17 13:01:29,061 - INFO - Epoch 114/200 (lr=0.02)
2025-10-17 13:01:38,433 - INFO - Train Loss: 0.8085, Train Acc: 75.41%, Val Loss: 1.3144, Val Acc: 63.59%
2025-10-17 13:01:38,433 - INFO - Epoch 115/200 (lr=0.02)
2025-10-17 13:01:46,882 - INFO - Train Loss: 0.8039, Train Acc: 75.49%, Val Loss: 1.3564, Val Acc: 63.02%
2025-10-17 13:01:46,883 - INFO - Epoch 116/200 (lr=0.02)
2025-10-17 13:01:55,891 - INFO - Train Loss: 0.7935, Train Acc: 75.76%, Val Loss: 1.4035, Val Acc: 62.51%
2025-10-17 13:01:55,891 - INFO - Epoch 117/200 (lr=0.02)
2025-10-17 13:02:04,452 - INFO - Train Loss: 0.7910, Train Acc: 75.77%, Val Loss: 1.3284, Val Acc: 64.48%
2025-10-17 13:02:04,453 - INFO - Epoch 118/200 (lr=0.02)
2025-10-17 13:02:13,262 - INFO - Train Loss: 0.7817, Train Acc: 76.12%, Val Loss: 1.3702, Val Acc: 62.64%
2025-10-17 13:02:13,263 - INFO - Epoch 119/200 (lr=0.02)
2025-10-17 13:02:22,144 - INFO - Train Loss: 0.7818, Train Acc: 76.25%, Val Loss: 1.3733, Val Acc: 63.33%
2025-10-17 13:02:22,145 - INFO - Epoch 120/200 (lr=0.02)
2025-10-17 13:02:30,714 - INFO - Train Loss: 0.7786, Train Acc: 76.27%, Val Loss: 1.4047, Val Acc: 62.25%
2025-10-17 13:02:30,715 - INFO - Epoch 121/200 (lr=0.004)
2025-10-17 13:02:39,679 - INFO - Train Loss: 0.5499, Train Acc: 83.75%, Val Loss: 1.0886, Val Acc: 69.66%
2025-10-17 13:02:39,781 - INFO - New best model saved with accuracy: 69.66%
2025-10-17 13:02:39,782 - INFO - Epoch 122/200 (lr=0.004)
2025-10-17 13:02:47,998 - INFO - Train Loss: 0.4603, Train Acc: 86.28%, Val Loss: 1.1028, Val Acc: 69.53%
2025-10-17 13:02:47,998 - INFO - Epoch 123/200 (lr=0.004)
2025-10-17 13:02:55,962 - INFO - Train Loss: 0.4237, Train Acc: 87.59%, Val Loss: 1.0962, Val Acc: 70.15%
2025-10-17 13:02:56,046 - INFO - New best model saved with accuracy: 70.15%
2025-10-17 13:02:56,046 - INFO - Epoch 124/200 (lr=0.004)
2025-10-17 13:03:04,902 - INFO - Train Loss: 0.4044, Train Acc: 88.21%, Val Loss: 1.1030, Val Acc: 69.74%
2025-10-17 13:03:04,902 - INFO - Epoch 125/200 (lr=0.004)
2025-10-17 13:03:13,768 - INFO - Train Loss: 0.3904, Train Acc: 88.54%, Val Loss: 1.1275, Val Acc: 69.77%
2025-10-17 13:03:13,769 - INFO - Epoch 126/200 (lr=0.004)
2025-10-17 13:03:23,246 - INFO - Train Loss: 0.3723, Train Acc: 89.13%, Val Loss: 1.1220, Val Acc: 69.44%
2025-10-17 13:03:23,247 - INFO - Epoch 127/200 (lr=0.004)
2025-10-17 13:03:31,512 - INFO - Train Loss: 0.3562, Train Acc: 89.63%, Val Loss: 1.1290, Val Acc: 69.63%
2025-10-17 13:03:31,513 - INFO - Epoch 128/200 (lr=0.004)
2025-10-17 13:03:40,248 - INFO - Train Loss: 0.3480, Train Acc: 89.98%, Val Loss: 1.1511, Val Acc: 69.31%
2025-10-17 13:03:40,249 - INFO - Epoch 129/200 (lr=0.004)
2025-10-17 13:03:49,475 - INFO - Train Loss: 0.3349, Train Acc: 90.37%, Val Loss: 1.1573, Val Acc: 69.24%
2025-10-17 13:03:49,475 - INFO - Epoch 130/200 (lr=0.004)
2025-10-17 13:03:58,296 - INFO - Train Loss: 0.3280, Train Acc: 90.57%, Val Loss: 1.1614, Val Acc: 69.01%
2025-10-17 13:03:58,297 - INFO - Epoch 131/200 (lr=0.004)
2025-10-17 13:04:07,085 - INFO - Train Loss: 0.3189, Train Acc: 90.81%, Val Loss: 1.1667, Val Acc: 68.96%
2025-10-17 13:04:07,085 - INFO - Epoch 132/200 (lr=0.004)
2025-10-17 13:04:15,263 - INFO - Train Loss: 0.3147, Train Acc: 90.90%, Val Loss: 1.1857, Val Acc: 68.73%
2025-10-17 13:04:15,263 - INFO - Epoch 133/200 (lr=0.004)
2025-10-17 13:04:23,800 - INFO - Train Loss: 0.3060, Train Acc: 91.16%, Val Loss: 1.1930, Val Acc: 68.59%
2025-10-17 13:04:23,801 - INFO - Epoch 134/200 (lr=0.004)
2025-10-17 13:04:32,184 - INFO - Train Loss: 0.3052, Train Acc: 91.20%, Val Loss: 1.1974, Val Acc: 69.04%
2025-10-17 13:04:32,185 - INFO - Epoch 135/200 (lr=0.004)
2025-10-17 13:04:41,012 - INFO - Train Loss: 0.2924, Train Acc: 91.56%, Val Loss: 1.1868, Val Acc: 68.86%
2025-10-17 13:04:41,013 - INFO - Epoch 136/200 (lr=0.004)
2025-10-17 13:04:50,151 - INFO - Train Loss: 0.2861, Train Acc: 91.85%, Val Loss: 1.1982, Val Acc: 68.86%
2025-10-17 13:04:50,152 - INFO - Epoch 137/200 (lr=0.004)
2025-10-17 13:04:59,111 - INFO - Train Loss: 0.2829, Train Acc: 91.86%, Val Loss: 1.2072, Val Acc: 68.92%
2025-10-17 13:04:59,112 - INFO - Epoch 138/200 (lr=0.004)
2025-10-17 13:05:08,274 - INFO - Train Loss: 0.2742, Train Acc: 92.14%, Val Loss: 1.2147, Val Acc: 68.52%
2025-10-17 13:05:08,274 - INFO - Epoch 139/200 (lr=0.004)
2025-10-17 13:05:17,799 - INFO - Train Loss: 0.2701, Train Acc: 92.31%, Val Loss: 1.2234, Val Acc: 68.60%
2025-10-17 13:05:17,800 - INFO - Epoch 140/200 (lr=0.004)
2025-10-17 13:05:26,869 - INFO - Train Loss: 0.2702, Train Acc: 92.20%, Val Loss: 1.2211, Val Acc: 68.71%
2025-10-17 13:05:26,870 - INFO - Epoch 141/200 (lr=0.004)
2025-10-17 13:05:35,665 - INFO - Train Loss: 0.2624, Train Acc: 92.58%, Val Loss: 1.2361, Val Acc: 68.81%
2025-10-17 13:05:35,666 - INFO - Epoch 142/200 (lr=0.004)
2025-10-17 13:05:44,844 - INFO - Train Loss: 0.2604, Train Acc: 92.61%, Val Loss: 1.2344, Val Acc: 68.30%
2025-10-17 13:05:44,845 - INFO - Epoch 143/200 (lr=0.004)
2025-10-17 13:05:53,648 - INFO - Train Loss: 0.2576, Train Acc: 92.65%, Val Loss: 1.2431, Val Acc: 68.68%
2025-10-17 13:05:53,649 - INFO - Epoch 144/200 (lr=0.004)
2025-10-17 13:06:02,996 - INFO - Train Loss: 0.2573, Train Acc: 92.63%, Val Loss: 1.2467, Val Acc: 68.79%
2025-10-17 13:06:02,997 - INFO - Epoch 145/200 (lr=0.004)
2025-10-17 13:06:12,591 - INFO - Train Loss: 0.2470, Train Acc: 92.91%, Val Loss: 1.2351, Val Acc: 68.60%
2025-10-17 13:06:12,591 - INFO - Epoch 146/200 (lr=0.004)
2025-10-17 13:06:21,706 - INFO - Train Loss: 0.2433, Train Acc: 93.03%, Val Loss: 1.2525, Val Acc: 68.30%
2025-10-17 13:06:21,707 - INFO - Epoch 147/200 (lr=0.004)
2025-10-17 13:06:31,099 - INFO - Train Loss: 0.2419, Train Acc: 93.00%, Val Loss: 1.2675, Val Acc: 68.04%
2025-10-17 13:06:31,099 - INFO - Epoch 148/200 (lr=0.004)
2025-10-17 13:06:40,100 - INFO - Train Loss: 0.2407, Train Acc: 93.04%, Val Loss: 1.2652, Val Acc: 68.29%
2025-10-17 13:06:40,100 - INFO - Epoch 149/200 (lr=0.004)
2025-10-17 13:06:48,525 - INFO - Train Loss: 0.2348, Train Acc: 93.24%, Val Loss: 1.2815, Val Acc: 68.31%
2025-10-17 13:06:48,526 - INFO - Epoch 150/200 (lr=0.004)
2025-10-17 13:06:57,275 - INFO - Train Loss: 0.2354, Train Acc: 93.39%, Val Loss: 1.2702, Val Acc: 68.54%
2025-10-17 13:06:57,276 - INFO - Epoch 151/200 (lr=0.004)
2025-10-17 13:07:06,559 - INFO - Train Loss: 0.2330, Train Acc: 93.39%, Val Loss: 1.2959, Val Acc: 67.94%
2025-10-17 13:07:06,560 - INFO - Epoch 152/200 (lr=0.004)
2025-10-17 13:07:15,935 - INFO - Train Loss: 0.2290, Train Acc: 93.58%, Val Loss: 1.2803, Val Acc: 68.41%
2025-10-17 13:07:15,935 - INFO - Epoch 153/200 (lr=0.004)
2025-10-17 13:07:24,472 - INFO - Train Loss: 0.2297, Train Acc: 93.30%, Val Loss: 1.3048, Val Acc: 67.72%
2025-10-17 13:07:24,473 - INFO - Epoch 154/200 (lr=0.004)
2025-10-17 13:07:33,141 - INFO - Train Loss: 0.2272, Train Acc: 93.57%, Val Loss: 1.2971, Val Acc: 68.05%
2025-10-17 13:07:33,142 - INFO - Epoch 155/200 (lr=0.004)
2025-10-17 13:07:41,931 - INFO - Train Loss: 0.2224, Train Acc: 93.73%, Val Loss: 1.2913, Val Acc: 68.48%
2025-10-17 13:07:41,931 - INFO - Epoch 156/200 (lr=0.004)
2025-10-17 13:07:51,271 - INFO - Train Loss: 0.2161, Train Acc: 93.80%, Val Loss: 1.3092, Val Acc: 68.14%
2025-10-17 13:07:51,271 - INFO - Epoch 157/200 (lr=0.004)
2025-10-17 13:07:59,969 - INFO - Train Loss: 0.2195, Train Acc: 93.83%, Val Loss: 1.3292, Val Acc: 68.09%
2025-10-17 13:07:59,970 - INFO - Epoch 158/200 (lr=0.004)
2025-10-17 13:08:08,804 - INFO - Train Loss: 0.2173, Train Acc: 93.86%, Val Loss: 1.3151, Val Acc: 67.88%
2025-10-17 13:08:08,804 - INFO - Epoch 159/200 (lr=0.004)
2025-10-17 13:08:17,569 - INFO - Train Loss: 0.2156, Train Acc: 94.01%, Val Loss: 1.3170, Val Acc: 67.83%
2025-10-17 13:08:17,570 - INFO - Epoch 160/200 (lr=0.004)
2025-10-17 13:08:26,105 - INFO - Train Loss: 0.2145, Train Acc: 93.79%, Val Loss: 1.3062, Val Acc: 67.88%
2025-10-17 13:08:26,105 - INFO - Epoch 161/200 (lr=0.0008)
2025-10-17 13:08:34,869 - INFO - Train Loss: 0.1674, Train Acc: 95.63%, Val Loss: 1.2572, Val Acc: 68.90%
2025-10-17 13:08:34,870 - INFO - Epoch 162/200 (lr=0.0008)
2025-10-17 13:08:43,770 - INFO - Train Loss: 0.1488, Train Acc: 96.35%, Val Loss: 1.2576, Val Acc: 69.13%
2025-10-17 13:08:43,770 - INFO - Epoch 163/200 (lr=0.0008)
2025-10-17 13:08:52,589 - INFO - Train Loss: 0.1472, Train Acc: 96.43%, Val Loss: 1.2549, Val Acc: 69.27%
2025-10-17 13:08:52,589 - INFO - Epoch 164/200 (lr=0.0008)
2025-10-17 13:09:01,427 - INFO - Train Loss: 0.1410, Train Acc: 96.65%, Val Loss: 1.2664, Val Acc: 69.21%
2025-10-17 13:09:01,428 - INFO - Epoch 165/200 (lr=0.0008)
2025-10-17 13:09:10,179 - INFO - Train Loss: 0.1366, Train Acc: 96.80%, Val Loss: 1.2709, Val Acc: 69.08%
2025-10-17 13:09:10,180 - INFO - Epoch 166/200 (lr=0.0008)
2025-10-17 13:09:19,242 - INFO - Train Loss: 0.1344, Train Acc: 96.82%, Val Loss: 1.2692, Val Acc: 69.12%
2025-10-17 13:09:19,242 - INFO - Epoch 167/200 (lr=0.0008)
2025-10-17 13:09:28,467 - INFO - Train Loss: 0.1311, Train Acc: 96.96%, Val Loss: 1.2815, Val Acc: 68.93%
2025-10-17 13:09:28,468 - INFO - Epoch 168/200 (lr=0.0008)
2025-10-17 13:09:37,767 - INFO - Train Loss: 0.1270, Train Acc: 97.01%, Val Loss: 1.2768, Val Acc: 69.25%
2025-10-17 13:09:37,768 - INFO - Epoch 169/200 (lr=0.0008)
2025-10-17 13:09:46,889 - INFO - Train Loss: 0.1260, Train Acc: 97.11%, Val Loss: 1.2811, Val Acc: 69.06%
2025-10-17 13:09:46,889 - INFO - Epoch 170/200 (lr=0.0008)
2025-10-17 13:09:55,703 - INFO - Train Loss: 0.1234, Train Acc: 97.22%, Val Loss: 1.2829, Val Acc: 68.97%
2025-10-17 13:09:55,703 - INFO - Epoch 171/200 (lr=0.0008)
2025-10-17 13:10:04,342 - INFO - Train Loss: 0.1236, Train Acc: 97.19%, Val Loss: 1.2785, Val Acc: 68.91%
2025-10-17 13:10:04,342 - INFO - Epoch 172/200 (lr=0.0008)
2025-10-17 13:10:13,625 - INFO - Train Loss: 0.1237, Train Acc: 97.25%, Val Loss: 1.2853, Val Acc: 69.12%
2025-10-17 13:10:13,625 - INFO - Epoch 173/200 (lr=0.0008)
2025-10-17 13:10:22,415 - INFO - Train Loss: 0.1211, Train Acc: 97.27%, Val Loss: 1.2901, Val Acc: 69.06%
2025-10-17 13:10:22,416 - INFO - Epoch 174/200 (lr=0.0008)
2025-10-17 13:10:31,389 - INFO - Train Loss: 0.1215, Train Acc: 97.28%, Val Loss: 1.2843, Val Acc: 69.04%
2025-10-17 13:10:31,390 - INFO - Epoch 175/200 (lr=0.0008)
2025-10-17 13:10:40,396 - INFO - Train Loss: 0.1165, Train Acc: 97.39%, Val Loss: 1.2916, Val Acc: 69.00%
2025-10-17 13:10:40,397 - INFO - Epoch 176/200 (lr=0.0008)
2025-10-17 13:10:49,113 - INFO - Train Loss: 0.1178, Train Acc: 97.36%, Val Loss: 1.2890, Val Acc: 68.92%
2025-10-17 13:10:49,113 - INFO - Epoch 177/200 (lr=0.0008)
2025-10-17 13:10:57,977 - INFO - Train Loss: 0.1154, Train Acc: 97.44%, Val Loss: 1.2942, Val Acc: 69.41%
2025-10-17 13:10:57,978 - INFO - Epoch 178/200 (lr=0.0008)
2025-10-17 13:11:06,965 - INFO - Train Loss: 0.1168, Train Acc: 97.34%, Val Loss: 1.2906, Val Acc: 69.17%
2025-10-17 13:11:06,966 - INFO - Epoch 179/200 (lr=0.0008)
2025-10-17 13:11:15,795 - INFO - Train Loss: 0.1152, Train Acc: 97.34%, Val Loss: 1.2973, Val Acc: 69.22%
2025-10-17 13:11:15,796 - INFO - Epoch 180/200 (lr=0.0008)
2025-10-17 13:11:25,410 - INFO - Train Loss: 0.1127, Train Acc: 97.53%, Val Loss: 1.2999, Val Acc: 69.16%
2025-10-17 13:11:25,411 - INFO - Epoch 181/200 (lr=0.0008)
2025-10-17 13:11:34,323 - INFO - Train Loss: 0.1121, Train Acc: 97.46%, Val Loss: 1.2994, Val Acc: 69.07%
2025-10-17 13:11:34,323 - INFO - Epoch 182/200 (lr=0.0008)
2025-10-17 13:11:43,444 - INFO - Train Loss: 0.1131, Train Acc: 97.51%, Val Loss: 1.2986, Val Acc: 68.85%
2025-10-17 13:11:43,444 - INFO - Epoch 183/200 (lr=0.0008)
2025-10-17 13:11:52,773 - INFO - Train Loss: 0.1120, Train Acc: 97.46%, Val Loss: 1.3041, Val Acc: 68.96%
2025-10-17 13:11:52,773 - INFO - Epoch 184/200 (lr=0.0008)
2025-10-17 13:12:01,843 - INFO - Train Loss: 0.1101, Train Acc: 97.51%, Val Loss: 1.3054, Val Acc: 69.03%
2025-10-17 13:12:01,843 - INFO - Epoch 185/200 (lr=0.0008)
2025-10-17 13:12:10,534 - INFO - Train Loss: 0.1094, Train Acc: 97.66%, Val Loss: 1.3034, Val Acc: 69.14%
2025-10-17 13:12:10,534 - INFO - Epoch 186/200 (lr=0.0008)
2025-10-17 13:12:18,546 - INFO - Train Loss: 0.1073, Train Acc: 97.63%, Val Loss: 1.2999, Val Acc: 69.00%
2025-10-17 13:12:18,546 - INFO - Epoch 187/200 (lr=0.0008)
2025-10-17 13:12:27,210 - INFO - Train Loss: 0.1078, Train Acc: 97.68%, Val Loss: 1.3073, Val Acc: 68.98%
2025-10-17 13:12:27,211 - INFO - Epoch 188/200 (lr=0.0008)
2025-10-17 13:12:35,880 - INFO - Train Loss: 0.1060, Train Acc: 97.71%, Val Loss: 1.3060, Val Acc: 69.00%
2025-10-17 13:12:35,880 - INFO - Epoch 189/200 (lr=0.0008)
2025-10-17 13:12:44,786 - INFO - Train Loss: 0.1059, Train Acc: 97.71%, Val Loss: 1.3057, Val Acc: 68.99%
2025-10-17 13:12:44,787 - INFO - Epoch 190/200 (lr=0.0008)
2025-10-17 13:12:53,778 - INFO - Train Loss: 0.1066, Train Acc: 97.69%, Val Loss: 1.3090, Val Acc: 69.05%
2025-10-17 13:12:53,779 - INFO - Epoch 191/200 (lr=0.0008)
2025-10-17 13:13:02,595 - INFO - Train Loss: 0.1068, Train Acc: 97.67%, Val Loss: 1.3045, Val Acc: 68.83%
2025-10-17 13:13:02,596 - INFO - Epoch 192/200 (lr=0.0008)
2025-10-17 13:13:11,707 - INFO - Train Loss: 0.1061, Train Acc: 97.64%, Val Loss: 1.3110, Val Acc: 68.96%
2025-10-17 13:13:11,707 - INFO - Epoch 193/200 (lr=0.0008)
2025-10-17 13:13:21,037 - INFO - Train Loss: 0.1034, Train Acc: 97.77%, Val Loss: 1.3080, Val Acc: 69.00%
2025-10-17 13:13:21,038 - INFO - Epoch 194/200 (lr=0.0008)
2025-10-17 13:13:30,547 - INFO - Train Loss: 0.1021, Train Acc: 97.84%, Val Loss: 1.3119, Val Acc: 69.13%
2025-10-17 13:13:30,548 - INFO - Epoch 195/200 (lr=0.0008)
2025-10-17 13:13:38,960 - INFO - Train Loss: 0.1032, Train Acc: 97.79%, Val Loss: 1.3146, Val Acc: 69.10%
2025-10-17 13:13:38,961 - INFO - Epoch 196/200 (lr=0.0008)
2025-10-17 13:13:46,551 - INFO - Train Loss: 0.1021, Train Acc: 97.78%, Val Loss: 1.3123, Val Acc: 69.00%
2025-10-17 13:13:46,552 - INFO - Epoch 197/200 (lr=0.0008)
2025-10-17 13:13:55,571 - INFO - Train Loss: 0.1001, Train Acc: 97.83%, Val Loss: 1.3156, Val Acc: 69.03%
2025-10-17 13:13:55,571 - INFO - Epoch 198/200 (lr=0.0008)
2025-10-17 13:14:04,188 - INFO - Train Loss: 0.1004, Train Acc: 97.82%, Val Loss: 1.3170, Val Acc: 68.96%
2025-10-17 13:14:04,188 - INFO - Epoch 199/200 (lr=0.0008)
2025-10-17 13:14:12,866 - INFO - Train Loss: 0.0990, Train Acc: 97.92%, Val Loss: 1.3236, Val Acc: 69.03%
2025-10-17 13:14:12,867 - INFO - Epoch 200/200 (lr=0.0008)
2025-10-17 13:14:21,887 - INFO - Train Loss: 0.0994, Train Acc: 97.89%, Val Loss: 1.3139, Val Acc: 69.11%
2025-10-17 13:14:21,889 - INFO - Training completed. Best validation accuracy: 70.15%
