2025-10-17 12:44:21,150 - INFO - Starting CNN training script
2025-10-17 12:44:21,150 - INFO - Arguments: {'model': 'xception', 'dataset': 'cifar100', 'data_dir': './data', 'batch_size': 256, 'num_workers': 8, 'epochs': 200, 'lr': 0.1, 'lr_schedule': '60:0.1,60:0.02,40:0.004,40:0.0008', 'warm': 1, 'output_dir': './experiments/xception_cifar100_20251017_124421'}
2025-10-17 12:44:21,237 - INFO - Using device: cuda
2025-10-17 12:44:21,237 - INFO - Dataset: cifar100, Input channels: 3, Classes: 100
2025-10-17 12:44:23,590 - INFO - Using model: xception
2025-10-17 12:44:23,592 - INFO - Learning rate schedule: [(60, 0.1), (60, 0.02), (40, 0.004), (40, 0.0008)]
2025-10-17 12:44:23,609 - INFO - Using TensorBoard for visualization
2025-10-17 12:44:23,609 - INFO - Starting training for 200 epochs
2025-10-17 12:44:23,609 - INFO - Epoch 1/200 (lr=0.1)
2025-10-17 12:44:44,546 - INFO - Train Loss: 3.9789, Train Acc: 9.18%, Val Loss: 3.5947, Val Acc: 14.95%
2025-10-17 12:44:44,693 - INFO - New best model saved with accuracy: 14.95%
2025-10-17 12:44:44,693 - INFO - Epoch 2/200 (lr=0.1)
2025-10-17 12:45:05,328 - INFO - Train Loss: 3.1099, Train Acc: 22.32%, Val Loss: 2.9927, Val Acc: 25.98%
2025-10-17 12:45:06,109 - INFO - New best model saved with accuracy: 25.98%
2025-10-17 12:45:06,110 - INFO - Epoch 3/200 (lr=0.1)
2025-10-17 12:45:26,727 - INFO - Train Loss: 2.5311, Train Acc: 33.56%, Val Loss: 2.3803, Val Acc: 36.04%
2025-10-17 12:45:27,455 - INFO - New best model saved with accuracy: 36.04%
2025-10-17 12:45:27,455 - INFO - Epoch 4/200 (lr=0.1)
2025-10-17 12:45:48,100 - INFO - Train Loss: 2.1912, Train Acc: 40.97%, Val Loss: 2.4446, Val Acc: 38.24%
2025-10-17 12:45:48,918 - INFO - New best model saved with accuracy: 38.24%
2025-10-17 12:45:48,919 - INFO - Epoch 5/200 (lr=0.1)
2025-10-17 12:46:09,808 - INFO - Train Loss: 1.9578, Train Acc: 46.26%, Val Loss: 2.1425, Val Acc: 45.21%
2025-10-17 12:46:10,514 - INFO - New best model saved with accuracy: 45.21%
2025-10-17 12:46:10,514 - INFO - Epoch 6/200 (lr=0.1)
2025-10-17 12:46:31,489 - INFO - Train Loss: 1.8009, Train Acc: 50.00%, Val Loss: 1.9922, Val Acc: 47.16%
2025-10-17 12:46:32,333 - INFO - New best model saved with accuracy: 47.16%
2025-10-17 12:46:32,334 - INFO - Epoch 7/200 (lr=0.1)
2025-10-17 12:46:53,187 - INFO - Train Loss: 1.6655, Train Acc: 53.41%, Val Loss: 1.8791, Val Acc: 49.24%
2025-10-17 12:46:53,972 - INFO - New best model saved with accuracy: 49.24%
2025-10-17 12:46:53,972 - INFO - Epoch 8/200 (lr=0.1)
2025-10-17 12:47:14,903 - INFO - Train Loss: 1.5553, Train Acc: 56.36%, Val Loss: 1.7909, Val Acc: 51.80%
2025-10-17 12:47:15,546 - INFO - New best model saved with accuracy: 51.80%
2025-10-17 12:47:15,546 - INFO - Epoch 9/200 (lr=0.1)
2025-10-17 12:47:36,375 - INFO - Train Loss: 1.4760, Train Acc: 57.87%, Val Loss: 1.7706, Val Acc: 52.15%
2025-10-17 12:47:37,028 - INFO - New best model saved with accuracy: 52.15%
2025-10-17 12:47:37,028 - INFO - Epoch 10/200 (lr=0.1)
2025-10-17 12:47:57,983 - INFO - Train Loss: 1.4016, Train Acc: 59.93%, Val Loss: 1.7462, Val Acc: 53.03%
2025-10-17 12:47:58,615 - INFO - New best model saved with accuracy: 53.03%
2025-10-17 12:47:58,616 - INFO - Epoch 11/200 (lr=0.1)
2025-10-17 12:48:19,596 - INFO - Train Loss: 1.3413, Train Acc: 61.77%, Val Loss: 1.6576, Val Acc: 55.45%
2025-10-17 12:48:20,251 - INFO - New best model saved with accuracy: 55.45%
2025-10-17 12:48:20,251 - INFO - Epoch 12/200 (lr=0.1)
2025-10-17 12:48:41,060 - INFO - Train Loss: 1.3016, Train Acc: 62.83%, Val Loss: 1.7109, Val Acc: 54.38%
2025-10-17 12:48:41,060 - INFO - Epoch 13/200 (lr=0.1)
2025-10-17 12:49:02,115 - INFO - Train Loss: 1.2671, Train Acc: 63.56%, Val Loss: 1.5912, Val Acc: 55.93%
2025-10-17 12:49:02,908 - INFO - New best model saved with accuracy: 55.93%
2025-10-17 12:49:02,908 - INFO - Epoch 14/200 (lr=0.1)
2025-10-17 12:49:24,327 - INFO - Train Loss: 1.2218, Train Acc: 64.53%, Val Loss: 1.6228, Val Acc: 55.96%
2025-10-17 12:49:25,207 - INFO - New best model saved with accuracy: 55.96%
2025-10-17 12:49:25,207 - INFO - Epoch 15/200 (lr=0.1)
2025-10-17 12:49:46,123 - INFO - Train Loss: 1.1915, Train Acc: 65.30%, Val Loss: 1.5447, Val Acc: 58.19%
2025-10-17 12:49:46,811 - INFO - New best model saved with accuracy: 58.19%
2025-10-17 12:49:46,811 - INFO - Epoch 16/200 (lr=0.1)
2025-10-17 12:50:07,780 - INFO - Train Loss: 1.1582, Train Acc: 66.36%, Val Loss: 1.7176, Val Acc: 55.12%
2025-10-17 12:50:07,781 - INFO - Epoch 17/200 (lr=0.1)
2025-10-17 12:50:28,782 - INFO - Train Loss: 1.1423, Train Acc: 66.64%, Val Loss: 1.6037, Val Acc: 57.02%
2025-10-17 12:50:28,783 - INFO - Epoch 18/200 (lr=0.1)
2025-10-17 12:50:49,855 - INFO - Train Loss: 1.1200, Train Acc: 67.37%, Val Loss: 1.6978, Val Acc: 56.56%
2025-10-17 12:50:49,855 - INFO - Epoch 19/200 (lr=0.1)
2025-10-17 12:51:10,989 - INFO - Train Loss: 1.0986, Train Acc: 67.65%, Val Loss: 1.6800, Val Acc: 55.77%
2025-10-17 12:51:10,990 - INFO - Epoch 20/200 (lr=0.1)
2025-10-17 12:51:32,109 - INFO - Train Loss: 1.0665, Train Acc: 68.83%, Val Loss: 1.5869, Val Acc: 57.64%
2025-10-17 12:51:32,110 - INFO - Epoch 21/200 (lr=0.1)
2025-10-17 12:51:53,303 - INFO - Train Loss: 1.0477, Train Acc: 69.33%, Val Loss: 1.7090, Val Acc: 55.73%
2025-10-17 12:51:53,304 - INFO - Epoch 22/200 (lr=0.1)
2025-10-17 12:52:14,247 - INFO - Train Loss: 1.0296, Train Acc: 69.53%, Val Loss: 1.4233, Val Acc: 60.88%
2025-10-17 12:52:15,078 - INFO - New best model saved with accuracy: 60.88%
2025-10-17 12:52:15,078 - INFO - Epoch 23/200 (lr=0.1)
2025-10-17 12:52:36,103 - INFO - Train Loss: 1.0152, Train Acc: 70.10%, Val Loss: 1.4941, Val Acc: 60.25%
2025-10-17 12:52:36,103 - INFO - Epoch 24/200 (lr=0.1)
2025-10-17 12:52:57,113 - INFO - Train Loss: 1.0006, Train Acc: 70.45%, Val Loss: 1.4576, Val Acc: 60.66%
2025-10-17 12:52:57,113 - INFO - Epoch 25/200 (lr=0.1)
2025-10-17 12:53:18,159 - INFO - Train Loss: 0.9752, Train Acc: 71.15%, Val Loss: 1.5967, Val Acc: 57.65%
2025-10-17 12:53:18,160 - INFO - Epoch 26/200 (lr=0.1)
2025-10-17 12:53:39,155 - INFO - Train Loss: 0.9680, Train Acc: 71.37%, Val Loss: 1.8302, Val Acc: 54.75%
2025-10-17 12:53:39,155 - INFO - Epoch 27/200 (lr=0.1)
2025-10-17 12:54:00,130 - INFO - Train Loss: 0.9444, Train Acc: 71.88%, Val Loss: 1.4910, Val Acc: 60.60%
2025-10-17 12:54:00,130 - INFO - Epoch 28/200 (lr=0.1)
2025-10-17 12:54:21,060 - INFO - Train Loss: 0.9330, Train Acc: 72.37%, Val Loss: 1.4151, Val Acc: 62.03%
2025-10-17 12:54:21,919 - INFO - New best model saved with accuracy: 62.03%
2025-10-17 12:54:21,920 - INFO - Epoch 29/200 (lr=0.1)
2025-10-17 12:54:42,953 - INFO - Train Loss: 0.9182, Train Acc: 72.53%, Val Loss: 1.5668, Val Acc: 59.48%
2025-10-17 12:54:42,954 - INFO - Epoch 30/200 (lr=0.1)
2025-10-17 12:55:03,987 - INFO - Train Loss: 0.8950, Train Acc: 73.48%, Val Loss: 1.4647, Val Acc: 60.78%
2025-10-17 12:55:03,988 - INFO - Epoch 31/200 (lr=0.1)
2025-10-17 12:55:25,004 - INFO - Train Loss: 0.8857, Train Acc: 73.48%, Val Loss: 1.4345, Val Acc: 61.35%
2025-10-17 12:55:25,004 - INFO - Epoch 32/200 (lr=0.1)
2025-10-17 12:55:46,082 - INFO - Train Loss: 0.8735, Train Acc: 73.96%, Val Loss: 1.5020, Val Acc: 61.16%
2025-10-17 12:55:46,083 - INFO - Epoch 33/200 (lr=0.1)
2025-10-17 12:56:07,074 - INFO - Train Loss: 0.8741, Train Acc: 74.06%, Val Loss: 1.6346, Val Acc: 58.67%
2025-10-17 12:56:07,075 - INFO - Epoch 34/200 (lr=0.1)
2025-10-17 12:56:28,024 - INFO - Train Loss: 0.8452, Train Acc: 74.54%, Val Loss: 1.6314, Val Acc: 57.91%
2025-10-17 12:56:28,024 - INFO - Epoch 35/200 (lr=0.1)
2025-10-17 12:56:48,903 - INFO - Train Loss: 0.8293, Train Acc: 75.14%, Val Loss: 1.5198, Val Acc: 60.16%
2025-10-17 12:56:48,903 - INFO - Epoch 36/200 (lr=0.1)
2025-10-17 12:57:09,865 - INFO - Train Loss: 0.8249, Train Acc: 75.24%, Val Loss: 1.5087, Val Acc: 60.57%
2025-10-17 12:57:09,866 - INFO - Epoch 37/200 (lr=0.1)
2025-10-17 12:57:30,861 - INFO - Train Loss: 0.8178, Train Acc: 75.40%, Val Loss: 1.6183, Val Acc: 58.86%
2025-10-17 12:57:30,861 - INFO - Epoch 38/200 (lr=0.1)
2025-10-17 12:57:51,818 - INFO - Train Loss: 0.8108, Train Acc: 75.69%, Val Loss: 1.6458, Val Acc: 57.99%
2025-10-17 12:57:51,818 - INFO - Epoch 39/200 (lr=0.1)
2025-10-17 12:58:12,806 - INFO - Train Loss: 0.7929, Train Acc: 75.98%, Val Loss: 1.8293, Val Acc: 56.71%
2025-10-17 12:58:12,806 - INFO - Epoch 40/200 (lr=0.1)
2025-10-17 12:58:33,897 - INFO - Train Loss: 0.7843, Train Acc: 76.36%, Val Loss: 1.4854, Val Acc: 61.15%
2025-10-17 12:58:33,898 - INFO - Epoch 41/200 (lr=0.1)
2025-10-17 12:58:54,915 - INFO - Train Loss: 0.7716, Train Acc: 76.66%, Val Loss: 1.5338, Val Acc: 59.84%
2025-10-17 12:58:54,916 - INFO - Epoch 42/200 (lr=0.1)
2025-10-17 12:59:15,821 - INFO - Train Loss: 0.7659, Train Acc: 76.99%, Val Loss: 1.5073, Val Acc: 61.05%
2025-10-17 12:59:15,822 - INFO - Epoch 43/200 (lr=0.1)
2025-10-17 12:59:36,831 - INFO - Train Loss: 0.7448, Train Acc: 77.58%, Val Loss: 1.4596, Val Acc: 62.22%
2025-10-17 12:59:37,612 - INFO - New best model saved with accuracy: 62.22%
2025-10-17 12:59:37,612 - INFO - Epoch 44/200 (lr=0.1)
2025-10-17 12:59:58,505 - INFO - Train Loss: 0.7569, Train Acc: 77.18%, Val Loss: 1.6521, Val Acc: 58.61%
2025-10-17 12:59:58,506 - INFO - Epoch 45/200 (lr=0.1)
2025-10-17 13:00:19,494 - INFO - Train Loss: 0.7372, Train Acc: 77.74%, Val Loss: 1.4785, Val Acc: 61.98%
2025-10-17 13:00:19,495 - INFO - Epoch 46/200 (lr=0.1)
2025-10-17 13:00:40,466 - INFO - Train Loss: 0.7401, Train Acc: 77.70%, Val Loss: 1.5836, Val Acc: 59.54%
2025-10-17 13:00:40,467 - INFO - Epoch 47/200 (lr=0.1)
2025-10-17 13:01:01,377 - INFO - Train Loss: 0.7164, Train Acc: 78.26%, Val Loss: 1.4525, Val Acc: 61.40%
2025-10-17 13:01:01,378 - INFO - Epoch 48/200 (lr=0.1)
2025-10-17 13:01:22,473 - INFO - Train Loss: 0.7132, Train Acc: 78.39%, Val Loss: 1.4148, Val Acc: 63.11%
2025-10-17 13:01:23,239 - INFO - New best model saved with accuracy: 63.11%
2025-10-17 13:01:23,239 - INFO - Epoch 49/200 (lr=0.1)
2025-10-17 13:01:44,180 - INFO - Train Loss: 0.7172, Train Acc: 78.12%, Val Loss: 1.8776, Val Acc: 55.80%
2025-10-17 13:01:44,180 - INFO - Epoch 50/200 (lr=0.1)
2025-10-17 13:02:05,209 - INFO - Train Loss: 0.7178, Train Acc: 78.23%, Val Loss: 1.6101, Val Acc: 60.03%
2025-10-17 13:02:05,210 - INFO - Epoch 51/200 (lr=0.1)
2025-10-17 13:02:26,226 - INFO - Train Loss: 0.6954, Train Acc: 79.00%, Val Loss: 1.4065, Val Acc: 63.02%
2025-10-17 13:02:26,227 - INFO - Epoch 52/200 (lr=0.1)
2025-10-17 13:02:47,156 - INFO - Train Loss: 0.6900, Train Acc: 78.97%, Val Loss: 1.6762, Val Acc: 60.35%
2025-10-17 13:02:47,157 - INFO - Epoch 53/200 (lr=0.1)
2025-10-17 13:03:08,132 - INFO - Train Loss: 0.6838, Train Acc: 79.30%, Val Loss: 1.4348, Val Acc: 62.82%
2025-10-17 13:03:08,133 - INFO - Epoch 54/200 (lr=0.1)
2025-10-17 13:03:29,151 - INFO - Train Loss: 0.6823, Train Acc: 79.12%, Val Loss: 1.5231, Val Acc: 61.72%
2025-10-17 13:03:29,152 - INFO - Epoch 55/200 (lr=0.1)
2025-10-17 13:03:50,274 - INFO - Train Loss: 0.6759, Train Acc: 79.40%, Val Loss: 1.6694, Val Acc: 60.07%
2025-10-17 13:03:50,274 - INFO - Epoch 56/200 (lr=0.1)
2025-10-17 13:04:11,220 - INFO - Train Loss: 0.6632, Train Acc: 79.72%, Val Loss: 1.5744, Val Acc: 61.82%
2025-10-17 13:04:11,221 - INFO - Epoch 57/200 (lr=0.1)
2025-10-17 13:04:32,310 - INFO - Train Loss: 0.6697, Train Acc: 79.69%, Val Loss: 1.6890, Val Acc: 58.91%
2025-10-17 13:04:32,310 - INFO - Epoch 58/200 (lr=0.1)
2025-10-17 13:04:53,250 - INFO - Train Loss: 0.6542, Train Acc: 80.00%, Val Loss: 1.6301, Val Acc: 60.26%
2025-10-17 13:04:53,251 - INFO - Epoch 59/200 (lr=0.1)
2025-10-17 13:05:14,184 - INFO - Train Loss: 0.6592, Train Acc: 79.82%, Val Loss: 1.5921, Val Acc: 60.58%
2025-10-17 13:05:14,184 - INFO - Epoch 60/200 (lr=0.1)
2025-10-17 13:05:35,205 - INFO - Train Loss: 0.6614, Train Acc: 79.80%, Val Loss: 1.6270, Val Acc: 60.80%
2025-10-17 13:05:35,205 - INFO - Epoch 61/200 (lr=0.02)
2025-10-17 13:05:56,088 - INFO - Train Loss: 0.2966, Train Acc: 91.53%, Val Loss: 0.8889, Val Acc: 75.03%
2025-10-17 13:05:57,021 - INFO - New best model saved with accuracy: 75.03%
2025-10-17 13:05:57,022 - INFO - Epoch 62/200 (lr=0.02)
2025-10-17 13:06:17,912 - INFO - Train Loss: 0.1644, Train Acc: 95.84%, Val Loss: 0.8919, Val Acc: 75.62%
2025-10-17 13:06:18,611 - INFO - New best model saved with accuracy: 75.62%
2025-10-17 13:06:18,611 - INFO - Epoch 63/200 (lr=0.02)
2025-10-17 13:06:39,551 - INFO - Train Loss: 0.1265, Train Acc: 97.11%, Val Loss: 0.8882, Val Acc: 75.83%
2025-10-17 13:06:40,141 - INFO - New best model saved with accuracy: 75.83%
2025-10-17 13:06:40,141 - INFO - Epoch 64/200 (lr=0.02)
2025-10-17 13:07:01,052 - INFO - Train Loss: 0.1017, Train Acc: 97.85%, Val Loss: 0.8879, Val Acc: 75.81%
2025-10-17 13:07:01,053 - INFO - Epoch 65/200 (lr=0.02)
2025-10-17 13:07:22,088 - INFO - Train Loss: 0.0890, Train Acc: 98.19%, Val Loss: 0.8766, Val Acc: 76.09%
2025-10-17 13:07:22,744 - INFO - New best model saved with accuracy: 76.09%
2025-10-17 13:07:22,744 - INFO - Epoch 66/200 (lr=0.02)
2025-10-17 13:07:43,718 - INFO - Train Loss: 0.0764, Train Acc: 98.60%, Val Loss: 0.8886, Val Acc: 75.93%
2025-10-17 13:07:43,718 - INFO - Epoch 67/200 (lr=0.02)
2025-10-17 13:08:04,729 - INFO - Train Loss: 0.0678, Train Acc: 98.87%, Val Loss: 0.8847, Val Acc: 75.90%
2025-10-17 13:08:04,730 - INFO - Epoch 68/200 (lr=0.02)
2025-10-17 13:08:25,574 - INFO - Train Loss: 0.0621, Train Acc: 98.97%, Val Loss: 0.8899, Val Acc: 76.47%
2025-10-17 13:08:26,333 - INFO - New best model saved with accuracy: 76.47%
2025-10-17 13:08:26,334 - INFO - Epoch 69/200 (lr=0.02)
2025-10-17 13:08:47,178 - INFO - Train Loss: 0.0569, Train Acc: 99.13%, Val Loss: 0.8980, Val Acc: 76.17%
2025-10-17 13:08:47,179 - INFO - Epoch 70/200 (lr=0.02)
2025-10-17 13:09:08,025 - INFO - Train Loss: 0.0531, Train Acc: 99.22%, Val Loss: 0.8879, Val Acc: 76.30%
2025-10-17 13:09:08,026 - INFO - Epoch 71/200 (lr=0.02)
2025-10-17 13:09:28,933 - INFO - Train Loss: 0.0484, Train Acc: 99.33%, Val Loss: 0.8875, Val Acc: 76.17%
2025-10-17 13:09:28,934 - INFO - Epoch 72/200 (lr=0.02)
2025-10-17 13:09:49,868 - INFO - Train Loss: 0.0466, Train Acc: 99.38%, Val Loss: 0.8949, Val Acc: 76.40%
2025-10-17 13:09:49,869 - INFO - Epoch 73/200 (lr=0.02)
2025-10-17 13:10:10,839 - INFO - Train Loss: 0.0453, Train Acc: 99.39%, Val Loss: 0.8835, Val Acc: 76.37%
2025-10-17 13:10:10,840 - INFO - Epoch 74/200 (lr=0.02)
2025-10-17 13:10:31,867 - INFO - Train Loss: 0.0411, Train Acc: 99.52%, Val Loss: 0.8918, Val Acc: 76.31%
2025-10-17 13:10:31,867 - INFO - Epoch 75/200 (lr=0.02)
2025-10-17 13:10:52,738 - INFO - Train Loss: 0.0418, Train Acc: 99.45%, Val Loss: 0.8870, Val Acc: 76.49%
2025-10-17 13:10:53,676 - INFO - New best model saved with accuracy: 76.49%
2025-10-17 13:10:53,676 - INFO - Epoch 76/200 (lr=0.02)
2025-10-17 13:11:14,643 - INFO - Train Loss: 0.0416, Train Acc: 99.50%, Val Loss: 0.8978, Val Acc: 76.49%
2025-10-17 13:11:14,644 - INFO - Epoch 77/200 (lr=0.02)
2025-10-17 13:11:35,566 - INFO - Train Loss: 0.0382, Train Acc: 99.52%, Val Loss: 0.8876, Val Acc: 76.44%
2025-10-17 13:11:35,566 - INFO - Epoch 78/200 (lr=0.02)
2025-10-17 13:11:56,439 - INFO - Train Loss: 0.0379, Train Acc: 99.57%, Val Loss: 0.8856, Val Acc: 75.83%
2025-10-17 13:11:56,440 - INFO - Epoch 79/200 (lr=0.02)
2025-10-17 13:12:17,316 - INFO - Train Loss: 0.0372, Train Acc: 99.61%, Val Loss: 0.8926, Val Acc: 76.54%
2025-10-17 13:12:17,988 - INFO - New best model saved with accuracy: 76.54%
2025-10-17 13:12:17,988 - INFO - Epoch 80/200 (lr=0.02)
2025-10-17 13:12:38,969 - INFO - Train Loss: 0.0365, Train Acc: 99.64%, Val Loss: 0.9012, Val Acc: 75.72%
2025-10-17 13:12:38,969 - INFO - Epoch 81/200 (lr=0.02)
2025-10-17 13:12:59,902 - INFO - Train Loss: 0.0369, Train Acc: 99.60%, Val Loss: 0.8981, Val Acc: 76.31%
2025-10-17 13:12:59,903 - INFO - Epoch 82/200 (lr=0.02)
2025-10-17 13:13:20,756 - INFO - Train Loss: 0.0374, Train Acc: 99.60%, Val Loss: 0.8961, Val Acc: 76.41%
2025-10-17 13:13:20,757 - INFO - Epoch 83/200 (lr=0.02)
2025-10-17 13:13:41,694 - INFO - Train Loss: 0.0366, Train Acc: 99.65%, Val Loss: 0.9018, Val Acc: 76.11%
2025-10-17 13:13:41,695 - INFO - Epoch 84/200 (lr=0.02)
2025-10-17 13:14:02,581 - INFO - Train Loss: 0.0358, Train Acc: 99.63%, Val Loss: 0.8789, Val Acc: 76.43%
2025-10-17 13:14:02,581 - INFO - Epoch 85/200 (lr=0.02)
2025-10-17 13:14:23,496 - INFO - Train Loss: 0.0370, Train Acc: 99.61%, Val Loss: 0.9008, Val Acc: 76.17%
2025-10-17 13:14:23,496 - INFO - Epoch 86/200 (lr=0.02)
2025-10-17 13:14:44,426 - INFO - Train Loss: 0.0352, Train Acc: 99.61%, Val Loss: 0.9153, Val Acc: 75.65%
2025-10-17 13:14:44,426 - INFO - Epoch 87/200 (lr=0.02)
2025-10-17 13:15:05,445 - INFO - Train Loss: 0.0373, Train Acc: 99.60%, Val Loss: 0.9251, Val Acc: 75.71%
2025-10-17 13:15:05,446 - INFO - Epoch 88/200 (lr=0.02)
2025-10-17 13:15:26,312 - INFO - Train Loss: 0.0399, Train Acc: 99.52%, Val Loss: 0.9354, Val Acc: 75.32%
2025-10-17 13:15:26,312 - INFO - Epoch 89/200 (lr=0.02)
2025-10-17 13:15:47,204 - INFO - Train Loss: 0.0389, Train Acc: 99.56%, Val Loss: 0.9201, Val Acc: 75.78%
2025-10-17 13:15:47,205 - INFO - Epoch 90/200 (lr=0.02)
2025-10-17 13:16:08,185 - INFO - Train Loss: 0.0407, Train Acc: 99.54%, Val Loss: 0.9667, Val Acc: 75.00%
2025-10-17 13:16:08,185 - INFO - Epoch 91/200 (lr=0.02)
2025-10-17 13:16:29,049 - INFO - Train Loss: 0.0420, Train Acc: 99.46%, Val Loss: 0.9508, Val Acc: 75.55%
2025-10-17 13:16:29,050 - INFO - Epoch 92/200 (lr=0.02)
2025-10-17 13:16:49,908 - INFO - Train Loss: 0.0443, Train Acc: 99.41%, Val Loss: 0.9567, Val Acc: 74.90%
2025-10-17 13:16:49,909 - INFO - Epoch 93/200 (lr=0.02)
2025-10-17 13:17:10,789 - INFO - Train Loss: 0.0452, Train Acc: 99.41%, Val Loss: 0.9548, Val Acc: 75.29%
2025-10-17 13:17:10,790 - INFO - Epoch 94/200 (lr=0.02)
2025-10-17 13:17:31,687 - INFO - Train Loss: 0.0482, Train Acc: 99.32%, Val Loss: 0.9729, Val Acc: 75.32%
2025-10-17 13:17:31,688 - INFO - Epoch 95/200 (lr=0.02)
2025-10-17 13:17:52,658 - INFO - Train Loss: 0.0503, Train Acc: 99.22%, Val Loss: 0.9753, Val Acc: 74.66%
2025-10-17 13:17:52,659 - INFO - Epoch 96/200 (lr=0.02)
2025-10-17 13:18:13,734 - INFO - Train Loss: 0.0521, Train Acc: 99.25%, Val Loss: 1.0111, Val Acc: 73.42%
2025-10-17 13:18:13,735 - INFO - Epoch 97/200 (lr=0.02)
2025-10-17 13:18:34,671 - INFO - Train Loss: 0.0633, Train Acc: 98.92%, Val Loss: 1.0123, Val Acc: 73.60%
2025-10-17 13:18:34,672 - INFO - Epoch 98/200 (lr=0.02)
2025-10-17 13:18:55,589 - INFO - Train Loss: 0.0675, Train Acc: 98.83%, Val Loss: 1.0884, Val Acc: 72.81%
2025-10-17 13:18:55,590 - INFO - Epoch 99/200 (lr=0.02)
2025-10-17 13:19:16,520 - INFO - Train Loss: 0.0813, Train Acc: 98.34%, Val Loss: 1.0610, Val Acc: 72.98%
2025-10-17 13:19:16,521 - INFO - Epoch 100/200 (lr=0.02)
2025-10-17 13:19:37,520 - INFO - Train Loss: 0.0834, Train Acc: 98.33%, Val Loss: 1.0916, Val Acc: 72.04%
2025-10-17 13:19:37,521 - INFO - Epoch 101/200 (lr=0.02)
2025-10-17 13:19:58,464 - INFO - Train Loss: 0.0845, Train Acc: 98.37%, Val Loss: 1.0968, Val Acc: 72.06%
2025-10-17 13:19:58,465 - INFO - Epoch 102/200 (lr=0.02)
2025-10-17 13:20:19,489 - INFO - Train Loss: 0.0929, Train Acc: 98.12%, Val Loss: 1.0947, Val Acc: 72.16%
2025-10-17 13:20:19,490 - INFO - Epoch 103/200 (lr=0.02)
2025-10-17 13:20:40,461 - INFO - Train Loss: 0.0920, Train Acc: 98.05%, Val Loss: 1.1056, Val Acc: 72.11%
2025-10-17 13:20:40,462 - INFO - Epoch 104/200 (lr=0.02)
2025-10-17 13:21:01,510 - INFO - Train Loss: 0.0903, Train Acc: 98.04%, Val Loss: 1.0891, Val Acc: 72.30%
2025-10-17 13:21:01,511 - INFO - Epoch 105/200 (lr=0.02)
2025-10-17 13:21:22,516 - INFO - Train Loss: 0.1004, Train Acc: 97.67%, Val Loss: 1.2490, Val Acc: 69.45%
2025-10-17 13:21:22,516 - INFO - Epoch 106/200 (lr=0.02)
2025-10-17 13:21:43,423 - INFO - Train Loss: 0.1008, Train Acc: 97.71%, Val Loss: 1.1908, Val Acc: 70.92%
2025-10-17 13:21:43,423 - INFO - Epoch 107/200 (lr=0.02)
2025-10-17 13:22:04,325 - INFO - Train Loss: 0.0923, Train Acc: 97.97%, Val Loss: 1.1409, Val Acc: 71.18%
2025-10-17 13:22:04,326 - INFO - Epoch 108/200 (lr=0.02)
2025-10-17 13:22:25,089 - INFO - Train Loss: 0.1037, Train Acc: 97.57%, Val Loss: 1.1589, Val Acc: 71.36%
2025-10-17 13:22:25,090 - INFO - Epoch 109/200 (lr=0.02)
2025-10-17 13:22:46,025 - INFO - Train Loss: 0.1030, Train Acc: 97.56%, Val Loss: 1.1604, Val Acc: 70.86%
2025-10-17 13:22:46,025 - INFO - Epoch 110/200 (lr=0.02)
2025-10-17 13:23:07,001 - INFO - Train Loss: 0.0950, Train Acc: 97.83%, Val Loss: 1.1759, Val Acc: 71.09%
2025-10-17 13:23:07,002 - INFO - Epoch 111/200 (lr=0.02)
2025-10-17 13:23:27,965 - INFO - Train Loss: 0.0959, Train Acc: 97.74%, Val Loss: 1.1758, Val Acc: 70.93%
2025-10-17 13:23:27,966 - INFO - Epoch 112/200 (lr=0.02)
2025-10-17 13:23:48,939 - INFO - Train Loss: 0.0981, Train Acc: 97.66%, Val Loss: 1.1567, Val Acc: 71.17%
2025-10-17 13:23:48,940 - INFO - Epoch 113/200 (lr=0.02)
2025-10-17 13:24:09,891 - INFO - Train Loss: 0.0927, Train Acc: 97.82%, Val Loss: 1.1323, Val Acc: 71.34%
2025-10-17 13:24:09,892 - INFO - Epoch 114/200 (lr=0.02)
2025-10-17 13:24:30,864 - INFO - Train Loss: 0.0918, Train Acc: 97.84%, Val Loss: 1.1245, Val Acc: 71.67%
2025-10-17 13:24:30,865 - INFO - Epoch 115/200 (lr=0.02)
2025-10-17 13:24:51,840 - INFO - Train Loss: 0.0837, Train Acc: 98.11%, Val Loss: 1.0998, Val Acc: 72.85%
2025-10-17 13:24:51,841 - INFO - Epoch 116/200 (lr=0.02)
2025-10-17 13:25:12,792 - INFO - Train Loss: 0.0776, Train Acc: 98.25%, Val Loss: 1.1264, Val Acc: 72.07%
2025-10-17 13:25:12,793 - INFO - Epoch 117/200 (lr=0.02)
2025-10-17 13:25:33,798 - INFO - Train Loss: 0.0821, Train Acc: 98.16%, Val Loss: 1.1435, Val Acc: 71.57%
2025-10-17 13:25:33,798 - INFO - Epoch 118/200 (lr=0.02)
2025-10-17 13:25:54,641 - INFO - Train Loss: 0.0817, Train Acc: 98.20%, Val Loss: 1.1430, Val Acc: 71.13%
2025-10-17 13:25:54,642 - INFO - Epoch 119/200 (lr=0.02)
2025-10-17 13:26:15,751 - INFO - Train Loss: 0.0734, Train Acc: 98.49%, Val Loss: 1.1064, Val Acc: 72.71%
2025-10-17 13:26:15,751 - INFO - Epoch 120/200 (lr=0.02)
2025-10-17 13:26:36,667 - INFO - Train Loss: 0.0718, Train Acc: 98.50%, Val Loss: 1.1328, Val Acc: 71.96%
2025-10-17 13:26:36,667 - INFO - Epoch 121/200 (lr=0.004)
2025-10-17 13:26:57,528 - INFO - Train Loss: 0.0331, Train Acc: 99.50%, Val Loss: 0.9264, Val Acc: 76.15%
2025-10-17 13:26:57,529 - INFO - Epoch 122/200 (lr=0.004)
2025-10-17 13:27:18,457 - INFO - Train Loss: 0.0184, Train Acc: 99.83%, Val Loss: 0.9114, Val Acc: 76.13%
2025-10-17 13:27:18,457 - INFO - Epoch 123/200 (lr=0.004)
2025-10-17 13:27:39,321 - INFO - Train Loss: 0.0153, Train Acc: 99.86%, Val Loss: 0.9035, Val Acc: 76.65%
2025-10-17 13:27:39,985 - INFO - New best model saved with accuracy: 76.65%
2025-10-17 13:27:39,985 - INFO - Epoch 124/200 (lr=0.004)
2025-10-17 13:28:00,854 - INFO - Train Loss: 0.0138, Train Acc: 99.86%, Val Loss: 0.8947, Val Acc: 76.65%
2025-10-17 13:28:00,854 - INFO - Epoch 125/200 (lr=0.004)
2025-10-17 13:28:21,732 - INFO - Train Loss: 0.0122, Train Acc: 99.90%, Val Loss: 0.8912, Val Acc: 76.62%
2025-10-17 13:28:21,732 - INFO - Epoch 126/200 (lr=0.004)
2025-10-17 13:28:42,637 - INFO - Train Loss: 0.0112, Train Acc: 99.91%, Val Loss: 0.8876, Val Acc: 76.90%
2025-10-17 13:28:43,275 - INFO - New best model saved with accuracy: 76.90%
2025-10-17 13:28:43,275 - INFO - Epoch 127/200 (lr=0.004)
2025-10-17 13:29:04,201 - INFO - Train Loss: 0.0107, Train Acc: 99.93%, Val Loss: 0.8865, Val Acc: 76.88%
2025-10-17 13:29:04,201 - INFO - Epoch 128/200 (lr=0.004)
2025-10-17 13:29:25,124 - INFO - Train Loss: 0.0111, Train Acc: 99.91%, Val Loss: 0.8821, Val Acc: 76.76%
2025-10-17 13:29:25,125 - INFO - Epoch 129/200 (lr=0.004)
2025-10-17 13:29:45,960 - INFO - Train Loss: 0.0104, Train Acc: 99.92%, Val Loss: 0.8825, Val Acc: 76.89%
2025-10-17 13:29:45,961 - INFO - Epoch 130/200 (lr=0.004)
2025-10-17 13:30:06,754 - INFO - Train Loss: 0.0102, Train Acc: 99.91%, Val Loss: 0.8843, Val Acc: 76.71%
2025-10-17 13:30:06,755 - INFO - Epoch 131/200 (lr=0.004)
2025-10-17 13:30:27,670 - INFO - Train Loss: 0.0100, Train Acc: 99.94%, Val Loss: 0.8792, Val Acc: 77.02%
2025-10-17 13:30:28,553 - INFO - New best model saved with accuracy: 77.02%
2025-10-17 13:30:28,553 - INFO - Epoch 132/200 (lr=0.004)
2025-10-17 13:30:49,461 - INFO - Train Loss: 0.0097, Train Acc: 99.94%, Val Loss: 0.8785, Val Acc: 76.90%
2025-10-17 13:30:49,462 - INFO - Epoch 133/200 (lr=0.004)
2025-10-17 13:31:10,491 - INFO - Train Loss: 0.0100, Train Acc: 99.93%, Val Loss: 0.8777, Val Acc: 77.21%
2025-10-17 13:31:11,318 - INFO - New best model saved with accuracy: 77.21%
2025-10-17 13:31:11,318 - INFO - Epoch 134/200 (lr=0.004)
2025-10-17 13:31:32,280 - INFO - Train Loss: 0.0098, Train Acc: 99.95%, Val Loss: 0.8729, Val Acc: 77.45%
2025-10-17 13:31:32,926 - INFO - New best model saved with accuracy: 77.45%
2025-10-17 13:31:32,927 - INFO - Epoch 135/200 (lr=0.004)
2025-10-17 13:31:53,854 - INFO - Train Loss: 0.0095, Train Acc: 99.94%, Val Loss: 0.8720, Val Acc: 77.35%
2025-10-17 13:31:53,855 - INFO - Epoch 136/200 (lr=0.004)
2025-10-17 13:32:14,668 - INFO - Train Loss: 0.0096, Train Acc: 99.94%, Val Loss: 0.8709, Val Acc: 77.24%
2025-10-17 13:32:14,669 - INFO - Epoch 137/200 (lr=0.004)
2025-10-17 13:32:35,697 - INFO - Train Loss: 0.0095, Train Acc: 99.94%, Val Loss: 0.8714, Val Acc: 77.20%
2025-10-17 13:32:35,697 - INFO - Epoch 138/200 (lr=0.004)
2025-10-17 13:32:56,784 - INFO - Train Loss: 0.0095, Train Acc: 99.94%, Val Loss: 0.8683, Val Acc: 77.22%
2025-10-17 13:32:56,784 - INFO - Epoch 139/200 (lr=0.004)
2025-10-17 13:33:17,795 - INFO - Train Loss: 0.0098, Train Acc: 99.93%, Val Loss: 0.8684, Val Acc: 77.14%
2025-10-17 13:33:17,795 - INFO - Epoch 140/200 (lr=0.004)
2025-10-17 13:33:38,844 - INFO - Train Loss: 0.0096, Train Acc: 99.96%, Val Loss: 0.8663, Val Acc: 77.27%
2025-10-17 13:33:38,845 - INFO - Epoch 141/200 (lr=0.004)
2025-10-17 13:33:59,827 - INFO - Train Loss: 0.0094, Train Acc: 99.96%, Val Loss: 0.8652, Val Acc: 77.22%
2025-10-17 13:33:59,827 - INFO - Epoch 142/200 (lr=0.004)
2025-10-17 13:34:20,514 - INFO - Train Loss: 0.0099, Train Acc: 99.94%, Val Loss: 0.8633, Val Acc: 77.13%
2025-10-17 13:34:20,514 - INFO - Epoch 143/200 (lr=0.004)
2025-10-17 13:34:41,335 - INFO - Train Loss: 0.0097, Train Acc: 99.94%, Val Loss: 0.8653, Val Acc: 77.42%
2025-10-17 13:34:41,336 - INFO - Epoch 144/200 (lr=0.004)
2025-10-17 13:35:02,257 - INFO - Train Loss: 0.0099, Train Acc: 99.94%, Val Loss: 0.8640, Val Acc: 77.32%
2025-10-17 13:35:02,258 - INFO - Epoch 145/200 (lr=0.004)
2025-10-17 13:35:23,276 - INFO - Train Loss: 0.0098, Train Acc: 99.96%, Val Loss: 0.8600, Val Acc: 77.60%
2025-10-17 13:35:23,942 - INFO - New best model saved with accuracy: 77.60%
2025-10-17 13:35:23,943 - INFO - Epoch 146/200 (lr=0.004)
2025-10-17 13:35:44,914 - INFO - Train Loss: 0.0097, Train Acc: 99.96%, Val Loss: 0.8626, Val Acc: 77.41%
2025-10-17 13:35:44,915 - INFO - Epoch 147/200 (lr=0.004)
2025-10-17 13:36:05,636 - INFO - Train Loss: 0.0097, Train Acc: 99.96%, Val Loss: 0.8582, Val Acc: 77.44%
2025-10-17 13:36:05,637 - INFO - Epoch 148/200 (lr=0.004)
2025-10-17 13:36:26,488 - INFO - Train Loss: 0.0101, Train Acc: 99.95%, Val Loss: 0.8584, Val Acc: 77.40%
2025-10-17 13:36:26,489 - INFO - Epoch 149/200 (lr=0.004)
2025-10-17 13:36:47,338 - INFO - Train Loss: 0.0103, Train Acc: 99.95%, Val Loss: 0.8601, Val Acc: 77.55%
2025-10-17 13:36:47,339 - INFO - Epoch 150/200 (lr=0.004)
2025-10-17 13:37:08,481 - INFO - Train Loss: 0.0101, Train Acc: 99.96%, Val Loss: 0.8559, Val Acc: 77.71%
2025-10-17 13:37:09,297 - INFO - New best model saved with accuracy: 77.71%
2025-10-17 13:37:09,298 - INFO - Epoch 151/200 (lr=0.004)
2025-10-17 13:37:30,222 - INFO - Train Loss: 0.0106, Train Acc: 99.94%, Val Loss: 0.8620, Val Acc: 77.53%
2025-10-17 13:37:30,223 - INFO - Epoch 152/200 (lr=0.004)
2025-10-17 13:37:51,103 - INFO - Train Loss: 0.0103, Train Acc: 99.95%, Val Loss: 0.8622, Val Acc: 77.59%
2025-10-17 13:37:51,103 - INFO - Epoch 153/200 (lr=0.004)
2025-10-17 13:38:11,939 - INFO - Train Loss: 0.0106, Train Acc: 99.96%, Val Loss: 0.8582, Val Acc: 77.72%
2025-10-17 13:38:12,622 - INFO - New best model saved with accuracy: 77.72%
2025-10-17 13:38:12,623 - INFO - Epoch 154/200 (lr=0.004)
2025-10-17 13:38:33,716 - INFO - Train Loss: 0.0106, Train Acc: 99.96%, Val Loss: 0.8557, Val Acc: 77.55%
2025-10-17 13:38:33,716 - INFO - Epoch 155/200 (lr=0.004)
2025-10-17 13:38:54,660 - INFO - Train Loss: 0.0104, Train Acc: 99.96%, Val Loss: 0.8564, Val Acc: 77.47%
2025-10-17 13:38:54,661 - INFO - Epoch 156/200 (lr=0.004)
2025-10-17 13:39:15,466 - INFO - Train Loss: 0.0105, Train Acc: 99.95%, Val Loss: 0.8550, Val Acc: 77.66%
2025-10-17 13:39:15,467 - INFO - Epoch 157/200 (lr=0.004)
2025-10-17 13:39:36,247 - INFO - Train Loss: 0.0107, Train Acc: 99.97%, Val Loss: 0.8606, Val Acc: 77.47%
2025-10-17 13:39:36,247 - INFO - Epoch 158/200 (lr=0.004)
2025-10-17 13:39:57,192 - INFO - Train Loss: 0.0109, Train Acc: 99.96%, Val Loss: 0.8569, Val Acc: 77.45%
2025-10-17 13:39:57,193 - INFO - Epoch 159/200 (lr=0.004)
2025-10-17 13:40:18,185 - INFO - Train Loss: 0.0108, Train Acc: 99.96%, Val Loss: 0.8572, Val Acc: 77.48%
2025-10-17 13:40:18,186 - INFO - Epoch 160/200 (lr=0.004)
2025-10-17 13:40:39,102 - INFO - Train Loss: 0.0112, Train Acc: 99.95%, Val Loss: 0.8543, Val Acc: 77.60%
2025-10-17 13:40:39,103 - INFO - Epoch 161/200 (lr=0.0008)
2025-10-17 13:40:59,965 - INFO - Train Loss: 0.0107, Train Acc: 99.96%, Val Loss: 0.8557, Val Acc: 77.67%
2025-10-17 13:40:59,966 - INFO - Epoch 162/200 (lr=0.0008)
2025-10-17 13:41:20,882 - INFO - Train Loss: 0.0104, Train Acc: 99.97%, Val Loss: 0.8551, Val Acc: 77.51%
2025-10-17 13:41:20,883 - INFO - Epoch 163/200 (lr=0.0008)
2025-10-17 13:41:41,757 - INFO - Train Loss: 0.0106, Train Acc: 99.96%, Val Loss: 0.8539, Val Acc: 77.65%
2025-10-17 13:41:41,758 - INFO - Epoch 164/200 (lr=0.0008)
2025-10-17 13:42:02,643 - INFO - Train Loss: 0.0106, Train Acc: 99.96%, Val Loss: 0.8547, Val Acc: 77.61%
2025-10-17 13:42:02,643 - INFO - Epoch 165/200 (lr=0.0008)
2025-10-17 13:42:23,365 - INFO - Train Loss: 0.0105, Train Acc: 99.95%, Val Loss: 0.8551, Val Acc: 77.57%
2025-10-17 13:42:23,365 - INFO - Epoch 166/200 (lr=0.0008)
2025-10-17 13:42:44,172 - INFO - Train Loss: 0.0105, Train Acc: 99.97%, Val Loss: 0.8546, Val Acc: 77.67%
2025-10-17 13:42:44,173 - INFO - Epoch 167/200 (lr=0.0008)
2025-10-17 13:43:04,931 - INFO - Train Loss: 0.0103, Train Acc: 99.97%, Val Loss: 0.8539, Val Acc: 77.50%
2025-10-17 13:43:04,932 - INFO - Epoch 168/200 (lr=0.0008)
2025-10-17 13:43:25,633 - INFO - Train Loss: 0.0104, Train Acc: 99.97%, Val Loss: 0.8559, Val Acc: 77.51%
2025-10-17 13:43:25,633 - INFO - Epoch 169/200 (lr=0.0008)
2025-10-17 13:43:46,367 - INFO - Train Loss: 0.0105, Train Acc: 99.94%, Val Loss: 0.8553, Val Acc: 77.52%
2025-10-17 13:43:46,368 - INFO - Epoch 170/200 (lr=0.0008)
2025-10-17 13:44:07,246 - INFO - Train Loss: 0.0102, Train Acc: 99.97%, Val Loss: 0.8542, Val Acc: 77.52%
2025-10-17 13:44:07,246 - INFO - Epoch 171/200 (lr=0.0008)
2025-10-17 13:44:27,992 - INFO - Train Loss: 0.0104, Train Acc: 99.96%, Val Loss: 0.8561, Val Acc: 77.50%
2025-10-17 13:44:27,992 - INFO - Epoch 172/200 (lr=0.0008)
2025-10-17 13:44:48,855 - INFO - Train Loss: 0.0105, Train Acc: 99.96%, Val Loss: 0.8534, Val Acc: 77.56%
2025-10-17 13:44:48,856 - INFO - Epoch 173/200 (lr=0.0008)
2025-10-17 13:45:09,773 - INFO - Train Loss: 0.0104, Train Acc: 99.96%, Val Loss: 0.8548, Val Acc: 77.53%
2025-10-17 13:45:09,774 - INFO - Epoch 174/200 (lr=0.0008)
2025-10-17 13:45:30,774 - INFO - Train Loss: 0.0103, Train Acc: 99.98%, Val Loss: 0.8530, Val Acc: 77.72%
2025-10-17 13:45:30,775 - INFO - Epoch 175/200 (lr=0.0008)
2025-10-17 13:45:51,928 - INFO - Train Loss: 0.0103, Train Acc: 99.97%, Val Loss: 0.8532, Val Acc: 77.53%
2025-10-17 13:45:51,928 - INFO - Epoch 176/200 (lr=0.0008)
2025-10-17 13:46:12,855 - INFO - Train Loss: 0.0106, Train Acc: 99.96%, Val Loss: 0.8534, Val Acc: 77.55%
2025-10-17 13:46:12,856 - INFO - Epoch 177/200 (lr=0.0008)
2025-10-17 13:46:33,661 - INFO - Train Loss: 0.0105, Train Acc: 99.97%, Val Loss: 0.8532, Val Acc: 77.66%
2025-10-17 13:46:33,661 - INFO - Epoch 178/200 (lr=0.0008)
2025-10-17 13:46:54,507 - INFO - Train Loss: 0.0106, Train Acc: 99.96%, Val Loss: 0.8522, Val Acc: 77.64%
2025-10-17 13:46:54,508 - INFO - Epoch 179/200 (lr=0.0008)
2025-10-17 13:47:15,291 - INFO - Train Loss: 0.0103, Train Acc: 99.98%, Val Loss: 0.8503, Val Acc: 77.73%
2025-10-17 13:47:15,916 - INFO - New best model saved with accuracy: 77.73%
2025-10-17 13:47:15,916 - INFO - Epoch 180/200 (lr=0.0008)
2025-10-17 13:47:36,921 - INFO - Train Loss: 0.0103, Train Acc: 99.97%, Val Loss: 0.8536, Val Acc: 77.51%
2025-10-17 13:47:36,922 - INFO - Epoch 181/200 (lr=0.0008)
2025-10-17 13:47:57,776 - INFO - Train Loss: 0.0104, Train Acc: 99.96%, Val Loss: 0.8522, Val Acc: 77.72%
2025-10-17 13:47:57,776 - INFO - Epoch 182/200 (lr=0.0008)
2025-10-17 13:48:18,452 - INFO - Train Loss: 0.0103, Train Acc: 99.97%, Val Loss: 0.8522, Val Acc: 77.64%
2025-10-17 13:48:18,453 - INFO - Epoch 183/200 (lr=0.0008)
2025-10-17 13:48:39,370 - INFO - Train Loss: 0.0106, Train Acc: 99.96%, Val Loss: 0.8523, Val Acc: 77.75%
2025-10-17 13:48:40,033 - INFO - New best model saved with accuracy: 77.75%
2025-10-17 13:48:40,033 - INFO - Epoch 184/200 (lr=0.0008)
2025-10-17 13:49:00,921 - INFO - Train Loss: 0.0104, Train Acc: 99.97%, Val Loss: 0.8524, Val Acc: 77.63%
2025-10-17 13:49:00,922 - INFO - Epoch 185/200 (lr=0.0008)
2025-10-17 13:49:21,649 - INFO - Train Loss: 0.0102, Train Acc: 99.97%, Val Loss: 0.8570, Val Acc: 77.60%
2025-10-17 13:49:21,650 - INFO - Epoch 186/200 (lr=0.0008)
2025-10-17 13:49:42,516 - INFO - Train Loss: 0.0105, Train Acc: 99.97%, Val Loss: 0.8530, Val Acc: 77.66%
2025-10-17 13:49:42,517 - INFO - Epoch 187/200 (lr=0.0008)
2025-10-17 13:50:03,616 - INFO - Train Loss: 0.0103, Train Acc: 99.97%, Val Loss: 0.8529, Val Acc: 77.65%
2025-10-17 13:50:03,616 - INFO - Epoch 188/200 (lr=0.0008)
2025-10-17 13:50:24,328 - INFO - Train Loss: 0.0105, Train Acc: 99.97%, Val Loss: 0.8532, Val Acc: 77.70%
2025-10-17 13:50:24,329 - INFO - Epoch 189/200 (lr=0.0008)
2025-10-17 13:50:45,033 - INFO - Train Loss: 0.0106, Train Acc: 99.98%, Val Loss: 0.8535, Val Acc: 77.56%
2025-10-17 13:50:45,034 - INFO - Epoch 190/200 (lr=0.0008)
2025-10-17 13:51:06,103 - INFO - Train Loss: 0.0105, Train Acc: 99.98%, Val Loss: 0.8546, Val Acc: 77.70%
2025-10-17 13:51:06,103 - INFO - Epoch 191/200 (lr=0.0008)
2025-10-17 13:51:27,547 - INFO - Train Loss: 0.0107, Train Acc: 99.98%, Val Loss: 0.8547, Val Acc: 77.76%
2025-10-17 13:51:28,174 - INFO - New best model saved with accuracy: 77.76%
2025-10-17 13:51:28,174 - INFO - Epoch 192/200 (lr=0.0008)
2025-10-17 13:51:49,084 - INFO - Train Loss: 0.0105, Train Acc: 99.98%, Val Loss: 0.8507, Val Acc: 77.57%
2025-10-17 13:51:49,085 - INFO - Epoch 193/200 (lr=0.0008)
2025-10-17 13:52:10,095 - INFO - Train Loss: 0.0106, Train Acc: 99.96%, Val Loss: 0.8549, Val Acc: 77.60%
2025-10-17 13:52:10,096 - INFO - Epoch 194/200 (lr=0.0008)
2025-10-17 13:52:30,958 - INFO - Train Loss: 0.0106, Train Acc: 99.97%, Val Loss: 0.8560, Val Acc: 77.55%
2025-10-17 13:52:30,958 - INFO - Epoch 195/200 (lr=0.0008)
2025-10-17 13:52:51,840 - INFO - Train Loss: 0.0106, Train Acc: 99.97%, Val Loss: 0.8536, Val Acc: 77.61%
2025-10-17 13:52:51,841 - INFO - Epoch 196/200 (lr=0.0008)
2025-10-17 13:53:12,651 - INFO - Train Loss: 0.0106, Train Acc: 99.96%, Val Loss: 0.8520, Val Acc: 77.69%
2025-10-17 13:53:12,651 - INFO - Epoch 197/200 (lr=0.0008)
2025-10-17 13:53:33,441 - INFO - Train Loss: 0.0103, Train Acc: 99.98%, Val Loss: 0.8529, Val Acc: 77.64%
2025-10-17 13:53:33,441 - INFO - Epoch 198/200 (lr=0.0008)
2025-10-17 13:53:54,317 - INFO - Train Loss: 0.0106, Train Acc: 99.97%, Val Loss: 0.8526, Val Acc: 77.52%
2025-10-17 13:53:54,317 - INFO - Epoch 199/200 (lr=0.0008)
2025-10-17 13:54:15,084 - INFO - Train Loss: 0.0106, Train Acc: 99.97%, Val Loss: 0.8540, Val Acc: 77.63%
2025-10-17 13:54:15,085 - INFO - Epoch 200/200 (lr=0.0008)
2025-10-17 13:54:35,893 - INFO - Train Loss: 0.0110, Train Acc: 99.96%, Val Loss: 0.8521, Val Acc: 77.72%
2025-10-17 13:54:35,895 - INFO - Training completed. Best validation accuracy: 77.76%
