2025-10-17 10:56:14,632 - INFO - Starting CNN training script
2025-10-17 10:56:14,632 - INFO - Arguments: {'model': 'vgg16', 'dataset': 'cifar10', 'data_dir': './data', 'batch_size': 256, 'num_workers': 8, 'epochs': 200, 'lr': 0.1, 'lr_schedule': '60:0.1,60:0.02,40:0.004,40:0.0008', 'warm': 1, 'output_dir': './experiments/vgg16_cifar10_20251017_105614'}
2025-10-17 10:56:14,704 - INFO - Using device: cuda
2025-10-17 10:56:14,704 - INFO - Dataset: cifar10, Input channels: 3, Classes: 10
2025-10-17 10:56:17,269 - INFO - Using model: vgg16
2025-10-17 10:56:17,270 - INFO - Learning rate schedule: [(60, 0.1), (60, 0.02), (40, 0.004), (40, 0.0008)]
2025-10-17 10:56:17,271 - INFO - Using TensorBoard for visualization
2025-10-17 10:56:17,271 - INFO - Starting training for 200 epochs
2025-10-17 10:56:17,271 - INFO - Epoch 1/200 (lr=0.1)
2025-10-17 10:56:23,040 - INFO - Train Loss: 1.7532, Train Acc: 34.71%, Val Loss: 1.6276, Val Acc: 43.04%
2025-10-17 10:56:23,279 - INFO - New best model saved with accuracy: 43.04%
2025-10-17 10:56:23,279 - INFO - Epoch 2/200 (lr=0.1)
2025-10-17 10:56:28,599 - INFO - Train Loss: 1.3093, Train Acc: 54.12%, Val Loss: 1.3793, Val Acc: 54.88%
2025-10-17 10:56:29,690 - INFO - New best model saved with accuracy: 54.88%
2025-10-17 10:56:29,690 - INFO - Epoch 3/200 (lr=0.1)
2025-10-17 10:56:34,940 - INFO - Train Loss: 1.0738, Train Acc: 62.98%, Val Loss: 0.9581, Val Acc: 67.00%
2025-10-17 10:56:36,123 - INFO - New best model saved with accuracy: 67.00%
2025-10-17 10:56:36,124 - INFO - Epoch 4/200 (lr=0.1)
2025-10-17 10:56:41,485 - INFO - Train Loss: 0.9395, Train Acc: 67.91%, Val Loss: 0.8344, Val Acc: 72.51%
2025-10-17 10:56:42,598 - INFO - New best model saved with accuracy: 72.51%
2025-10-17 10:56:42,599 - INFO - Epoch 5/200 (lr=0.1)
2025-10-17 10:56:48,038 - INFO - Train Loss: 0.8319, Train Acc: 71.93%, Val Loss: 0.9313, Val Acc: 69.89%
2025-10-17 10:56:48,038 - INFO - Epoch 6/200 (lr=0.1)
2025-10-17 10:56:54,261 - INFO - Train Loss: 0.7774, Train Acc: 74.15%, Val Loss: 0.8143, Val Acc: 73.92%
2025-10-17 10:56:55,272 - INFO - New best model saved with accuracy: 73.92%
2025-10-17 10:56:55,273 - INFO - Epoch 7/200 (lr=0.1)
2025-10-17 10:57:00,828 - INFO - Train Loss: 0.7265, Train Acc: 75.89%, Val Loss: 0.8669, Val Acc: 72.58%
2025-10-17 10:57:00,829 - INFO - Epoch 8/200 (lr=0.1)
2025-10-17 10:57:05,895 - INFO - Train Loss: 0.6791, Train Acc: 77.46%, Val Loss: 0.7656, Val Acc: 74.74%
2025-10-17 10:57:06,934 - INFO - New best model saved with accuracy: 74.74%
2025-10-17 10:57:06,934 - INFO - Epoch 9/200 (lr=0.1)
2025-10-17 10:57:12,819 - INFO - Train Loss: 0.6502, Train Acc: 78.53%, Val Loss: 0.7447, Val Acc: 75.67%
2025-10-17 10:57:13,911 - INFO - New best model saved with accuracy: 75.67%
2025-10-17 10:57:13,912 - INFO - Epoch 10/200 (lr=0.1)
2025-10-17 10:57:19,563 - INFO - Train Loss: 0.6183, Train Acc: 79.51%, Val Loss: 0.6945, Val Acc: 78.18%
2025-10-17 10:57:20,871 - INFO - New best model saved with accuracy: 78.18%
2025-10-17 10:57:20,871 - INFO - Epoch 11/200 (lr=0.1)
2025-10-17 10:57:26,340 - INFO - Train Loss: 0.6010, Train Acc: 80.15%, Val Loss: 0.5518, Val Acc: 81.52%
2025-10-17 10:57:27,388 - INFO - New best model saved with accuracy: 81.52%
2025-10-17 10:57:27,389 - INFO - Epoch 12/200 (lr=0.1)
2025-10-17 10:57:32,651 - INFO - Train Loss: 0.5654, Train Acc: 81.23%, Val Loss: 0.5922, Val Acc: 80.15%
2025-10-17 10:57:32,652 - INFO - Epoch 13/200 (lr=0.1)
2025-10-17 10:57:38,018 - INFO - Train Loss: 0.5614, Train Acc: 81.38%, Val Loss: 0.5709, Val Acc: 81.83%
2025-10-17 10:57:39,110 - INFO - New best model saved with accuracy: 81.83%
2025-10-17 10:57:39,111 - INFO - Epoch 14/200 (lr=0.1)
2025-10-17 10:57:44,846 - INFO - Train Loss: 0.5505, Train Acc: 81.96%, Val Loss: 0.6717, Val Acc: 78.35%
2025-10-17 10:57:44,847 - INFO - Epoch 15/200 (lr=0.1)
2025-10-17 10:57:50,525 - INFO - Train Loss: 0.5356, Train Acc: 82.39%, Val Loss: 0.5556, Val Acc: 81.13%
2025-10-17 10:57:50,526 - INFO - Epoch 16/200 (lr=0.1)
2025-10-17 10:57:56,213 - INFO - Train Loss: 0.5208, Train Acc: 82.85%, Val Loss: 0.6290, Val Acc: 78.72%
2025-10-17 10:57:56,216 - INFO - Epoch 17/200 (lr=0.1)
2025-10-17 10:58:01,987 - INFO - Train Loss: 0.5185, Train Acc: 82.85%, Val Loss: 0.5326, Val Acc: 81.60%
2025-10-17 10:58:01,988 - INFO - Epoch 18/200 (lr=0.1)
2025-10-17 10:58:07,855 - INFO - Train Loss: 0.5026, Train Acc: 83.51%, Val Loss: 0.5038, Val Acc: 83.44%
2025-10-17 10:58:08,997 - INFO - New best model saved with accuracy: 83.44%
2025-10-17 10:58:08,997 - INFO - Epoch 19/200 (lr=0.1)
2025-10-17 10:58:14,617 - INFO - Train Loss: 0.4970, Train Acc: 83.65%, Val Loss: 0.5041, Val Acc: 83.47%
2025-10-17 10:58:15,972 - INFO - New best model saved with accuracy: 83.47%
2025-10-17 10:58:15,972 - INFO - Epoch 20/200 (lr=0.1)
2025-10-17 10:58:21,580 - INFO - Train Loss: 0.4901, Train Acc: 83.99%, Val Loss: 0.5678, Val Acc: 81.99%
2025-10-17 10:58:21,581 - INFO - Epoch 21/200 (lr=0.1)
2025-10-17 10:58:27,232 - INFO - Train Loss: 0.4857, Train Acc: 83.90%, Val Loss: 0.6724, Val Acc: 79.62%
2025-10-17 10:58:27,233 - INFO - Epoch 22/200 (lr=0.1)
2025-10-17 10:58:32,456 - INFO - Train Loss: 0.4787, Train Acc: 84.24%, Val Loss: 0.5966, Val Acc: 81.78%
2025-10-17 10:58:32,457 - INFO - Epoch 23/200 (lr=0.1)
2025-10-17 10:58:37,515 - INFO - Train Loss: 0.4780, Train Acc: 84.35%, Val Loss: 0.5927, Val Acc: 81.88%
2025-10-17 10:58:37,516 - INFO - Epoch 24/200 (lr=0.1)
2025-10-17 10:58:42,709 - INFO - Train Loss: 0.4596, Train Acc: 84.60%, Val Loss: 0.5073, Val Acc: 83.42%
2025-10-17 10:58:42,710 - INFO - Epoch 25/200 (lr=0.1)
2025-10-17 10:58:48,149 - INFO - Train Loss: 0.4487, Train Acc: 85.22%, Val Loss: 0.6567, Val Acc: 80.13%
2025-10-17 10:58:48,150 - INFO - Epoch 26/200 (lr=0.1)
2025-10-17 10:58:53,801 - INFO - Train Loss: 0.4576, Train Acc: 85.04%, Val Loss: 0.6813, Val Acc: 78.80%
2025-10-17 10:58:53,802 - INFO - Epoch 27/200 (lr=0.1)
2025-10-17 10:58:58,919 - INFO - Train Loss: 0.4548, Train Acc: 85.08%, Val Loss: 0.5256, Val Acc: 82.49%
2025-10-17 10:58:58,920 - INFO - Epoch 28/200 (lr=0.1)
2025-10-17 10:59:04,470 - INFO - Train Loss: 0.4480, Train Acc: 85.30%, Val Loss: 0.6407, Val Acc: 80.42%
2025-10-17 10:59:04,471 - INFO - Epoch 29/200 (lr=0.1)
2025-10-17 10:59:10,002 - INFO - Train Loss: 0.4481, Train Acc: 85.58%, Val Loss: 0.8757, Val Acc: 72.37%
2025-10-17 10:59:10,002 - INFO - Epoch 30/200 (lr=0.1)
2025-10-17 10:59:15,102 - INFO - Train Loss: 0.4512, Train Acc: 85.26%, Val Loss: 0.6735, Val Acc: 79.39%
2025-10-17 10:59:15,102 - INFO - Epoch 31/200 (lr=0.1)
2025-10-17 10:59:20,452 - INFO - Train Loss: 0.4436, Train Acc: 85.69%, Val Loss: 0.5406, Val Acc: 82.38%
2025-10-17 10:59:20,453 - INFO - Epoch 32/200 (lr=0.1)
2025-10-17 10:59:25,583 - INFO - Train Loss: 0.4381, Train Acc: 85.68%, Val Loss: 0.5912, Val Acc: 81.07%
2025-10-17 10:59:25,584 - INFO - Epoch 33/200 (lr=0.1)
2025-10-17 10:59:30,628 - INFO - Train Loss: 0.4316, Train Acc: 85.84%, Val Loss: 0.5570, Val Acc: 81.82%
2025-10-17 10:59:30,628 - INFO - Epoch 34/200 (lr=0.1)
2025-10-17 10:59:36,472 - INFO - Train Loss: 0.4384, Train Acc: 85.67%, Val Loss: 0.5614, Val Acc: 81.26%
2025-10-17 10:59:36,473 - INFO - Epoch 35/200 (lr=0.1)
2025-10-17 10:59:41,835 - INFO - Train Loss: 0.4306, Train Acc: 85.77%, Val Loss: 0.7058, Val Acc: 79.15%
2025-10-17 10:59:41,835 - INFO - Epoch 36/200 (lr=0.1)
2025-10-17 10:59:47,178 - INFO - Train Loss: 0.4243, Train Acc: 86.23%, Val Loss: 0.5282, Val Acc: 83.46%
2025-10-17 10:59:47,179 - INFO - Epoch 37/200 (lr=0.1)
2025-10-17 10:59:51,891 - INFO - Train Loss: 0.4221, Train Acc: 85.97%, Val Loss: 0.5199, Val Acc: 83.94%
2025-10-17 10:59:53,143 - INFO - New best model saved with accuracy: 83.94%
2025-10-17 10:59:53,143 - INFO - Epoch 38/200 (lr=0.1)
2025-10-17 10:59:58,173 - INFO - Train Loss: 0.4197, Train Acc: 86.28%, Val Loss: 0.6476, Val Acc: 81.75%
2025-10-17 10:59:58,175 - INFO - Epoch 39/200 (lr=0.1)
2025-10-17 11:00:04,141 - INFO - Train Loss: 0.4190, Train Acc: 86.25%, Val Loss: 0.5238, Val Acc: 83.27%
2025-10-17 11:00:04,142 - INFO - Epoch 40/200 (lr=0.1)
2025-10-17 11:00:09,613 - INFO - Train Loss: 0.4134, Train Acc: 86.42%, Val Loss: 0.4582, Val Acc: 85.16%
2025-10-17 11:00:10,725 - INFO - New best model saved with accuracy: 85.16%
2025-10-17 11:00:10,725 - INFO - Epoch 41/200 (lr=0.1)
2025-10-17 11:00:16,146 - INFO - Train Loss: 0.4105, Train Acc: 86.54%, Val Loss: 0.4507, Val Acc: 85.15%
2025-10-17 11:00:16,147 - INFO - Epoch 42/200 (lr=0.1)
2025-10-17 11:00:22,025 - INFO - Train Loss: 0.4133, Train Acc: 86.45%, Val Loss: 0.5471, Val Acc: 83.04%
2025-10-17 11:00:22,026 - INFO - Epoch 43/200 (lr=0.1)
2025-10-17 11:00:27,768 - INFO - Train Loss: 0.4111, Train Acc: 86.56%, Val Loss: 0.5919, Val Acc: 80.37%
2025-10-17 11:00:27,769 - INFO - Epoch 44/200 (lr=0.1)
2025-10-17 11:00:33,165 - INFO - Train Loss: 0.3970, Train Acc: 86.82%, Val Loss: 0.5058, Val Acc: 83.94%
2025-10-17 11:00:33,165 - INFO - Epoch 45/200 (lr=0.1)
2025-10-17 11:00:38,443 - INFO - Train Loss: 0.4008, Train Acc: 86.95%, Val Loss: 0.5459, Val Acc: 82.12%
2025-10-17 11:00:38,443 - INFO - Epoch 46/200 (lr=0.1)
2025-10-17 11:00:43,821 - INFO - Train Loss: 0.4145, Train Acc: 86.29%, Val Loss: 0.8093, Val Acc: 76.29%
2025-10-17 11:00:43,821 - INFO - Epoch 47/200 (lr=0.1)
2025-10-17 11:00:49,079 - INFO - Train Loss: 0.4035, Train Acc: 86.71%, Val Loss: 0.4464, Val Acc: 85.59%
2025-10-17 11:00:50,205 - INFO - New best model saved with accuracy: 85.59%
2025-10-17 11:00:50,205 - INFO - Epoch 48/200 (lr=0.1)
2025-10-17 11:00:55,447 - INFO - Train Loss: 0.4023, Train Acc: 86.79%, Val Loss: 0.4976, Val Acc: 83.65%
2025-10-17 11:00:55,447 - INFO - Epoch 49/200 (lr=0.1)
2025-10-17 11:01:01,517 - INFO - Train Loss: 0.3968, Train Acc: 86.94%, Val Loss: 0.6101, Val Acc: 81.46%
2025-10-17 11:01:01,518 - INFO - Epoch 50/200 (lr=0.1)
2025-10-17 11:01:07,442 - INFO - Train Loss: 0.4025, Train Acc: 86.78%, Val Loss: 0.5563, Val Acc: 82.50%
2025-10-17 11:01:07,442 - INFO - Epoch 51/200 (lr=0.1)
2025-10-17 11:01:12,921 - INFO - Train Loss: 0.3988, Train Acc: 87.01%, Val Loss: 0.5153, Val Acc: 84.60%
2025-10-17 11:01:12,921 - INFO - Epoch 52/200 (lr=0.1)
2025-10-17 11:01:18,320 - INFO - Train Loss: 0.4037, Train Acc: 86.92%, Val Loss: 0.5439, Val Acc: 83.09%
2025-10-17 11:01:18,320 - INFO - Epoch 53/200 (lr=0.1)
2025-10-17 11:01:23,700 - INFO - Train Loss: 0.3952, Train Acc: 87.08%, Val Loss: 0.5703, Val Acc: 81.72%
2025-10-17 11:01:23,701 - INFO - Epoch 54/200 (lr=0.1)
2025-10-17 11:01:29,140 - INFO - Train Loss: 0.3930, Train Acc: 87.14%, Val Loss: 0.4307, Val Acc: 85.54%
2025-10-17 11:01:29,141 - INFO - Epoch 55/200 (lr=0.1)
2025-10-17 11:01:34,951 - INFO - Train Loss: 0.3837, Train Acc: 87.30%, Val Loss: 0.6297, Val Acc: 81.65%
2025-10-17 11:01:34,952 - INFO - Epoch 56/200 (lr=0.1)
2025-10-17 11:01:40,369 - INFO - Train Loss: 0.4013, Train Acc: 86.84%, Val Loss: 0.5378, Val Acc: 83.22%
2025-10-17 11:01:40,370 - INFO - Epoch 57/200 (lr=0.1)
2025-10-17 11:01:45,700 - INFO - Train Loss: 0.3909, Train Acc: 87.32%, Val Loss: 0.5568, Val Acc: 82.43%
2025-10-17 11:01:45,701 - INFO - Epoch 58/200 (lr=0.1)
2025-10-17 11:01:50,995 - INFO - Train Loss: 0.3949, Train Acc: 87.03%, Val Loss: 0.7683, Val Acc: 77.74%
2025-10-17 11:01:50,996 - INFO - Epoch 59/200 (lr=0.1)
2025-10-17 11:01:56,355 - INFO - Train Loss: 0.3891, Train Acc: 87.27%, Val Loss: 0.5085, Val Acc: 84.04%
2025-10-17 11:01:56,355 - INFO - Epoch 60/200 (lr=0.1)
2025-10-17 11:02:01,353 - INFO - Train Loss: 0.3850, Train Acc: 87.50%, Val Loss: 0.5433, Val Acc: 82.03%
2025-10-17 11:02:01,354 - INFO - Epoch 61/200 (lr=0.02)
2025-10-17 11:02:06,968 - INFO - Train Loss: 0.2278, Train Acc: 92.38%, Val Loss: 0.2601, Val Acc: 91.49%
2025-10-17 11:02:08,032 - INFO - New best model saved with accuracy: 91.49%
2025-10-17 11:02:08,032 - INFO - Epoch 62/200 (lr=0.02)
2025-10-17 11:02:13,206 - INFO - Train Loss: 0.1863, Train Acc: 93.89%, Val Loss: 0.2588, Val Acc: 91.58%
2025-10-17 11:02:14,298 - INFO - New best model saved with accuracy: 91.58%
2025-10-17 11:02:14,298 - INFO - Epoch 63/200 (lr=0.02)
2025-10-17 11:02:20,215 - INFO - Train Loss: 0.1672, Train Acc: 94.37%, Val Loss: 0.2423, Val Acc: 92.30%
2025-10-17 11:02:21,312 - INFO - New best model saved with accuracy: 92.30%
2025-10-17 11:02:21,313 - INFO - Epoch 64/200 (lr=0.02)
2025-10-17 11:02:26,785 - INFO - Train Loss: 0.1585, Train Acc: 94.64%, Val Loss: 0.2540, Val Acc: 91.91%
2025-10-17 11:02:26,786 - INFO - Epoch 65/200 (lr=0.02)
2025-10-17 11:02:31,992 - INFO - Train Loss: 0.1473, Train Acc: 95.11%, Val Loss: 0.2452, Val Acc: 92.13%
2025-10-17 11:02:31,993 - INFO - Epoch 66/200 (lr=0.02)
2025-10-17 11:02:37,436 - INFO - Train Loss: 0.1420, Train Acc: 95.19%, Val Loss: 0.2499, Val Acc: 92.12%
2025-10-17 11:02:37,437 - INFO - Epoch 67/200 (lr=0.02)
2025-10-17 11:02:42,501 - INFO - Train Loss: 0.1386, Train Acc: 95.33%, Val Loss: 0.2663, Val Acc: 92.01%
2025-10-17 11:02:42,501 - INFO - Epoch 68/200 (lr=0.02)
2025-10-17 11:02:47,686 - INFO - Train Loss: 0.1338, Train Acc: 95.53%, Val Loss: 0.2651, Val Acc: 91.91%
2025-10-17 11:02:47,686 - INFO - Epoch 69/200 (lr=0.02)
2025-10-17 11:02:53,021 - INFO - Train Loss: 0.1280, Train Acc: 95.66%, Val Loss: 0.2677, Val Acc: 91.85%
2025-10-17 11:02:53,022 - INFO - Epoch 70/200 (lr=0.02)
2025-10-17 11:02:58,417 - INFO - Train Loss: 0.1299, Train Acc: 95.60%, Val Loss: 0.2836, Val Acc: 91.41%
2025-10-17 11:02:58,418 - INFO - Epoch 71/200 (lr=0.02)
2025-10-17 11:03:03,842 - INFO - Train Loss: 0.1277, Train Acc: 95.69%, Val Loss: 0.2624, Val Acc: 92.09%
2025-10-17 11:03:03,842 - INFO - Epoch 72/200 (lr=0.02)
2025-10-17 11:03:09,219 - INFO - Train Loss: 0.1276, Train Acc: 95.75%, Val Loss: 0.2783, Val Acc: 91.59%
2025-10-17 11:03:09,220 - INFO - Epoch 73/200 (lr=0.02)
2025-10-17 11:03:14,815 - INFO - Train Loss: 0.1223, Train Acc: 95.84%, Val Loss: 0.2679, Val Acc: 91.81%
2025-10-17 11:03:14,816 - INFO - Epoch 74/200 (lr=0.02)
2025-10-17 11:03:20,118 - INFO - Train Loss: 0.1230, Train Acc: 95.90%, Val Loss: 0.2961, Val Acc: 91.65%
2025-10-17 11:03:20,119 - INFO - Epoch 75/200 (lr=0.02)
2025-10-17 11:03:25,492 - INFO - Train Loss: 0.1207, Train Acc: 95.88%, Val Loss: 0.2972, Val Acc: 91.40%
2025-10-17 11:03:25,493 - INFO - Epoch 76/200 (lr=0.02)
2025-10-17 11:03:30,991 - INFO - Train Loss: 0.1215, Train Acc: 95.83%, Val Loss: 0.2832, Val Acc: 91.29%
2025-10-17 11:03:30,992 - INFO - Epoch 77/200 (lr=0.02)
2025-10-17 11:03:36,303 - INFO - Train Loss: 0.1223, Train Acc: 95.84%, Val Loss: 0.2955, Val Acc: 91.09%
2025-10-17 11:03:36,304 - INFO - Epoch 78/200 (lr=0.02)
2025-10-17 11:03:41,577 - INFO - Train Loss: 0.1162, Train Acc: 95.99%, Val Loss: 0.3180, Val Acc: 90.57%
2025-10-17 11:03:41,578 - INFO - Epoch 79/200 (lr=0.02)
2025-10-17 11:03:46,656 - INFO - Train Loss: 0.1228, Train Acc: 95.91%, Val Loss: 0.3285, Val Acc: 90.45%
2025-10-17 11:03:46,657 - INFO - Epoch 80/200 (lr=0.02)
2025-10-17 11:03:51,793 - INFO - Train Loss: 0.1204, Train Acc: 96.03%, Val Loss: 0.3288, Val Acc: 90.72%
2025-10-17 11:03:51,793 - INFO - Epoch 81/200 (lr=0.02)
2025-10-17 11:03:57,002 - INFO - Train Loss: 0.1258, Train Acc: 95.69%, Val Loss: 0.2952, Val Acc: 91.52%
2025-10-17 11:03:57,003 - INFO - Epoch 82/200 (lr=0.02)
2025-10-17 11:04:02,142 - INFO - Train Loss: 0.1218, Train Acc: 95.90%, Val Loss: 0.3142, Val Acc: 91.13%
2025-10-17 11:04:02,143 - INFO - Epoch 83/200 (lr=0.02)
2025-10-17 11:04:07,695 - INFO - Train Loss: 0.1216, Train Acc: 95.89%, Val Loss: 0.3294, Val Acc: 90.26%
2025-10-17 11:04:07,695 - INFO - Epoch 84/200 (lr=0.02)
2025-10-17 11:04:13,244 - INFO - Train Loss: 0.1216, Train Acc: 95.82%, Val Loss: 0.3095, Val Acc: 91.06%
2025-10-17 11:04:13,245 - INFO - Epoch 85/200 (lr=0.02)
2025-10-17 11:04:18,291 - INFO - Train Loss: 0.1265, Train Acc: 95.56%, Val Loss: 0.3543, Val Acc: 89.92%
2025-10-17 11:04:18,292 - INFO - Epoch 86/200 (lr=0.02)
2025-10-17 11:04:23,439 - INFO - Train Loss: 0.1265, Train Acc: 95.73%, Val Loss: 0.2904, Val Acc: 91.31%
2025-10-17 11:04:23,440 - INFO - Epoch 87/200 (lr=0.02)
2025-10-17 11:04:29,425 - INFO - Train Loss: 0.1265, Train Acc: 95.58%, Val Loss: 0.3028, Val Acc: 90.75%
2025-10-17 11:04:29,426 - INFO - Epoch 88/200 (lr=0.02)
2025-10-17 11:04:34,742 - INFO - Train Loss: 0.1261, Train Acc: 95.77%, Val Loss: 0.2882, Val Acc: 91.70%
2025-10-17 11:04:34,742 - INFO - Epoch 89/200 (lr=0.02)
2025-10-17 11:04:40,381 - INFO - Train Loss: 0.1237, Train Acc: 95.76%, Val Loss: 0.2916, Val Acc: 91.60%
2025-10-17 11:04:40,382 - INFO - Epoch 90/200 (lr=0.02)
2025-10-17 11:04:45,848 - INFO - Train Loss: 0.1211, Train Acc: 95.95%, Val Loss: 0.3366, Val Acc: 90.75%
2025-10-17 11:04:45,849 - INFO - Epoch 91/200 (lr=0.02)
2025-10-17 11:04:51,618 - INFO - Train Loss: 0.1234, Train Acc: 95.91%, Val Loss: 0.3016, Val Acc: 91.05%
2025-10-17 11:04:51,619 - INFO - Epoch 92/200 (lr=0.02)
2025-10-17 11:04:57,089 - INFO - Train Loss: 0.1293, Train Acc: 95.80%, Val Loss: 0.3303, Val Acc: 90.74%
2025-10-17 11:04:57,090 - INFO - Epoch 93/200 (lr=0.02)
2025-10-17 11:05:02,568 - INFO - Train Loss: 0.1260, Train Acc: 95.77%, Val Loss: 0.3403, Val Acc: 89.93%
2025-10-17 11:05:02,569 - INFO - Epoch 94/200 (lr=0.02)
2025-10-17 11:05:07,664 - INFO - Train Loss: 0.1255, Train Acc: 95.82%, Val Loss: 0.3890, Val Acc: 89.17%
2025-10-17 11:05:07,665 - INFO - Epoch 95/200 (lr=0.02)
2025-10-17 11:05:12,786 - INFO - Train Loss: 0.1291, Train Acc: 95.64%, Val Loss: 0.3632, Val Acc: 90.01%
2025-10-17 11:05:12,787 - INFO - Epoch 96/200 (lr=0.02)
2025-10-17 11:05:17,929 - INFO - Train Loss: 0.1253, Train Acc: 95.83%, Val Loss: 0.2969, Val Acc: 91.42%
2025-10-17 11:05:17,931 - INFO - Epoch 97/200 (lr=0.02)
2025-10-17 11:05:23,202 - INFO - Train Loss: 0.1224, Train Acc: 95.86%, Val Loss: 0.3372, Val Acc: 90.08%
2025-10-17 11:05:23,203 - INFO - Epoch 98/200 (lr=0.02)
2025-10-17 11:05:28,932 - INFO - Train Loss: 0.1238, Train Acc: 95.73%, Val Loss: 0.3433, Val Acc: 90.40%
2025-10-17 11:05:28,932 - INFO - Epoch 99/200 (lr=0.02)
2025-10-17 11:05:34,117 - INFO - Train Loss: 0.1210, Train Acc: 95.92%, Val Loss: 0.3578, Val Acc: 89.88%
2025-10-17 11:05:34,117 - INFO - Epoch 100/200 (lr=0.02)
2025-10-17 11:05:39,437 - INFO - Train Loss: 0.1298, Train Acc: 95.66%, Val Loss: 0.3761, Val Acc: 88.88%
2025-10-17 11:05:39,438 - INFO - Epoch 101/200 (lr=0.02)
2025-10-17 11:05:44,960 - INFO - Train Loss: 0.1254, Train Acc: 95.83%, Val Loss: 0.3102, Val Acc: 90.95%
2025-10-17 11:05:44,961 - INFO - Epoch 102/200 (lr=0.02)
2025-10-17 11:05:50,291 - INFO - Train Loss: 0.1248, Train Acc: 95.68%, Val Loss: 0.3263, Val Acc: 90.72%
2025-10-17 11:05:50,293 - INFO - Epoch 103/200 (lr=0.02)
2025-10-17 11:05:55,708 - INFO - Train Loss: 0.1197, Train Acc: 95.91%, Val Loss: 0.3561, Val Acc: 89.60%
2025-10-17 11:05:55,709 - INFO - Epoch 104/200 (lr=0.02)
2025-10-17 11:06:00,986 - INFO - Train Loss: 0.1289, Train Acc: 95.56%, Val Loss: 0.3516, Val Acc: 89.75%
2025-10-17 11:06:00,986 - INFO - Epoch 105/200 (lr=0.02)
2025-10-17 11:06:06,741 - INFO - Train Loss: 0.1237, Train Acc: 95.90%, Val Loss: 0.3237, Val Acc: 90.99%
2025-10-17 11:06:06,741 - INFO - Epoch 106/200 (lr=0.02)
2025-10-17 11:06:12,100 - INFO - Train Loss: 0.1236, Train Acc: 95.81%, Val Loss: 0.3540, Val Acc: 89.65%
2025-10-17 11:06:12,101 - INFO - Epoch 107/200 (lr=0.02)
2025-10-17 11:06:17,533 - INFO - Train Loss: 0.1212, Train Acc: 95.90%, Val Loss: 0.3215, Val Acc: 90.56%
2025-10-17 11:06:17,534 - INFO - Epoch 108/200 (lr=0.02)
2025-10-17 11:06:22,657 - INFO - Train Loss: 0.1269, Train Acc: 95.72%, Val Loss: 0.3255, Val Acc: 90.22%
2025-10-17 11:06:22,658 - INFO - Epoch 109/200 (lr=0.02)
2025-10-17 11:06:28,545 - INFO - Train Loss: 0.1215, Train Acc: 95.95%, Val Loss: 0.3070, Val Acc: 91.10%
2025-10-17 11:06:28,545 - INFO - Epoch 110/200 (lr=0.02)
2025-10-17 11:06:33,833 - INFO - Train Loss: 0.1230, Train Acc: 95.85%, Val Loss: 0.3222, Val Acc: 90.77%
2025-10-17 11:06:33,833 - INFO - Epoch 111/200 (lr=0.02)
2025-10-17 11:06:39,091 - INFO - Train Loss: 0.1290, Train Acc: 95.67%, Val Loss: 0.3534, Val Acc: 90.02%
2025-10-17 11:06:39,092 - INFO - Epoch 112/200 (lr=0.02)
2025-10-17 11:06:44,599 - INFO - Train Loss: 0.1207, Train Acc: 95.82%, Val Loss: 0.3278, Val Acc: 90.44%
2025-10-17 11:06:44,600 - INFO - Epoch 113/200 (lr=0.02)
2025-10-17 11:06:50,107 - INFO - Train Loss: 0.1212, Train Acc: 95.94%, Val Loss: 0.3225, Val Acc: 90.67%
2025-10-17 11:06:50,107 - INFO - Epoch 114/200 (lr=0.02)
2025-10-17 11:06:55,052 - INFO - Train Loss: 0.1229, Train Acc: 95.88%, Val Loss: 0.3238, Val Acc: 90.57%
2025-10-17 11:06:55,053 - INFO - Epoch 115/200 (lr=0.02)
2025-10-17 11:07:00,376 - INFO - Train Loss: 0.1230, Train Acc: 95.85%, Val Loss: 0.3323, Val Acc: 90.25%
2025-10-17 11:07:00,376 - INFO - Epoch 116/200 (lr=0.02)
2025-10-17 11:07:06,049 - INFO - Train Loss: 0.1173, Train Acc: 96.12%, Val Loss: 0.3318, Val Acc: 90.53%
2025-10-17 11:07:06,049 - INFO - Epoch 117/200 (lr=0.02)
2025-10-17 11:07:11,481 - INFO - Train Loss: 0.1247, Train Acc: 95.76%, Val Loss: 0.3683, Val Acc: 89.91%
2025-10-17 11:07:11,481 - INFO - Epoch 118/200 (lr=0.02)
2025-10-17 11:07:16,756 - INFO - Train Loss: 0.1285, Train Acc: 95.63%, Val Loss: 0.3822, Val Acc: 88.86%
2025-10-17 11:07:16,756 - INFO - Epoch 119/200 (lr=0.02)
2025-10-17 11:07:21,906 - INFO - Train Loss: 0.1192, Train Acc: 96.00%, Val Loss: 0.3646, Val Acc: 90.32%
2025-10-17 11:07:21,906 - INFO - Epoch 120/200 (lr=0.02)
2025-10-17 11:07:27,124 - INFO - Train Loss: 0.1182, Train Acc: 95.96%, Val Loss: 0.3687, Val Acc: 89.80%
2025-10-17 11:07:27,124 - INFO - Epoch 121/200 (lr=0.004)
2025-10-17 11:07:32,323 - INFO - Train Loss: 0.0623, Train Acc: 97.95%, Val Loss: 0.2517, Val Acc: 93.28%
2025-10-17 11:07:33,546 - INFO - New best model saved with accuracy: 93.28%
2025-10-17 11:07:33,546 - INFO - Epoch 122/200 (lr=0.004)
2025-10-17 11:07:39,419 - INFO - Train Loss: 0.0420, Train Acc: 98.61%, Val Loss: 0.2545, Val Acc: 93.23%
2025-10-17 11:07:39,420 - INFO - Epoch 123/200 (lr=0.004)
2025-10-17 11:07:44,919 - INFO - Train Loss: 0.0352, Train Acc: 98.81%, Val Loss: 0.2615, Val Acc: 93.20%
2025-10-17 11:07:44,919 - INFO - Epoch 124/200 (lr=0.004)
2025-10-17 11:07:50,312 - INFO - Train Loss: 0.0317, Train Acc: 98.94%, Val Loss: 0.2692, Val Acc: 93.14%
2025-10-17 11:07:50,313 - INFO - Epoch 125/200 (lr=0.004)
2025-10-17 11:07:55,707 - INFO - Train Loss: 0.0308, Train Acc: 98.98%, Val Loss: 0.2792, Val Acc: 93.08%
2025-10-17 11:07:55,708 - INFO - Epoch 126/200 (lr=0.004)
2025-10-17 11:08:01,206 - INFO - Train Loss: 0.0300, Train Acc: 99.04%, Val Loss: 0.2706, Val Acc: 93.31%
2025-10-17 11:08:02,292 - INFO - New best model saved with accuracy: 93.31%
2025-10-17 11:08:02,292 - INFO - Epoch 127/200 (lr=0.004)
2025-10-17 11:08:08,271 - INFO - Train Loss: 0.0280, Train Acc: 99.06%, Val Loss: 0.2717, Val Acc: 93.33%
2025-10-17 11:08:09,679 - INFO - New best model saved with accuracy: 93.33%
2025-10-17 11:08:09,680 - INFO - Epoch 128/200 (lr=0.004)
2025-10-17 11:08:14,878 - INFO - Train Loss: 0.0256, Train Acc: 99.15%, Val Loss: 0.2848, Val Acc: 93.29%
2025-10-17 11:08:14,879 - INFO - Epoch 129/200 (lr=0.004)
2025-10-17 11:08:20,295 - INFO - Train Loss: 0.0255, Train Acc: 99.18%, Val Loss: 0.2776, Val Acc: 93.44%
2025-10-17 11:08:21,395 - INFO - New best model saved with accuracy: 93.44%
2025-10-17 11:08:21,395 - INFO - Epoch 130/200 (lr=0.004)
2025-10-17 11:08:26,843 - INFO - Train Loss: 0.0252, Train Acc: 99.20%, Val Loss: 0.2824, Val Acc: 93.23%
2025-10-17 11:08:26,844 - INFO - Epoch 131/200 (lr=0.004)
2025-10-17 11:08:32,735 - INFO - Train Loss: 0.0217, Train Acc: 99.28%, Val Loss: 0.2794, Val Acc: 93.33%
2025-10-17 11:08:32,735 - INFO - Epoch 132/200 (lr=0.004)
2025-10-17 11:08:37,938 - INFO - Train Loss: 0.0244, Train Acc: 99.16%, Val Loss: 0.2842, Val Acc: 93.44%
2025-10-17 11:08:37,939 - INFO - Epoch 133/200 (lr=0.004)
2025-10-17 11:08:42,928 - INFO - Train Loss: 0.0217, Train Acc: 99.30%, Val Loss: 0.2800, Val Acc: 93.20%
2025-10-17 11:08:42,929 - INFO - Epoch 134/200 (lr=0.004)
2025-10-17 11:08:48,295 - INFO - Train Loss: 0.0218, Train Acc: 99.25%, Val Loss: 0.2841, Val Acc: 93.32%
2025-10-17 11:08:48,295 - INFO - Epoch 135/200 (lr=0.004)
2025-10-17 11:08:53,489 - INFO - Train Loss: 0.0211, Train Acc: 99.31%, Val Loss: 0.2849, Val Acc: 93.37%
2025-10-17 11:08:53,490 - INFO - Epoch 136/200 (lr=0.004)
2025-10-17 11:08:58,575 - INFO - Train Loss: 0.0205, Train Acc: 99.32%, Val Loss: 0.2752, Val Acc: 93.22%
2025-10-17 11:08:58,576 - INFO - Epoch 137/200 (lr=0.004)
2025-10-17 11:09:03,791 - INFO - Train Loss: 0.0211, Train Acc: 99.28%, Val Loss: 0.2694, Val Acc: 93.55%
2025-10-17 11:09:05,014 - INFO - New best model saved with accuracy: 93.55%
2025-10-17 11:09:05,015 - INFO - Epoch 138/200 (lr=0.004)
2025-10-17 11:09:10,257 - INFO - Train Loss: 0.0184, Train Acc: 99.40%, Val Loss: 0.2763, Val Acc: 93.48%
2025-10-17 11:09:10,257 - INFO - Epoch 139/200 (lr=0.004)
2025-10-17 11:09:15,512 - INFO - Train Loss: 0.0195, Train Acc: 99.39%, Val Loss: 0.2825, Val Acc: 93.38%
2025-10-17 11:09:15,512 - INFO - Epoch 140/200 (lr=0.004)
2025-10-17 11:09:20,757 - INFO - Train Loss: 0.0204, Train Acc: 99.31%, Val Loss: 0.2742, Val Acc: 93.40%
2025-10-17 11:09:20,758 - INFO - Epoch 141/200 (lr=0.004)
2025-10-17 11:09:26,357 - INFO - Train Loss: 0.0202, Train Acc: 99.36%, Val Loss: 0.2857, Val Acc: 93.31%
2025-10-17 11:09:26,358 - INFO - Epoch 142/200 (lr=0.004)
2025-10-17 11:09:31,604 - INFO - Train Loss: 0.0181, Train Acc: 99.40%, Val Loss: 0.2857, Val Acc: 93.24%
2025-10-17 11:09:31,605 - INFO - Epoch 143/200 (lr=0.004)
2025-10-17 11:09:36,902 - INFO - Train Loss: 0.0181, Train Acc: 99.42%, Val Loss: 0.2798, Val Acc: 93.23%
2025-10-17 11:09:36,902 - INFO - Epoch 144/200 (lr=0.004)
2025-10-17 11:09:42,306 - INFO - Train Loss: 0.0184, Train Acc: 99.41%, Val Loss: 0.2853, Val Acc: 93.49%
2025-10-17 11:09:42,306 - INFO - Epoch 145/200 (lr=0.004)
2025-10-17 11:09:47,476 - INFO - Train Loss: 0.0171, Train Acc: 99.45%, Val Loss: 0.2916, Val Acc: 92.97%
2025-10-17 11:09:47,477 - INFO - Epoch 146/200 (lr=0.004)
2025-10-17 11:09:52,653 - INFO - Train Loss: 0.0192, Train Acc: 99.39%, Val Loss: 0.3029, Val Acc: 92.75%
2025-10-17 11:09:52,653 - INFO - Epoch 147/200 (lr=0.004)
2025-10-17 11:09:57,952 - INFO - Train Loss: 0.0177, Train Acc: 99.45%, Val Loss: 0.3022, Val Acc: 93.01%
2025-10-17 11:09:57,952 - INFO - Epoch 148/200 (lr=0.004)
2025-10-17 11:10:03,067 - INFO - Train Loss: 0.0196, Train Acc: 99.40%, Val Loss: 0.2917, Val Acc: 93.08%
2025-10-17 11:10:03,067 - INFO - Epoch 149/200 (lr=0.004)
2025-10-17 11:10:08,298 - INFO - Train Loss: 0.0184, Train Acc: 99.42%, Val Loss: 0.2993, Val Acc: 93.16%
2025-10-17 11:10:08,298 - INFO - Epoch 150/200 (lr=0.004)
2025-10-17 11:10:13,888 - INFO - Train Loss: 0.0169, Train Acc: 99.44%, Val Loss: 0.2927, Val Acc: 93.43%
2025-10-17 11:10:13,889 - INFO - Epoch 151/200 (lr=0.004)
2025-10-17 11:10:19,200 - INFO - Train Loss: 0.0179, Train Acc: 99.40%, Val Loss: 0.3096, Val Acc: 93.04%
2025-10-17 11:10:19,201 - INFO - Epoch 152/200 (lr=0.004)
2025-10-17 11:10:24,494 - INFO - Train Loss: 0.0187, Train Acc: 99.41%, Val Loss: 0.2985, Val Acc: 93.36%
2025-10-17 11:10:24,495 - INFO - Epoch 153/200 (lr=0.004)
2025-10-17 11:10:29,943 - INFO - Train Loss: 0.0195, Train Acc: 99.40%, Val Loss: 0.3020, Val Acc: 93.10%
2025-10-17 11:10:29,944 - INFO - Epoch 154/200 (lr=0.004)
2025-10-17 11:10:35,116 - INFO - Train Loss: 0.0194, Train Acc: 99.36%, Val Loss: 0.2978, Val Acc: 92.98%
2025-10-17 11:10:35,117 - INFO - Epoch 155/200 (lr=0.004)
2025-10-17 11:10:40,547 - INFO - Train Loss: 0.0188, Train Acc: 99.37%, Val Loss: 0.2984, Val Acc: 93.09%
2025-10-17 11:10:40,548 - INFO - Epoch 156/200 (lr=0.004)
2025-10-17 11:10:45,770 - INFO - Train Loss: 0.0174, Train Acc: 99.48%, Val Loss: 0.2947, Val Acc: 93.13%
2025-10-17 11:10:45,771 - INFO - Epoch 157/200 (lr=0.004)
2025-10-17 11:10:51,191 - INFO - Train Loss: 0.0187, Train Acc: 99.42%, Val Loss: 0.3188, Val Acc: 93.03%
2025-10-17 11:10:51,192 - INFO - Epoch 158/200 (lr=0.004)
2025-10-17 11:10:56,844 - INFO - Train Loss: 0.0174, Train Acc: 99.47%, Val Loss: 0.2939, Val Acc: 93.13%
2025-10-17 11:10:56,845 - INFO - Epoch 159/200 (lr=0.004)
2025-10-17 11:11:02,039 - INFO - Train Loss: 0.0169, Train Acc: 99.45%, Val Loss: 0.2911, Val Acc: 93.16%
2025-10-17 11:11:02,040 - INFO - Epoch 160/200 (lr=0.004)
2025-10-17 11:11:07,430 - INFO - Train Loss: 0.0184, Train Acc: 99.43%, Val Loss: 0.2944, Val Acc: 93.18%
2025-10-17 11:11:07,430 - INFO - Epoch 161/200 (lr=0.0008)
2025-10-17 11:11:12,554 - INFO - Train Loss: 0.0149, Train Acc: 99.52%, Val Loss: 0.2806, Val Acc: 93.59%
2025-10-17 11:11:13,616 - INFO - New best model saved with accuracy: 93.59%
2025-10-17 11:11:13,616 - INFO - Epoch 162/200 (lr=0.0008)
2025-10-17 11:11:18,794 - INFO - Train Loss: 0.0103, Train Acc: 99.68%, Val Loss: 0.2783, Val Acc: 93.58%
2025-10-17 11:11:18,794 - INFO - Epoch 163/200 (lr=0.0008)
2025-10-17 11:11:24,406 - INFO - Train Loss: 0.0119, Train Acc: 99.63%, Val Loss: 0.2751, Val Acc: 93.67%
2025-10-17 11:11:25,485 - INFO - New best model saved with accuracy: 93.67%
2025-10-17 11:11:25,486 - INFO - Epoch 164/200 (lr=0.0008)
2025-10-17 11:11:30,806 - INFO - Train Loss: 0.0096, Train Acc: 99.71%, Val Loss: 0.2740, Val Acc: 93.73%
2025-10-17 11:11:31,942 - INFO - New best model saved with accuracy: 93.73%
2025-10-17 11:11:31,942 - INFO - Epoch 165/200 (lr=0.0008)
2025-10-17 11:11:37,276 - INFO - Train Loss: 0.0087, Train Acc: 99.74%, Val Loss: 0.2767, Val Acc: 93.63%
2025-10-17 11:11:37,277 - INFO - Epoch 166/200 (lr=0.0008)
2025-10-17 11:11:42,865 - INFO - Train Loss: 0.0087, Train Acc: 99.73%, Val Loss: 0.2780, Val Acc: 93.68%
2025-10-17 11:11:42,865 - INFO - Epoch 167/200 (lr=0.0008)
2025-10-17 11:11:48,402 - INFO - Train Loss: 0.0088, Train Acc: 99.76%, Val Loss: 0.2778, Val Acc: 93.68%
2025-10-17 11:11:48,402 - INFO - Epoch 168/200 (lr=0.0008)
2025-10-17 11:11:53,665 - INFO - Train Loss: 0.0085, Train Acc: 99.74%, Val Loss: 0.2793, Val Acc: 93.72%
2025-10-17 11:11:53,665 - INFO - Epoch 169/200 (lr=0.0008)
2025-10-17 11:11:58,895 - INFO - Train Loss: 0.0084, Train Acc: 99.73%, Val Loss: 0.2808, Val Acc: 93.67%
2025-10-17 11:11:58,896 - INFO - Epoch 170/200 (lr=0.0008)
2025-10-17 11:12:03,923 - INFO - Train Loss: 0.0090, Train Acc: 99.72%, Val Loss: 0.2791, Val Acc: 93.86%
2025-10-17 11:12:05,059 - INFO - New best model saved with accuracy: 93.86%
2025-10-17 11:12:05,059 - INFO - Epoch 171/200 (lr=0.0008)
2025-10-17 11:12:10,391 - INFO - Train Loss: 0.0096, Train Acc: 99.69%, Val Loss: 0.2846, Val Acc: 93.81%
2025-10-17 11:12:10,391 - INFO - Epoch 172/200 (lr=0.0008)
2025-10-17 11:12:15,734 - INFO - Train Loss: 0.0087, Train Acc: 99.73%, Val Loss: 0.2831, Val Acc: 93.82%
2025-10-17 11:12:15,735 - INFO - Epoch 173/200 (lr=0.0008)
2025-10-17 11:12:20,751 - INFO - Train Loss: 0.0080, Train Acc: 99.76%, Val Loss: 0.2846, Val Acc: 93.95%
2025-10-17 11:12:21,826 - INFO - New best model saved with accuracy: 93.95%
2025-10-17 11:12:21,826 - INFO - Epoch 174/200 (lr=0.0008)
2025-10-17 11:12:27,064 - INFO - Train Loss: 0.0089, Train Acc: 99.72%, Val Loss: 0.2813, Val Acc: 93.78%
2025-10-17 11:12:27,065 - INFO - Epoch 175/200 (lr=0.0008)
2025-10-17 11:12:32,192 - INFO - Train Loss: 0.0078, Train Acc: 99.78%, Val Loss: 0.2839, Val Acc: 93.84%
2025-10-17 11:12:32,192 - INFO - Epoch 176/200 (lr=0.0008)
2025-10-17 11:12:37,379 - INFO - Train Loss: 0.0083, Train Acc: 99.77%, Val Loss: 0.2866, Val Acc: 93.83%
2025-10-17 11:12:37,380 - INFO - Epoch 177/200 (lr=0.0008)
2025-10-17 11:12:42,593 - INFO - Train Loss: 0.0072, Train Acc: 99.79%, Val Loss: 0.2822, Val Acc: 93.84%
2025-10-17 11:12:42,594 - INFO - Epoch 178/200 (lr=0.0008)
2025-10-17 11:12:47,756 - INFO - Train Loss: 0.0075, Train Acc: 99.77%, Val Loss: 0.2856, Val Acc: 93.87%
2025-10-17 11:12:47,757 - INFO - Epoch 179/200 (lr=0.0008)
2025-10-17 11:12:53,174 - INFO - Train Loss: 0.0067, Train Acc: 99.81%, Val Loss: 0.2876, Val Acc: 93.78%
2025-10-17 11:12:53,175 - INFO - Epoch 180/200 (lr=0.0008)
2025-10-17 11:12:58,329 - INFO - Train Loss: 0.0068, Train Acc: 99.81%, Val Loss: 0.2889, Val Acc: 93.82%
2025-10-17 11:12:58,330 - INFO - Epoch 181/200 (lr=0.0008)
2025-10-17 11:13:03,504 - INFO - Train Loss: 0.0081, Train Acc: 99.71%, Val Loss: 0.2861, Val Acc: 93.75%
2025-10-17 11:13:03,504 - INFO - Epoch 182/200 (lr=0.0008)
2025-10-17 11:13:09,122 - INFO - Train Loss: 0.0066, Train Acc: 99.80%, Val Loss: 0.2898, Val Acc: 93.66%
2025-10-17 11:13:09,122 - INFO - Epoch 183/200 (lr=0.0008)
2025-10-17 11:13:14,221 - INFO - Train Loss: 0.0074, Train Acc: 99.78%, Val Loss: 0.2867, Val Acc: 93.76%
2025-10-17 11:13:14,222 - INFO - Epoch 184/200 (lr=0.0008)
2025-10-17 11:13:19,516 - INFO - Train Loss: 0.0068, Train Acc: 99.80%, Val Loss: 0.2873, Val Acc: 93.76%
2025-10-17 11:13:19,517 - INFO - Epoch 185/200 (lr=0.0008)
2025-10-17 11:13:25,118 - INFO - Train Loss: 0.0081, Train Acc: 99.75%, Val Loss: 0.2909, Val Acc: 93.68%
2025-10-17 11:13:25,119 - INFO - Epoch 186/200 (lr=0.0008)
2025-10-17 11:13:30,323 - INFO - Train Loss: 0.0069, Train Acc: 99.79%, Val Loss: 0.2897, Val Acc: 93.84%
2025-10-17 11:13:30,324 - INFO - Epoch 187/200 (lr=0.0008)
2025-10-17 11:13:35,397 - INFO - Train Loss: 0.0061, Train Acc: 99.82%, Val Loss: 0.2897, Val Acc: 93.80%
2025-10-17 11:13:35,398 - INFO - Epoch 188/200 (lr=0.0008)
2025-10-17 11:13:40,597 - INFO - Train Loss: 0.0066, Train Acc: 99.81%, Val Loss: 0.2872, Val Acc: 93.84%
2025-10-17 11:13:40,597 - INFO - Epoch 189/200 (lr=0.0008)
2025-10-17 11:13:45,917 - INFO - Train Loss: 0.0071, Train Acc: 99.77%, Val Loss: 0.2880, Val Acc: 93.74%
2025-10-17 11:13:45,918 - INFO - Epoch 190/200 (lr=0.0008)
2025-10-17 11:13:50,971 - INFO - Train Loss: 0.0061, Train Acc: 99.82%, Val Loss: 0.2905, Val Acc: 93.81%
2025-10-17 11:13:50,973 - INFO - Epoch 191/200 (lr=0.0008)
2025-10-17 11:13:56,343 - INFO - Train Loss: 0.0062, Train Acc: 99.81%, Val Loss: 0.2881, Val Acc: 93.65%
2025-10-17 11:13:56,344 - INFO - Epoch 192/200 (lr=0.0008)
2025-10-17 11:14:01,662 - INFO - Train Loss: 0.0070, Train Acc: 99.80%, Val Loss: 0.2906, Val Acc: 93.71%
2025-10-17 11:14:01,663 - INFO - Epoch 193/200 (lr=0.0008)
2025-10-17 11:14:06,842 - INFO - Train Loss: 0.0068, Train Acc: 99.82%, Val Loss: 0.2905, Val Acc: 93.66%
2025-10-17 11:14:06,843 - INFO - Epoch 194/200 (lr=0.0008)
2025-10-17 11:14:11,982 - INFO - Train Loss: 0.0071, Train Acc: 99.79%, Val Loss: 0.2939, Val Acc: 93.73%
2025-10-17 11:14:11,983 - INFO - Epoch 195/200 (lr=0.0008)
2025-10-17 11:14:17,333 - INFO - Train Loss: 0.0076, Train Acc: 99.81%, Val Loss: 0.2914, Val Acc: 93.84%
2025-10-17 11:14:17,334 - INFO - Epoch 196/200 (lr=0.0008)
2025-10-17 11:14:22,533 - INFO - Train Loss: 0.0070, Train Acc: 99.80%, Val Loss: 0.2931, Val Acc: 93.66%
2025-10-17 11:14:22,534 - INFO - Epoch 197/200 (lr=0.0008)
2025-10-17 11:14:27,709 - INFO - Train Loss: 0.0061, Train Acc: 99.83%, Val Loss: 0.2922, Val Acc: 93.78%
2025-10-17 11:14:27,710 - INFO - Epoch 198/200 (lr=0.0008)
2025-10-17 11:14:33,106 - INFO - Train Loss: 0.0060, Train Acc: 99.82%, Val Loss: 0.2929, Val Acc: 93.73%
2025-10-17 11:14:33,106 - INFO - Epoch 199/200 (lr=0.0008)
2025-10-17 11:14:38,254 - INFO - Train Loss: 0.0059, Train Acc: 99.82%, Val Loss: 0.2913, Val Acc: 93.83%
2025-10-17 11:14:38,255 - INFO - Epoch 200/200 (lr=0.0008)
2025-10-17 11:14:43,449 - INFO - Train Loss: 0.0053, Train Acc: 99.85%, Val Loss: 0.2911, Val Acc: 93.85%
2025-10-17 11:14:43,450 - INFO - Training completed. Best validation accuracy: 93.95%
