2025-10-15 01:29:27 - 开始训练 Stage 16
2025-10-15 01:29:27 - 参数设置: epochs=100, batch_size=128, lr=0.001, device=cuda
2025-10-15 01:29:27 - 输出目录: experiments/pressvae_2025-10-15_00-58-14
2025-10-15 01:29:29 - 数据集加载完成，训练样本数: 50000
2025-10-15 01:29:31 - [+] loaded: experiments/pressvae_2025-10-15_00-58-14/pressvae_stage4.pt
2025-10-15 01:29:31 - [+] loaded: experiments/pressvae_2025-10-15_00-58-14/pressvae_stage8.pt
2025-10-15 01:29:48 - [Stage 16] Epoch 001  loss/pix=-1.814082  recon/pix=-1.836673  kl/pix=0.022591
2025-10-15 01:30:05 - [Stage 16] Epoch 002  loss/pix=-1.968133  recon/pix=-2.001927  kl/pix=0.033794
2025-10-15 01:30:21 - [Stage 16] Epoch 003  loss/pix=-2.002030  recon/pix=-2.047205  kl/pix=0.045175
2025-10-15 01:30:38 - [Stage 16] Epoch 004  loss/pix=-2.048782  recon/pix=-2.113497  kl/pix=0.064716
2025-10-15 01:30:52 - [Stage 16] Epoch 005  loss/pix=-2.096449  recon/pix=-2.179102  kl/pix=0.082653
2025-10-15 01:31:08 - [Stage 16] Epoch 006  loss/pix=-2.126781  recon/pix=-2.222486  kl/pix=0.095705
2025-10-15 01:31:24 - [Stage 16] Epoch 007  loss/pix=-2.161329  recon/pix=-2.267736  kl/pix=0.106407
2025-10-15 01:31:35 - [Stage 16] Epoch 008  loss/pix=-2.179236  recon/pix=-2.295237  kl/pix=0.116001
2025-10-15 01:31:48 - [Stage 16] Epoch 009  loss/pix=-2.197030  recon/pix=-2.321374  kl/pix=0.124344
2025-10-15 01:32:05 - [Stage 16] Epoch 010  loss/pix=-2.206553  recon/pix=-2.337182  kl/pix=0.130629
2025-10-15 01:32:18 - [Stage 16] Epoch 011  loss/pix=-2.219333  recon/pix=-2.354508  kl/pix=0.135176
2025-10-15 01:32:32 - [Stage 16] Epoch 012  loss/pix=-2.224568  recon/pix=-2.363028  kl/pix=0.138460
2025-10-15 01:32:48 - [Stage 16] Epoch 013  loss/pix=-2.236074  recon/pix=-2.378656  kl/pix=0.142582
2025-10-15 01:33:03 - [Stage 16] Epoch 014  loss/pix=-2.239923  recon/pix=-2.384888  kl/pix=0.144965
2025-10-15 01:33:17 - [Stage 16] Epoch 015  loss/pix=-2.239555  recon/pix=-2.386749  kl/pix=0.147194
2025-10-15 01:33:29 - [Stage 16] Epoch 016  loss/pix=-2.244858  recon/pix=-2.394968  kl/pix=0.150110
2025-10-15 01:33:43 - [Stage 16] Epoch 017  loss/pix=-2.256049  recon/pix=-2.409892  kl/pix=0.153844
2025-10-15 01:33:58 - [Stage 16] Epoch 018  loss/pix=-2.255722  recon/pix=-2.411119  kl/pix=0.155397
2025-10-15 01:34:12 - [Stage 16] Epoch 019  loss/pix=-2.255307  recon/pix=-2.411997  kl/pix=0.156689
2025-10-15 01:34:25 - [Stage 16] Epoch 020  loss/pix=-2.262659  recon/pix=-2.422884  kl/pix=0.160224
2025-10-15 01:34:37 - [Stage 16] Epoch 021  loss/pix=-2.270076  recon/pix=-2.434510  kl/pix=0.164434
2025-10-15 01:34:50 - [Stage 16] Epoch 022  loss/pix=-2.274019  recon/pix=-2.439833  kl/pix=0.165814
2025-10-15 01:35:03 - [Stage 16] Epoch 023  loss/pix=-2.275767  recon/pix=-2.443468  kl/pix=0.167701
2025-10-15 01:35:13 - [Stage 16] Epoch 024  loss/pix=-2.282497  recon/pix=-2.452229  kl/pix=0.169732
2025-10-15 01:35:28 - [Stage 16] Epoch 025  loss/pix=-2.289186  recon/pix=-2.462001  kl/pix=0.172814
2025-10-15 01:35:44 - [Stage 16] Epoch 026  loss/pix=-2.285551  recon/pix=-2.458700  kl/pix=0.173149
2025-10-15 01:36:01 - [Stage 16] Epoch 027  loss/pix=-2.290331  recon/pix=-2.465324  kl/pix=0.174993
2025-10-15 01:36:19 - [Stage 16] Epoch 028  loss/pix=-2.288279  recon/pix=-2.462945  kl/pix=0.174666
2025-10-15 01:36:38 - [Stage 16] Epoch 029  loss/pix=-2.295388  recon/pix=-2.472200  kl/pix=0.176811
2025-10-15 01:36:56 - [Stage 16] Epoch 030  loss/pix=-2.293616  recon/pix=-2.471966  kl/pix=0.178350
2025-10-15 01:37:14 - [Stage 16] Epoch 031  loss/pix=-2.295396  recon/pix=-2.475182  kl/pix=0.179785
2025-10-15 01:37:30 - [Stage 16] Epoch 032  loss/pix=-2.295931  recon/pix=-2.476377  kl/pix=0.180446
2025-10-15 01:37:45 - [Stage 16] Epoch 033  loss/pix=-2.303882  recon/pix=-2.487442  kl/pix=0.183561
2025-10-15 01:38:00 - [Stage 16] Epoch 034  loss/pix=-2.301157  recon/pix=-2.486292  kl/pix=0.185136
2025-10-15 01:38:14 - [Stage 16] Epoch 035  loss/pix=-2.301854  recon/pix=-2.488532  kl/pix=0.186678
2025-10-15 01:38:29 - [Stage 16] Epoch 036  loss/pix=-2.305825  recon/pix=-2.494858  kl/pix=0.189033
2025-10-15 01:38:46 - [Stage 16] Epoch 037  loss/pix=-2.318813  recon/pix=-2.512050  kl/pix=0.193237
2025-10-15 01:39:03 - [Stage 16] Epoch 038  loss/pix=-2.323345  recon/pix=-2.518479  kl/pix=0.195134
2025-10-15 01:39:19 - [Stage 16] Epoch 039  loss/pix=-2.321172  recon/pix=-2.517412  kl/pix=0.196240
2025-10-15 01:39:34 - [Stage 16] Epoch 040  loss/pix=-2.323237  recon/pix=-2.521614  kl/pix=0.198377
2025-10-15 01:39:50 - [Stage 16] Epoch 041  loss/pix=-2.319859  recon/pix=-2.520066  kl/pix=0.200207
2025-10-15 01:40:06 - [Stage 16] Epoch 042  loss/pix=-2.334041  recon/pix=-2.539371  kl/pix=0.205330
2025-10-15 01:40:17 - [Stage 16] Epoch 043  loss/pix=-2.330448  recon/pix=-2.536341  kl/pix=0.205893
2025-10-15 01:40:32 - [Stage 16] Epoch 044  loss/pix=-2.335306  recon/pix=-2.542800  kl/pix=0.207493
2025-10-15 01:40:48 - [Stage 16] Epoch 045  loss/pix=-2.338925  recon/pix=-2.547807  kl/pix=0.208883
2025-10-15 01:41:05 - [Stage 16] Epoch 046  loss/pix=-2.351159  recon/pix=-2.564156  kl/pix=0.212997
2025-10-15 01:41:20 - [Stage 16] Epoch 047  loss/pix=-2.341001  recon/pix=-2.552397  kl/pix=0.211396
2025-10-15 01:41:36 - [Stage 16] Epoch 048  loss/pix=-2.338142  recon/pix=-2.550176  kl/pix=0.212034
2025-10-15 01:41:52 - [Stage 16] Epoch 049  loss/pix=-2.347147  recon/pix=-2.561370  kl/pix=0.214223
2025-10-15 01:42:09 - [Stage 16] Epoch 050  loss/pix=-2.345017  recon/pix=-2.559609  kl/pix=0.214592
2025-10-15 01:42:22 - [Stage 16] Epoch 051  loss/pix=-2.341530  recon/pix=-2.555533  kl/pix=0.214003
2025-10-15 01:42:36 - [Stage 16] Epoch 052  loss/pix=-2.352116  recon/pix=-2.569535  kl/pix=0.217420
2025-10-15 01:42:52 - [Stage 16] Epoch 053  loss/pix=-2.350377  recon/pix=-2.567780  kl/pix=0.217403
2025-10-15 01:43:07 - [Stage 16] Epoch 054  loss/pix=-2.350966  recon/pix=-2.569483  kl/pix=0.218518
2025-10-15 01:43:19 - [Stage 16] Epoch 055  loss/pix=-2.356153  recon/pix=-2.576572  kl/pix=0.220420
2025-10-15 01:43:37 - [Stage 16] Epoch 056  loss/pix=-2.346080  recon/pix=-2.565012  kl/pix=0.218931
2025-10-15 01:43:53 - [Stage 16] Epoch 057  loss/pix=-2.359888  recon/pix=-2.581926  kl/pix=0.222037
2025-10-15 01:44:06 - [Stage 16] Epoch 058  loss/pix=-2.354078  recon/pix=-2.576501  kl/pix=0.222423
2025-10-15 01:44:21 - [Stage 16] Epoch 059  loss/pix=-2.352145  recon/pix=-2.573070  kl/pix=0.220925
2025-10-15 01:44:37 - [Stage 16] Epoch 060  loss/pix=-2.356705  recon/pix=-2.580228  kl/pix=0.223523
2025-10-15 01:44:54 - [Stage 16] Epoch 061  loss/pix=-2.361945  recon/pix=-2.586812  kl/pix=0.224867
2025-10-15 01:45:09 - [Stage 16] Epoch 062  loss/pix=-2.352382  recon/pix=-2.575912  kl/pix=0.223530
2025-10-15 01:45:23 - [Stage 16] Epoch 063  loss/pix=-2.359652  recon/pix=-2.585727  kl/pix=0.226076
2025-10-15 01:45:36 - [Stage 16] Epoch 064  loss/pix=-2.364921  recon/pix=-2.593571  kl/pix=0.228650
2025-10-15 01:45:48 - [Stage 16] Epoch 065  loss/pix=-2.361951  recon/pix=-2.589224  kl/pix=0.227273
2025-10-15 01:46:03 - [Stage 16] Epoch 066  loss/pix=-2.364698  recon/pix=-2.593625  kl/pix=0.228927
2025-10-15 01:46:15 - [Stage 16] Epoch 067  loss/pix=-2.363662  recon/pix=-2.592993  kl/pix=0.229331
2025-10-15 01:46:30 - [Stage 16] Epoch 068  loss/pix=-2.365610  recon/pix=-2.596317  kl/pix=0.230706
2025-10-15 01:46:47 - [Stage 16] Epoch 069  loss/pix=-2.369920  recon/pix=-2.601930  kl/pix=0.232011
2025-10-15 01:47:03 - [Stage 16] Epoch 070  loss/pix=-2.366983  recon/pix=-2.599845  kl/pix=0.232861
2025-10-15 01:47:19 - [Stage 16] Epoch 071  loss/pix=-2.377419  recon/pix=-2.614553  kl/pix=0.237133
2025-10-15 01:47:33 - [Stage 16] Epoch 072  loss/pix=-2.369843  recon/pix=-2.606802  kl/pix=0.236959
2025-10-15 01:47:48 - [Stage 16] Epoch 073  loss/pix=-2.374031  recon/pix=-2.612159  kl/pix=0.238128
2025-10-15 01:48:04 - [Stage 16] Epoch 074  loss/pix=-2.382230  recon/pix=-2.622904  kl/pix=0.240673
2025-10-15 01:48:19 - [Stage 16] Epoch 075  loss/pix=-2.380744  recon/pix=-2.621456  kl/pix=0.240713
2025-10-15 01:48:34 - [Stage 16] Epoch 076  loss/pix=-2.382648  recon/pix=-2.624573  kl/pix=0.241924
2025-10-15 01:48:49 - [Stage 16] Epoch 077  loss/pix=-2.384529  recon/pix=-2.626962  kl/pix=0.242433
2025-10-15 01:49:04 - [Stage 16] Epoch 078  loss/pix=-2.388567  recon/pix=-2.633101  kl/pix=0.244534
2025-10-15 01:49:22 - [Stage 16] Epoch 079  loss/pix=-2.382200  recon/pix=-2.625712  kl/pix=0.243512
2025-10-15 01:49:35 - [Stage 16] Epoch 080  loss/pix=-2.382495  recon/pix=-2.626747  kl/pix=0.244252
2025-10-15 01:49:49 - [Stage 16] Epoch 081  loss/pix=-2.376733  recon/pix=-2.619987  kl/pix=0.243253
2025-10-15 01:50:06 - [Stage 16] Epoch 082  loss/pix=-2.387948  recon/pix=-2.634916  kl/pix=0.246968
2025-10-15 01:50:22 - [Stage 16] Epoch 083  loss/pix=-2.386199  recon/pix=-2.633590  kl/pix=0.247391
2025-10-15 01:50:37 - [Stage 16] Epoch 084  loss/pix=-2.390314  recon/pix=-2.638826  kl/pix=0.248512
2025-10-15 01:50:52 - [Stage 16] Epoch 085  loss/pix=-2.393752  recon/pix=-2.643893  kl/pix=0.250141
2025-10-15 01:51:08 - [Stage 16] Epoch 086  loss/pix=-2.382831  recon/pix=-2.630465  kl/pix=0.247634
2025-10-15 01:51:21 - [Stage 16] Epoch 087  loss/pix=-2.390389  recon/pix=-2.640222  kl/pix=0.249833
2025-10-15 01:51:33 - [Stage 16] Epoch 088  loss/pix=-2.389554  recon/pix=-2.639889  kl/pix=0.250334
2025-10-15 01:51:44 - [Stage 16] Epoch 089  loss/pix=-2.394845  recon/pix=-2.647108  kl/pix=0.252263
2025-10-15 01:51:57 - [Stage 16] Epoch 090  loss/pix=-2.393001  recon/pix=-2.645181  kl/pix=0.252180
2025-10-15 01:52:13 - [Stage 16] Epoch 091  loss/pix=-2.396179  recon/pix=-2.649551  kl/pix=0.253372
2025-10-15 01:52:30 - [Stage 16] Epoch 092  loss/pix=-2.395521  recon/pix=-2.650109  kl/pix=0.254588
2025-10-15 01:52:45 - [Stage 16] Epoch 093  loss/pix=-2.394886  recon/pix=-2.650054  kl/pix=0.255168
2025-10-15 01:52:58 - [Stage 16] Epoch 094  loss/pix=-2.406003  recon/pix=-2.664074  kl/pix=0.258071
2025-10-15 01:53:13 - [Stage 16] Epoch 095  loss/pix=-2.408300  recon/pix=-2.668485  kl/pix=0.260185
2025-10-15 01:53:29 - [Stage 16] Epoch 096  loss/pix=-2.402036  recon/pix=-2.661016  kl/pix=0.258980
2025-10-15 01:53:44 - [Stage 16] Epoch 097  loss/pix=-2.398634  recon/pix=-2.657344  kl/pix=0.258710
2025-10-15 01:53:58 - [Stage 16] Epoch 098  loss/pix=-2.397075  recon/pix=-2.655885  kl/pix=0.258809
2025-10-15 01:54:10 - [Stage 16] Epoch 099  loss/pix=-2.409066  recon/pix=-2.670388  kl/pix=0.261322
2025-10-15 01:54:25 - [Stage 16] Epoch 100  loss/pix=-2.404766  recon/pix=-2.665501  kl/pix=0.260735
2025-10-15 01:54:25 - [+] saved: experiments/pressvae_2025-10-15_00-58-14/pressvae_stage16.pt
