2025-10-15 08:46:13 - 开始训练 Stage 32
2025-10-15 08:46:13 - 参数设置: epochs=200, batch_size=128, lr=0.001, device=cuda
2025-10-15 08:46:13 - 输出目录: experiments/pressvae_2025-10-15_00-58-14
2025-10-15 08:46:15 - 数据集加载完成，训练样本数: 50000
2025-10-15 08:46:16 - [+] loaded: experiments/pressvae_2025-10-15_00-58-14/pressvae_stage4.pt
2025-10-15 08:46:16 - [+] loaded: experiments/pressvae_2025-10-15_00-58-14/pressvae_stage8.pt
2025-10-15 08:46:16 - [+] loaded: experiments/pressvae_2025-10-15_00-58-14/pressvae_stage16.pt
2025-10-15 08:46:30 - [Stage 32] Epoch 001  loss/pix=-2.060977  recon/pix=-2.073619  kl/pix=0.012643
2025-10-15 08:46:41 - [Stage 32] Epoch 002  loss/pix=-2.252705  recon/pix=-2.272238  kl/pix=0.019533
2025-10-15 08:46:52 - [Stage 32] Epoch 003  loss/pix=-2.291694  recon/pix=-2.320150  kl/pix=0.028456
2025-10-15 08:47:02 - [Stage 32] Epoch 004  loss/pix=-2.294125  recon/pix=-2.324722  kl/pix=0.030597
2025-10-15 08:47:14 - [Stage 32] Epoch 005  loss/pix=-2.317411  recon/pix=-2.352181  kl/pix=0.034770
2025-10-15 08:47:25 - [Stage 32] Epoch 006  loss/pix=-2.312805  recon/pix=-2.349355  kl/pix=0.036550
2025-10-15 08:47:37 - [Stage 32] Epoch 007  loss/pix=-2.316724  recon/pix=-2.353335  kl/pix=0.036611
2025-10-15 08:47:48 - [Stage 32] Epoch 008  loss/pix=-2.338337  recon/pix=-2.376423  kl/pix=0.038086
2025-10-15 08:48:01 - [Stage 32] Epoch 009  loss/pix=-2.355663  recon/pix=-2.398395  kl/pix=0.042732
2025-10-15 08:48:13 - [Stage 32] Epoch 010  loss/pix=-2.372806  recon/pix=-2.421574  kl/pix=0.048768
2025-10-15 08:48:26 - [Stage 32] Epoch 011  loss/pix=-2.391160  recon/pix=-2.446070  kl/pix=0.054910
2025-10-15 08:48:38 - [Stage 32] Epoch 012  loss/pix=-2.396684  recon/pix=-2.459323  kl/pix=0.062639
2025-10-15 08:48:50 - [Stage 32] Epoch 013  loss/pix=-2.422430  recon/pix=-2.494250  kl/pix=0.071819
2025-10-15 08:49:07 - [Stage 32] Epoch 014  loss/pix=-2.444718  recon/pix=-2.526967  kl/pix=0.082248
2025-10-15 08:49:22 - [Stage 32] Epoch 015  loss/pix=-2.467294  recon/pix=-2.561167  kl/pix=0.093874
2025-10-15 08:49:36 - [Stage 32] Epoch 016  loss/pix=-2.492725  recon/pix=-2.598466  kl/pix=0.105741
2025-10-15 08:49:53 - [Stage 32] Epoch 017  loss/pix=-2.518744  recon/pix=-2.635573  kl/pix=0.116830
2025-10-15 08:50:07 - [Stage 32] Epoch 018  loss/pix=-2.523011  recon/pix=-2.646422  kl/pix=0.123410
2025-10-15 08:50:24 - [Stage 32] Epoch 019  loss/pix=-2.534763  recon/pix=-2.664648  kl/pix=0.129885
2025-10-15 08:50:38 - [Stage 32] Epoch 020  loss/pix=-2.544189  recon/pix=-2.679766  kl/pix=0.135576
2025-10-15 08:50:53 - [Stage 32] Epoch 021  loss/pix=-2.555224  recon/pix=-2.695668  kl/pix=0.140444
2025-10-15 08:51:08 - [Stage 32] Epoch 022  loss/pix=-2.553925  recon/pix=-2.697772  kl/pix=0.143848
2025-10-15 08:51:25 - [Stage 32] Epoch 023  loss/pix=-2.572329  recon/pix=-2.721681  kl/pix=0.149352
2025-10-15 08:51:44 - [Stage 32] Epoch 024  loss/pix=-2.583552  recon/pix=-2.737237  kl/pix=0.153685
2025-10-15 08:52:00 - [Stage 32] Epoch 025  loss/pix=-2.600915  recon/pix=-2.760681  kl/pix=0.159766
2025-10-15 08:52:18 - [Stage 32] Epoch 026  loss/pix=-2.583783  recon/pix=-2.744689  kl/pix=0.160906
2025-10-15 08:52:34 - [Stage 32] Epoch 027  loss/pix=-2.600575  recon/pix=-2.766587  kl/pix=0.166012
2025-10-15 08:52:49 - [Stage 32] Epoch 028  loss/pix=-2.602334  recon/pix=-2.771891  kl/pix=0.169557
2025-10-15 08:53:02 - [Stage 32] Epoch 029  loss/pix=-2.597009  recon/pix=-2.768811  kl/pix=0.171802
2025-10-15 08:53:19 - [Stage 32] Epoch 030  loss/pix=-2.615675  recon/pix=-2.792268  kl/pix=0.176592
2025-10-15 08:53:35 - [Stage 32] Epoch 031  loss/pix=-2.613595  recon/pix=-2.791439  kl/pix=0.177844
2025-10-15 08:53:51 - [Stage 32] Epoch 032  loss/pix=-2.612828  recon/pix=-2.793783  kl/pix=0.180955
2025-10-15 08:54:07 - [Stage 32] Epoch 033  loss/pix=-2.627929  recon/pix=-2.813523  kl/pix=0.185594
2025-10-15 08:54:21 - [Stage 32] Epoch 034  loss/pix=-2.619293  recon/pix=-2.805277  kl/pix=0.185985
2025-10-15 08:54:33 - [Stage 32] Epoch 035  loss/pix=-2.627232  recon/pix=-2.818222  kl/pix=0.190989
2025-10-15 08:54:46 - [Stage 32] Epoch 036  loss/pix=-2.632700  recon/pix=-2.827087  kl/pix=0.194386
2025-10-15 08:54:56 - [Stage 32] Epoch 037  loss/pix=-2.649534  recon/pix=-2.848517  kl/pix=0.198983
2025-10-15 08:55:04 - [Stage 32] Epoch 038  loss/pix=-2.635721  recon/pix=-2.833223  kl/pix=0.197502
2025-10-15 08:55:13 - [Stage 32] Epoch 039  loss/pix=-2.640588  recon/pix=-2.841581  kl/pix=0.200993
2025-10-15 08:55:21 - [Stage 32] Epoch 040  loss/pix=-2.640548  recon/pix=-2.843871  kl/pix=0.203323
2025-10-15 08:55:29 - [Stage 32] Epoch 041  loss/pix=-2.652585  recon/pix=-2.858773  kl/pix=0.206188
2025-10-15 08:55:37 - [Stage 32] Epoch 042  loss/pix=-2.653400  recon/pix=-2.861720  kl/pix=0.208321
2025-10-15 08:55:45 - [Stage 32] Epoch 043  loss/pix=-2.675591  recon/pix=-2.889906  kl/pix=0.214315
2025-10-15 08:55:53 - [Stage 32] Epoch 044  loss/pix=-2.659829  recon/pix=-2.872921  kl/pix=0.213092
2025-10-15 08:56:01 - [Stage 32] Epoch 045  loss/pix=-2.666247  recon/pix=-2.882696  kl/pix=0.216449
2025-10-15 08:56:10 - [Stage 32] Epoch 046  loss/pix=-2.665798  recon/pix=-2.882474  kl/pix=0.216676
2025-10-15 08:56:21 - [Stage 32] Epoch 047  loss/pix=-2.685663  recon/pix=-2.908164  kl/pix=0.222501
2025-10-15 08:56:32 - [Stage 32] Epoch 048  loss/pix=-2.682704  recon/pix=-2.907230  kl/pix=0.224526
2025-10-15 08:56:43 - [Stage 32] Epoch 049  loss/pix=-2.678219  recon/pix=-2.902808  kl/pix=0.224590
2025-10-15 08:56:57 - [Stage 32] Epoch 050  loss/pix=-2.682303  recon/pix=-2.909934  kl/pix=0.227631
2025-10-15 08:57:14 - [Stage 32] Epoch 051  loss/pix=-2.676172  recon/pix=-2.905572  kl/pix=0.229400
2025-10-15 08:57:28 - [Stage 32] Epoch 052  loss/pix=-2.690505  recon/pix=-2.922624  kl/pix=0.232119
2025-10-15 08:57:41 - [Stage 32] Epoch 053  loss/pix=-2.701702  recon/pix=-2.938156  kl/pix=0.236453
2025-10-15 08:57:53 - [Stage 32] Epoch 054  loss/pix=-2.694630  recon/pix=-2.932561  kl/pix=0.237931
2025-10-15 08:58:03 - [Stage 32] Epoch 055  loss/pix=-2.711029  recon/pix=-2.954418  kl/pix=0.243389
2025-10-15 08:58:16 - [Stage 32] Epoch 056  loss/pix=-2.716876  recon/pix=-2.962514  kl/pix=0.245638
2025-10-15 08:58:25 - [Stage 32] Epoch 057  loss/pix=-2.709192  recon/pix=-2.954596  kl/pix=0.245405
2025-10-15 08:58:38 - [Stage 32] Epoch 058  loss/pix=-2.727067  recon/pix=-2.977967  kl/pix=0.250900
2025-10-15 08:58:48 - [Stage 32] Epoch 059  loss/pix=-2.717302  recon/pix=-2.967217  kl/pix=0.249915
2025-10-15 08:59:02 - [Stage 32] Epoch 060  loss/pix=-2.725072  recon/pix=-2.977751  kl/pix=0.252679
2025-10-15 08:59:17 - [Stage 32] Epoch 061  loss/pix=-2.709935  recon/pix=-2.960846  kl/pix=0.250910
2025-10-15 08:59:30 - [Stage 32] Epoch 062  loss/pix=-2.736624  recon/pix=-2.993328  kl/pix=0.256704
2025-10-15 08:59:43 - [Stage 32] Epoch 063  loss/pix=-2.723220  recon/pix=-2.978615  kl/pix=0.255395
2025-10-15 08:59:58 - [Stage 32] Epoch 064  loss/pix=-2.733913  recon/pix=-2.991886  kl/pix=0.257973
2025-10-15 09:00:13 - [Stage 32] Epoch 065  loss/pix=-2.731146  recon/pix=-2.989076  kl/pix=0.257930
2025-10-15 09:00:24 - [Stage 32] Epoch 066  loss/pix=-2.731382  recon/pix=-2.989993  kl/pix=0.258611
2025-10-15 09:00:39 - [Stage 32] Epoch 067  loss/pix=-2.719655  recon/pix=-2.976370  kl/pix=0.256716
2025-10-15 09:00:53 - [Stage 32] Epoch 068  loss/pix=-2.729035  recon/pix=-2.987331  kl/pix=0.258296
2025-10-15 09:01:08 - [Stage 32] Epoch 069  loss/pix=-2.722942  recon/pix=-2.979743  kl/pix=0.256801
2025-10-15 09:01:21 - [Stage 32] Epoch 070  loss/pix=-2.735597  recon/pix=-2.995767  kl/pix=0.260170
2025-10-15 09:01:37 - [Stage 32] Epoch 071  loss/pix=-2.717883  recon/pix=-2.974960  kl/pix=0.257076
2025-10-15 09:01:54 - [Stage 32] Epoch 072  loss/pix=-2.737210  recon/pix=-2.998532  kl/pix=0.261321
2025-10-15 09:02:08 - [Stage 32] Epoch 073  loss/pix=-2.730168  recon/pix=-2.990362  kl/pix=0.260194
2025-10-15 09:02:27 - [Stage 32] Epoch 074  loss/pix=-2.731483  recon/pix=-2.992975  kl/pix=0.261492
2025-10-15 09:02:45 - [Stage 32] Epoch 075  loss/pix=-2.731778  recon/pix=-2.992902  kl/pix=0.261124
2025-10-15 09:03:02 - [Stage 32] Epoch 076  loss/pix=-2.731228  recon/pix=-2.994235  kl/pix=0.263007
2025-10-15 09:03:14 - [Stage 32] Epoch 077  loss/pix=-2.747979  recon/pix=-3.015542  kl/pix=0.267563
2025-10-15 09:03:33 - [Stage 32] Epoch 078  loss/pix=-2.739268  recon/pix=-3.005564  kl/pix=0.266296
2025-10-15 09:03:50 - [Stage 32] Epoch 079  loss/pix=-2.731586  recon/pix=-2.996458  kl/pix=0.264872
2025-10-15 09:04:03 - [Stage 32] Epoch 080  loss/pix=-2.737766  recon/pix=-3.006725  kl/pix=0.268959
2025-10-15 09:04:20 - [Stage 32] Epoch 081  loss/pix=-2.737090  recon/pix=-3.007621  kl/pix=0.270531
2025-10-15 09:04:41 - [Stage 32] Epoch 082  loss/pix=-2.750542  recon/pix=-3.025861  kl/pix=0.275319
2025-10-15 09:05:00 - [Stage 32] Epoch 083  loss/pix=-2.735254  recon/pix=-3.006449  kl/pix=0.271195
2025-10-15 09:05:17 - [Stage 32] Epoch 084  loss/pix=-2.744086  recon/pix=-3.020157  kl/pix=0.276071
2025-10-15 09:05:34 - [Stage 32] Epoch 085  loss/pix=-2.754420  recon/pix=-3.036619  kl/pix=0.282199
2025-10-15 09:05:50 - [Stage 32] Epoch 086  loss/pix=-2.742879  recon/pix=-3.021459  kl/pix=0.278580
2025-10-15 09:06:08 - [Stage 32] Epoch 087  loss/pix=-2.750746  recon/pix=-3.030430  kl/pix=0.279684
2025-10-15 09:06:26 - [Stage 32] Epoch 088  loss/pix=-2.747008  recon/pix=-3.028046  kl/pix=0.281037
2025-10-15 09:06:44 - [Stage 32] Epoch 089  loss/pix=-2.742553  recon/pix=-3.022528  kl/pix=0.279975
2025-10-15 09:07:03 - [Stage 32] Epoch 090  loss/pix=-2.761380  recon/pix=-3.046481  kl/pix=0.285101
2025-10-15 09:07:21 - [Stage 32] Epoch 091  loss/pix=-2.764365  recon/pix=-3.052283  kl/pix=0.287919
2025-10-15 09:07:33 - [Stage 32] Epoch 092  loss/pix=-2.749592  recon/pix=-3.033964  kl/pix=0.284372
2025-10-15 09:07:50 - [Stage 32] Epoch 093  loss/pix=-2.757253  recon/pix=-3.044257  kl/pix=0.287003
2025-10-15 09:08:05 - [Stage 32] Epoch 094  loss/pix=-2.762680  recon/pix=-3.050919  kl/pix=0.288240
2025-10-15 09:08:22 - [Stage 32] Epoch 095  loss/pix=-2.764447  recon/pix=-3.052364  kl/pix=0.287917
2025-10-15 09:08:35 - [Stage 32] Epoch 096  loss/pix=-2.746825  recon/pix=-3.031596  kl/pix=0.284770
2025-10-15 09:08:52 - [Stage 32] Epoch 097  loss/pix=-2.749792  recon/pix=-3.035596  kl/pix=0.285804
2025-10-15 09:09:09 - [Stage 32] Epoch 098  loss/pix=-2.768611  recon/pix=-3.058145  kl/pix=0.289534
2025-10-15 09:09:25 - [Stage 32] Epoch 099  loss/pix=-2.758863  recon/pix=-3.045585  kl/pix=0.286722
2025-10-15 09:09:43 - [Stage 32] Epoch 100  loss/pix=-2.765648  recon/pix=-3.055356  kl/pix=0.289708
2025-10-15 09:10:00 - [Stage 32] Epoch 101  loss/pix=-2.767361  recon/pix=-3.058127  kl/pix=0.290766
2025-10-15 09:10:16 - [Stage 32] Epoch 102  loss/pix=-2.751622  recon/pix=-3.038451  kl/pix=0.286829
2025-10-15 09:10:34 - [Stage 32] Epoch 103  loss/pix=-2.756146  recon/pix=-3.043418  kl/pix=0.287272
2025-10-15 09:10:49 - [Stage 32] Epoch 104  loss/pix=-2.761355  recon/pix=-3.051033  kl/pix=0.289678
2025-10-15 09:11:07 - [Stage 32] Epoch 105  loss/pix=-2.754160  recon/pix=-3.040063  kl/pix=0.285903
2025-10-15 09:11:26 - [Stage 32] Epoch 106  loss/pix=-2.778962  recon/pix=-3.073440  kl/pix=0.294478
2025-10-15 09:11:44 - [Stage 32] Epoch 107  loss/pix=-2.758583  recon/pix=-3.047270  kl/pix=0.288687
2025-10-15 09:11:59 - [Stage 32] Epoch 108  loss/pix=-2.768749  recon/pix=-3.059222  kl/pix=0.290473
2025-10-15 09:12:14 - [Stage 32] Epoch 109  loss/pix=-2.769015  recon/pix=-3.060175  kl/pix=0.291161
2025-10-15 09:12:28 - [Stage 32] Epoch 110  loss/pix=-2.767476  recon/pix=-3.058880  kl/pix=0.291404
2025-10-15 09:12:42 - [Stage 32] Epoch 111  loss/pix=-2.760068  recon/pix=-3.049411  kl/pix=0.289343
2025-10-15 09:13:01 - [Stage 32] Epoch 112  loss/pix=-2.773360  recon/pix=-3.065426  kl/pix=0.292067
2025-10-15 09:13:14 - [Stage 32] Epoch 113  loss/pix=-2.763645  recon/pix=-3.053497  kl/pix=0.289853
2025-10-15 09:13:26 - [Stage 32] Epoch 114  loss/pix=-2.765020  recon/pix=-3.057878  kl/pix=0.292859
2025-10-15 09:13:38 - [Stage 32] Epoch 115  loss/pix=-2.761310  recon/pix=-3.048637  kl/pix=0.287327
2025-10-15 09:13:48 - [Stage 32] Epoch 116  loss/pix=-2.766794  recon/pix=-3.059060  kl/pix=0.292266
2025-10-15 09:14:00 - [Stage 32] Epoch 117  loss/pix=-2.772639  recon/pix=-3.065087  kl/pix=0.292448
2025-10-15 09:14:12 - [Stage 32] Epoch 118  loss/pix=-2.765731  recon/pix=-3.056490  kl/pix=0.290759
2025-10-15 09:14:25 - [Stage 32] Epoch 119  loss/pix=-2.760900  recon/pix=-3.050920  kl/pix=0.290020
2025-10-15 09:14:40 - [Stage 32] Epoch 120  loss/pix=-2.756927  recon/pix=-3.045797  kl/pix=0.288870
2025-10-15 09:14:51 - [Stage 32] Epoch 121  loss/pix=-2.765499  recon/pix=-3.056045  kl/pix=0.290546
2025-10-15 09:15:07 - [Stage 32] Epoch 122  loss/pix=-2.771029  recon/pix=-3.062509  kl/pix=0.291480
2025-10-15 09:15:19 - [Stage 32] Epoch 123  loss/pix=-2.776493  recon/pix=-3.071398  kl/pix=0.294905
2025-10-15 09:15:37 - [Stage 32] Epoch 124  loss/pix=-2.769755  recon/pix=-3.062621  kl/pix=0.292866
2025-10-15 09:15:55 - [Stage 32] Epoch 125  loss/pix=-2.777325  recon/pix=-3.072116  kl/pix=0.294791
2025-10-15 09:16:10 - [Stage 32] Epoch 126  loss/pix=-2.783674  recon/pix=-3.079034  kl/pix=0.295360
2025-10-15 09:16:26 - [Stage 32] Epoch 127  loss/pix=-2.776336  recon/pix=-3.071672  kl/pix=0.295336
2025-10-15 09:16:39 - [Stage 32] Epoch 128  loss/pix=-2.764281  recon/pix=-3.055382  kl/pix=0.291100
2025-10-15 09:16:56 - [Stage 32] Epoch 129  loss/pix=-2.772542  recon/pix=-3.066784  kl/pix=0.294242
2025-10-15 09:17:12 - [Stage 32] Epoch 130  loss/pix=-2.771754  recon/pix=-3.064312  kl/pix=0.292558
2025-10-15 09:17:31 - [Stage 32] Epoch 131  loss/pix=-2.791250  recon/pix=-3.091036  kl/pix=0.299786
2025-10-15 09:17:46 - [Stage 32] Epoch 132  loss/pix=-2.768353  recon/pix=-3.059984  kl/pix=0.291631
2025-10-15 09:17:59 - [Stage 32] Epoch 133  loss/pix=-2.781841  recon/pix=-3.077809  kl/pix=0.295968
2025-10-15 09:18:15 - [Stage 32] Epoch 134  loss/pix=-2.775609  recon/pix=-3.071002  kl/pix=0.295392
2025-10-15 09:18:33 - [Stage 32] Epoch 135  loss/pix=-2.776480  recon/pix=-3.071439  kl/pix=0.294959
2025-10-15 09:18:51 - [Stage 32] Epoch 136  loss/pix=-2.801493  recon/pix=-3.103141  kl/pix=0.301648
2025-10-15 09:19:10 - [Stage 32] Epoch 137  loss/pix=-2.779566  recon/pix=-3.075478  kl/pix=0.295912
2025-10-15 09:19:31 - [Stage 32] Epoch 138  loss/pix=-2.775080  recon/pix=-3.071446  kl/pix=0.296366
2025-10-15 09:19:54 - [Stage 32] Epoch 139  loss/pix=-2.773270  recon/pix=-3.066721  kl/pix=0.293451
2025-10-15 09:20:16 - [Stage 32] Epoch 140  loss/pix=-2.780141  recon/pix=-3.074984  kl/pix=0.294842
2025-10-15 09:20:36 - [Stage 32] Epoch 141  loss/pix=-2.793290  recon/pix=-3.094072  kl/pix=0.300782
2025-10-15 09:20:54 - [Stage 32] Epoch 142  loss/pix=-2.773731  recon/pix=-3.067508  kl/pix=0.293777
2025-10-15 09:21:13 - [Stage 32] Epoch 143  loss/pix=-2.788463  recon/pix=-3.086353  kl/pix=0.297890
2025-10-15 09:21:28 - [Stage 32] Epoch 144  loss/pix=-2.791033  recon/pix=-3.090443  kl/pix=0.299411
2025-10-15 09:21:46 - [Stage 32] Epoch 145  loss/pix=-2.779863  recon/pix=-3.076389  kl/pix=0.296526
2025-10-15 09:22:04 - [Stage 32] Epoch 146  loss/pix=-2.775122  recon/pix=-3.071668  kl/pix=0.296545
2025-10-15 09:22:24 - [Stage 32] Epoch 147  loss/pix=-2.777378  recon/pix=-3.071928  kl/pix=0.294549
2025-10-15 09:22:44 - [Stage 32] Epoch 148  loss/pix=-2.783418  recon/pix=-3.080610  kl/pix=0.297192
2025-10-15 09:23:05 - [Stage 32] Epoch 149  loss/pix=-2.781979  recon/pix=-3.077391  kl/pix=0.295412
2025-10-15 09:23:21 - [Stage 32] Epoch 150  loss/pix=-2.763071  recon/pix=-3.055086  kl/pix=0.292015
2025-10-15 09:23:45 - [Stage 32] Epoch 151  loss/pix=-2.778735  recon/pix=-3.073620  kl/pix=0.294885
2025-10-15 09:24:05 - [Stage 32] Epoch 152  loss/pix=-2.773936  recon/pix=-3.067240  kl/pix=0.293304
2025-10-15 09:24:22 - [Stage 32] Epoch 153  loss/pix=-2.777540  recon/pix=-3.072997  kl/pix=0.295458
2025-10-15 09:24:36 - [Stage 32] Epoch 154  loss/pix=-2.769481  recon/pix=-3.062807  kl/pix=0.293325
2025-10-15 09:24:52 - [Stage 32] Epoch 155  loss/pix=-2.782951  recon/pix=-3.079441  kl/pix=0.296490
2025-10-15 09:25:10 - [Stage 32] Epoch 156  loss/pix=-2.775485  recon/pix=-3.071757  kl/pix=0.296273
2025-10-15 09:25:29 - [Stage 32] Epoch 157  loss/pix=-2.772727  recon/pix=-3.067160  kl/pix=0.294433
2025-10-15 09:25:46 - [Stage 32] Epoch 158  loss/pix=-2.784246  recon/pix=-3.080463  kl/pix=0.296217
2025-10-15 09:26:06 - [Stage 32] Epoch 159  loss/pix=-2.790969  recon/pix=-3.089917  kl/pix=0.298948
2025-10-15 09:26:24 - [Stage 32] Epoch 160  loss/pix=-2.774464  recon/pix=-3.069164  kl/pix=0.294701
2025-10-15 09:26:41 - [Stage 32] Epoch 161  loss/pix=-2.777177  recon/pix=-3.071987  kl/pix=0.294809
2025-10-15 09:26:54 - [Stage 32] Epoch 162  loss/pix=-2.786975  recon/pix=-3.085250  kl/pix=0.298275
2025-10-15 09:27:12 - [Stage 32] Epoch 163  loss/pix=-2.792515  recon/pix=-3.092920  kl/pix=0.300405
2025-10-15 09:27:31 - [Stage 32] Epoch 164  loss/pix=-2.784219  recon/pix=-3.082320  kl/pix=0.298102
2025-10-15 09:27:50 - [Stage 32] Epoch 165  loss/pix=-2.790864  recon/pix=-3.090253  kl/pix=0.299389
2025-10-15 09:28:08 - [Stage 32] Epoch 166  loss/pix=-2.788162  recon/pix=-3.087625  kl/pix=0.299463
2025-10-15 09:28:25 - [Stage 32] Epoch 167  loss/pix=-2.771756  recon/pix=-3.066623  kl/pix=0.294867
2025-10-15 09:28:43 - [Stage 32] Epoch 168  loss/pix=-2.781361  recon/pix=-3.077269  kl/pix=0.295907
2025-10-15 09:29:00 - [Stage 32] Epoch 169  loss/pix=-2.773947  recon/pix=-3.068903  kl/pix=0.294956
2025-10-15 09:29:17 - [Stage 32] Epoch 170  loss/pix=-2.785400  recon/pix=-3.083165  kl/pix=0.297765
2025-10-15 09:29:37 - [Stage 32] Epoch 171  loss/pix=-2.785523  recon/pix=-3.085343  kl/pix=0.299820
2025-10-15 09:29:53 - [Stage 32] Epoch 172  loss/pix=-2.777865  recon/pix=-3.074346  kl/pix=0.296480
2025-10-15 09:30:09 - [Stage 32] Epoch 173  loss/pix=-2.779920  recon/pix=-3.077689  kl/pix=0.297770
2025-10-15 09:30:25 - [Stage 32] Epoch 174  loss/pix=-2.792903  recon/pix=-3.094776  kl/pix=0.301873
2025-10-15 09:30:45 - [Stage 32] Epoch 175  loss/pix=-2.774832  recon/pix=-3.072184  kl/pix=0.297353
2025-10-15 09:31:05 - [Stage 32] Epoch 176  loss/pix=-2.781476  recon/pix=-3.080516  kl/pix=0.299040
2025-10-15 09:31:24 - [Stage 32] Epoch 177  loss/pix=-2.780558  recon/pix=-3.079978  kl/pix=0.299420
2025-10-15 09:31:43 - [Stage 32] Epoch 178  loss/pix=-2.787686  recon/pix=-3.088404  kl/pix=0.300718
2025-10-15 09:32:01 - [Stage 32] Epoch 179  loss/pix=-2.774380  recon/pix=-3.072661  kl/pix=0.298281
2025-10-15 09:32:16 - [Stage 32] Epoch 180  loss/pix=-2.786509  recon/pix=-3.085919  kl/pix=0.299410
2025-10-15 09:32:34 - [Stage 32] Epoch 181  loss/pix=-2.779501  recon/pix=-3.078532  kl/pix=0.299032
2025-10-15 09:32:52 - [Stage 32] Epoch 182  loss/pix=-2.781769  recon/pix=-3.080409  kl/pix=0.298641
2025-10-15 09:33:11 - [Stage 32] Epoch 183  loss/pix=-2.791502  recon/pix=-3.093425  kl/pix=0.301923
2025-10-15 09:33:29 - [Stage 32] Epoch 184  loss/pix=-2.798790  recon/pix=-3.102121  kl/pix=0.303331
2025-10-15 09:33:44 - [Stage 32] Epoch 185  loss/pix=-2.797641  recon/pix=-3.102029  kl/pix=0.304388
2025-10-15 09:34:01 - [Stage 32] Epoch 186  loss/pix=-2.793575  recon/pix=-3.096906  kl/pix=0.303331
2025-10-15 09:34:18 - [Stage 32] Epoch 187  loss/pix=-2.782389  recon/pix=-3.082827  kl/pix=0.300438
2025-10-15 09:34:32 - [Stage 32] Epoch 188  loss/pix=-2.779240  recon/pix=-3.079160  kl/pix=0.299920
2025-10-15 09:34:50 - [Stage 32] Epoch 189  loss/pix=-2.780789  recon/pix=-3.079890  kl/pix=0.299101
2025-10-15 09:35:08 - [Stage 32] Epoch 190  loss/pix=-2.787976  recon/pix=-3.089814  kl/pix=0.301837
2025-10-15 09:35:26 - [Stage 32] Epoch 191  loss/pix=-2.788738  recon/pix=-3.090831  kl/pix=0.302093
2025-10-15 09:35:42 - [Stage 32] Epoch 192  loss/pix=-2.793741  recon/pix=-3.096764  kl/pix=0.303022
2025-10-15 09:35:56 - [Stage 32] Epoch 193  loss/pix=-2.785135  recon/pix=-3.086404  kl/pix=0.301270
2025-10-15 09:36:13 - [Stage 32] Epoch 194  loss/pix=-2.802600  recon/pix=-3.108621  kl/pix=0.306021
2025-10-15 09:36:32 - [Stage 32] Epoch 195  loss/pix=-2.785912  recon/pix=-3.088389  kl/pix=0.302477
2025-10-15 09:36:49 - [Stage 32] Epoch 196  loss/pix=-2.787319  recon/pix=-3.088301  kl/pix=0.300982
2025-10-15 09:37:02 - [Stage 32] Epoch 197  loss/pix=-2.776153  recon/pix=-3.076198  kl/pix=0.300045
2025-10-15 09:37:17 - [Stage 32] Epoch 198  loss/pix=-2.799085  recon/pix=-3.105007  kl/pix=0.305922
2025-10-15 09:37:37 - [Stage 32] Epoch 199  loss/pix=-2.800139  recon/pix=-3.105032  kl/pix=0.304894
2025-10-15 09:37:51 - [Stage 32] Epoch 200  loss/pix=-2.791806  recon/pix=-3.096350  kl/pix=0.304544
2025-10-15 09:37:51 - [+] saved: experiments/pressvae_2025-10-15_00-58-14/pressvae_stage32.pt
