2025-10-16 17:43:38,751 - INFO - Starting CNN training script
2025-10-16 17:43:38,751 - INFO - Arguments: {'model': 'vgg16', 'dataset': 'cifar10', 'data_dir': './data', 'batch_size': 256, 'num_workers': 4, 'epochs': 200, 'lr': 0.1, 'lr_schedule': '60:0.1,60:0.02,40:0.004,40:0.0008', 'output_dir': './experiments/vgg16_cifar10_20251016_174338'}
2025-10-16 17:43:38,820 - INFO - Using device: cuda
2025-10-16 17:43:38,820 - INFO - Dataset: cifar10, Input channels: 3, Classes: 10
2025-10-16 17:43:41,545 - INFO - Using model: vgg16
2025-10-16 17:43:41,546 - INFO - Learning rate schedule: [(60, 0.1), (60, 0.02), (40, 0.004), (40, 0.0008)]
2025-10-16 17:43:41,548 - INFO - Using TensorBoard for visualization
2025-10-16 17:43:41,548 - INFO - Starting training for 200 epochs
2025-10-16 17:43:41,548 - INFO - Epoch 1/200 (lr=0.1)
2025-10-16 17:43:48,355 - INFO - Train Loss: 1.9343, Train Acc: 24.02%, Val Loss: 1.7415, Val Acc: 31.16%
2025-10-16 17:43:48,577 - INFO - New best model saved with accuracy: 31.16%
2025-10-16 17:43:48,577 - INFO - Epoch 2/200 (lr=0.1)
2025-10-16 17:43:55,129 - INFO - Train Loss: 1.6254, Train Acc: 37.17%, Val Loss: 1.5117, Val Acc: 39.81%
2025-10-16 17:43:56,177 - INFO - New best model saved with accuracy: 39.81%
2025-10-16 17:43:56,178 - INFO - Epoch 3/200 (lr=0.1)
2025-10-16 17:44:02,956 - INFO - Train Loss: 1.4066, Train Acc: 47.99%, Val Loss: 1.3846, Val Acc: 51.72%
2025-10-16 17:44:04,123 - INFO - New best model saved with accuracy: 51.72%
2025-10-16 17:44:04,123 - INFO - Epoch 4/200 (lr=0.1)
2025-10-16 17:44:11,155 - INFO - Train Loss: 1.2111, Train Acc: 57.72%, Val Loss: 1.5936, Val Acc: 55.22%
2025-10-16 17:44:12,379 - INFO - New best model saved with accuracy: 55.22%
2025-10-16 17:44:12,380 - INFO - Epoch 5/200 (lr=0.1)
2025-10-16 17:44:19,410 - INFO - Train Loss: 1.0494, Train Acc: 63.83%, Val Loss: 1.3828, Val Acc: 55.98%
2025-10-16 17:44:20,509 - INFO - New best model saved with accuracy: 55.98%
2025-10-16 17:44:20,509 - INFO - Epoch 6/200 (lr=0.1)
2025-10-16 17:44:27,890 - INFO - Train Loss: 0.9321, Train Acc: 67.83%, Val Loss: 1.1403, Val Acc: 65.68%
2025-10-16 17:44:29,025 - INFO - New best model saved with accuracy: 65.68%
2025-10-16 17:44:29,026 - INFO - Epoch 7/200 (lr=0.1)
2025-10-16 17:44:35,985 - INFO - Train Loss: 0.8515, Train Acc: 71.08%, Val Loss: 1.0176, Val Acc: 64.30%
2025-10-16 17:44:35,985 - INFO - Epoch 8/200 (lr=0.1)
2025-10-16 17:44:42,974 - INFO - Train Loss: 0.7893, Train Acc: 73.11%, Val Loss: 0.9030, Val Acc: 71.02%
2025-10-16 17:44:44,304 - INFO - New best model saved with accuracy: 71.02%
2025-10-16 17:44:44,305 - INFO - Epoch 9/200 (lr=0.1)
2025-10-16 17:44:51,855 - INFO - Train Loss: 0.7442, Train Acc: 75.31%, Val Loss: 0.7809, Val Acc: 74.75%
2025-10-16 17:44:52,909 - INFO - New best model saved with accuracy: 74.75%
2025-10-16 17:44:52,910 - INFO - Epoch 10/200 (lr=0.1)
2025-10-16 17:45:00,154 - INFO - Train Loss: 0.7031, Train Acc: 76.68%, Val Loss: 0.6989, Val Acc: 76.47%
2025-10-16 17:45:01,407 - INFO - New best model saved with accuracy: 76.47%
2025-10-16 17:45:01,408 - INFO - Epoch 11/200 (lr=0.1)
2025-10-16 17:45:08,430 - INFO - Train Loss: 0.6631, Train Acc: 78.03%, Val Loss: 0.8172, Val Acc: 73.51%
2025-10-16 17:45:08,430 - INFO - Epoch 12/200 (lr=0.1)
2025-10-16 17:45:15,404 - INFO - Train Loss: 0.6339, Train Acc: 78.93%, Val Loss: 0.6994, Val Acc: 76.94%
2025-10-16 17:45:16,510 - INFO - New best model saved with accuracy: 76.94%
2025-10-16 17:45:16,511 - INFO - Epoch 13/200 (lr=0.1)
2025-10-16 17:45:23,774 - INFO - Train Loss: 0.6223, Train Acc: 79.69%, Val Loss: 0.6924, Val Acc: 77.41%
2025-10-16 17:45:24,814 - INFO - New best model saved with accuracy: 77.41%
2025-10-16 17:45:24,814 - INFO - Epoch 14/200 (lr=0.1)
2025-10-16 17:45:32,070 - INFO - Train Loss: 0.6007, Train Acc: 80.30%, Val Loss: 0.8459, Val Acc: 74.34%
2025-10-16 17:45:32,071 - INFO - Epoch 15/200 (lr=0.1)
2025-10-16 17:45:39,978 - INFO - Train Loss: 0.5813, Train Acc: 80.83%, Val Loss: 0.7265, Val Acc: 77.54%
2025-10-16 17:45:41,316 - INFO - New best model saved with accuracy: 77.54%
2025-10-16 17:45:41,316 - INFO - Epoch 16/200 (lr=0.1)
2025-10-16 17:45:48,460 - INFO - Train Loss: 0.5770, Train Acc: 81.24%, Val Loss: 0.7054, Val Acc: 77.65%
2025-10-16 17:45:49,530 - INFO - New best model saved with accuracy: 77.65%
2025-10-16 17:45:49,531 - INFO - Epoch 17/200 (lr=0.1)
2025-10-16 17:45:56,697 - INFO - Train Loss: 0.5540, Train Acc: 81.77%, Val Loss: 0.7074, Val Acc: 76.80%
2025-10-16 17:45:56,698 - INFO - Epoch 18/200 (lr=0.1)
2025-10-16 17:46:03,867 - INFO - Train Loss: 0.5439, Train Acc: 82.32%, Val Loss: 0.5644, Val Acc: 81.97%
2025-10-16 17:46:05,110 - INFO - New best model saved with accuracy: 81.97%
2025-10-16 17:46:05,111 - INFO - Epoch 19/200 (lr=0.1)
2025-10-16 17:46:12,343 - INFO - Train Loss: 0.5300, Train Acc: 82.61%, Val Loss: 0.5435, Val Acc: 81.32%
2025-10-16 17:46:12,344 - INFO - Epoch 20/200 (lr=0.1)
2025-10-16 17:46:19,578 - INFO - Train Loss: 0.5185, Train Acc: 82.86%, Val Loss: 0.6736, Val Acc: 77.91%
2025-10-16 17:46:19,579 - INFO - Epoch 21/200 (lr=0.1)
2025-10-16 17:46:26,893 - INFO - Train Loss: 0.5153, Train Acc: 83.10%, Val Loss: 0.6527, Val Acc: 78.87%
2025-10-16 17:46:26,893 - INFO - Epoch 22/200 (lr=0.1)
2025-10-16 17:46:34,340 - INFO - Train Loss: 0.5023, Train Acc: 83.62%, Val Loss: 0.5766, Val Acc: 81.35%
2025-10-16 17:46:34,341 - INFO - Epoch 23/200 (lr=0.1)
2025-10-16 17:46:41,268 - INFO - Train Loss: 0.4995, Train Acc: 83.71%, Val Loss: 0.5512, Val Acc: 82.15%
2025-10-16 17:46:42,407 - INFO - New best model saved with accuracy: 82.15%
2025-10-16 17:46:42,408 - INFO - Epoch 24/200 (lr=0.1)
2025-10-16 17:46:49,518 - INFO - Train Loss: 0.4943, Train Acc: 83.85%, Val Loss: 0.4957, Val Acc: 83.68%
2025-10-16 17:46:50,568 - INFO - New best model saved with accuracy: 83.68%
2025-10-16 17:46:50,569 - INFO - Epoch 25/200 (lr=0.1)
2025-10-16 17:46:58,279 - INFO - Train Loss: 0.4857, Train Acc: 84.17%, Val Loss: 0.4787, Val Acc: 84.11%
2025-10-16 17:46:59,346 - INFO - New best model saved with accuracy: 84.11%
2025-10-16 17:46:59,346 - INFO - Epoch 26/200 (lr=0.1)
2025-10-16 17:47:05,681 - INFO - Train Loss: 0.4723, Train Acc: 84.50%, Val Loss: 0.6394, Val Acc: 79.96%
2025-10-16 17:47:05,682 - INFO - Epoch 27/200 (lr=0.1)
2025-10-16 17:47:12,545 - INFO - Train Loss: 0.4655, Train Acc: 84.78%, Val Loss: 0.5540, Val Acc: 82.10%
2025-10-16 17:47:12,546 - INFO - Epoch 28/200 (lr=0.1)
2025-10-16 17:47:19,057 - INFO - Train Loss: 0.4693, Train Acc: 84.72%, Val Loss: 0.5182, Val Acc: 82.87%
2025-10-16 17:47:19,058 - INFO - Epoch 29/200 (lr=0.1)
2025-10-16 17:47:25,722 - INFO - Train Loss: 0.4594, Train Acc: 84.85%, Val Loss: 0.5086, Val Acc: 83.71%
2025-10-16 17:47:25,723 - INFO - Epoch 30/200 (lr=0.1)
2025-10-16 17:47:33,413 - INFO - Train Loss: 0.4602, Train Acc: 84.96%, Val Loss: 0.8661, Val Acc: 75.74%
2025-10-16 17:47:33,413 - INFO - Epoch 31/200 (lr=0.1)
2025-10-16 17:47:40,543 - INFO - Train Loss: 0.4537, Train Acc: 85.26%, Val Loss: 0.7273, Val Acc: 78.21%
2025-10-16 17:47:40,544 - INFO - Epoch 32/200 (lr=0.1)
2025-10-16 17:47:47,726 - INFO - Train Loss: 0.4590, Train Acc: 85.11%, Val Loss: 0.4934, Val Acc: 83.74%
2025-10-16 17:47:47,726 - INFO - Epoch 33/200 (lr=0.1)
2025-10-16 17:47:54,877 - INFO - Train Loss: 0.4546, Train Acc: 85.18%, Val Loss: 0.6417, Val Acc: 79.92%
2025-10-16 17:47:54,877 - INFO - Epoch 34/200 (lr=0.1)
2025-10-16 17:48:02,077 - INFO - Train Loss: 0.4439, Train Acc: 85.63%, Val Loss: 0.4846, Val Acc: 84.67%
2025-10-16 17:48:03,234 - INFO - New best model saved with accuracy: 84.67%
2025-10-16 17:48:03,235 - INFO - Epoch 35/200 (lr=0.1)
2025-10-16 17:48:10,475 - INFO - Train Loss: 0.4324, Train Acc: 85.75%, Val Loss: 0.5158, Val Acc: 83.55%
2025-10-16 17:48:10,476 - INFO - Epoch 36/200 (lr=0.1)
2025-10-16 17:48:17,625 - INFO - Train Loss: 0.4379, Train Acc: 85.97%, Val Loss: 0.8235, Val Acc: 75.86%
2025-10-16 17:48:17,625 - INFO - Epoch 37/200 (lr=0.1)
2025-10-16 17:48:24,150 - INFO - Train Loss: 0.4456, Train Acc: 85.55%, Val Loss: 0.7662, Val Acc: 77.95%
2025-10-16 17:48:24,151 - INFO - Epoch 38/200 (lr=0.1)
2025-10-16 17:48:31,391 - INFO - Train Loss: 0.4365, Train Acc: 85.86%, Val Loss: 0.5425, Val Acc: 83.30%
2025-10-16 17:48:31,392 - INFO - Epoch 39/200 (lr=0.1)
2025-10-16 17:48:38,321 - INFO - Train Loss: 0.4279, Train Acc: 85.88%, Val Loss: 0.5767, Val Acc: 82.03%
2025-10-16 17:48:38,322 - INFO - Epoch 40/200 (lr=0.1)
2025-10-16 17:48:45,584 - INFO - Train Loss: 0.4308, Train Acc: 86.04%, Val Loss: 0.5189, Val Acc: 83.84%
2025-10-16 17:48:45,584 - INFO - Epoch 41/200 (lr=0.1)
2025-10-16 17:48:52,165 - INFO - Train Loss: 0.4299, Train Acc: 86.03%, Val Loss: 0.5827, Val Acc: 81.30%
2025-10-16 17:48:52,166 - INFO - Epoch 42/200 (lr=0.1)
2025-10-16 17:48:59,024 - INFO - Train Loss: 0.4188, Train Acc: 86.29%, Val Loss: 0.4901, Val Acc: 84.68%
2025-10-16 17:49:00,348 - INFO - New best model saved with accuracy: 84.68%
2025-10-16 17:49:00,349 - INFO - Epoch 43/200 (lr=0.1)
2025-10-16 17:49:07,550 - INFO - Train Loss: 0.4246, Train Acc: 86.35%, Val Loss: 0.5900, Val Acc: 80.81%
2025-10-16 17:49:07,551 - INFO - Epoch 44/200 (lr=0.1)
2025-10-16 17:49:15,337 - INFO - Train Loss: 0.4301, Train Acc: 85.90%, Val Loss: 0.6463, Val Acc: 80.20%
2025-10-16 17:49:15,338 - INFO - Epoch 45/200 (lr=0.1)
2025-10-16 17:49:22,786 - INFO - Train Loss: 0.4101, Train Acc: 86.69%, Val Loss: 0.5949, Val Acc: 80.84%
2025-10-16 17:49:22,786 - INFO - Epoch 46/200 (lr=0.1)
2025-10-16 17:49:29,981 - INFO - Train Loss: 0.4201, Train Acc: 86.30%, Val Loss: 0.5452, Val Acc: 83.06%
2025-10-16 17:49:29,982 - INFO - Epoch 47/200 (lr=0.1)
2025-10-16 17:49:36,647 - INFO - Train Loss: 0.4173, Train Acc: 86.35%, Val Loss: 0.4307, Val Acc: 86.61%
2025-10-16 17:49:38,118 - INFO - New best model saved with accuracy: 86.61%
2025-10-16 17:49:38,119 - INFO - Epoch 48/200 (lr=0.1)
2025-10-16 17:49:45,802 - INFO - Train Loss: 0.4153, Train Acc: 86.50%, Val Loss: 0.5242, Val Acc: 82.93%
2025-10-16 17:49:45,803 - INFO - Epoch 49/200 (lr=0.1)
2025-10-16 17:49:53,223 - INFO - Train Loss: 0.4109, Train Acc: 86.70%, Val Loss: 0.8506, Val Acc: 76.28%
2025-10-16 17:49:53,224 - INFO - Epoch 50/200 (lr=0.1)
2025-10-16 17:50:00,526 - INFO - Train Loss: 0.4064, Train Acc: 86.87%, Val Loss: 0.5203, Val Acc: 83.83%
2025-10-16 17:50:00,527 - INFO - Epoch 51/200 (lr=0.1)
2025-10-16 17:50:07,654 - INFO - Train Loss: 0.4080, Train Acc: 86.76%, Val Loss: 0.6141, Val Acc: 80.99%
2025-10-16 17:50:07,654 - INFO - Epoch 52/200 (lr=0.1)
2025-10-16 17:50:14,712 - INFO - Train Loss: 0.4013, Train Acc: 86.88%, Val Loss: 0.6280, Val Acc: 79.40%
2025-10-16 17:50:14,712 - INFO - Epoch 53/200 (lr=0.1)
2025-10-16 17:50:22,012 - INFO - Train Loss: 0.4066, Train Acc: 86.72%, Val Loss: 0.6991, Val Acc: 78.65%
2025-10-16 17:50:22,013 - INFO - Epoch 54/200 (lr=0.1)
2025-10-16 17:50:29,910 - INFO - Train Loss: 0.4044, Train Acc: 86.75%, Val Loss: 1.0051, Val Acc: 74.23%
2025-10-16 17:50:29,911 - INFO - Epoch 55/200 (lr=0.1)
2025-10-16 17:50:36,877 - INFO - Train Loss: 0.4003, Train Acc: 87.05%, Val Loss: 0.4619, Val Acc: 85.34%
2025-10-16 17:50:36,878 - INFO - Epoch 56/200 (lr=0.1)
2025-10-16 17:50:43,600 - INFO - Train Loss: 0.4119, Train Acc: 86.61%, Val Loss: 0.6461, Val Acc: 79.03%
2025-10-16 17:50:43,600 - INFO - Epoch 57/200 (lr=0.1)
2025-10-16 17:50:51,005 - INFO - Train Loss: 0.4049, Train Acc: 86.74%, Val Loss: 0.5700, Val Acc: 82.81%
2025-10-16 17:50:51,005 - INFO - Epoch 58/200 (lr=0.1)
2025-10-16 17:50:57,945 - INFO - Train Loss: 0.3909, Train Acc: 87.18%, Val Loss: 0.5029, Val Acc: 84.34%
2025-10-16 17:50:57,946 - INFO - Epoch 59/200 (lr=0.1)
2025-10-16 17:51:05,047 - INFO - Train Loss: 0.3923, Train Acc: 87.20%, Val Loss: 0.5770, Val Acc: 82.64%
2025-10-16 17:51:05,048 - INFO - Epoch 60/200 (lr=0.1)
2025-10-16 17:51:11,542 - INFO - Train Loss: 0.4051, Train Acc: 86.77%, Val Loss: 0.4937, Val Acc: 84.47%
2025-10-16 17:51:11,542 - INFO - Epoch 61/200 (lr=0.02)
2025-10-16 17:51:18,687 - INFO - Train Loss: 0.2446, Train Acc: 91.89%, Val Loss: 0.2597, Val Acc: 91.57%
2025-10-16 17:51:19,842 - INFO - New best model saved with accuracy: 91.57%
2025-10-16 17:51:19,843 - INFO - Epoch 62/200 (lr=0.02)
2025-10-16 17:51:27,141 - INFO - Train Loss: 0.1965, Train Acc: 93.50%, Val Loss: 0.2436, Val Acc: 92.30%
2025-10-16 17:51:28,178 - INFO - New best model saved with accuracy: 92.30%
2025-10-16 17:51:28,179 - INFO - Epoch 63/200 (lr=0.02)
2025-10-16 17:51:34,960 - INFO - Train Loss: 0.1790, Train Acc: 94.05%, Val Loss: 0.2511, Val Acc: 92.05%
2025-10-16 17:51:34,961 - INFO - Epoch 64/200 (lr=0.02)
2025-10-16 17:51:41,471 - INFO - Train Loss: 0.1658, Train Acc: 94.32%, Val Loss: 0.2473, Val Acc: 91.99%
2025-10-16 17:51:41,472 - INFO - Epoch 65/200 (lr=0.02)
2025-10-16 17:51:48,285 - INFO - Train Loss: 0.1534, Train Acc: 94.87%, Val Loss: 0.2450, Val Acc: 92.35%
2025-10-16 17:51:49,391 - INFO - New best model saved with accuracy: 92.35%
2025-10-16 17:51:49,391 - INFO - Epoch 66/200 (lr=0.02)
2025-10-16 17:51:56,369 - INFO - Train Loss: 0.1504, Train Acc: 94.96%, Val Loss: 0.2748, Val Acc: 91.90%
2025-10-16 17:51:56,370 - INFO - Epoch 67/200 (lr=0.02)
2025-10-16 17:52:03,584 - INFO - Train Loss: 0.1491, Train Acc: 94.93%, Val Loss: 0.2631, Val Acc: 92.16%
2025-10-16 17:52:03,584 - INFO - Epoch 68/200 (lr=0.02)
2025-10-16 17:52:10,431 - INFO - Train Loss: 0.1444, Train Acc: 95.05%, Val Loss: 0.2663, Val Acc: 92.03%
2025-10-16 17:52:10,432 - INFO - Epoch 69/200 (lr=0.02)
2025-10-16 17:52:18,035 - INFO - Train Loss: 0.1409, Train Acc: 95.23%, Val Loss: 0.2627, Val Acc: 91.84%
2025-10-16 17:52:18,036 - INFO - Epoch 70/200 (lr=0.02)
2025-10-16 17:52:25,755 - INFO - Train Loss: 0.1360, Train Acc: 95.51%, Val Loss: 0.2650, Val Acc: 91.70%
2025-10-16 17:52:25,756 - INFO - Epoch 71/200 (lr=0.02)
2025-10-16 17:52:32,466 - INFO - Train Loss: 0.1318, Train Acc: 95.57%, Val Loss: 0.2572, Val Acc: 91.74%
2025-10-16 17:52:32,467 - INFO - Epoch 72/200 (lr=0.02)
2025-10-16 17:52:40,534 - INFO - Train Loss: 0.1320, Train Acc: 95.52%, Val Loss: 0.2664, Val Acc: 92.16%
2025-10-16 17:52:40,534 - INFO - Epoch 73/200 (lr=0.02)
2025-10-16 17:52:47,747 - INFO - Train Loss: 0.1284, Train Acc: 95.79%, Val Loss: 0.2742, Val Acc: 91.43%
2025-10-16 17:52:47,748 - INFO - Epoch 74/200 (lr=0.02)
2025-10-16 17:52:54,739 - INFO - Train Loss: 0.1332, Train Acc: 95.53%, Val Loss: 0.2652, Val Acc: 91.75%
2025-10-16 17:52:54,740 - INFO - Epoch 75/200 (lr=0.02)
2025-10-16 17:53:01,171 - INFO - Train Loss: 0.1282, Train Acc: 95.60%, Val Loss: 0.2984, Val Acc: 90.98%
2025-10-16 17:53:01,172 - INFO - Epoch 76/200 (lr=0.02)
2025-10-16 17:53:08,377 - INFO - Train Loss: 0.1272, Train Acc: 95.74%, Val Loss: 0.2881, Val Acc: 91.53%
2025-10-16 17:53:08,378 - INFO - Epoch 77/200 (lr=0.02)
2025-10-16 17:53:16,176 - INFO - Train Loss: 0.1340, Train Acc: 95.45%, Val Loss: 0.2787, Val Acc: 91.26%
2025-10-16 17:53:16,177 - INFO - Epoch 78/200 (lr=0.02)
2025-10-16 17:53:23,611 - INFO - Train Loss: 0.1304, Train Acc: 95.61%, Val Loss: 0.3326, Val Acc: 90.66%
2025-10-16 17:53:23,612 - INFO - Epoch 79/200 (lr=0.02)
2025-10-16 17:53:31,080 - INFO - Train Loss: 0.1250, Train Acc: 95.76%, Val Loss: 0.3192, Val Acc: 91.01%
2025-10-16 17:53:31,080 - INFO - Epoch 80/200 (lr=0.02)
2025-10-16 17:53:37,914 - INFO - Train Loss: 0.1270, Train Acc: 95.78%, Val Loss: 0.3126, Val Acc: 91.07%
2025-10-16 17:53:37,915 - INFO - Epoch 81/200 (lr=0.02)
2025-10-16 17:53:44,904 - INFO - Train Loss: 0.1259, Train Acc: 95.66%, Val Loss: 0.3095, Val Acc: 91.36%
2025-10-16 17:53:44,905 - INFO - Epoch 82/200 (lr=0.02)
2025-10-16 17:53:51,643 - INFO - Train Loss: 0.1338, Train Acc: 95.45%, Val Loss: 0.2840, Val Acc: 91.38%
2025-10-16 17:53:51,644 - INFO - Epoch 83/200 (lr=0.02)
2025-10-16 17:53:58,711 - INFO - Train Loss: 0.1286, Train Acc: 95.63%, Val Loss: 0.3231, Val Acc: 90.70%
2025-10-16 17:53:58,711 - INFO - Epoch 84/200 (lr=0.02)
2025-10-16 17:54:06,550 - INFO - Train Loss: 0.1334, Train Acc: 95.48%, Val Loss: 0.2755, Val Acc: 91.89%
2025-10-16 17:54:06,551 - INFO - Epoch 85/200 (lr=0.02)
2025-10-16 17:54:14,216 - INFO - Train Loss: 0.1294, Train Acc: 95.64%, Val Loss: 0.2857, Val Acc: 91.46%
2025-10-16 17:54:14,217 - INFO - Epoch 86/200 (lr=0.02)
2025-10-16 17:54:21,344 - INFO - Train Loss: 0.1299, Train Acc: 95.61%, Val Loss: 0.3593, Val Acc: 89.81%
2025-10-16 17:54:21,345 - INFO - Epoch 87/200 (lr=0.02)
2025-10-16 17:54:28,363 - INFO - Train Loss: 0.1310, Train Acc: 95.61%, Val Loss: 0.3024, Val Acc: 91.41%
2025-10-16 17:54:28,364 - INFO - Epoch 88/200 (lr=0.02)
2025-10-16 17:54:35,886 - INFO - Train Loss: 0.1272, Train Acc: 95.74%, Val Loss: 0.3031, Val Acc: 91.34%
2025-10-16 17:54:35,887 - INFO - Epoch 89/200 (lr=0.02)
2025-10-16 17:54:42,593 - INFO - Train Loss: 0.1348, Train Acc: 95.45%, Val Loss: 0.3043, Val Acc: 90.93%
2025-10-16 17:54:42,594 - INFO - Epoch 90/200 (lr=0.02)
2025-10-16 17:54:49,584 - INFO - Train Loss: 0.1268, Train Acc: 95.66%, Val Loss: 0.3138, Val Acc: 90.65%
2025-10-16 17:54:49,585 - INFO - Epoch 91/200 (lr=0.02)
2025-10-16 17:54:56,686 - INFO - Train Loss: 0.1336, Train Acc: 95.45%, Val Loss: 0.3194, Val Acc: 90.51%
2025-10-16 17:54:56,687 - INFO - Epoch 92/200 (lr=0.02)
2025-10-16 17:55:03,757 - INFO - Train Loss: 0.1309, Train Acc: 95.53%, Val Loss: 0.3235, Val Acc: 90.61%
2025-10-16 17:55:03,758 - INFO - Epoch 93/200 (lr=0.02)
2025-10-16 17:55:11,029 - INFO - Train Loss: 0.1307, Train Acc: 95.56%, Val Loss: 0.2940, Val Acc: 91.04%
2025-10-16 17:55:11,030 - INFO - Epoch 94/200 (lr=0.02)
2025-10-16 17:55:17,607 - INFO - Train Loss: 0.1325, Train Acc: 95.49%, Val Loss: 0.2895, Val Acc: 91.26%
2025-10-16 17:55:17,608 - INFO - Epoch 95/200 (lr=0.02)
2025-10-16 17:55:24,597 - INFO - Train Loss: 0.1329, Train Acc: 95.51%, Val Loss: 0.2847, Val Acc: 91.58%
2025-10-16 17:55:24,598 - INFO - Epoch 96/200 (lr=0.02)
2025-10-16 17:55:31,800 - INFO - Train Loss: 0.1255, Train Acc: 95.76%, Val Loss: 0.2989, Val Acc: 90.96%
2025-10-16 17:55:31,801 - INFO - Epoch 97/200 (lr=0.02)
2025-10-16 17:55:38,586 - INFO - Train Loss: 0.1334, Train Acc: 95.48%, Val Loss: 0.3243, Val Acc: 90.91%
2025-10-16 17:55:38,587 - INFO - Epoch 98/200 (lr=0.02)
2025-10-16 17:55:45,877 - INFO - Train Loss: 0.1315, Train Acc: 95.51%, Val Loss: 0.3009, Val Acc: 91.13%
2025-10-16 17:55:45,878 - INFO - Epoch 99/200 (lr=0.02)
2025-10-16 17:55:52,641 - INFO - Train Loss: 0.1284, Train Acc: 95.77%, Val Loss: 0.3169, Val Acc: 90.66%
2025-10-16 17:55:52,642 - INFO - Epoch 100/200 (lr=0.02)
2025-10-16 17:55:59,637 - INFO - Train Loss: 0.1314, Train Acc: 95.59%, Val Loss: 0.3706, Val Acc: 89.42%
2025-10-16 17:55:59,638 - INFO - Epoch 101/200 (lr=0.02)
2025-10-16 17:56:06,883 - INFO - Train Loss: 0.1327, Train Acc: 95.51%, Val Loss: 0.2872, Val Acc: 91.18%
2025-10-16 17:56:06,884 - INFO - Epoch 102/200 (lr=0.02)
2025-10-16 17:56:14,020 - INFO - Train Loss: 0.1298, Train Acc: 95.62%, Val Loss: 0.3123, Val Acc: 91.08%
2025-10-16 17:56:14,020 - INFO - Epoch 103/200 (lr=0.02)
2025-10-16 17:56:20,518 - INFO - Train Loss: 0.1279, Train Acc: 95.68%, Val Loss: 0.3162, Val Acc: 90.94%
2025-10-16 17:56:20,519 - INFO - Epoch 104/200 (lr=0.02)
2025-10-16 17:56:27,817 - INFO - Train Loss: 0.1309, Train Acc: 95.55%, Val Loss: 0.3838, Val Acc: 89.51%
2025-10-16 17:56:27,818 - INFO - Epoch 105/200 (lr=0.02)
2025-10-16 17:56:34,773 - INFO - Train Loss: 0.1302, Train Acc: 95.59%, Val Loss: 0.3282, Val Acc: 90.81%
2025-10-16 17:56:34,774 - INFO - Epoch 106/200 (lr=0.02)
2025-10-16 17:56:41,633 - INFO - Train Loss: 0.1298, Train Acc: 95.69%, Val Loss: 0.3227, Val Acc: 90.79%
2025-10-16 17:56:41,633 - INFO - Epoch 107/200 (lr=0.02)
2025-10-16 17:56:48,911 - INFO - Train Loss: 0.1389, Train Acc: 95.26%, Val Loss: 0.3285, Val Acc: 90.56%
2025-10-16 17:56:48,911 - INFO - Epoch 108/200 (lr=0.02)
2025-10-16 17:56:55,880 - INFO - Train Loss: 0.1291, Train Acc: 95.67%, Val Loss: 0.3514, Val Acc: 90.04%
2025-10-16 17:56:55,881 - INFO - Epoch 109/200 (lr=0.02)
2025-10-16 17:57:02,966 - INFO - Train Loss: 0.1295, Train Acc: 95.59%, Val Loss: 0.3391, Val Acc: 89.73%
2025-10-16 17:57:02,967 - INFO - Epoch 110/200 (lr=0.02)
2025-10-16 17:57:09,859 - INFO - Train Loss: 0.1292, Train Acc: 95.68%, Val Loss: 0.3473, Val Acc: 90.24%
2025-10-16 17:57:09,859 - INFO - Epoch 111/200 (lr=0.02)
2025-10-16 17:57:17,178 - INFO - Train Loss: 0.1219, Train Acc: 95.88%, Val Loss: 0.3488, Val Acc: 90.58%
2025-10-16 17:57:17,179 - INFO - Epoch 112/200 (lr=0.02)
2025-10-16 17:57:24,486 - INFO - Train Loss: 0.1278, Train Acc: 95.75%, Val Loss: 0.3289, Val Acc: 90.44%
2025-10-16 17:57:24,486 - INFO - Epoch 113/200 (lr=0.02)
2025-10-16 17:57:32,842 - INFO - Train Loss: 0.1302, Train Acc: 95.58%, Val Loss: 0.3269, Val Acc: 90.30%
2025-10-16 17:57:32,843 - INFO - Epoch 114/200 (lr=0.02)
2025-10-16 17:57:39,736 - INFO - Train Loss: 0.1257, Train Acc: 95.83%, Val Loss: 0.3038, Val Acc: 91.47%
2025-10-16 17:57:39,737 - INFO - Epoch 115/200 (lr=0.02)
2025-10-16 17:57:46,663 - INFO - Train Loss: 0.1231, Train Acc: 95.88%, Val Loss: 0.3481, Val Acc: 89.88%
2025-10-16 17:57:46,664 - INFO - Epoch 116/200 (lr=0.02)
2025-10-16 17:57:53,547 - INFO - Train Loss: 0.1266, Train Acc: 95.74%, Val Loss: 0.3327, Val Acc: 90.76%
2025-10-16 17:57:53,548 - INFO - Epoch 117/200 (lr=0.02)
2025-10-16 17:58:00,069 - INFO - Train Loss: 0.1297, Train Acc: 95.65%, Val Loss: 0.3188, Val Acc: 90.54%
2025-10-16 17:58:00,070 - INFO - Epoch 118/200 (lr=0.02)
2025-10-16 17:58:07,340 - INFO - Train Loss: 0.1206, Train Acc: 95.99%, Val Loss: 0.3796, Val Acc: 89.63%
2025-10-16 17:58:07,341 - INFO - Epoch 119/200 (lr=0.02)
2025-10-16 17:58:14,187 - INFO - Train Loss: 0.1322, Train Acc: 95.60%, Val Loss: 0.3166, Val Acc: 90.46%
2025-10-16 17:58:14,188 - INFO - Epoch 120/200 (lr=0.02)
2025-10-16 17:58:21,175 - INFO - Train Loss: 0.1241, Train Acc: 95.91%, Val Loss: 0.3218, Val Acc: 90.72%
2025-10-16 17:58:21,175 - INFO - Epoch 121/200 (lr=0.004)
2025-10-16 17:58:27,957 - INFO - Train Loss: 0.0652, Train Acc: 97.87%, Val Loss: 0.2450, Val Acc: 93.14%
2025-10-16 17:58:29,114 - INFO - New best model saved with accuracy: 93.14%
2025-10-16 17:58:29,115 - INFO - Epoch 122/200 (lr=0.004)
2025-10-16 17:58:36,209 - INFO - Train Loss: 0.0452, Train Acc: 98.52%, Val Loss: 0.2504, Val Acc: 93.25%
2025-10-16 17:58:37,500 - INFO - New best model saved with accuracy: 93.25%
2025-10-16 17:58:37,501 - INFO - Epoch 123/200 (lr=0.004)
2025-10-16 17:58:44,527 - INFO - Train Loss: 0.0393, Train Acc: 98.71%, Val Loss: 0.2629, Val Acc: 92.98%
2025-10-16 17:58:44,527 - INFO - Epoch 124/200 (lr=0.004)
2025-10-16 17:58:52,369 - INFO - Train Loss: 0.0379, Train Acc: 98.72%, Val Loss: 0.2598, Val Acc: 93.27%
2025-10-16 17:58:53,535 - INFO - New best model saved with accuracy: 93.27%
2025-10-16 17:58:53,536 - INFO - Epoch 125/200 (lr=0.004)
2025-10-16 17:59:00,972 - INFO - Train Loss: 0.0346, Train Acc: 98.85%, Val Loss: 0.2586, Val Acc: 93.38%
2025-10-16 17:59:02,099 - INFO - New best model saved with accuracy: 93.38%
2025-10-16 17:59:02,100 - INFO - Epoch 126/200 (lr=0.004)
2025-10-16 17:59:09,596 - INFO - Train Loss: 0.0329, Train Acc: 98.94%, Val Loss: 0.2589, Val Acc: 93.35%
2025-10-16 17:59:09,597 - INFO - Epoch 127/200 (lr=0.004)
2025-10-16 17:59:17,306 - INFO - Train Loss: 0.0296, Train Acc: 98.99%, Val Loss: 0.2688, Val Acc: 93.27%
2025-10-16 17:59:17,307 - INFO - Epoch 128/200 (lr=0.004)
2025-10-16 17:59:24,685 - INFO - Train Loss: 0.0282, Train Acc: 99.03%, Val Loss: 0.2657, Val Acc: 93.45%
2025-10-16 17:59:25,884 - INFO - New best model saved with accuracy: 93.45%
2025-10-16 17:59:25,884 - INFO - Epoch 129/200 (lr=0.004)
2025-10-16 17:59:33,509 - INFO - Train Loss: 0.0263, Train Acc: 99.11%, Val Loss: 0.2771, Val Acc: 93.23%
2025-10-16 17:59:33,510 - INFO - Epoch 130/200 (lr=0.004)
2025-10-16 17:59:40,559 - INFO - Train Loss: 0.0259, Train Acc: 99.13%, Val Loss: 0.2795, Val Acc: 93.25%
2025-10-16 17:59:40,560 - INFO - Epoch 131/200 (lr=0.004)
2025-10-16 17:59:47,817 - INFO - Train Loss: 0.0241, Train Acc: 99.20%, Val Loss: 0.2736, Val Acc: 93.54%
2025-10-16 17:59:48,908 - INFO - New best model saved with accuracy: 93.54%
2025-10-16 17:59:48,908 - INFO - Epoch 132/200 (lr=0.004)
2025-10-16 17:59:56,124 - INFO - Train Loss: 0.0235, Train Acc: 99.20%, Val Loss: 0.2767, Val Acc: 93.41%
2025-10-16 17:59:56,125 - INFO - Epoch 133/200 (lr=0.004)
2025-10-16 18:00:03,755 - INFO - Train Loss: 0.0240, Train Acc: 99.20%, Val Loss: 0.2815, Val Acc: 93.38%
2025-10-16 18:00:03,755 - INFO - Epoch 134/200 (lr=0.004)
2025-10-16 18:00:10,967 - INFO - Train Loss: 0.0220, Train Acc: 99.28%, Val Loss: 0.2854, Val Acc: 93.27%
2025-10-16 18:00:10,968 - INFO - Epoch 135/200 (lr=0.004)
2025-10-16 18:00:18,703 - INFO - Train Loss: 0.0226, Train Acc: 99.24%, Val Loss: 0.2947, Val Acc: 92.96%
2025-10-16 18:00:18,704 - INFO - Epoch 136/200 (lr=0.004)
2025-10-16 18:00:26,639 - INFO - Train Loss: 0.0210, Train Acc: 99.31%, Val Loss: 0.2921, Val Acc: 93.17%
2025-10-16 18:00:26,639 - INFO - Epoch 137/200 (lr=0.004)
2025-10-16 18:00:33,587 - INFO - Train Loss: 0.0225, Train Acc: 99.24%, Val Loss: 0.2778, Val Acc: 93.41%
2025-10-16 18:00:33,588 - INFO - Epoch 138/200 (lr=0.004)
2025-10-16 18:00:40,942 - INFO - Train Loss: 0.0218, Train Acc: 99.27%, Val Loss: 0.2815, Val Acc: 93.37%
2025-10-16 18:00:40,942 - INFO - Epoch 139/200 (lr=0.004)
2025-10-16 18:00:47,360 - INFO - Train Loss: 0.0203, Train Acc: 99.35%, Val Loss: 0.2809, Val Acc: 93.36%
2025-10-16 18:00:47,361 - INFO - Epoch 140/200 (lr=0.004)
2025-10-16 18:00:54,493 - INFO - Train Loss: 0.0221, Train Acc: 99.29%, Val Loss: 0.2877, Val Acc: 93.26%
2025-10-16 18:00:54,494 - INFO - Epoch 141/200 (lr=0.004)
2025-10-16 18:01:01,481 - INFO - Train Loss: 0.0221, Train Acc: 99.27%, Val Loss: 0.2899, Val Acc: 93.27%
2025-10-16 18:01:01,481 - INFO - Epoch 142/200 (lr=0.004)
2025-10-16 18:01:08,688 - INFO - Train Loss: 0.0207, Train Acc: 99.33%, Val Loss: 0.2967, Val Acc: 93.15%
2025-10-16 18:01:08,689 - INFO - Epoch 143/200 (lr=0.004)
2025-10-16 18:01:15,320 - INFO - Train Loss: 0.0203, Train Acc: 99.35%, Val Loss: 0.3051, Val Acc: 93.01%
2025-10-16 18:01:15,321 - INFO - Epoch 144/200 (lr=0.004)
2025-10-16 18:01:22,090 - INFO - Train Loss: 0.0229, Train Acc: 99.25%, Val Loss: 0.2987, Val Acc: 93.24%
2025-10-16 18:01:22,091 - INFO - Epoch 145/200 (lr=0.004)
2025-10-16 18:01:28,997 - INFO - Train Loss: 0.0213, Train Acc: 99.27%, Val Loss: 0.2840, Val Acc: 93.26%
2025-10-16 18:01:28,997 - INFO - Epoch 146/200 (lr=0.004)
2025-10-16 18:01:36,674 - INFO - Train Loss: 0.0212, Train Acc: 99.30%, Val Loss: 0.2826, Val Acc: 93.29%
2025-10-16 18:01:36,675 - INFO - Epoch 147/200 (lr=0.004)
2025-10-16 18:01:43,355 - INFO - Train Loss: 0.0201, Train Acc: 99.36%, Val Loss: 0.3046, Val Acc: 93.05%
2025-10-16 18:01:43,355 - INFO - Epoch 148/200 (lr=0.004)
2025-10-16 18:01:50,576 - INFO - Train Loss: 0.0200, Train Acc: 99.33%, Val Loss: 0.2821, Val Acc: 93.20%
2025-10-16 18:01:50,577 - INFO - Epoch 149/200 (lr=0.004)
2025-10-16 18:01:57,837 - INFO - Train Loss: 0.0201, Train Acc: 99.36%, Val Loss: 0.2887, Val Acc: 93.11%
2025-10-16 18:01:57,838 - INFO - Epoch 150/200 (lr=0.004)
2025-10-16 18:02:04,873 - INFO - Train Loss: 0.0190, Train Acc: 99.37%, Val Loss: 0.2903, Val Acc: 93.08%
2025-10-16 18:02:04,874 - INFO - Epoch 151/200 (lr=0.004)
2025-10-16 18:02:11,570 - INFO - Train Loss: 0.0195, Train Acc: 99.39%, Val Loss: 0.2897, Val Acc: 93.24%
2025-10-16 18:02:11,570 - INFO - Epoch 152/200 (lr=0.004)
2025-10-16 18:02:18,650 - INFO - Train Loss: 0.0187, Train Acc: 99.42%, Val Loss: 0.2842, Val Acc: 93.20%
2025-10-16 18:02:18,651 - INFO - Epoch 153/200 (lr=0.004)
2025-10-16 18:02:25,509 - INFO - Train Loss: 0.0178, Train Acc: 99.44%, Val Loss: 0.2936, Val Acc: 92.88%
2025-10-16 18:02:25,510 - INFO - Epoch 154/200 (lr=0.004)
2025-10-16 18:02:32,596 - INFO - Train Loss: 0.0198, Train Acc: 99.33%, Val Loss: 0.2927, Val Acc: 93.19%
2025-10-16 18:02:32,597 - INFO - Epoch 155/200 (lr=0.004)
2025-10-16 18:02:39,345 - INFO - Train Loss: 0.0188, Train Acc: 99.37%, Val Loss: 0.2879, Val Acc: 93.35%
2025-10-16 18:02:39,346 - INFO - Epoch 156/200 (lr=0.004)
2025-10-16 18:02:45,998 - INFO - Train Loss: 0.0217, Train Acc: 99.29%, Val Loss: 0.2927, Val Acc: 93.26%
2025-10-16 18:02:45,999 - INFO - Epoch 157/200 (lr=0.004)
2025-10-16 18:02:53,457 - INFO - Train Loss: 0.0202, Train Acc: 99.34%, Val Loss: 0.2784, Val Acc: 93.36%
2025-10-16 18:02:53,458 - INFO - Epoch 158/200 (lr=0.004)
2025-10-16 18:02:59,875 - INFO - Train Loss: 0.0197, Train Acc: 99.38%, Val Loss: 0.3103, Val Acc: 92.80%
2025-10-16 18:02:59,875 - INFO - Epoch 159/200 (lr=0.004)
2025-10-16 18:03:07,289 - INFO - Train Loss: 0.0192, Train Acc: 99.40%, Val Loss: 0.3016, Val Acc: 93.15%
2025-10-16 18:03:07,290 - INFO - Epoch 160/200 (lr=0.004)
2025-10-16 18:03:13,706 - INFO - Train Loss: 0.0179, Train Acc: 99.41%, Val Loss: 0.2851, Val Acc: 93.11%
2025-10-16 18:03:13,707 - INFO - Epoch 161/200 (lr=0.0008)
2025-10-16 18:03:20,164 - INFO - Train Loss: 0.0149, Train Acc: 99.52%, Val Loss: 0.2754, Val Acc: 93.40%
2025-10-16 18:03:20,165 - INFO - Epoch 162/200 (lr=0.0008)
2025-10-16 18:03:27,166 - INFO - Train Loss: 0.0123, Train Acc: 99.63%, Val Loss: 0.2677, Val Acc: 93.64%
2025-10-16 18:03:28,198 - INFO - New best model saved with accuracy: 93.64%
2025-10-16 18:03:28,199 - INFO - Epoch 163/200 (lr=0.0008)
2025-10-16 18:03:34,822 - INFO - Train Loss: 0.0112, Train Acc: 99.65%, Val Loss: 0.2680, Val Acc: 93.75%
2025-10-16 18:03:36,026 - INFO - New best model saved with accuracy: 93.75%
2025-10-16 18:03:36,027 - INFO - Epoch 164/200 (lr=0.0008)
2025-10-16 18:03:43,168 - INFO - Train Loss: 0.0124, Train Acc: 99.58%, Val Loss: 0.2690, Val Acc: 93.69%
2025-10-16 18:03:43,169 - INFO - Epoch 165/200 (lr=0.0008)
2025-10-16 18:03:50,571 - INFO - Train Loss: 0.0096, Train Acc: 99.71%, Val Loss: 0.2743, Val Acc: 93.66%
2025-10-16 18:03:50,572 - INFO - Epoch 166/200 (lr=0.0008)
2025-10-16 18:03:57,157 - INFO - Train Loss: 0.0099, Train Acc: 99.71%, Val Loss: 0.2736, Val Acc: 93.65%
2025-10-16 18:03:57,158 - INFO - Epoch 167/200 (lr=0.0008)
2025-10-16 18:04:04,618 - INFO - Train Loss: 0.0097, Train Acc: 99.72%, Val Loss: 0.2767, Val Acc: 93.54%
2025-10-16 18:04:04,619 - INFO - Epoch 168/200 (lr=0.0008)
2025-10-16 18:04:11,706 - INFO - Train Loss: 0.0092, Train Acc: 99.73%, Val Loss: 0.2790, Val Acc: 93.80%
2025-10-16 18:04:12,711 - INFO - New best model saved with accuracy: 93.80%
2025-10-16 18:04:12,711 - INFO - Epoch 169/200 (lr=0.0008)
2025-10-16 18:04:19,790 - INFO - Train Loss: 0.0095, Train Acc: 99.72%, Val Loss: 0.2717, Val Acc: 93.76%
2025-10-16 18:04:19,791 - INFO - Epoch 170/200 (lr=0.0008)
2025-10-16 18:04:27,016 - INFO - Train Loss: 0.0100, Train Acc: 99.66%, Val Loss: 0.2730, Val Acc: 93.90%
2025-10-16 18:04:28,065 - INFO - New best model saved with accuracy: 93.90%
2025-10-16 18:04:28,065 - INFO - Epoch 171/200 (lr=0.0008)
2025-10-16 18:04:35,635 - INFO - Train Loss: 0.0096, Train Acc: 99.70%, Val Loss: 0.2734, Val Acc: 93.67%
2025-10-16 18:04:35,636 - INFO - Epoch 172/200 (lr=0.0008)
2025-10-16 18:04:42,789 - INFO - Train Loss: 0.0097, Train Acc: 99.70%, Val Loss: 0.2752, Val Acc: 93.66%
2025-10-16 18:04:42,790 - INFO - Epoch 173/200 (lr=0.0008)
2025-10-16 18:04:49,485 - INFO - Train Loss: 0.0084, Train Acc: 99.73%, Val Loss: 0.2814, Val Acc: 93.64%
2025-10-16 18:04:49,486 - INFO - Epoch 174/200 (lr=0.0008)
2025-10-16 18:04:56,753 - INFO - Train Loss: 0.0080, Train Acc: 99.73%, Val Loss: 0.2800, Val Acc: 93.75%
2025-10-16 18:04:56,754 - INFO - Epoch 175/200 (lr=0.0008)
2025-10-16 18:05:03,870 - INFO - Train Loss: 0.0091, Train Acc: 99.73%, Val Loss: 0.2788, Val Acc: 93.81%
2025-10-16 18:05:03,871 - INFO - Epoch 176/200 (lr=0.0008)
2025-10-16 18:05:10,841 - INFO - Train Loss: 0.0086, Train Acc: 99.73%, Val Loss: 0.2801, Val Acc: 93.63%
2025-10-16 18:05:10,842 - INFO - Epoch 177/200 (lr=0.0008)
2025-10-16 18:05:18,611 - INFO - Train Loss: 0.0093, Train Acc: 99.73%, Val Loss: 0.2833, Val Acc: 93.85%
2025-10-16 18:05:18,611 - INFO - Epoch 178/200 (lr=0.0008)
2025-10-16 18:05:25,336 - INFO - Train Loss: 0.0081, Train Acc: 99.76%, Val Loss: 0.2819, Val Acc: 93.77%
2025-10-16 18:05:25,337 - INFO - Epoch 179/200 (lr=0.0008)
2025-10-16 18:05:32,163 - INFO - Train Loss: 0.0078, Train Acc: 99.78%, Val Loss: 0.2812, Val Acc: 93.70%
2025-10-16 18:05:32,164 - INFO - Epoch 180/200 (lr=0.0008)
2025-10-16 18:05:39,634 - INFO - Train Loss: 0.0084, Train Acc: 99.75%, Val Loss: 0.2861, Val Acc: 93.67%
2025-10-16 18:05:39,635 - INFO - Epoch 181/200 (lr=0.0008)
2025-10-16 18:05:46,978 - INFO - Train Loss: 0.0077, Train Acc: 99.77%, Val Loss: 0.2820, Val Acc: 93.78%
2025-10-16 18:05:46,978 - INFO - Epoch 182/200 (lr=0.0008)
2025-10-16 18:05:53,662 - INFO - Train Loss: 0.0069, Train Acc: 99.80%, Val Loss: 0.2815, Val Acc: 93.77%
2025-10-16 18:05:53,663 - INFO - Epoch 183/200 (lr=0.0008)
2025-10-16 18:06:00,882 - INFO - Train Loss: 0.0089, Train Acc: 99.74%, Val Loss: 0.2798, Val Acc: 93.74%
2025-10-16 18:06:00,883 - INFO - Epoch 184/200 (lr=0.0008)
2025-10-16 18:06:07,824 - INFO - Train Loss: 0.0081, Train Acc: 99.75%, Val Loss: 0.2794, Val Acc: 93.73%
2025-10-16 18:06:07,825 - INFO - Epoch 185/200 (lr=0.0008)
2025-10-16 18:06:14,943 - INFO - Train Loss: 0.0076, Train Acc: 99.77%, Val Loss: 0.2879, Val Acc: 93.69%
2025-10-16 18:06:14,943 - INFO - Epoch 186/200 (lr=0.0008)
2025-10-16 18:06:21,813 - INFO - Train Loss: 0.0076, Train Acc: 99.76%, Val Loss: 0.2833, Val Acc: 93.70%
2025-10-16 18:06:21,814 - INFO - Epoch 187/200 (lr=0.0008)
2025-10-16 18:06:28,501 - INFO - Train Loss: 0.0077, Train Acc: 99.76%, Val Loss: 0.2852, Val Acc: 93.86%
2025-10-16 18:06:28,501 - INFO - Epoch 188/200 (lr=0.0008)
2025-10-16 18:06:35,611 - INFO - Train Loss: 0.0073, Train Acc: 99.78%, Val Loss: 0.2882, Val Acc: 93.67%
2025-10-16 18:06:35,611 - INFO - Epoch 189/200 (lr=0.0008)
2025-10-16 18:06:42,903 - INFO - Train Loss: 0.0082, Train Acc: 99.77%, Val Loss: 0.2847, Val Acc: 93.79%
2025-10-16 18:06:42,904 - INFO - Epoch 190/200 (lr=0.0008)
2025-10-16 18:06:49,913 - INFO - Train Loss: 0.0074, Train Acc: 99.78%, Val Loss: 0.2830, Val Acc: 93.87%
2025-10-16 18:06:49,914 - INFO - Epoch 191/200 (lr=0.0008)
2025-10-16 18:06:57,483 - INFO - Train Loss: 0.0072, Train Acc: 99.81%, Val Loss: 0.2834, Val Acc: 93.77%
2025-10-16 18:06:57,484 - INFO - Epoch 192/200 (lr=0.0008)
2025-10-16 18:07:04,144 - INFO - Train Loss: 0.0078, Train Acc: 99.77%, Val Loss: 0.2829, Val Acc: 93.79%
2025-10-16 18:07:04,144 - INFO - Epoch 193/200 (lr=0.0008)
2025-10-16 18:07:11,198 - INFO - Train Loss: 0.0063, Train Acc: 99.82%, Val Loss: 0.2795, Val Acc: 93.81%
2025-10-16 18:07:11,199 - INFO - Epoch 194/200 (lr=0.0008)
2025-10-16 18:07:18,297 - INFO - Train Loss: 0.0066, Train Acc: 99.81%, Val Loss: 0.2856, Val Acc: 93.74%
2025-10-16 18:07:18,297 - INFO - Epoch 195/200 (lr=0.0008)
2025-10-16 18:07:25,063 - INFO - Train Loss: 0.0071, Train Acc: 99.78%, Val Loss: 0.2863, Val Acc: 93.76%
2025-10-16 18:07:25,064 - INFO - Epoch 196/200 (lr=0.0008)
2025-10-16 18:07:32,042 - INFO - Train Loss: 0.0078, Train Acc: 99.77%, Val Loss: 0.2855, Val Acc: 93.73%
2025-10-16 18:07:32,043 - INFO - Epoch 197/200 (lr=0.0008)
2025-10-16 18:07:38,785 - INFO - Train Loss: 0.0064, Train Acc: 99.80%, Val Loss: 0.2919, Val Acc: 93.90%
2025-10-16 18:07:38,785 - INFO - Epoch 198/200 (lr=0.0008)
2025-10-16 18:07:45,890 - INFO - Train Loss: 0.0070, Train Acc: 99.79%, Val Loss: 0.2879, Val Acc: 93.88%
2025-10-16 18:07:45,890 - INFO - Epoch 199/200 (lr=0.0008)
2025-10-16 18:07:52,507 - INFO - Train Loss: 0.0076, Train Acc: 99.77%, Val Loss: 0.2881, Val Acc: 93.82%
2025-10-16 18:07:52,508 - INFO - Epoch 200/200 (lr=0.0008)
2025-10-16 18:07:59,518 - INFO - Train Loss: 0.0072, Train Acc: 99.80%, Val Loss: 0.2946, Val Acc: 93.72%
2025-10-16 18:07:59,519 - INFO - Training completed. Best validation accuracy: 93.90%
