2025-10-16 16:43:47,646 - INFO - Starting CNN training script
2025-10-16 16:43:47,646 - INFO - Arguments: {'model': 'resnet18', 'dataset': 'cifar100', 'data_dir': './data', 'batch_size': 256, 'num_workers': 4, 'epochs': 200, 'lr': 0.1, 'lr_schedule': '60:0.1,60:0.02,40:0.004,40:0.0008', 'output_dir': './experiments/resnet18_cifar100_20251016_164347'}
2025-10-16 16:43:48,943 - INFO - Using device: cuda
2025-10-16 16:43:48,943 - INFO - Dataset: cifar100, Input channels: 3, Classes: 100
2025-10-16 16:43:52,470 - INFO - Using model: resnet18
2025-10-16 16:43:52,472 - INFO - Learning rate schedule: [(60, 0.1), (60, 0.02), (40, 0.004), (40, 0.0008)]
2025-10-16 16:43:52,502 - INFO - Using TensorBoard for visualization
2025-10-16 16:43:52,502 - INFO - Starting training for 200 epochs
2025-10-16 16:43:52,502 - INFO - Epoch 1/200 (lr=0.1)
2025-10-16 16:44:04,094 - INFO - Train Loss: 3.8699, Train Acc: 10.33%, Val Loss: 3.9359, Val Acc: 10.65%
2025-10-16 16:44:04,182 - INFO - New best model saved with accuracy: 10.65%
2025-10-16 16:44:04,182 - INFO - Epoch 2/200 (lr=0.1)
2025-10-16 16:44:11,222 - INFO - Train Loss: 3.3387, Train Acc: 18.45%, Val Loss: 4.1696, Val Acc: 10.41%
2025-10-16 16:44:11,222 - INFO - Epoch 3/200 (lr=0.1)
2025-10-16 16:44:17,849 - INFO - Train Loss: 3.0738, Train Acc: 23.57%, Val Loss: 3.7774, Val Acc: 15.72%
2025-10-16 16:44:18,323 - INFO - New best model saved with accuracy: 15.72%
2025-10-16 16:44:18,323 - INFO - Epoch 4/200 (lr=0.1)
2025-10-16 16:44:25,563 - INFO - Train Loss: 2.8908, Train Acc: 27.03%, Val Loss: 3.8784, Val Acc: 18.23%
2025-10-16 16:44:25,902 - INFO - New best model saved with accuracy: 18.23%
2025-10-16 16:44:25,903 - INFO - Epoch 5/200 (lr=0.1)
2025-10-16 16:44:32,990 - INFO - Train Loss: 2.7436, Train Acc: 29.93%, Val Loss: 3.1435, Val Acc: 24.89%
2025-10-16 16:44:33,326 - INFO - New best model saved with accuracy: 24.89%
2025-10-16 16:44:33,326 - INFO - Epoch 6/200 (lr=0.1)
2025-10-16 16:44:40,136 - INFO - Train Loss: 2.6043, Train Acc: 33.00%, Val Loss: 3.5645, Val Acc: 20.14%
2025-10-16 16:44:40,136 - INFO - Epoch 7/200 (lr=0.1)
2025-10-16 16:44:46,654 - INFO - Train Loss: 2.4944, Train Acc: 35.05%, Val Loss: 3.1696, Val Acc: 24.33%
2025-10-16 16:44:46,655 - INFO - Epoch 8/200 (lr=0.1)
2025-10-16 16:44:53,690 - INFO - Train Loss: 2.3950, Train Acc: 37.11%, Val Loss: 2.9222, Val Acc: 28.87%
2025-10-16 16:44:54,104 - INFO - New best model saved with accuracy: 28.87%
2025-10-16 16:44:54,104 - INFO - Epoch 9/200 (lr=0.1)
2025-10-16 16:45:01,082 - INFO - Train Loss: 2.2944, Train Acc: 39.14%, Val Loss: 3.0430, Val Acc: 28.31%
2025-10-16 16:45:01,083 - INFO - Epoch 10/200 (lr=0.1)
2025-10-16 16:45:07,752 - INFO - Train Loss: 2.2102, Train Acc: 41.19%, Val Loss: 2.8978, Val Acc: 29.00%
2025-10-16 16:45:08,127 - INFO - New best model saved with accuracy: 29.00%
2025-10-16 16:45:08,127 - INFO - Epoch 11/200 (lr=0.1)
2025-10-16 16:45:15,189 - INFO - Train Loss: 2.1341, Train Acc: 42.73%, Val Loss: 2.9566, Val Acc: 29.78%
2025-10-16 16:45:15,558 - INFO - New best model saved with accuracy: 29.78%
2025-10-16 16:45:15,558 - INFO - Epoch 12/200 (lr=0.1)
2025-10-16 16:45:23,095 - INFO - Train Loss: 2.0674, Train Acc: 44.09%, Val Loss: 2.5066, Val Acc: 36.42%
2025-10-16 16:45:23,485 - INFO - New best model saved with accuracy: 36.42%
2025-10-16 16:45:23,485 - INFO - Epoch 13/200 (lr=0.1)
2025-10-16 16:45:30,666 - INFO - Train Loss: 1.9917, Train Acc: 45.78%, Val Loss: 2.6144, Val Acc: 36.12%
2025-10-16 16:45:30,667 - INFO - Epoch 14/200 (lr=0.1)
2025-10-16 16:45:37,518 - INFO - Train Loss: 1.9247, Train Acc: 47.54%, Val Loss: 2.5410, Val Acc: 36.07%
2025-10-16 16:45:37,519 - INFO - Epoch 15/200 (lr=0.1)
2025-10-16 16:45:44,494 - INFO - Train Loss: 1.8695, Train Acc: 48.51%, Val Loss: 2.6327, Val Acc: 35.28%
2025-10-16 16:45:44,494 - INFO - Epoch 16/200 (lr=0.1)
2025-10-16 16:45:51,464 - INFO - Train Loss: 1.8116, Train Acc: 49.79%, Val Loss: 2.4366, Val Acc: 39.17%
2025-10-16 16:45:52,017 - INFO - New best model saved with accuracy: 39.17%
2025-10-16 16:45:52,017 - INFO - Epoch 17/200 (lr=0.1)
2025-10-16 16:45:58,866 - INFO - Train Loss: 1.7506, Train Acc: 51.31%, Val Loss: 2.5760, Val Acc: 37.64%
2025-10-16 16:45:58,867 - INFO - Epoch 18/200 (lr=0.1)
2025-10-16 16:46:05,415 - INFO - Train Loss: 1.6931, Train Acc: 52.73%, Val Loss: 2.2842, Val Acc: 41.98%
2025-10-16 16:46:05,823 - INFO - New best model saved with accuracy: 41.98%
2025-10-16 16:46:05,823 - INFO - Epoch 19/200 (lr=0.1)
2025-10-16 16:46:12,523 - INFO - Train Loss: 1.6457, Train Acc: 53.69%, Val Loss: 2.6159, Val Acc: 37.81%
2025-10-16 16:46:12,524 - INFO - Epoch 20/200 (lr=0.1)
2025-10-16 16:46:19,675 - INFO - Train Loss: 1.5873, Train Acc: 55.02%, Val Loss: 2.3583, Val Acc: 41.29%
2025-10-16 16:46:19,676 - INFO - Epoch 21/200 (lr=0.1)
2025-10-16 16:46:26,251 - INFO - Train Loss: 1.5360, Train Acc: 56.29%, Val Loss: 2.3673, Val Acc: 41.76%
2025-10-16 16:46:26,252 - INFO - Epoch 22/200 (lr=0.1)
2025-10-16 16:46:33,319 - INFO - Train Loss: 1.4951, Train Acc: 57.26%, Val Loss: 2.3022, Val Acc: 42.72%
2025-10-16 16:46:33,653 - INFO - New best model saved with accuracy: 42.72%
2025-10-16 16:46:33,653 - INFO - Epoch 23/200 (lr=0.1)
2025-10-16 16:46:40,511 - INFO - Train Loss: 1.4443, Train Acc: 58.49%, Val Loss: 2.4216, Val Acc: 41.60%
2025-10-16 16:46:40,512 - INFO - Epoch 24/200 (lr=0.1)
2025-10-16 16:46:47,203 - INFO - Train Loss: 1.4057, Train Acc: 59.19%, Val Loss: 2.3248, Val Acc: 42.93%
2025-10-16 16:46:47,606 - INFO - New best model saved with accuracy: 42.93%
2025-10-16 16:46:47,606 - INFO - Epoch 25/200 (lr=0.1)
2025-10-16 16:46:54,204 - INFO - Train Loss: 1.3516, Train Acc: 60.77%, Val Loss: 2.5171, Val Acc: 40.44%
2025-10-16 16:46:54,205 - INFO - Epoch 26/200 (lr=0.1)
2025-10-16 16:47:00,894 - INFO - Train Loss: 1.2932, Train Acc: 62.32%, Val Loss: 2.5470, Val Acc: 40.88%
2025-10-16 16:47:00,895 - INFO - Epoch 27/200 (lr=0.1)
2025-10-16 16:47:07,831 - INFO - Train Loss: 1.2576, Train Acc: 63.13%, Val Loss: 2.4838, Val Acc: 41.69%
2025-10-16 16:47:07,832 - INFO - Epoch 28/200 (lr=0.1)
2025-10-16 16:47:14,449 - INFO - Train Loss: 1.2239, Train Acc: 63.91%, Val Loss: 2.4951, Val Acc: 41.58%
2025-10-16 16:47:14,450 - INFO - Epoch 29/200 (lr=0.1)
2025-10-16 16:47:20,878 - INFO - Train Loss: 1.1820, Train Acc: 64.96%, Val Loss: 2.4354, Val Acc: 43.29%
2025-10-16 16:47:21,437 - INFO - New best model saved with accuracy: 43.29%
2025-10-16 16:47:21,437 - INFO - Epoch 30/200 (lr=0.1)
2025-10-16 16:47:28,464 - INFO - Train Loss: 1.1331, Train Acc: 66.37%, Val Loss: 2.4540, Val Acc: 43.35%
2025-10-16 16:47:28,887 - INFO - New best model saved with accuracy: 43.35%
2025-10-16 16:47:28,887 - INFO - Epoch 31/200 (lr=0.1)
2025-10-16 16:47:36,020 - INFO - Train Loss: 1.0907, Train Acc: 67.24%, Val Loss: 2.3685, Val Acc: 44.98%
2025-10-16 16:47:36,494 - INFO - New best model saved with accuracy: 44.98%
2025-10-16 16:47:36,494 - INFO - Epoch 32/200 (lr=0.1)
2025-10-16 16:47:43,152 - INFO - Train Loss: 1.0486, Train Acc: 68.57%, Val Loss: 2.6098, Val Acc: 41.01%
2025-10-16 16:47:43,153 - INFO - Epoch 33/200 (lr=0.1)
2025-10-16 16:47:50,013 - INFO - Train Loss: 1.0141, Train Acc: 69.38%, Val Loss: 2.4405, Val Acc: 45.79%
2025-10-16 16:47:50,369 - INFO - New best model saved with accuracy: 45.79%
2025-10-16 16:47:50,369 - INFO - Epoch 34/200 (lr=0.1)
2025-10-16 16:47:56,974 - INFO - Train Loss: 0.9625, Train Acc: 70.90%, Val Loss: 2.5082, Val Acc: 43.19%
2025-10-16 16:47:56,974 - INFO - Epoch 35/200 (lr=0.1)
2025-10-16 16:48:03,816 - INFO - Train Loss: 0.9256, Train Acc: 71.84%, Val Loss: 2.4445, Val Acc: 45.62%
2025-10-16 16:48:03,816 - INFO - Epoch 36/200 (lr=0.1)
2025-10-16 16:48:10,740 - INFO - Train Loss: 0.8931, Train Acc: 72.65%, Val Loss: 2.7177, Val Acc: 41.23%
2025-10-16 16:48:10,740 - INFO - Epoch 37/200 (lr=0.1)
2025-10-16 16:48:17,483 - INFO - Train Loss: 0.8478, Train Acc: 74.21%, Val Loss: 2.5421, Val Acc: 45.26%
2025-10-16 16:48:17,484 - INFO - Epoch 38/200 (lr=0.1)
2025-10-16 16:48:23,844 - INFO - Train Loss: 0.8187, Train Acc: 75.09%, Val Loss: 2.6771, Val Acc: 42.41%
2025-10-16 16:48:23,845 - INFO - Epoch 39/200 (lr=0.1)
2025-10-16 16:48:30,507 - INFO - Train Loss: 0.7709, Train Acc: 76.12%, Val Loss: 2.7447, Val Acc: 42.32%
2025-10-16 16:48:30,508 - INFO - Epoch 40/200 (lr=0.1)
2025-10-16 16:48:36,908 - INFO - Train Loss: 0.7455, Train Acc: 76.92%, Val Loss: 2.6083, Val Acc: 44.69%
2025-10-16 16:48:36,909 - INFO - Epoch 41/200 (lr=0.1)
2025-10-16 16:48:44,438 - INFO - Train Loss: 0.7146, Train Acc: 77.76%, Val Loss: 2.4837, Val Acc: 47.51%
2025-10-16 16:48:44,818 - INFO - New best model saved with accuracy: 47.51%
2025-10-16 16:48:44,818 - INFO - Epoch 42/200 (lr=0.1)
2025-10-16 16:48:52,305 - INFO - Train Loss: 0.6873, Train Acc: 78.77%, Val Loss: 2.6337, Val Acc: 44.55%
2025-10-16 16:48:52,305 - INFO - Epoch 43/200 (lr=0.1)
2025-10-16 16:48:59,108 - INFO - Train Loss: 0.6559, Train Acc: 79.63%, Val Loss: 2.5793, Val Acc: 46.23%
2025-10-16 16:48:59,108 - INFO - Epoch 44/200 (lr=0.1)
2025-10-16 16:49:06,230 - INFO - Train Loss: 0.6165, Train Acc: 80.79%, Val Loss: 2.6549, Val Acc: 45.62%
2025-10-16 16:49:06,231 - INFO - Epoch 45/200 (lr=0.1)
2025-10-16 16:49:12,946 - INFO - Train Loss: 0.5872, Train Acc: 81.58%, Val Loss: 2.8281, Val Acc: 43.69%
2025-10-16 16:49:12,947 - INFO - Epoch 46/200 (lr=0.1)
2025-10-16 16:49:19,964 - INFO - Train Loss: 0.5615, Train Acc: 82.57%, Val Loss: 3.0110, Val Acc: 41.89%
2025-10-16 16:49:19,965 - INFO - Epoch 47/200 (lr=0.1)
2025-10-16 16:49:26,947 - INFO - Train Loss: 0.5405, Train Acc: 82.90%, Val Loss: 2.8349, Val Acc: 45.69%
2025-10-16 16:49:26,948 - INFO - Epoch 48/200 (lr=0.1)
2025-10-16 16:49:33,767 - INFO - Train Loss: 0.5098, Train Acc: 84.14%, Val Loss: 2.7919, Val Acc: 45.70%
2025-10-16 16:49:33,768 - INFO - Epoch 49/200 (lr=0.1)
2025-10-16 16:49:40,648 - INFO - Train Loss: 0.4878, Train Acc: 84.63%, Val Loss: 2.9306, Val Acc: 43.94%
2025-10-16 16:49:40,648 - INFO - Epoch 50/200 (lr=0.1)
2025-10-16 16:49:47,168 - INFO - Train Loss: 0.4680, Train Acc: 85.25%, Val Loss: 2.8355, Val Acc: 46.35%
2025-10-16 16:49:47,169 - INFO - Epoch 51/200 (lr=0.1)
2025-10-16 16:49:53,563 - INFO - Train Loss: 0.4441, Train Acc: 86.17%, Val Loss: 2.9466, Val Acc: 44.21%
2025-10-16 16:49:53,564 - INFO - Epoch 52/200 (lr=0.1)
2025-10-16 16:50:00,296 - INFO - Train Loss: 0.4233, Train Acc: 86.91%, Val Loss: 2.7338, Val Acc: 47.79%
2025-10-16 16:50:00,674 - INFO - New best model saved with accuracy: 47.79%
2025-10-16 16:50:00,675 - INFO - Epoch 53/200 (lr=0.1)
2025-10-16 16:50:07,738 - INFO - Train Loss: 0.4065, Train Acc: 87.28%, Val Loss: 2.8851, Val Acc: 46.26%
2025-10-16 16:50:07,738 - INFO - Epoch 54/200 (lr=0.1)
2025-10-16 16:50:14,687 - INFO - Train Loss: 0.3874, Train Acc: 87.77%, Val Loss: 2.8171, Val Acc: 46.63%
2025-10-16 16:50:14,688 - INFO - Epoch 55/200 (lr=0.1)
2025-10-16 16:50:21,851 - INFO - Train Loss: 0.3616, Train Acc: 88.77%, Val Loss: 3.2277, Val Acc: 43.48%
2025-10-16 16:50:21,852 - INFO - Epoch 56/200 (lr=0.1)
2025-10-16 16:50:28,375 - INFO - Train Loss: 0.3538, Train Acc: 88.87%, Val Loss: 2.8619, Val Acc: 47.23%
2025-10-16 16:50:28,376 - INFO - Epoch 57/200 (lr=0.1)
2025-10-16 16:50:35,454 - INFO - Train Loss: 0.3391, Train Acc: 89.39%, Val Loss: 2.8746, Val Acc: 47.00%
2025-10-16 16:50:35,455 - INFO - Epoch 58/200 (lr=0.1)
2025-10-16 16:50:42,398 - INFO - Train Loss: 0.3258, Train Acc: 89.85%, Val Loss: 2.9342, Val Acc: 46.33%
2025-10-16 16:50:42,399 - INFO - Epoch 59/200 (lr=0.1)
2025-10-16 16:50:48,984 - INFO - Train Loss: 0.3059, Train Acc: 90.56%, Val Loss: 3.0896, Val Acc: 44.91%
2025-10-16 16:50:48,985 - INFO - Epoch 60/200 (lr=0.1)
2025-10-16 16:50:56,284 - INFO - Train Loss: 0.2961, Train Acc: 90.81%, Val Loss: 2.9445, Val Acc: 47.47%
2025-10-16 16:50:56,285 - INFO - Epoch 61/200 (lr=0.02)
2025-10-16 16:51:02,782 - INFO - Train Loss: 0.1743, Train Acc: 95.05%, Val Loss: 2.5733, Val Acc: 51.60%
2025-10-16 16:51:03,199 - INFO - New best model saved with accuracy: 51.60%
2025-10-16 16:51:03,200 - INFO - Epoch 62/200 (lr=0.02)
2025-10-16 16:51:09,768 - INFO - Train Loss: 0.1253, Train Acc: 96.80%, Val Loss: 2.5818, Val Acc: 51.73%
2025-10-16 16:51:10,118 - INFO - New best model saved with accuracy: 51.73%
2025-10-16 16:51:10,118 - INFO - Epoch 63/200 (lr=0.02)
2025-10-16 16:51:16,923 - INFO - Train Loss: 0.1079, Train Acc: 97.40%, Val Loss: 2.5788, Val Acc: 52.03%
2025-10-16 16:51:17,310 - INFO - New best model saved with accuracy: 52.03%
2025-10-16 16:51:17,311 - INFO - Epoch 64/200 (lr=0.02)
2025-10-16 16:51:24,362 - INFO - Train Loss: 0.1010, Train Acc: 97.59%, Val Loss: 2.5875, Val Acc: 52.10%
2025-10-16 16:51:24,717 - INFO - New best model saved with accuracy: 52.10%
2025-10-16 16:51:24,718 - INFO - Epoch 65/200 (lr=0.02)
2025-10-16 16:51:31,992 - INFO - Train Loss: 0.0928, Train Acc: 97.82%, Val Loss: 2.6073, Val Acc: 51.93%
2025-10-16 16:51:31,993 - INFO - Epoch 66/200 (lr=0.02)
2025-10-16 16:51:39,155 - INFO - Train Loss: 0.0897, Train Acc: 97.92%, Val Loss: 2.5979, Val Acc: 51.84%
2025-10-16 16:51:39,156 - INFO - Epoch 67/200 (lr=0.02)
2025-10-16 16:51:45,867 - INFO - Train Loss: 0.0877, Train Acc: 97.98%, Val Loss: 2.6024, Val Acc: 51.93%
2025-10-16 16:51:45,868 - INFO - Epoch 68/200 (lr=0.02)
2025-10-16 16:51:52,766 - INFO - Train Loss: 0.0807, Train Acc: 98.20%, Val Loss: 2.6170, Val Acc: 52.28%
2025-10-16 16:51:53,117 - INFO - New best model saved with accuracy: 52.28%
2025-10-16 16:51:53,117 - INFO - Epoch 69/200 (lr=0.02)
2025-10-16 16:51:59,990 - INFO - Train Loss: 0.0783, Train Acc: 98.23%, Val Loss: 2.6197, Val Acc: 52.23%
2025-10-16 16:51:59,991 - INFO - Epoch 70/200 (lr=0.02)
2025-10-16 16:52:06,872 - INFO - Train Loss: 0.0749, Train Acc: 98.33%, Val Loss: 2.6479, Val Acc: 52.07%
2025-10-16 16:52:06,873 - INFO - Epoch 71/200 (lr=0.02)
2025-10-16 16:52:13,436 - INFO - Train Loss: 0.0733, Train Acc: 98.41%, Val Loss: 2.6485, Val Acc: 52.13%
2025-10-16 16:52:13,436 - INFO - Epoch 72/200 (lr=0.02)
2025-10-16 16:52:20,081 - INFO - Train Loss: 0.0724, Train Acc: 98.32%, Val Loss: 2.6558, Val Acc: 52.16%
2025-10-16 16:52:20,082 - INFO - Epoch 73/200 (lr=0.02)
2025-10-16 16:52:27,039 - INFO - Train Loss: 0.0670, Train Acc: 98.54%, Val Loss: 2.6658, Val Acc: 52.12%
2025-10-16 16:52:27,040 - INFO - Epoch 74/200 (lr=0.02)
2025-10-16 16:52:33,636 - INFO - Train Loss: 0.0672, Train Acc: 98.52%, Val Loss: 2.6803, Val Acc: 52.16%
2025-10-16 16:52:33,637 - INFO - Epoch 75/200 (lr=0.02)
2025-10-16 16:52:40,454 - INFO - Train Loss: 0.0630, Train Acc: 98.67%, Val Loss: 2.6800, Val Acc: 52.27%
2025-10-16 16:52:40,455 - INFO - Epoch 76/200 (lr=0.02)
2025-10-16 16:52:47,446 - INFO - Train Loss: 0.0624, Train Acc: 98.69%, Val Loss: 2.6704, Val Acc: 52.24%
2025-10-16 16:52:47,447 - INFO - Epoch 77/200 (lr=0.02)
2025-10-16 16:52:54,270 - INFO - Train Loss: 0.0619, Train Acc: 98.66%, Val Loss: 2.6791, Val Acc: 51.90%
2025-10-16 16:52:54,271 - INFO - Epoch 78/200 (lr=0.02)
2025-10-16 16:53:01,110 - INFO - Train Loss: 0.0605, Train Acc: 98.73%, Val Loss: 2.6842, Val Acc: 52.22%
2025-10-16 16:53:01,110 - INFO - Epoch 79/200 (lr=0.02)
2025-10-16 16:53:08,057 - INFO - Train Loss: 0.0583, Train Acc: 98.77%, Val Loss: 2.6924, Val Acc: 52.29%
2025-10-16 16:53:08,418 - INFO - New best model saved with accuracy: 52.29%
2025-10-16 16:53:08,418 - INFO - Epoch 80/200 (lr=0.02)
2025-10-16 16:53:14,914 - INFO - Train Loss: 0.0591, Train Acc: 98.70%, Val Loss: 2.6989, Val Acc: 52.23%
2025-10-16 16:53:14,915 - INFO - Epoch 81/200 (lr=0.02)
2025-10-16 16:53:21,484 - INFO - Train Loss: 0.0575, Train Acc: 98.72%, Val Loss: 2.7123, Val Acc: 52.09%
2025-10-16 16:53:21,485 - INFO - Epoch 82/200 (lr=0.02)
2025-10-16 16:53:28,493 - INFO - Train Loss: 0.0547, Train Acc: 98.85%, Val Loss: 2.7108, Val Acc: 52.49%
2025-10-16 16:53:28,865 - INFO - New best model saved with accuracy: 52.49%
2025-10-16 16:53:28,865 - INFO - Epoch 83/200 (lr=0.02)
2025-10-16 16:53:35,363 - INFO - Train Loss: 0.0541, Train Acc: 98.85%, Val Loss: 2.7219, Val Acc: 52.08%
2025-10-16 16:53:35,364 - INFO - Epoch 84/200 (lr=0.02)
2025-10-16 16:53:42,037 - INFO - Train Loss: 0.0549, Train Acc: 98.87%, Val Loss: 2.7315, Val Acc: 52.16%
2025-10-16 16:53:42,038 - INFO - Epoch 85/200 (lr=0.02)
2025-10-16 16:53:48,804 - INFO - Train Loss: 0.0524, Train Acc: 98.93%, Val Loss: 2.7232, Val Acc: 52.25%
2025-10-16 16:53:48,805 - INFO - Epoch 86/200 (lr=0.02)
2025-10-16 16:53:55,998 - INFO - Train Loss: 0.0504, Train Acc: 98.95%, Val Loss: 2.7312, Val Acc: 52.29%
2025-10-16 16:53:55,999 - INFO - Epoch 87/200 (lr=0.02)
2025-10-16 16:54:03,306 - INFO - Train Loss: 0.0508, Train Acc: 98.92%, Val Loss: 2.7326, Val Acc: 51.99%
2025-10-16 16:54:03,307 - INFO - Epoch 88/200 (lr=0.02)
2025-10-16 16:54:10,014 - INFO - Train Loss: 0.0493, Train Acc: 98.96%, Val Loss: 2.7442, Val Acc: 51.80%
2025-10-16 16:54:10,015 - INFO - Epoch 89/200 (lr=0.02)
2025-10-16 16:54:16,764 - INFO - Train Loss: 0.0490, Train Acc: 99.02%, Val Loss: 2.7481, Val Acc: 51.75%
2025-10-16 16:54:16,765 - INFO - Epoch 90/200 (lr=0.02)
2025-10-16 16:54:23,620 - INFO - Train Loss: 0.0488, Train Acc: 99.01%, Val Loss: 2.7542, Val Acc: 51.69%
2025-10-16 16:54:23,621 - INFO - Epoch 91/200 (lr=0.02)
2025-10-16 16:54:30,270 - INFO - Train Loss: 0.0474, Train Acc: 99.04%, Val Loss: 2.7436, Val Acc: 51.95%
2025-10-16 16:54:30,271 - INFO - Epoch 92/200 (lr=0.02)
2025-10-16 16:54:37,107 - INFO - Train Loss: 0.0452, Train Acc: 99.08%, Val Loss: 2.7606, Val Acc: 52.33%
2025-10-16 16:54:37,107 - INFO - Epoch 93/200 (lr=0.02)
2025-10-16 16:54:43,638 - INFO - Train Loss: 0.0446, Train Acc: 99.11%, Val Loss: 2.7533, Val Acc: 52.12%
2025-10-16 16:54:43,638 - INFO - Epoch 94/200 (lr=0.02)
2025-10-16 16:54:50,260 - INFO - Train Loss: 0.0444, Train Acc: 99.11%, Val Loss: 2.7725, Val Acc: 52.10%
2025-10-16 16:54:50,261 - INFO - Epoch 95/200 (lr=0.02)
2025-10-16 16:54:57,379 - INFO - Train Loss: 0.0445, Train Acc: 99.10%, Val Loss: 2.7807, Val Acc: 52.06%
2025-10-16 16:54:57,379 - INFO - Epoch 96/200 (lr=0.02)
2025-10-16 16:55:03,933 - INFO - Train Loss: 0.0447, Train Acc: 99.04%, Val Loss: 2.7801, Val Acc: 51.93%
2025-10-16 16:55:03,934 - INFO - Epoch 97/200 (lr=0.02)
2025-10-16 16:55:10,560 - INFO - Train Loss: 0.0439, Train Acc: 99.09%, Val Loss: 2.7798, Val Acc: 52.00%
2025-10-16 16:55:10,561 - INFO - Epoch 98/200 (lr=0.02)
2025-10-16 16:55:17,259 - INFO - Train Loss: 0.0414, Train Acc: 99.20%, Val Loss: 2.7975, Val Acc: 51.87%
2025-10-16 16:55:17,260 - INFO - Epoch 99/200 (lr=0.02)
2025-10-16 16:55:24,513 - INFO - Train Loss: 0.0444, Train Acc: 99.11%, Val Loss: 2.7985, Val Acc: 51.98%
2025-10-16 16:55:24,513 - INFO - Epoch 100/200 (lr=0.02)
2025-10-16 16:55:31,507 - INFO - Train Loss: 0.0421, Train Acc: 99.16%, Val Loss: 2.8168, Val Acc: 51.64%
2025-10-16 16:55:31,508 - INFO - Epoch 101/200 (lr=0.02)
2025-10-16 16:55:38,600 - INFO - Train Loss: 0.0394, Train Acc: 99.24%, Val Loss: 2.8065, Val Acc: 51.64%
2025-10-16 16:55:38,601 - INFO - Epoch 102/200 (lr=0.02)
2025-10-16 16:55:45,308 - INFO - Train Loss: 0.0401, Train Acc: 99.18%, Val Loss: 2.8177, Val Acc: 51.81%
2025-10-16 16:55:45,309 - INFO - Epoch 103/200 (lr=0.02)
2025-10-16 16:55:52,506 - INFO - Train Loss: 0.0401, Train Acc: 99.17%, Val Loss: 2.8104, Val Acc: 52.06%
2025-10-16 16:55:52,506 - INFO - Epoch 104/200 (lr=0.02)
2025-10-16 16:55:58,952 - INFO - Train Loss: 0.0404, Train Acc: 99.17%, Val Loss: 2.8129, Val Acc: 51.95%
2025-10-16 16:55:58,953 - INFO - Epoch 105/200 (lr=0.02)
2025-10-16 16:56:05,785 - INFO - Train Loss: 0.0397, Train Acc: 99.17%, Val Loss: 2.8217, Val Acc: 51.89%
2025-10-16 16:56:05,786 - INFO - Epoch 106/200 (lr=0.02)
2025-10-16 16:56:12,750 - INFO - Train Loss: 0.0402, Train Acc: 99.18%, Val Loss: 2.8142, Val Acc: 52.02%
2025-10-16 16:56:12,750 - INFO - Epoch 107/200 (lr=0.02)
2025-10-16 16:56:19,256 - INFO - Train Loss: 0.0368, Train Acc: 99.25%, Val Loss: 2.8123, Val Acc: 52.02%
2025-10-16 16:56:19,257 - INFO - Epoch 108/200 (lr=0.02)
2025-10-16 16:56:25,689 - INFO - Train Loss: 0.0372, Train Acc: 99.29%, Val Loss: 2.8308, Val Acc: 52.20%
2025-10-16 16:56:25,690 - INFO - Epoch 109/200 (lr=0.02)
2025-10-16 16:56:32,191 - INFO - Train Loss: 0.0374, Train Acc: 99.25%, Val Loss: 2.8388, Val Acc: 52.02%
2025-10-16 16:56:32,191 - INFO - Epoch 110/200 (lr=0.02)
2025-10-16 16:56:38,962 - INFO - Train Loss: 0.0384, Train Acc: 99.22%, Val Loss: 2.8361, Val Acc: 52.04%
2025-10-16 16:56:38,963 - INFO - Epoch 111/200 (lr=0.02)
2025-10-16 16:56:45,871 - INFO - Train Loss: 0.0368, Train Acc: 99.27%, Val Loss: 2.8412, Val Acc: 51.78%
2025-10-16 16:56:45,871 - INFO - Epoch 112/200 (lr=0.02)
2025-10-16 16:56:52,481 - INFO - Train Loss: 0.0337, Train Acc: 99.34%, Val Loss: 2.8413, Val Acc: 51.95%
2025-10-16 16:56:52,482 - INFO - Epoch 113/200 (lr=0.02)
2025-10-16 16:56:59,843 - INFO - Train Loss: 0.0355, Train Acc: 99.31%, Val Loss: 2.8452, Val Acc: 52.00%
2025-10-16 16:56:59,844 - INFO - Epoch 114/200 (lr=0.02)
2025-10-16 16:57:06,932 - INFO - Train Loss: 0.0345, Train Acc: 99.34%, Val Loss: 2.8425, Val Acc: 51.89%
2025-10-16 16:57:06,933 - INFO - Epoch 115/200 (lr=0.02)
2025-10-16 16:57:13,555 - INFO - Train Loss: 0.0342, Train Acc: 99.32%, Val Loss: 2.8404, Val Acc: 52.18%
2025-10-16 16:57:13,556 - INFO - Epoch 116/200 (lr=0.02)
2025-10-16 16:57:20,596 - INFO - Train Loss: 0.0334, Train Acc: 99.34%, Val Loss: 2.8428, Val Acc: 51.87%
2025-10-16 16:57:20,597 - INFO - Epoch 117/200 (lr=0.02)
2025-10-16 16:57:27,384 - INFO - Train Loss: 0.0331, Train Acc: 99.34%, Val Loss: 2.8485, Val Acc: 51.89%
2025-10-16 16:57:27,385 - INFO - Epoch 118/200 (lr=0.02)
2025-10-16 16:57:34,422 - INFO - Train Loss: 0.0323, Train Acc: 99.40%, Val Loss: 2.8636, Val Acc: 51.72%
2025-10-16 16:57:34,422 - INFO - Epoch 119/200 (lr=0.02)
2025-10-16 16:57:41,000 - INFO - Train Loss: 0.0328, Train Acc: 99.34%, Val Loss: 2.8721, Val Acc: 51.91%
2025-10-16 16:57:41,000 - INFO - Epoch 120/200 (lr=0.02)
2025-10-16 16:57:48,123 - INFO - Train Loss: 0.0333, Train Acc: 99.30%, Val Loss: 2.8662, Val Acc: 51.94%
2025-10-16 16:57:48,124 - INFO - Epoch 121/200 (lr=0.004)
2025-10-16 16:57:55,024 - INFO - Train Loss: 0.0304, Train Acc: 99.44%, Val Loss: 2.8664, Val Acc: 52.21%
2025-10-16 16:57:55,024 - INFO - Epoch 122/200 (lr=0.004)
2025-10-16 16:58:02,023 - INFO - Train Loss: 0.0297, Train Acc: 99.43%, Val Loss: 2.8601, Val Acc: 52.06%
2025-10-16 16:58:02,023 - INFO - Epoch 123/200 (lr=0.004)
2025-10-16 16:58:08,642 - INFO - Train Loss: 0.0300, Train Acc: 99.39%, Val Loss: 2.8677, Val Acc: 52.03%
2025-10-16 16:58:08,643 - INFO - Epoch 124/200 (lr=0.004)
2025-10-16 16:58:15,080 - INFO - Train Loss: 0.0280, Train Acc: 99.50%, Val Loss: 2.8695, Val Acc: 52.07%
2025-10-16 16:58:15,080 - INFO - Epoch 125/200 (lr=0.004)
2025-10-16 16:58:21,752 - INFO - Train Loss: 0.0283, Train Acc: 99.46%, Val Loss: 2.8616, Val Acc: 52.08%
2025-10-16 16:58:21,753 - INFO - Epoch 126/200 (lr=0.004)
2025-10-16 16:58:28,506 - INFO - Train Loss: 0.0272, Train Acc: 99.55%, Val Loss: 2.8609, Val Acc: 52.11%
2025-10-16 16:58:28,507 - INFO - Epoch 127/200 (lr=0.004)
2025-10-16 16:58:35,182 - INFO - Train Loss: 0.0295, Train Acc: 99.41%, Val Loss: 2.8618, Val Acc: 51.97%
2025-10-16 16:58:35,183 - INFO - Epoch 128/200 (lr=0.004)
2025-10-16 16:58:41,766 - INFO - Train Loss: 0.0270, Train Acc: 99.51%, Val Loss: 2.8634, Val Acc: 52.03%
2025-10-16 16:58:41,767 - INFO - Epoch 129/200 (lr=0.004)
2025-10-16 16:58:48,841 - INFO - Train Loss: 0.0286, Train Acc: 99.41%, Val Loss: 2.8637, Val Acc: 52.16%
2025-10-16 16:58:48,841 - INFO - Epoch 130/200 (lr=0.004)
2025-10-16 16:58:55,535 - INFO - Train Loss: 0.0271, Train Acc: 99.52%, Val Loss: 2.8623, Val Acc: 52.10%
2025-10-16 16:58:55,536 - INFO - Epoch 131/200 (lr=0.004)
2025-10-16 16:59:02,243 - INFO - Train Loss: 0.0272, Train Acc: 99.52%, Val Loss: 2.8551, Val Acc: 51.99%
2025-10-16 16:59:02,244 - INFO - Epoch 132/200 (lr=0.004)
2025-10-16 16:59:08,900 - INFO - Train Loss: 0.0274, Train Acc: 99.51%, Val Loss: 2.8651, Val Acc: 52.14%
2025-10-16 16:59:08,901 - INFO - Epoch 133/200 (lr=0.004)
2025-10-16 16:59:16,045 - INFO - Train Loss: 0.0271, Train Acc: 99.47%, Val Loss: 2.8655, Val Acc: 52.12%
2025-10-16 16:59:16,046 - INFO - Epoch 134/200 (lr=0.004)
2025-10-16 16:59:22,698 - INFO - Train Loss: 0.0277, Train Acc: 99.44%, Val Loss: 2.8684, Val Acc: 51.90%
2025-10-16 16:59:22,699 - INFO - Epoch 135/200 (lr=0.004)
2025-10-16 16:59:29,444 - INFO - Train Loss: 0.0265, Train Acc: 99.55%, Val Loss: 2.8643, Val Acc: 52.12%
2025-10-16 16:59:29,444 - INFO - Epoch 136/200 (lr=0.004)
2025-10-16 16:59:35,949 - INFO - Train Loss: 0.0269, Train Acc: 99.50%, Val Loss: 2.8643, Val Acc: 52.14%
2025-10-16 16:59:35,949 - INFO - Epoch 137/200 (lr=0.004)
2025-10-16 16:59:42,524 - INFO - Train Loss: 0.0267, Train Acc: 99.51%, Val Loss: 2.8558, Val Acc: 52.20%
2025-10-16 16:59:42,524 - INFO - Epoch 138/200 (lr=0.004)
2025-10-16 16:59:49,088 - INFO - Train Loss: 0.0267, Train Acc: 99.52%, Val Loss: 2.8620, Val Acc: 52.16%
2025-10-16 16:59:49,089 - INFO - Epoch 139/200 (lr=0.004)
2025-10-16 16:59:56,048 - INFO - Train Loss: 0.0280, Train Acc: 99.48%, Val Loss: 2.8631, Val Acc: 52.02%
2025-10-16 16:59:56,049 - INFO - Epoch 140/200 (lr=0.004)
2025-10-16 17:00:02,631 - INFO - Train Loss: 0.0259, Train Acc: 99.54%, Val Loss: 2.8687, Val Acc: 52.25%
2025-10-16 17:00:02,632 - INFO - Epoch 141/200 (lr=0.004)
2025-10-16 17:00:09,076 - INFO - Train Loss: 0.0272, Train Acc: 99.48%, Val Loss: 2.8643, Val Acc: 52.34%
2025-10-16 17:00:09,077 - INFO - Epoch 142/200 (lr=0.004)
2025-10-16 17:00:15,725 - INFO - Train Loss: 0.0267, Train Acc: 99.51%, Val Loss: 2.8681, Val Acc: 52.18%
2025-10-16 17:00:15,726 - INFO - Epoch 143/200 (lr=0.004)
2025-10-16 17:00:22,482 - INFO - Train Loss: 0.0252, Train Acc: 99.54%, Val Loss: 2.8641, Val Acc: 52.16%
2025-10-16 17:00:22,483 - INFO - Epoch 144/200 (lr=0.004)
2025-10-16 17:00:29,544 - INFO - Train Loss: 0.0269, Train Acc: 99.53%, Val Loss: 2.8631, Val Acc: 52.10%
2025-10-16 17:00:29,545 - INFO - Epoch 145/200 (lr=0.004)
2025-10-16 17:00:36,759 - INFO - Train Loss: 0.0257, Train Acc: 99.52%, Val Loss: 2.8643, Val Acc: 52.20%
2025-10-16 17:00:36,759 - INFO - Epoch 146/200 (lr=0.004)
2025-10-16 17:00:43,837 - INFO - Train Loss: 0.0270, Train Acc: 99.47%, Val Loss: 2.8686, Val Acc: 52.18%
2025-10-16 17:00:43,838 - INFO - Epoch 147/200 (lr=0.004)
2025-10-16 17:00:50,637 - INFO - Train Loss: 0.0253, Train Acc: 99.56%, Val Loss: 2.8681, Val Acc: 52.42%
2025-10-16 17:00:50,637 - INFO - Epoch 148/200 (lr=0.004)
2025-10-16 17:00:57,862 - INFO - Train Loss: 0.0252, Train Acc: 99.55%, Val Loss: 2.8686, Val Acc: 52.11%
2025-10-16 17:00:57,862 - INFO - Epoch 149/200 (lr=0.004)
2025-10-16 17:01:04,472 - INFO - Train Loss: 0.0251, Train Acc: 99.56%, Val Loss: 2.8632, Val Acc: 52.26%
2025-10-16 17:01:04,473 - INFO - Epoch 150/200 (lr=0.004)
2025-10-16 17:01:11,185 - INFO - Train Loss: 0.0256, Train Acc: 99.57%, Val Loss: 2.8785, Val Acc: 52.21%
2025-10-16 17:01:11,186 - INFO - Epoch 151/200 (lr=0.004)
2025-10-16 17:01:17,859 - INFO - Train Loss: 0.0265, Train Acc: 99.52%, Val Loss: 2.8767, Val Acc: 51.95%
2025-10-16 17:01:17,860 - INFO - Epoch 152/200 (lr=0.004)
2025-10-16 17:01:24,652 - INFO - Train Loss: 0.0257, Train Acc: 99.51%, Val Loss: 2.8629, Val Acc: 52.31%
2025-10-16 17:01:24,653 - INFO - Epoch 153/200 (lr=0.004)
2025-10-16 17:01:31,598 - INFO - Train Loss: 0.0247, Train Acc: 99.56%, Val Loss: 2.8647, Val Acc: 52.01%
2025-10-16 17:01:31,599 - INFO - Epoch 154/200 (lr=0.004)
2025-10-16 17:01:38,767 - INFO - Train Loss: 0.0246, Train Acc: 99.58%, Val Loss: 2.8730, Val Acc: 52.29%
2025-10-16 17:01:38,767 - INFO - Epoch 155/200 (lr=0.004)
2025-10-16 17:01:45,814 - INFO - Train Loss: 0.0242, Train Acc: 99.56%, Val Loss: 2.8737, Val Acc: 52.21%
2025-10-16 17:01:45,815 - INFO - Epoch 156/200 (lr=0.004)
2025-10-16 17:01:52,999 - INFO - Train Loss: 0.0252, Train Acc: 99.53%, Val Loss: 2.8755, Val Acc: 51.94%
2025-10-16 17:01:53,000 - INFO - Epoch 157/200 (lr=0.004)
2025-10-16 17:01:59,990 - INFO - Train Loss: 0.0255, Train Acc: 99.52%, Val Loss: 2.8779, Val Acc: 52.10%
2025-10-16 17:01:59,991 - INFO - Epoch 158/200 (lr=0.004)
2025-10-16 17:02:06,741 - INFO - Train Loss: 0.0245, Train Acc: 99.55%, Val Loss: 2.8760, Val Acc: 52.19%
2025-10-16 17:02:06,742 - INFO - Epoch 159/200 (lr=0.004)
2025-10-16 17:02:13,841 - INFO - Train Loss: 0.0242, Train Acc: 99.55%, Val Loss: 2.8810, Val Acc: 52.03%
2025-10-16 17:02:13,842 - INFO - Epoch 160/200 (lr=0.004)
2025-10-16 17:02:20,692 - INFO - Train Loss: 0.0234, Train Acc: 99.60%, Val Loss: 2.8718, Val Acc: 52.20%
2025-10-16 17:02:20,692 - INFO - Epoch 161/200 (lr=0.0008)
2025-10-16 17:02:27,794 - INFO - Train Loss: 0.0238, Train Acc: 99.59%, Val Loss: 2.8656, Val Acc: 52.45%
2025-10-16 17:02:27,794 - INFO - Epoch 162/200 (lr=0.0008)
2025-10-16 17:02:34,442 - INFO - Train Loss: 0.0247, Train Acc: 99.58%, Val Loss: 2.8774, Val Acc: 52.17%
2025-10-16 17:02:34,443 - INFO - Epoch 163/200 (lr=0.0008)
2025-10-16 17:02:41,604 - INFO - Train Loss: 0.0239, Train Acc: 99.57%, Val Loss: 2.8724, Val Acc: 52.03%
2025-10-16 17:02:41,604 - INFO - Epoch 164/200 (lr=0.0008)
2025-10-16 17:02:48,494 - INFO - Train Loss: 0.0243, Train Acc: 99.58%, Val Loss: 2.8778, Val Acc: 52.17%
2025-10-16 17:02:48,494 - INFO - Epoch 165/200 (lr=0.0008)
2025-10-16 17:02:54,946 - INFO - Train Loss: 0.0233, Train Acc: 99.62%, Val Loss: 2.8777, Val Acc: 52.15%
2025-10-16 17:02:54,947 - INFO - Epoch 166/200 (lr=0.0008)
2025-10-16 17:03:01,617 - INFO - Train Loss: 0.0240, Train Acc: 99.57%, Val Loss: 2.8752, Val Acc: 52.18%
2025-10-16 17:03:01,618 - INFO - Epoch 167/200 (lr=0.0008)
2025-10-16 17:03:08,509 - INFO - Train Loss: 0.0243, Train Acc: 99.56%, Val Loss: 2.8703, Val Acc: 52.22%
2025-10-16 17:03:08,510 - INFO - Epoch 168/200 (lr=0.0008)
2025-10-16 17:03:15,751 - INFO - Train Loss: 0.0250, Train Acc: 99.55%, Val Loss: 2.8779, Val Acc: 52.05%
2025-10-16 17:03:15,752 - INFO - Epoch 169/200 (lr=0.0008)
2025-10-16 17:03:22,898 - INFO - Train Loss: 0.0244, Train Acc: 99.56%, Val Loss: 2.8792, Val Acc: 52.25%
2025-10-16 17:03:22,898 - INFO - Epoch 170/200 (lr=0.0008)
2025-10-16 17:03:30,018 - INFO - Train Loss: 0.0252, Train Acc: 99.53%, Val Loss: 2.8784, Val Acc: 52.31%
2025-10-16 17:03:30,018 - INFO - Epoch 171/200 (lr=0.0008)
2025-10-16 17:03:37,138 - INFO - Train Loss: 0.0249, Train Acc: 99.53%, Val Loss: 2.8679, Val Acc: 52.16%
2025-10-16 17:03:37,139 - INFO - Epoch 172/200 (lr=0.0008)
2025-10-16 17:03:44,364 - INFO - Train Loss: 0.0238, Train Acc: 99.57%, Val Loss: 2.8746, Val Acc: 51.99%
2025-10-16 17:03:44,368 - INFO - Epoch 173/200 (lr=0.0008)
2025-10-16 17:03:51,468 - INFO - Train Loss: 0.0238, Train Acc: 99.57%, Val Loss: 2.8783, Val Acc: 52.19%
2025-10-16 17:03:51,469 - INFO - Epoch 174/200 (lr=0.0008)
2025-10-16 17:03:58,572 - INFO - Train Loss: 0.0238, Train Acc: 99.62%, Val Loss: 2.8741, Val Acc: 52.24%
2025-10-16 17:03:58,572 - INFO - Epoch 175/200 (lr=0.0008)
2025-10-16 17:04:05,662 - INFO - Train Loss: 0.0245, Train Acc: 99.58%, Val Loss: 2.8754, Val Acc: 52.28%
2025-10-16 17:04:05,662 - INFO - Epoch 176/200 (lr=0.0008)
2025-10-16 17:04:13,930 - INFO - Train Loss: 0.0236, Train Acc: 99.58%, Val Loss: 2.8829, Val Acc: 52.07%
2025-10-16 17:04:13,931 - INFO - Epoch 177/200 (lr=0.0008)
2025-10-16 17:04:21,036 - INFO - Train Loss: 0.0230, Train Acc: 99.64%, Val Loss: 2.8770, Val Acc: 52.20%
2025-10-16 17:04:21,037 - INFO - Epoch 178/200 (lr=0.0008)
2025-10-16 17:04:27,545 - INFO - Train Loss: 0.0228, Train Acc: 99.62%, Val Loss: 2.8727, Val Acc: 52.26%
2025-10-16 17:04:27,545 - INFO - Epoch 179/200 (lr=0.0008)
2025-10-16 17:04:34,062 - INFO - Train Loss: 0.0232, Train Acc: 99.63%, Val Loss: 2.8761, Val Acc: 52.21%
2025-10-16 17:04:34,063 - INFO - Epoch 180/200 (lr=0.0008)
2025-10-16 17:04:41,178 - INFO - Train Loss: 0.0244, Train Acc: 99.56%, Val Loss: 2.8792, Val Acc: 52.06%
2025-10-16 17:04:41,179 - INFO - Epoch 181/200 (lr=0.0008)
2025-10-16 17:04:48,347 - INFO - Train Loss: 0.0240, Train Acc: 99.55%, Val Loss: 2.8826, Val Acc: 52.04%
2025-10-16 17:04:48,348 - INFO - Epoch 182/200 (lr=0.0008)
2025-10-16 17:04:55,506 - INFO - Train Loss: 0.0238, Train Acc: 99.60%, Val Loss: 2.8841, Val Acc: 51.89%
2025-10-16 17:04:55,506 - INFO - Epoch 183/200 (lr=0.0008)
2025-10-16 17:05:02,728 - INFO - Train Loss: 0.0236, Train Acc: 99.58%, Val Loss: 2.8753, Val Acc: 52.26%
2025-10-16 17:05:02,729 - INFO - Epoch 184/200 (lr=0.0008)
2025-10-16 17:05:09,779 - INFO - Train Loss: 0.0233, Train Acc: 99.60%, Val Loss: 2.8803, Val Acc: 52.23%
2025-10-16 17:05:09,779 - INFO - Epoch 185/200 (lr=0.0008)
2025-10-16 17:05:16,262 - INFO - Train Loss: 0.0233, Train Acc: 99.66%, Val Loss: 2.8721, Val Acc: 52.12%
2025-10-16 17:05:16,263 - INFO - Epoch 186/200 (lr=0.0008)
2025-10-16 17:05:23,269 - INFO - Train Loss: 0.0233, Train Acc: 99.57%, Val Loss: 2.8847, Val Acc: 52.13%
2025-10-16 17:05:23,269 - INFO - Epoch 187/200 (lr=0.0008)
2025-10-16 17:05:30,436 - INFO - Train Loss: 0.0234, Train Acc: 99.57%, Val Loss: 2.8827, Val Acc: 52.04%
2025-10-16 17:05:30,436 - INFO - Epoch 188/200 (lr=0.0008)
2025-10-16 17:05:37,415 - INFO - Train Loss: 0.0228, Train Acc: 99.65%, Val Loss: 2.8734, Val Acc: 52.16%
2025-10-16 17:05:37,416 - INFO - Epoch 189/200 (lr=0.0008)
2025-10-16 17:05:44,800 - INFO - Train Loss: 0.0237, Train Acc: 99.59%, Val Loss: 2.8757, Val Acc: 52.25%
2025-10-16 17:05:44,801 - INFO - Epoch 190/200 (lr=0.0008)
2025-10-16 17:05:51,465 - INFO - Train Loss: 0.0235, Train Acc: 99.61%, Val Loss: 2.8798, Val Acc: 52.13%
2025-10-16 17:05:51,466 - INFO - Epoch 191/200 (lr=0.0008)
2025-10-16 17:05:58,046 - INFO - Train Loss: 0.0243, Train Acc: 99.57%, Val Loss: 2.8797, Val Acc: 52.17%
2025-10-16 17:05:58,047 - INFO - Epoch 192/200 (lr=0.0008)
2025-10-16 17:06:04,442 - INFO - Train Loss: 0.0241, Train Acc: 99.60%, Val Loss: 2.8829, Val Acc: 52.06%
2025-10-16 17:06:04,442 - INFO - Epoch 193/200 (lr=0.0008)
2025-10-16 17:06:10,883 - INFO - Train Loss: 0.0229, Train Acc: 99.61%, Val Loss: 2.8803, Val Acc: 51.92%
2025-10-16 17:06:10,884 - INFO - Epoch 194/200 (lr=0.0008)
2025-10-16 17:06:17,778 - INFO - Train Loss: 0.0231, Train Acc: 99.60%, Val Loss: 2.8754, Val Acc: 52.22%
2025-10-16 17:06:17,779 - INFO - Epoch 195/200 (lr=0.0008)
2025-10-16 17:06:24,755 - INFO - Train Loss: 0.0237, Train Acc: 99.56%, Val Loss: 2.8759, Val Acc: 52.23%
2025-10-16 17:06:24,756 - INFO - Epoch 196/200 (lr=0.0008)
2025-10-16 17:06:31,991 - INFO - Train Loss: 0.0233, Train Acc: 99.60%, Val Loss: 2.8764, Val Acc: 52.09%
2025-10-16 17:06:31,992 - INFO - Epoch 197/200 (lr=0.0008)
2025-10-16 17:06:38,889 - INFO - Train Loss: 0.0245, Train Acc: 99.52%, Val Loss: 2.8783, Val Acc: 52.28%
2025-10-16 17:06:38,890 - INFO - Epoch 198/200 (lr=0.0008)
2025-10-16 17:06:45,602 - INFO - Train Loss: 0.0229, Train Acc: 99.60%, Val Loss: 2.8751, Val Acc: 52.21%
2025-10-16 17:06:45,602 - INFO - Epoch 199/200 (lr=0.0008)
2025-10-16 17:06:52,548 - INFO - Train Loss: 0.0238, Train Acc: 99.61%, Val Loss: 2.8835, Val Acc: 52.30%
2025-10-16 17:06:52,549 - INFO - Epoch 200/200 (lr=0.0008)
2025-10-16 17:06:59,458 - INFO - Train Loss: 0.0233, Train Acc: 99.60%, Val Loss: 2.8848, Val Acc: 52.24%
2025-10-16 17:06:59,460 - INFO - Training completed. Best validation accuracy: 52.49%
