2025-10-16 15:17:47,339 - INFO - Starting CNN training script
2025-10-16 15:17:47,339 - INFO - Arguments: {'model': 'resnet18', 'dataset': 'cifar10', 'data_dir': './data', 'batch_size': 256, 'num_workers': 4, 'epochs': 50, 'lr': 0.001, 'output_dir': './experiments/resnet18_cifar10_20251016_151747'}
2025-10-16 15:17:47,796 - INFO - Using device: cuda
2025-10-16 15:17:47,797 - INFO - Dataset: cifar10, Input channels: 3, Classes: 10
2025-10-16 15:17:50,629 - INFO - Using model: resnet18
2025-10-16 15:17:50,632 - INFO - Using TensorBoard for visualization
2025-10-16 15:17:50,632 - INFO - Starting training for 50 epochs
2025-10-16 15:17:50,632 - INFO - Epoch 1/50
2025-10-16 15:17:57,656 - INFO - Train Loss: 1.5831, Train Acc: 42.18%, Val Loss: 1.4288, Val Acc: 49.47%
2025-10-16 15:17:57,785 - INFO - New best model saved with accuracy: 49.47%
2025-10-16 15:17:57,785 - INFO - Epoch 2/50
2025-10-16 15:18:04,562 - INFO - Train Loss: 1.2169, Train Acc: 56.11%, Val Loss: 1.1271, Val Acc: 59.61%
2025-10-16 15:18:05,041 - INFO - New best model saved with accuracy: 59.61%
2025-10-16 15:18:05,041 - INFO - Epoch 3/50
2025-10-16 15:18:11,768 - INFO - Train Loss: 1.0408, Train Acc: 62.95%, Val Loss: 0.9836, Val Acc: 65.75%
2025-10-16 15:18:12,093 - INFO - New best model saved with accuracy: 65.75%
2025-10-16 15:18:12,094 - INFO - Epoch 4/50
2025-10-16 15:18:18,670 - INFO - Train Loss: 0.9317, Train Acc: 67.30%, Val Loss: 0.9491, Val Acc: 66.84%
2025-10-16 15:18:19,070 - INFO - New best model saved with accuracy: 66.84%
2025-10-16 15:18:19,070 - INFO - Epoch 5/50
2025-10-16 15:18:25,736 - INFO - Train Loss: 0.8440, Train Acc: 70.44%, Val Loss: 0.9040, Val Acc: 68.90%
2025-10-16 15:18:26,117 - INFO - New best model saved with accuracy: 68.90%
2025-10-16 15:18:26,118 - INFO - Epoch 6/50
2025-10-16 15:18:33,055 - INFO - Train Loss: 0.7911, Train Acc: 72.39%, Val Loss: 0.7894, Val Acc: 72.83%
2025-10-16 15:18:33,491 - INFO - New best model saved with accuracy: 72.83%
2025-10-16 15:18:33,491 - INFO - Epoch 7/50
2025-10-16 15:18:40,109 - INFO - Train Loss: 0.7409, Train Acc: 74.09%, Val Loss: 0.7893, Val Acc: 73.21%
2025-10-16 15:18:40,430 - INFO - New best model saved with accuracy: 73.21%
2025-10-16 15:18:40,430 - INFO - Epoch 8/50
2025-10-16 15:18:47,161 - INFO - Train Loss: 0.6933, Train Acc: 75.83%, Val Loss: 0.7188, Val Acc: 75.26%
2025-10-16 15:18:47,486 - INFO - New best model saved with accuracy: 75.26%
2025-10-16 15:18:47,486 - INFO - Epoch 9/50
2025-10-16 15:18:55,100 - INFO - Train Loss: 0.6557, Train Acc: 77.23%, Val Loss: 0.6971, Val Acc: 75.92%
2025-10-16 15:18:55,459 - INFO - New best model saved with accuracy: 75.92%
2025-10-16 15:18:55,460 - INFO - Epoch 10/50
2025-10-16 15:19:02,251 - INFO - Train Loss: 0.6257, Train Acc: 78.38%, Val Loss: 0.6912, Val Acc: 75.84%
2025-10-16 15:19:02,252 - INFO - Epoch 11/50
2025-10-16 15:19:09,126 - INFO - Train Loss: 0.6047, Train Acc: 78.92%, Val Loss: 0.6634, Val Acc: 77.32%
2025-10-16 15:19:09,532 - INFO - New best model saved with accuracy: 77.32%
2025-10-16 15:19:09,532 - INFO - Epoch 12/50
2025-10-16 15:19:17,066 - INFO - Train Loss: 0.5779, Train Acc: 80.09%, Val Loss: 0.6494, Val Acc: 77.65%
2025-10-16 15:19:17,389 - INFO - New best model saved with accuracy: 77.65%
2025-10-16 15:19:17,389 - INFO - Epoch 13/50
2025-10-16 15:19:24,318 - INFO - Train Loss: 0.5644, Train Acc: 80.43%, Val Loss: 0.6070, Val Acc: 78.65%
2025-10-16 15:19:24,811 - INFO - New best model saved with accuracy: 78.65%
2025-10-16 15:19:24,812 - INFO - Epoch 14/50
2025-10-16 15:19:31,870 - INFO - Train Loss: 0.5397, Train Acc: 81.32%, Val Loss: 0.6177, Val Acc: 78.80%
2025-10-16 15:19:32,292 - INFO - New best model saved with accuracy: 78.80%
2025-10-16 15:19:32,293 - INFO - Epoch 15/50
2025-10-16 15:19:39,320 - INFO - Train Loss: 0.5220, Train Acc: 81.87%, Val Loss: 0.6387, Val Acc: 78.78%
2025-10-16 15:19:39,321 - INFO - Epoch 16/50
2025-10-16 15:19:46,639 - INFO - Train Loss: 0.5084, Train Acc: 82.37%, Val Loss: 0.5958, Val Acc: 79.43%
2025-10-16 15:19:46,979 - INFO - New best model saved with accuracy: 79.43%
2025-10-16 15:19:46,980 - INFO - Epoch 17/50
2025-10-16 15:19:54,169 - INFO - Train Loss: 0.4885, Train Acc: 82.83%, Val Loss: 0.5860, Val Acc: 80.05%
2025-10-16 15:19:54,510 - INFO - New best model saved with accuracy: 80.05%
2025-10-16 15:19:54,511 - INFO - Epoch 18/50
2025-10-16 15:20:01,192 - INFO - Train Loss: 0.4756, Train Acc: 83.47%, Val Loss: 0.5981, Val Acc: 80.74%
2025-10-16 15:20:01,544 - INFO - New best model saved with accuracy: 80.74%
2025-10-16 15:20:01,545 - INFO - Epoch 19/50
2025-10-16 15:20:08,323 - INFO - Train Loss: 0.4677, Train Acc: 83.69%, Val Loss: 0.5488, Val Acc: 81.74%
2025-10-16 15:20:08,635 - INFO - New best model saved with accuracy: 81.74%
2025-10-16 15:20:08,635 - INFO - Epoch 20/50
2025-10-16 15:20:15,807 - INFO - Train Loss: 0.4566, Train Acc: 84.08%, Val Loss: 0.5421, Val Acc: 81.79%
2025-10-16 15:20:16,199 - INFO - New best model saved with accuracy: 81.79%
2025-10-16 15:20:16,199 - INFO - Epoch 21/50
2025-10-16 15:20:23,153 - INFO - Train Loss: 0.4325, Train Acc: 85.02%, Val Loss: 0.5578, Val Acc: 81.26%
2025-10-16 15:20:23,154 - INFO - Epoch 22/50
2025-10-16 15:20:30,207 - INFO - Train Loss: 0.4235, Train Acc: 85.33%, Val Loss: 0.5753, Val Acc: 81.12%
2025-10-16 15:20:30,208 - INFO - Epoch 23/50
2025-10-16 15:20:37,172 - INFO - Train Loss: 0.4173, Train Acc: 85.40%, Val Loss: 0.5858, Val Acc: 81.25%
2025-10-16 15:20:37,173 - INFO - Epoch 24/50
2025-10-16 15:20:44,592 - INFO - Train Loss: 0.4101, Train Acc: 85.73%, Val Loss: 0.5422, Val Acc: 81.73%
2025-10-16 15:20:44,592 - INFO - Epoch 25/50
2025-10-16 15:20:51,503 - INFO - Train Loss: 0.3945, Train Acc: 86.21%, Val Loss: 0.5468, Val Acc: 82.34%
2025-10-16 15:20:51,846 - INFO - New best model saved with accuracy: 82.34%
2025-10-16 15:20:51,846 - INFO - Epoch 26/50
2025-10-16 15:20:58,902 - INFO - Train Loss: 0.3856, Train Acc: 86.56%, Val Loss: 0.5100, Val Acc: 83.08%
2025-10-16 15:20:59,314 - INFO - New best model saved with accuracy: 83.08%
2025-10-16 15:20:59,314 - INFO - Epoch 27/50
2025-10-16 15:21:06,020 - INFO - Train Loss: 0.3740, Train Acc: 86.98%, Val Loss: 0.5213, Val Acc: 82.86%
2025-10-16 15:21:06,021 - INFO - Epoch 28/50
2025-10-16 15:21:12,752 - INFO - Train Loss: 0.3720, Train Acc: 86.95%, Val Loss: 0.5521, Val Acc: 82.02%
2025-10-16 15:21:12,752 - INFO - Epoch 29/50
2025-10-16 15:21:19,950 - INFO - Train Loss: 0.3618, Train Acc: 87.32%, Val Loss: 0.5249, Val Acc: 82.58%
2025-10-16 15:21:19,951 - INFO - Epoch 30/50
2025-10-16 15:21:26,659 - INFO - Train Loss: 0.3555, Train Acc: 87.42%, Val Loss: 0.5298, Val Acc: 82.50%
2025-10-16 15:21:26,659 - INFO - Epoch 31/50
2025-10-16 15:21:33,725 - INFO - Train Loss: 0.3483, Train Acc: 87.96%, Val Loss: 0.5086, Val Acc: 83.12%
2025-10-16 15:21:34,138 - INFO - New best model saved with accuracy: 83.12%
2025-10-16 15:21:34,138 - INFO - Epoch 32/50
2025-10-16 15:21:40,874 - INFO - Train Loss: 0.3388, Train Acc: 88.25%, Val Loss: 0.5272, Val Acc: 83.11%
2025-10-16 15:21:40,874 - INFO - Epoch 33/50
2025-10-16 15:21:48,030 - INFO - Train Loss: 0.3325, Train Acc: 88.33%, Val Loss: 0.5190, Val Acc: 83.44%
2025-10-16 15:21:48,386 - INFO - New best model saved with accuracy: 83.44%
2025-10-16 15:21:48,388 - INFO - Epoch 34/50
2025-10-16 15:21:55,322 - INFO - Train Loss: 0.3234, Train Acc: 88.49%, Val Loss: 0.5388, Val Acc: 82.22%
2025-10-16 15:21:55,323 - INFO - Epoch 35/50
2025-10-16 15:22:01,568 - INFO - Train Loss: 0.3207, Train Acc: 88.59%, Val Loss: 0.5057, Val Acc: 83.65%
2025-10-16 15:22:01,964 - INFO - New best model saved with accuracy: 83.65%
2025-10-16 15:22:01,964 - INFO - Epoch 36/50
2025-10-16 15:22:08,855 - INFO - Train Loss: 0.3112, Train Acc: 89.03%, Val Loss: 0.5385, Val Acc: 82.88%
2025-10-16 15:22:08,856 - INFO - Epoch 37/50
2025-10-16 15:22:15,689 - INFO - Train Loss: 0.3055, Train Acc: 89.34%, Val Loss: 0.5270, Val Acc: 83.10%
2025-10-16 15:22:15,690 - INFO - Epoch 38/50
2025-10-16 15:22:22,472 - INFO - Train Loss: 0.2944, Train Acc: 89.55%, Val Loss: 0.5170, Val Acc: 83.74%
2025-10-16 15:22:22,827 - INFO - New best model saved with accuracy: 83.74%
2025-10-16 15:22:22,827 - INFO - Epoch 39/50
2025-10-16 15:22:29,568 - INFO - Train Loss: 0.2922, Train Acc: 89.71%, Val Loss: 0.5058, Val Acc: 83.98%
2025-10-16 15:22:29,979 - INFO - New best model saved with accuracy: 83.98%
2025-10-16 15:22:29,980 - INFO - Epoch 40/50
2025-10-16 15:22:36,513 - INFO - Train Loss: 0.2883, Train Acc: 89.73%, Val Loss: 0.4944, Val Acc: 84.28%
2025-10-16 15:22:36,903 - INFO - New best model saved with accuracy: 84.28%
2025-10-16 15:22:36,903 - INFO - Epoch 41/50
2025-10-16 15:22:43,708 - INFO - Train Loss: 0.2785, Train Acc: 90.10%, Val Loss: 0.5544, Val Acc: 82.70%
2025-10-16 15:22:43,709 - INFO - Epoch 42/50
2025-10-16 15:22:50,222 - INFO - Train Loss: 0.2744, Train Acc: 90.11%, Val Loss: 0.5156, Val Acc: 84.05%
2025-10-16 15:22:50,222 - INFO - Epoch 43/50
2025-10-16 15:22:56,791 - INFO - Train Loss: 0.2754, Train Acc: 90.18%, Val Loss: 0.4937, Val Acc: 84.16%
2025-10-16 15:22:56,791 - INFO - Epoch 44/50
2025-10-16 15:23:03,473 - INFO - Train Loss: 0.2634, Train Acc: 90.56%, Val Loss: 0.5178, Val Acc: 84.33%
2025-10-16 15:23:03,960 - INFO - New best model saved with accuracy: 84.33%
2025-10-16 15:23:03,960 - INFO - Epoch 45/50
2025-10-16 15:23:10,821 - INFO - Train Loss: 0.2630, Train Acc: 90.78%, Val Loss: 0.5448, Val Acc: 83.05%
2025-10-16 15:23:10,821 - INFO - Epoch 46/50
2025-10-16 15:23:17,996 - INFO - Train Loss: 0.2573, Train Acc: 90.92%, Val Loss: 0.5427, Val Acc: 83.76%
2025-10-16 15:23:17,996 - INFO - Epoch 47/50
2025-10-16 15:23:24,607 - INFO - Train Loss: 0.2559, Train Acc: 91.01%, Val Loss: 0.5054, Val Acc: 84.42%
2025-10-16 15:23:24,947 - INFO - New best model saved with accuracy: 84.42%
2025-10-16 15:23:24,947 - INFO - Epoch 48/50
2025-10-16 15:23:31,537 - INFO - Train Loss: 0.2451, Train Acc: 91.27%, Val Loss: 0.4940, Val Acc: 84.28%
2025-10-16 15:23:31,538 - INFO - Epoch 49/50
2025-10-16 15:23:38,635 - INFO - Train Loss: 0.2414, Train Acc: 91.32%, Val Loss: 0.5106, Val Acc: 84.42%
2025-10-16 15:23:38,636 - INFO - Epoch 50/50
2025-10-16 15:23:45,208 - INFO - Train Loss: 0.2409, Train Acc: 91.38%, Val Loss: 0.5361, Val Acc: 83.96%
2025-10-16 15:23:45,209 - INFO - Training completed. Best validation accuracy: 84.42%
