2025-10-17 12:09:26,452 - INFO - Starting CNN training script
2025-10-17 12:09:26,452 - INFO - Arguments: {'model': 'resnet18', 'dataset': 'cifar100', 'data_dir': './data', 'batch_size': 256, 'num_workers': 8, 'epochs': 200, 'lr': 0.1, 'lr_schedule': '60:0.1,60:0.02,40:0.004,40:0.0008', 'warm': 1, 'output_dir': './experiments/resnet18_cifar100_20251017_120926'}
2025-10-17 12:09:26,534 - INFO - Using device: cuda
2025-10-17 12:09:26,534 - INFO - Dataset: cifar100, Input channels: 3, Classes: 100
2025-10-17 12:09:28,795 - INFO - Using model: resnet18
2025-10-17 12:09:28,796 - INFO - Learning rate schedule: [(60, 0.1), (60, 0.02), (40, 0.004), (40, 0.0008)]
2025-10-17 12:09:28,798 - INFO - Using TensorBoard for visualization
2025-10-17 12:09:28,798 - INFO - Starting training for 200 epochs
2025-10-17 12:09:28,798 - INFO - Epoch 1/200 (lr=0.1)
2025-10-17 12:09:36,156 - INFO - Train Loss: 3.9146, Train Acc: 10.15%, Val Loss: 3.8915, Val Acc: 13.41%
2025-10-17 12:09:36,239 - INFO - New best model saved with accuracy: 13.41%
2025-10-17 12:09:36,239 - INFO - Epoch 2/200 (lr=0.1)
2025-10-17 12:09:43,140 - INFO - Train Loss: 3.2396, Train Acc: 20.51%, Val Loss: 3.1768, Val Acc: 23.03%
2025-10-17 12:09:43,601 - INFO - New best model saved with accuracy: 23.03%
2025-10-17 12:09:43,601 - INFO - Epoch 3/200 (lr=0.1)
2025-10-17 12:09:50,435 - INFO - Train Loss: 2.7758, Train Acc: 28.93%, Val Loss: 2.7635, Val Acc: 29.84%
2025-10-17 12:09:50,772 - INFO - New best model saved with accuracy: 29.84%
2025-10-17 12:09:50,772 - INFO - Epoch 4/200 (lr=0.1)
2025-10-17 12:09:57,859 - INFO - Train Loss: 2.4261, Train Acc: 36.08%, Val Loss: 2.3887, Val Acc: 37.45%
2025-10-17 12:09:58,334 - INFO - New best model saved with accuracy: 37.45%
2025-10-17 12:09:58,335 - INFO - Epoch 5/200 (lr=0.1)
2025-10-17 12:10:06,036 - INFO - Train Loss: 2.1516, Train Acc: 41.61%, Val Loss: 2.2678, Val Acc: 40.53%
2025-10-17 12:10:06,405 - INFO - New best model saved with accuracy: 40.53%
2025-10-17 12:10:06,406 - INFO - Epoch 6/200 (lr=0.1)
2025-10-17 12:10:13,514 - INFO - Train Loss: 1.9461, Train Acc: 46.57%, Val Loss: 2.0718, Val Acc: 44.47%
2025-10-17 12:10:13,899 - INFO - New best model saved with accuracy: 44.47%
2025-10-17 12:10:13,899 - INFO - Epoch 7/200 (lr=0.1)
2025-10-17 12:10:20,965 - INFO - Train Loss: 1.7889, Train Acc: 50.26%, Val Loss: 1.8610, Val Acc: 49.21%
2025-10-17 12:10:21,292 - INFO - New best model saved with accuracy: 49.21%
2025-10-17 12:10:21,293 - INFO - Epoch 8/200 (lr=0.1)
2025-10-17 12:10:28,290 - INFO - Train Loss: 1.6682, Train Acc: 53.22%, Val Loss: 1.9025, Val Acc: 48.76%
2025-10-17 12:10:28,290 - INFO - Epoch 9/200 (lr=0.1)
2025-10-17 12:10:35,365 - INFO - Train Loss: 1.5720, Train Acc: 55.76%, Val Loss: 1.7629, Val Acc: 52.16%
2025-10-17 12:10:35,767 - INFO - New best model saved with accuracy: 52.16%
2025-10-17 12:10:35,767 - INFO - Epoch 10/200 (lr=0.1)
2025-10-17 12:10:43,091 - INFO - Train Loss: 1.4900, Train Acc: 57.59%, Val Loss: 1.8536, Val Acc: 52.13%
2025-10-17 12:10:43,092 - INFO - Epoch 11/200 (lr=0.1)
2025-10-17 12:10:51,027 - INFO - Train Loss: 1.4136, Train Acc: 59.74%, Val Loss: 1.8153, Val Acc: 52.17%
2025-10-17 12:10:51,368 - INFO - New best model saved with accuracy: 52.17%
2025-10-17 12:10:51,369 - INFO - Epoch 12/200 (lr=0.1)
2025-10-17 12:10:58,916 - INFO - Train Loss: 1.3588, Train Acc: 60.95%, Val Loss: 1.7728, Val Acc: 53.07%
2025-10-17 12:10:59,375 - INFO - New best model saved with accuracy: 53.07%
2025-10-17 12:10:59,375 - INFO - Epoch 13/200 (lr=0.1)
2025-10-17 12:11:06,517 - INFO - Train Loss: 1.3057, Train Acc: 62.49%, Val Loss: 1.8250, Val Acc: 52.03%
2025-10-17 12:11:06,518 - INFO - Epoch 14/200 (lr=0.1)
2025-10-17 12:11:13,840 - INFO - Train Loss: 1.2747, Train Acc: 63.32%, Val Loss: 1.5790, Val Acc: 56.21%
2025-10-17 12:11:14,182 - INFO - New best model saved with accuracy: 56.21%
2025-10-17 12:11:14,182 - INFO - Epoch 15/200 (lr=0.1)
2025-10-17 12:11:21,275 - INFO - Train Loss: 1.2180, Train Acc: 64.44%, Val Loss: 1.6016, Val Acc: 56.95%
2025-10-17 12:11:21,667 - INFO - New best model saved with accuracy: 56.95%
2025-10-17 12:11:21,667 - INFO - Epoch 16/200 (lr=0.1)
2025-10-17 12:11:28,813 - INFO - Train Loss: 1.1897, Train Acc: 65.50%, Val Loss: 1.5785, Val Acc: 57.41%
2025-10-17 12:11:29,224 - INFO - New best model saved with accuracy: 57.41%
2025-10-17 12:11:29,224 - INFO - Epoch 17/200 (lr=0.1)
2025-10-17 12:11:38,069 - INFO - Train Loss: 1.1590, Train Acc: 66.19%, Val Loss: 1.8110, Val Acc: 53.01%
2025-10-17 12:11:38,070 - INFO - Epoch 18/200 (lr=0.1)
2025-10-17 12:11:45,239 - INFO - Train Loss: 1.1449, Train Acc: 66.51%, Val Loss: 1.7185, Val Acc: 56.52%
2025-10-17 12:11:45,240 - INFO - Epoch 19/200 (lr=0.1)
2025-10-17 12:11:52,671 - INFO - Train Loss: 1.1014, Train Acc: 67.60%, Val Loss: 1.6391, Val Acc: 56.04%
2025-10-17 12:11:52,672 - INFO - Epoch 20/200 (lr=0.1)
2025-10-17 12:12:00,054 - INFO - Train Loss: 1.0878, Train Acc: 68.05%, Val Loss: 1.6400, Val Acc: 56.31%
2025-10-17 12:12:00,055 - INFO - Epoch 21/200 (lr=0.1)
2025-10-17 12:12:06,989 - INFO - Train Loss: 1.0614, Train Acc: 68.70%, Val Loss: 1.5259, Val Acc: 59.61%
2025-10-17 12:12:07,369 - INFO - New best model saved with accuracy: 59.61%
2025-10-17 12:12:07,370 - INFO - Epoch 22/200 (lr=0.1)
2025-10-17 12:12:14,254 - INFO - Train Loss: 1.0408, Train Acc: 69.49%, Val Loss: 1.7571, Val Acc: 54.65%
2025-10-17 12:12:14,255 - INFO - Epoch 23/200 (lr=0.1)
2025-10-17 12:12:21,282 - INFO - Train Loss: 1.0203, Train Acc: 69.82%, Val Loss: 1.5931, Val Acc: 57.85%
2025-10-17 12:12:21,283 - INFO - Epoch 24/200 (lr=0.1)
2025-10-17 12:12:28,823 - INFO - Train Loss: 1.0020, Train Acc: 70.39%, Val Loss: 1.6520, Val Acc: 57.01%
2025-10-17 12:12:28,824 - INFO - Epoch 25/200 (lr=0.1)
2025-10-17 12:12:35,939 - INFO - Train Loss: 0.9887, Train Acc: 70.56%, Val Loss: 1.8322, Val Acc: 54.64%
2025-10-17 12:12:35,940 - INFO - Epoch 26/200 (lr=0.1)
2025-10-17 12:12:42,897 - INFO - Train Loss: 0.9803, Train Acc: 70.75%, Val Loss: 1.5398, Val Acc: 58.72%
2025-10-17 12:12:42,898 - INFO - Epoch 27/200 (lr=0.1)
2025-10-17 12:12:50,130 - INFO - Train Loss: 0.9495, Train Acc: 71.83%, Val Loss: 1.6539, Val Acc: 57.58%
2025-10-17 12:12:50,131 - INFO - Epoch 28/200 (lr=0.1)
2025-10-17 12:12:57,152 - INFO - Train Loss: 0.9427, Train Acc: 72.05%, Val Loss: 1.4439, Val Acc: 60.74%
2025-10-17 12:12:57,483 - INFO - New best model saved with accuracy: 60.74%
2025-10-17 12:12:57,484 - INFO - Epoch 29/200 (lr=0.1)
2025-10-17 12:13:04,514 - INFO - Train Loss: 0.9314, Train Acc: 72.22%, Val Loss: 1.5768, Val Acc: 58.89%
2025-10-17 12:13:04,515 - INFO - Epoch 30/200 (lr=0.1)
2025-10-17 12:13:12,462 - INFO - Train Loss: 0.9092, Train Acc: 72.88%, Val Loss: 1.5704, Val Acc: 60.23%
2025-10-17 12:13:12,463 - INFO - Epoch 31/200 (lr=0.1)
2025-10-17 12:13:19,957 - INFO - Train Loss: 0.9122, Train Acc: 72.75%, Val Loss: 1.6089, Val Acc: 58.81%
2025-10-17 12:13:19,958 - INFO - Epoch 32/200 (lr=0.1)
2025-10-17 12:13:27,227 - INFO - Train Loss: 0.8949, Train Acc: 73.24%, Val Loss: 1.6280, Val Acc: 57.61%
2025-10-17 12:13:27,228 - INFO - Epoch 33/200 (lr=0.1)
2025-10-17 12:13:34,073 - INFO - Train Loss: 0.8906, Train Acc: 73.34%, Val Loss: 1.5557, Val Acc: 59.16%
2025-10-17 12:13:34,074 - INFO - Epoch 34/200 (lr=0.1)
2025-10-17 12:13:40,891 - INFO - Train Loss: 0.8703, Train Acc: 73.92%, Val Loss: 1.6603, Val Acc: 57.62%
2025-10-17 12:13:40,892 - INFO - Epoch 35/200 (lr=0.1)
2025-10-17 12:13:47,803 - INFO - Train Loss: 0.8733, Train Acc: 73.89%, Val Loss: 1.5022, Val Acc: 60.19%
2025-10-17 12:13:47,803 - INFO - Epoch 36/200 (lr=0.1)
2025-10-17 12:13:54,728 - INFO - Train Loss: 0.8594, Train Acc: 74.07%, Val Loss: 1.6956, Val Acc: 56.98%
2025-10-17 12:13:54,728 - INFO - Epoch 37/200 (lr=0.1)
2025-10-17 12:14:01,677 - INFO - Train Loss: 0.8476, Train Acc: 74.53%, Val Loss: 1.6456, Val Acc: 58.03%
2025-10-17 12:14:01,677 - INFO - Epoch 38/200 (lr=0.1)
2025-10-17 12:14:08,690 - INFO - Train Loss: 0.8488, Train Acc: 74.61%, Val Loss: 1.5188, Val Acc: 60.41%
2025-10-17 12:14:08,691 - INFO - Epoch 39/200 (lr=0.1)
2025-10-17 12:14:15,627 - INFO - Train Loss: 0.8268, Train Acc: 75.09%, Val Loss: 1.7501, Val Acc: 56.72%
2025-10-17 12:14:15,628 - INFO - Epoch 40/200 (lr=0.1)
2025-10-17 12:14:22,511 - INFO - Train Loss: 0.8420, Train Acc: 74.56%, Val Loss: 1.5614, Val Acc: 61.02%
2025-10-17 12:14:22,901 - INFO - New best model saved with accuracy: 61.02%
2025-10-17 12:14:22,901 - INFO - Epoch 41/200 (lr=0.1)
2025-10-17 12:14:29,853 - INFO - Train Loss: 0.8231, Train Acc: 75.08%, Val Loss: 1.7514, Val Acc: 57.87%
2025-10-17 12:14:29,853 - INFO - Epoch 42/200 (lr=0.1)
2025-10-17 12:14:36,778 - INFO - Train Loss: 0.8014, Train Acc: 75.79%, Val Loss: 1.5119, Val Acc: 60.86%
2025-10-17 12:14:36,779 - INFO - Epoch 43/200 (lr=0.1)
2025-10-17 12:14:43,737 - INFO - Train Loss: 0.8000, Train Acc: 75.71%, Val Loss: 1.7072, Val Acc: 56.99%
2025-10-17 12:14:43,738 - INFO - Epoch 44/200 (lr=0.1)
2025-10-17 12:14:50,862 - INFO - Train Loss: 0.8040, Train Acc: 75.80%, Val Loss: 1.5869, Val Acc: 60.21%
2025-10-17 12:14:50,863 - INFO - Epoch 45/200 (lr=0.1)
2025-10-17 12:14:57,775 - INFO - Train Loss: 0.7926, Train Acc: 76.02%, Val Loss: 1.5058, Val Acc: 60.99%
2025-10-17 12:14:57,776 - INFO - Epoch 46/200 (lr=0.1)
2025-10-17 12:15:04,760 - INFO - Train Loss: 0.7958, Train Acc: 75.83%, Val Loss: 1.6087, Val Acc: 59.64%
2025-10-17 12:15:04,761 - INFO - Epoch 47/200 (lr=0.1)
2025-10-17 12:15:11,658 - INFO - Train Loss: 0.7791, Train Acc: 76.43%, Val Loss: 1.7895, Val Acc: 55.94%
2025-10-17 12:15:11,659 - INFO - Epoch 48/200 (lr=0.1)
2025-10-17 12:15:18,747 - INFO - Train Loss: 0.7813, Train Acc: 76.13%, Val Loss: 1.4671, Val Acc: 63.59%
2025-10-17 12:15:19,071 - INFO - New best model saved with accuracy: 63.59%
2025-10-17 12:15:19,072 - INFO - Epoch 49/200 (lr=0.1)
2025-10-17 12:15:26,295 - INFO - Train Loss: 0.7670, Train Acc: 76.99%, Val Loss: 1.6051, Val Acc: 59.44%
2025-10-17 12:15:26,296 - INFO - Epoch 50/200 (lr=0.1)
2025-10-17 12:15:33,583 - INFO - Train Loss: 0.7844, Train Acc: 76.36%, Val Loss: 1.5592, Val Acc: 61.02%
2025-10-17 12:15:33,584 - INFO - Epoch 51/200 (lr=0.1)
2025-10-17 12:15:40,488 - INFO - Train Loss: 0.7699, Train Acc: 76.52%, Val Loss: 1.7276, Val Acc: 56.68%
2025-10-17 12:15:40,489 - INFO - Epoch 52/200 (lr=0.1)
2025-10-17 12:15:47,386 - INFO - Train Loss: 0.7514, Train Acc: 77.45%, Val Loss: 1.4385, Val Acc: 62.43%
2025-10-17 12:15:47,387 - INFO - Epoch 53/200 (lr=0.1)
2025-10-17 12:15:54,265 - INFO - Train Loss: 0.7560, Train Acc: 77.15%, Val Loss: 1.6088, Val Acc: 60.29%
2025-10-17 12:15:54,266 - INFO - Epoch 54/200 (lr=0.1)
2025-10-17 12:16:01,067 - INFO - Train Loss: 0.7609, Train Acc: 76.90%, Val Loss: 1.5804, Val Acc: 60.84%
2025-10-17 12:16:01,068 - INFO - Epoch 55/200 (lr=0.1)
2025-10-17 12:16:07,989 - INFO - Train Loss: 0.7454, Train Acc: 77.30%, Val Loss: 1.6725, Val Acc: 58.96%
2025-10-17 12:16:07,990 - INFO - Epoch 56/200 (lr=0.1)
2025-10-17 12:16:15,079 - INFO - Train Loss: 0.7492, Train Acc: 76.92%, Val Loss: 1.5721, Val Acc: 60.24%
2025-10-17 12:16:15,080 - INFO - Epoch 57/200 (lr=0.1)
2025-10-17 12:16:22,166 - INFO - Train Loss: 0.7342, Train Acc: 77.76%, Val Loss: 1.5329, Val Acc: 61.85%
2025-10-17 12:16:22,167 - INFO - Epoch 58/200 (lr=0.1)
2025-10-17 12:16:29,165 - INFO - Train Loss: 0.7434, Train Acc: 77.64%, Val Loss: 1.7415, Val Acc: 57.35%
2025-10-17 12:16:29,166 - INFO - Epoch 59/200 (lr=0.1)
2025-10-17 12:16:36,262 - INFO - Train Loss: 0.7367, Train Acc: 77.67%, Val Loss: 1.4381, Val Acc: 63.22%
2025-10-17 12:16:36,263 - INFO - Epoch 60/200 (lr=0.1)
2025-10-17 12:16:43,155 - INFO - Train Loss: 0.7265, Train Acc: 77.98%, Val Loss: 1.6999, Val Acc: 57.63%
2025-10-17 12:16:43,156 - INFO - Epoch 61/200 (lr=0.02)
2025-10-17 12:16:50,230 - INFO - Train Loss: 0.3751, Train Acc: 89.16%, Val Loss: 0.9913, Val Acc: 73.25%
2025-10-17 12:16:50,614 - INFO - New best model saved with accuracy: 73.25%
2025-10-17 12:16:50,615 - INFO - Epoch 62/200 (lr=0.02)
2025-10-17 12:16:57,743 - INFO - Train Loss: 0.2433, Train Acc: 93.16%, Val Loss: 0.9999, Val Acc: 73.77%
2025-10-17 12:16:58,099 - INFO - New best model saved with accuracy: 73.77%
2025-10-17 12:16:58,099 - INFO - Epoch 63/200 (lr=0.02)
2025-10-17 12:17:05,271 - INFO - Train Loss: 0.1991, Train Acc: 94.64%, Val Loss: 1.0159, Val Acc: 73.80%
2025-10-17 12:17:05,651 - INFO - New best model saved with accuracy: 73.80%
2025-10-17 12:17:05,651 - INFO - Epoch 64/200 (lr=0.02)
2025-10-17 12:17:12,616 - INFO - Train Loss: 0.1673, Train Acc: 95.63%, Val Loss: 1.0244, Val Acc: 73.72%
2025-10-17 12:17:12,617 - INFO - Epoch 65/200 (lr=0.02)
2025-10-17 12:17:19,599 - INFO - Train Loss: 0.1475, Train Acc: 96.20%, Val Loss: 1.0199, Val Acc: 73.79%
2025-10-17 12:17:19,600 - INFO - Epoch 66/200 (lr=0.02)
2025-10-17 12:17:26,635 - INFO - Train Loss: 0.1295, Train Acc: 96.81%, Val Loss: 1.0417, Val Acc: 74.06%
2025-10-17 12:17:26,975 - INFO - New best model saved with accuracy: 74.06%
2025-10-17 12:17:26,975 - INFO - Epoch 67/200 (lr=0.02)
2025-10-17 12:17:34,046 - INFO - Train Loss: 0.1163, Train Acc: 97.22%, Val Loss: 1.0474, Val Acc: 73.95%
2025-10-17 12:17:34,047 - INFO - Epoch 68/200 (lr=0.02)
2025-10-17 12:17:40,839 - INFO - Train Loss: 0.1087, Train Acc: 97.44%, Val Loss: 1.0660, Val Acc: 73.55%
2025-10-17 12:17:40,840 - INFO - Epoch 69/200 (lr=0.02)
2025-10-17 12:17:47,895 - INFO - Train Loss: 0.0979, Train Acc: 97.79%, Val Loss: 1.0782, Val Acc: 73.24%
2025-10-17 12:17:47,896 - INFO - Epoch 70/200 (lr=0.02)
2025-10-17 12:17:54,815 - INFO - Train Loss: 0.0911, Train Acc: 98.00%, Val Loss: 1.0641, Val Acc: 73.57%
2025-10-17 12:17:54,815 - INFO - Epoch 71/200 (lr=0.02)
2025-10-17 12:18:01,760 - INFO - Train Loss: 0.0832, Train Acc: 98.22%, Val Loss: 1.0578, Val Acc: 73.31%
2025-10-17 12:18:01,761 - INFO - Epoch 72/200 (lr=0.02)
2025-10-17 12:18:08,754 - INFO - Train Loss: 0.0791, Train Acc: 98.32%, Val Loss: 1.0645, Val Acc: 73.92%
2025-10-17 12:18:08,755 - INFO - Epoch 73/200 (lr=0.02)
2025-10-17 12:18:15,660 - INFO - Train Loss: 0.0766, Train Acc: 98.37%, Val Loss: 1.0745, Val Acc: 73.61%
2025-10-17 12:18:15,661 - INFO - Epoch 74/200 (lr=0.02)
2025-10-17 12:18:22,640 - INFO - Train Loss: 0.0729, Train Acc: 98.58%, Val Loss: 1.0796, Val Acc: 73.69%
2025-10-17 12:18:22,640 - INFO - Epoch 75/200 (lr=0.02)
2025-10-17 12:18:29,594 - INFO - Train Loss: 0.0712, Train Acc: 98.53%, Val Loss: 1.0670, Val Acc: 73.38%
2025-10-17 12:18:29,595 - INFO - Epoch 76/200 (lr=0.02)
2025-10-17 12:18:36,465 - INFO - Train Loss: 0.0687, Train Acc: 98.69%, Val Loss: 1.1032, Val Acc: 73.18%
2025-10-17 12:18:36,466 - INFO - Epoch 77/200 (lr=0.02)
2025-10-17 12:18:43,376 - INFO - Train Loss: 0.0666, Train Acc: 98.69%, Val Loss: 1.0860, Val Acc: 73.04%
2025-10-17 12:18:43,377 - INFO - Epoch 78/200 (lr=0.02)
2025-10-17 12:18:50,271 - INFO - Train Loss: 0.0660, Train Acc: 98.72%, Val Loss: 1.1019, Val Acc: 72.96%
2025-10-17 12:18:50,272 - INFO - Epoch 79/200 (lr=0.02)
2025-10-17 12:18:57,290 - INFO - Train Loss: 0.0668, Train Acc: 98.72%, Val Loss: 1.1165, Val Acc: 72.86%
2025-10-17 12:18:57,290 - INFO - Epoch 80/200 (lr=0.02)
2025-10-17 12:19:04,188 - INFO - Train Loss: 0.0618, Train Acc: 98.86%, Val Loss: 1.0980, Val Acc: 73.28%
2025-10-17 12:19:04,188 - INFO - Epoch 81/200 (lr=0.02)
2025-10-17 12:19:11,084 - INFO - Train Loss: 0.0644, Train Acc: 98.72%, Val Loss: 1.1384, Val Acc: 72.87%
2025-10-17 12:19:11,085 - INFO - Epoch 82/200 (lr=0.02)
2025-10-17 12:19:18,062 - INFO - Train Loss: 0.0644, Train Acc: 98.71%, Val Loss: 1.1315, Val Acc: 72.37%
2025-10-17 12:19:18,063 - INFO - Epoch 83/200 (lr=0.02)
2025-10-17 12:19:25,078 - INFO - Train Loss: 0.0680, Train Acc: 98.66%, Val Loss: 1.1782, Val Acc: 72.02%
2025-10-17 12:19:25,079 - INFO - Epoch 84/200 (lr=0.02)
2025-10-17 12:19:32,217 - INFO - Train Loss: 0.0712, Train Acc: 98.52%, Val Loss: 1.1332, Val Acc: 72.58%
2025-10-17 12:19:32,217 - INFO - Epoch 85/200 (lr=0.02)
2025-10-17 12:19:39,150 - INFO - Train Loss: 0.0699, Train Acc: 98.58%, Val Loss: 1.1483, Val Acc: 72.29%
2025-10-17 12:19:39,150 - INFO - Epoch 86/200 (lr=0.02)
2025-10-17 12:19:46,115 - INFO - Train Loss: 0.0666, Train Acc: 98.68%, Val Loss: 1.1735, Val Acc: 71.31%
2025-10-17 12:19:46,116 - INFO - Epoch 87/200 (lr=0.02)
2025-10-17 12:19:53,126 - INFO - Train Loss: 0.0751, Train Acc: 98.37%, Val Loss: 1.1523, Val Acc: 72.25%
2025-10-17 12:19:53,126 - INFO - Epoch 88/200 (lr=0.02)
2025-10-17 12:20:00,070 - INFO - Train Loss: 0.0829, Train Acc: 98.19%, Val Loss: 1.2444, Val Acc: 71.39%
2025-10-17 12:20:00,071 - INFO - Epoch 89/200 (lr=0.02)
2025-10-17 12:20:06,974 - INFO - Train Loss: 0.0868, Train Acc: 98.02%, Val Loss: 1.1939, Val Acc: 71.76%
2025-10-17 12:20:06,975 - INFO - Epoch 90/200 (lr=0.02)
2025-10-17 12:20:13,923 - INFO - Train Loss: 0.0880, Train Acc: 98.01%, Val Loss: 1.1880, Val Acc: 72.10%
2025-10-17 12:20:13,924 - INFO - Epoch 91/200 (lr=0.02)
2025-10-17 12:20:20,624 - INFO - Train Loss: 0.0908, Train Acc: 97.89%, Val Loss: 1.2539, Val Acc: 70.47%
2025-10-17 12:20:20,625 - INFO - Epoch 92/200 (lr=0.02)
2025-10-17 12:20:27,422 - INFO - Train Loss: 0.1008, Train Acc: 97.60%, Val Loss: 1.2789, Val Acc: 69.91%
2025-10-17 12:20:27,422 - INFO - Epoch 93/200 (lr=0.02)
2025-10-17 12:20:34,291 - INFO - Train Loss: 0.1072, Train Acc: 97.34%, Val Loss: 1.2616, Val Acc: 70.07%
2025-10-17 12:20:34,292 - INFO - Epoch 94/200 (lr=0.02)
2025-10-17 12:20:41,250 - INFO - Train Loss: 0.1093, Train Acc: 97.29%, Val Loss: 1.3073, Val Acc: 69.38%
2025-10-17 12:20:41,250 - INFO - Epoch 95/200 (lr=0.02)
2025-10-17 12:20:48,164 - INFO - Train Loss: 0.1228, Train Acc: 96.83%, Val Loss: 1.2814, Val Acc: 70.04%
2025-10-17 12:20:48,165 - INFO - Epoch 96/200 (lr=0.02)
2025-10-17 12:20:55,120 - INFO - Train Loss: 0.1292, Train Acc: 96.64%, Val Loss: 1.3002, Val Acc: 69.31%
2025-10-17 12:20:55,121 - INFO - Epoch 97/200 (lr=0.02)
2025-10-17 12:21:02,078 - INFO - Train Loss: 0.1318, Train Acc: 96.54%, Val Loss: 1.3401, Val Acc: 68.15%
2025-10-17 12:21:02,079 - INFO - Epoch 98/200 (lr=0.02)
2025-10-17 12:21:08,713 - INFO - Train Loss: 0.1440, Train Acc: 96.10%, Val Loss: 1.3661, Val Acc: 67.97%
2025-10-17 12:21:08,714 - INFO - Epoch 99/200 (lr=0.02)
2025-10-17 12:21:15,643 - INFO - Train Loss: 0.1445, Train Acc: 96.06%, Val Loss: 1.3545, Val Acc: 68.75%
2025-10-17 12:21:15,644 - INFO - Epoch 100/200 (lr=0.02)
2025-10-17 12:21:22,237 - INFO - Train Loss: 0.1372, Train Acc: 96.33%, Val Loss: 1.3203, Val Acc: 69.60%
2025-10-17 12:21:22,238 - INFO - Epoch 101/200 (lr=0.02)
2025-10-17 12:21:29,238 - INFO - Train Loss: 0.1473, Train Acc: 95.99%, Val Loss: 1.3091, Val Acc: 69.71%
2025-10-17 12:21:29,239 - INFO - Epoch 102/200 (lr=0.02)
2025-10-17 12:21:36,057 - INFO - Train Loss: 0.1477, Train Acc: 95.96%, Val Loss: 1.3836, Val Acc: 68.24%
2025-10-17 12:21:36,058 - INFO - Epoch 103/200 (lr=0.02)
2025-10-17 12:21:42,948 - INFO - Train Loss: 0.1558, Train Acc: 95.64%, Val Loss: 1.3860, Val Acc: 68.39%
2025-10-17 12:21:42,949 - INFO - Epoch 104/200 (lr=0.02)
2025-10-17 12:21:49,849 - INFO - Train Loss: 0.1408, Train Acc: 96.22%, Val Loss: 1.2977, Val Acc: 69.12%
2025-10-17 12:21:49,849 - INFO - Epoch 105/200 (lr=0.02)
2025-10-17 12:21:56,605 - INFO - Train Loss: 0.1379, Train Acc: 96.29%, Val Loss: 1.3319, Val Acc: 69.65%
2025-10-17 12:21:56,606 - INFO - Epoch 106/200 (lr=0.02)
2025-10-17 12:22:03,505 - INFO - Train Loss: 0.1333, Train Acc: 96.40%, Val Loss: 1.3195, Val Acc: 68.93%
2025-10-17 12:22:03,506 - INFO - Epoch 107/200 (lr=0.02)
2025-10-17 12:22:10,474 - INFO - Train Loss: 0.1304, Train Acc: 96.47%, Val Loss: 1.3295, Val Acc: 69.11%
2025-10-17 12:22:10,475 - INFO - Epoch 108/200 (lr=0.02)
2025-10-17 12:22:17,412 - INFO - Train Loss: 0.1321, Train Acc: 96.45%, Val Loss: 1.3040, Val Acc: 69.76%
2025-10-17 12:22:17,413 - INFO - Epoch 109/200 (lr=0.02)
2025-10-17 12:22:24,354 - INFO - Train Loss: 0.1453, Train Acc: 96.09%, Val Loss: 1.4289, Val Acc: 68.04%
2025-10-17 12:22:24,355 - INFO - Epoch 110/200 (lr=0.02)
2025-10-17 12:22:31,357 - INFO - Train Loss: 0.1486, Train Acc: 95.87%, Val Loss: 1.4187, Val Acc: 67.74%
2025-10-17 12:22:31,358 - INFO - Epoch 111/200 (lr=0.02)
2025-10-17 12:22:38,304 - INFO - Train Loss: 0.1423, Train Acc: 96.02%, Val Loss: 1.3824, Val Acc: 67.86%
2025-10-17 12:22:38,305 - INFO - Epoch 112/200 (lr=0.02)
2025-10-17 12:22:45,255 - INFO - Train Loss: 0.1370, Train Acc: 96.37%, Val Loss: 1.3458, Val Acc: 68.92%
2025-10-17 12:22:45,256 - INFO - Epoch 113/200 (lr=0.02)
2025-10-17 12:22:52,192 - INFO - Train Loss: 0.1262, Train Acc: 96.58%, Val Loss: 1.3155, Val Acc: 69.17%
2025-10-17 12:22:52,192 - INFO - Epoch 114/200 (lr=0.02)
2025-10-17 12:22:59,250 - INFO - Train Loss: 0.1278, Train Acc: 96.59%, Val Loss: 1.3824, Val Acc: 68.19%
2025-10-17 12:22:59,251 - INFO - Epoch 115/200 (lr=0.02)
2025-10-17 12:23:06,210 - INFO - Train Loss: 0.1327, Train Acc: 96.41%, Val Loss: 1.3806, Val Acc: 69.01%
2025-10-17 12:23:06,210 - INFO - Epoch 116/200 (lr=0.02)
2025-10-17 12:23:13,111 - INFO - Train Loss: 0.1309, Train Acc: 96.43%, Val Loss: 1.3859, Val Acc: 68.49%
2025-10-17 12:23:13,112 - INFO - Epoch 117/200 (lr=0.02)
2025-10-17 12:23:19,970 - INFO - Train Loss: 0.1288, Train Acc: 96.54%, Val Loss: 1.2789, Val Acc: 69.50%
2025-10-17 12:23:19,971 - INFO - Epoch 118/200 (lr=0.02)
2025-10-17 12:23:26,899 - INFO - Train Loss: 0.1392, Train Acc: 96.29%, Val Loss: 1.4719, Val Acc: 66.71%
2025-10-17 12:23:26,900 - INFO - Epoch 119/200 (lr=0.02)
2025-10-17 12:23:33,862 - INFO - Train Loss: 0.1439, Train Acc: 95.93%, Val Loss: 1.3902, Val Acc: 67.47%
2025-10-17 12:23:33,863 - INFO - Epoch 120/200 (lr=0.02)
2025-10-17 12:23:40,798 - INFO - Train Loss: 0.1263, Train Acc: 96.63%, Val Loss: 1.3958, Val Acc: 68.62%
2025-10-17 12:23:40,799 - INFO - Epoch 121/200 (lr=0.004)
2025-10-17 12:23:47,752 - INFO - Train Loss: 0.0547, Train Acc: 98.86%, Val Loss: 1.1064, Val Acc: 73.57%
2025-10-17 12:23:47,753 - INFO - Epoch 122/200 (lr=0.004)
2025-10-17 12:23:54,878 - INFO - Train Loss: 0.0333, Train Acc: 99.42%, Val Loss: 1.0950, Val Acc: 73.78%
2025-10-17 12:23:54,879 - INFO - Epoch 123/200 (lr=0.004)
2025-10-17 12:24:02,020 - INFO - Train Loss: 0.0257, Train Acc: 99.61%, Val Loss: 1.0867, Val Acc: 73.90%
2025-10-17 12:24:02,021 - INFO - Epoch 124/200 (lr=0.004)
2025-10-17 12:24:08,977 - INFO - Train Loss: 0.0228, Train Acc: 99.71%, Val Loss: 1.0806, Val Acc: 74.13%
2025-10-17 12:24:09,332 - INFO - New best model saved with accuracy: 74.13%
2025-10-17 12:24:09,332 - INFO - Epoch 125/200 (lr=0.004)
2025-10-17 12:24:16,262 - INFO - Train Loss: 0.0206, Train Acc: 99.75%, Val Loss: 1.0786, Val Acc: 74.34%
2025-10-17 12:24:16,648 - INFO - New best model saved with accuracy: 74.34%
2025-10-17 12:24:16,649 - INFO - Epoch 126/200 (lr=0.004)
2025-10-17 12:24:23,586 - INFO - Train Loss: 0.0192, Train Acc: 99.75%, Val Loss: 1.0733, Val Acc: 74.22%
2025-10-17 12:24:23,587 - INFO - Epoch 127/200 (lr=0.004)
2025-10-17 12:24:30,377 - INFO - Train Loss: 0.0180, Train Acc: 99.82%, Val Loss: 1.0728, Val Acc: 74.26%
2025-10-17 12:24:30,377 - INFO - Epoch 128/200 (lr=0.004)
2025-10-17 12:24:37,215 - INFO - Train Loss: 0.0167, Train Acc: 99.83%, Val Loss: 1.0666, Val Acc: 74.57%
2025-10-17 12:24:37,541 - INFO - New best model saved with accuracy: 74.57%
2025-10-17 12:24:37,542 - INFO - Epoch 129/200 (lr=0.004)
2025-10-17 12:24:44,477 - INFO - Train Loss: 0.0158, Train Acc: 99.84%, Val Loss: 1.0716, Val Acc: 74.35%
2025-10-17 12:24:44,478 - INFO - Epoch 130/200 (lr=0.004)
2025-10-17 12:24:51,501 - INFO - Train Loss: 0.0156, Train Acc: 99.82%, Val Loss: 1.0635, Val Acc: 74.44%
2025-10-17 12:24:51,502 - INFO - Epoch 131/200 (lr=0.004)
2025-10-17 12:24:58,530 - INFO - Train Loss: 0.0143, Train Acc: 99.88%, Val Loss: 1.0652, Val Acc: 74.40%
2025-10-17 12:24:58,531 - INFO - Epoch 132/200 (lr=0.004)
2025-10-17 12:25:05,438 - INFO - Train Loss: 0.0145, Train Acc: 99.85%, Val Loss: 1.0604, Val Acc: 74.29%
2025-10-17 12:25:05,439 - INFO - Epoch 133/200 (lr=0.004)
2025-10-17 12:25:12,513 - INFO - Train Loss: 0.0142, Train Acc: 99.85%, Val Loss: 1.0559, Val Acc: 74.51%
2025-10-17 12:25:12,514 - INFO - Epoch 134/200 (lr=0.004)
2025-10-17 12:25:19,576 - INFO - Train Loss: 0.0138, Train Acc: 99.86%, Val Loss: 1.0477, Val Acc: 74.60%
2025-10-17 12:25:19,959 - INFO - New best model saved with accuracy: 74.60%
2025-10-17 12:25:19,959 - INFO - Epoch 135/200 (lr=0.004)
2025-10-17 12:25:27,030 - INFO - Train Loss: 0.0132, Train Acc: 99.89%, Val Loss: 1.0476, Val Acc: 74.50%
2025-10-17 12:25:27,031 - INFO - Epoch 136/200 (lr=0.004)
2025-10-17 12:25:33,972 - INFO - Train Loss: 0.0127, Train Acc: 99.89%, Val Loss: 1.0480, Val Acc: 74.51%
2025-10-17 12:25:33,973 - INFO - Epoch 137/200 (lr=0.004)
2025-10-17 12:25:41,051 - INFO - Train Loss: 0.0130, Train Acc: 99.89%, Val Loss: 1.0456, Val Acc: 74.51%
2025-10-17 12:25:41,052 - INFO - Epoch 138/200 (lr=0.004)
2025-10-17 12:25:48,097 - INFO - Train Loss: 0.0129, Train Acc: 99.87%, Val Loss: 1.0407, Val Acc: 74.41%
2025-10-17 12:25:48,097 - INFO - Epoch 139/200 (lr=0.004)
2025-10-17 12:25:55,102 - INFO - Train Loss: 0.0123, Train Acc: 99.90%, Val Loss: 1.0442, Val Acc: 74.39%
2025-10-17 12:25:55,103 - INFO - Epoch 140/200 (lr=0.004)
2025-10-17 12:26:02,041 - INFO - Train Loss: 0.0126, Train Acc: 99.89%, Val Loss: 1.0388, Val Acc: 74.60%
2025-10-17 12:26:02,042 - INFO - Epoch 141/200 (lr=0.004)
2025-10-17 12:26:08,879 - INFO - Train Loss: 0.0124, Train Acc: 99.90%, Val Loss: 1.0337, Val Acc: 74.83%
2025-10-17 12:26:09,254 - INFO - New best model saved with accuracy: 74.83%
2025-10-17 12:26:09,254 - INFO - Epoch 142/200 (lr=0.004)
2025-10-17 12:26:16,335 - INFO - Train Loss: 0.0120, Train Acc: 99.91%, Val Loss: 1.0312, Val Acc: 74.66%
2025-10-17 12:26:16,336 - INFO - Epoch 143/200 (lr=0.004)
2025-10-17 12:26:23,278 - INFO - Train Loss: 0.0121, Train Acc: 99.90%, Val Loss: 1.0324, Val Acc: 74.84%
2025-10-17 12:26:23,786 - INFO - New best model saved with accuracy: 74.84%
2025-10-17 12:26:23,787 - INFO - Epoch 144/200 (lr=0.004)
2025-10-17 12:26:30,695 - INFO - Train Loss: 0.0114, Train Acc: 99.91%, Val Loss: 1.0304, Val Acc: 74.44%
2025-10-17 12:26:30,696 - INFO - Epoch 145/200 (lr=0.004)
2025-10-17 12:26:37,681 - INFO - Train Loss: 0.0120, Train Acc: 99.92%, Val Loss: 1.0268, Val Acc: 74.77%
2025-10-17 12:26:37,682 - INFO - Epoch 146/200 (lr=0.004)
2025-10-17 12:26:44,521 - INFO - Train Loss: 0.0118, Train Acc: 99.90%, Val Loss: 1.0233, Val Acc: 74.58%
2025-10-17 12:26:44,522 - INFO - Epoch 147/200 (lr=0.004)
2025-10-17 12:26:51,462 - INFO - Train Loss: 0.0111, Train Acc: 99.93%, Val Loss: 1.0160, Val Acc: 74.73%
2025-10-17 12:26:51,463 - INFO - Epoch 148/200 (lr=0.004)
2025-10-17 12:26:58,351 - INFO - Train Loss: 0.0113, Train Acc: 99.92%, Val Loss: 1.0219, Val Acc: 74.74%
2025-10-17 12:26:58,352 - INFO - Epoch 149/200 (lr=0.004)
2025-10-17 12:27:05,349 - INFO - Train Loss: 0.0111, Train Acc: 99.92%, Val Loss: 1.0235, Val Acc: 74.68%
2025-10-17 12:27:05,350 - INFO - Epoch 150/200 (lr=0.004)
2025-10-17 12:27:12,256 - INFO - Train Loss: 0.0115, Train Acc: 99.92%, Val Loss: 1.0155, Val Acc: 74.70%
2025-10-17 12:27:12,257 - INFO - Epoch 151/200 (lr=0.004)
2025-10-17 12:27:19,183 - INFO - Train Loss: 0.0109, Train Acc: 99.93%, Val Loss: 1.0201, Val Acc: 74.73%
2025-10-17 12:27:19,184 - INFO - Epoch 152/200 (lr=0.004)
2025-10-17 12:27:26,174 - INFO - Train Loss: 0.0113, Train Acc: 99.92%, Val Loss: 1.0155, Val Acc: 74.93%
2025-10-17 12:27:26,538 - INFO - New best model saved with accuracy: 74.93%
2025-10-17 12:27:26,539 - INFO - Epoch 153/200 (lr=0.004)
2025-10-17 12:27:33,615 - INFO - Train Loss: 0.0110, Train Acc: 99.93%, Val Loss: 1.0128, Val Acc: 74.81%
2025-10-17 12:27:33,616 - INFO - Epoch 154/200 (lr=0.004)
2025-10-17 12:27:40,525 - INFO - Train Loss: 0.0113, Train Acc: 99.93%, Val Loss: 1.0124, Val Acc: 74.92%
2025-10-17 12:27:40,526 - INFO - Epoch 155/200 (lr=0.004)
2025-10-17 12:27:47,492 - INFO - Train Loss: 0.0109, Train Acc: 99.93%, Val Loss: 1.0165, Val Acc: 74.86%
2025-10-17 12:27:47,492 - INFO - Epoch 156/200 (lr=0.004)
2025-10-17 12:27:54,431 - INFO - Train Loss: 0.0111, Train Acc: 99.93%, Val Loss: 1.0136, Val Acc: 74.72%
2025-10-17 12:27:54,432 - INFO - Epoch 157/200 (lr=0.004)
2025-10-17 12:28:01,454 - INFO - Train Loss: 0.0117, Train Acc: 99.93%, Val Loss: 1.0103, Val Acc: 74.87%
2025-10-17 12:28:01,455 - INFO - Epoch 158/200 (lr=0.004)
2025-10-17 12:28:08,497 - INFO - Train Loss: 0.0115, Train Acc: 99.91%, Val Loss: 1.0106, Val Acc: 74.76%
2025-10-17 12:28:08,498 - INFO - Epoch 159/200 (lr=0.004)
2025-10-17 12:28:15,489 - INFO - Train Loss: 0.0111, Train Acc: 99.93%, Val Loss: 1.0091, Val Acc: 74.93%
2025-10-17 12:28:15,490 - INFO - Epoch 160/200 (lr=0.004)
2025-10-17 12:28:22,621 - INFO - Train Loss: 0.0111, Train Acc: 99.93%, Val Loss: 1.0058, Val Acc: 74.96%
2025-10-17 12:28:23,090 - INFO - New best model saved with accuracy: 74.96%
2025-10-17 12:28:23,091 - INFO - Epoch 161/200 (lr=0.0008)
2025-10-17 12:28:30,220 - INFO - Train Loss: 0.0104, Train Acc: 99.94%, Val Loss: 1.0048, Val Acc: 75.10%
2025-10-17 12:28:30,580 - INFO - New best model saved with accuracy: 75.10%
2025-10-17 12:28:30,580 - INFO - Epoch 162/200 (lr=0.0008)
2025-10-17 12:28:37,539 - INFO - Train Loss: 0.0104, Train Acc: 99.95%, Val Loss: 1.0035, Val Acc: 75.04%
2025-10-17 12:28:37,540 - INFO - Epoch 163/200 (lr=0.0008)
2025-10-17 12:28:44,386 - INFO - Train Loss: 0.0107, Train Acc: 99.94%, Val Loss: 1.0032, Val Acc: 75.11%
2025-10-17 12:28:44,832 - INFO - New best model saved with accuracy: 75.11%
2025-10-17 12:28:44,832 - INFO - Epoch 164/200 (lr=0.0008)
2025-10-17 12:28:51,781 - INFO - Train Loss: 0.0100, Train Acc: 99.95%, Val Loss: 1.0035, Val Acc: 75.05%
2025-10-17 12:28:51,782 - INFO - Epoch 165/200 (lr=0.0008)
2025-10-17 12:28:58,657 - INFO - Train Loss: 0.0102, Train Acc: 99.96%, Val Loss: 1.0005, Val Acc: 75.11%
2025-10-17 12:28:58,657 - INFO - Epoch 166/200 (lr=0.0008)
2025-10-17 12:29:05,764 - INFO - Train Loss: 0.0101, Train Acc: 99.95%, Val Loss: 1.0029, Val Acc: 75.10%
2025-10-17 12:29:05,765 - INFO - Epoch 167/200 (lr=0.0008)
2025-10-17 12:29:12,700 - INFO - Train Loss: 0.0102, Train Acc: 99.95%, Val Loss: 1.0024, Val Acc: 74.93%
2025-10-17 12:29:12,701 - INFO - Epoch 168/200 (lr=0.0008)
2025-10-17 12:29:19,630 - INFO - Train Loss: 0.0101, Train Acc: 99.95%, Val Loss: 1.0015, Val Acc: 75.34%
2025-10-17 12:29:20,206 - INFO - New best model saved with accuracy: 75.34%
2025-10-17 12:29:20,207 - INFO - Epoch 169/200 (lr=0.0008)
2025-10-17 12:29:27,112 - INFO - Train Loss: 0.0102, Train Acc: 99.95%, Val Loss: 1.0020, Val Acc: 75.11%
2025-10-17 12:29:27,113 - INFO - Epoch 170/200 (lr=0.0008)
2025-10-17 12:29:34,184 - INFO - Train Loss: 0.0103, Train Acc: 99.95%, Val Loss: 1.0022, Val Acc: 75.13%
2025-10-17 12:29:34,185 - INFO - Epoch 171/200 (lr=0.0008)
2025-10-17 12:29:41,270 - INFO - Train Loss: 0.0101, Train Acc: 99.97%, Val Loss: 1.0010, Val Acc: 75.05%
2025-10-17 12:29:41,271 - INFO - Epoch 172/200 (lr=0.0008)
2025-10-17 12:29:48,418 - INFO - Train Loss: 0.0099, Train Acc: 99.95%, Val Loss: 1.0003, Val Acc: 75.29%
2025-10-17 12:29:48,419 - INFO - Epoch 173/200 (lr=0.0008)
2025-10-17 12:29:55,366 - INFO - Train Loss: 0.0098, Train Acc: 99.96%, Val Loss: 1.0008, Val Acc: 75.24%
2025-10-17 12:29:55,367 - INFO - Epoch 174/200 (lr=0.0008)
2025-10-17 12:30:02,466 - INFO - Train Loss: 0.0098, Train Acc: 99.94%, Val Loss: 1.0003, Val Acc: 75.25%
2025-10-17 12:30:02,467 - INFO - Epoch 175/200 (lr=0.0008)
2025-10-17 12:30:09,513 - INFO - Train Loss: 0.0102, Train Acc: 99.94%, Val Loss: 0.9999, Val Acc: 75.19%
2025-10-17 12:30:09,514 - INFO - Epoch 176/200 (lr=0.0008)
2025-10-17 12:30:16,521 - INFO - Train Loss: 0.0102, Train Acc: 99.95%, Val Loss: 1.0000, Val Acc: 75.03%
2025-10-17 12:30:16,522 - INFO - Epoch 177/200 (lr=0.0008)
2025-10-17 12:30:23,600 - INFO - Train Loss: 0.0101, Train Acc: 99.94%, Val Loss: 0.9982, Val Acc: 75.27%
2025-10-17 12:30:23,601 - INFO - Epoch 178/200 (lr=0.0008)
2025-10-17 12:30:30,733 - INFO - Train Loss: 0.0101, Train Acc: 99.93%, Val Loss: 0.9993, Val Acc: 75.22%
2025-10-17 12:30:30,734 - INFO - Epoch 179/200 (lr=0.0008)
2025-10-17 12:30:37,767 - INFO - Train Loss: 0.0098, Train Acc: 99.96%, Val Loss: 0.9964, Val Acc: 75.32%
2025-10-17 12:30:37,767 - INFO - Epoch 180/200 (lr=0.0008)
2025-10-17 12:30:44,781 - INFO - Train Loss: 0.0100, Train Acc: 99.94%, Val Loss: 0.9992, Val Acc: 75.20%
2025-10-17 12:30:44,782 - INFO - Epoch 181/200 (lr=0.0008)
2025-10-17 12:30:51,729 - INFO - Train Loss: 0.0101, Train Acc: 99.95%, Val Loss: 0.9994, Val Acc: 75.11%
2025-10-17 12:30:51,729 - INFO - Epoch 182/200 (lr=0.0008)
2025-10-17 12:30:58,650 - INFO - Train Loss: 0.0099, Train Acc: 99.97%, Val Loss: 0.9996, Val Acc: 75.18%
2025-10-17 12:30:58,651 - INFO - Epoch 183/200 (lr=0.0008)
2025-10-17 12:31:05,600 - INFO - Train Loss: 0.0099, Train Acc: 99.95%, Val Loss: 0.9995, Val Acc: 75.16%
2025-10-17 12:31:05,601 - INFO - Epoch 184/200 (lr=0.0008)
2025-10-17 12:31:12,480 - INFO - Train Loss: 0.0098, Train Acc: 99.97%, Val Loss: 0.9995, Val Acc: 75.13%
2025-10-17 12:31:12,480 - INFO - Epoch 185/200 (lr=0.0008)
2025-10-17 12:31:19,346 - INFO - Train Loss: 0.0098, Train Acc: 99.95%, Val Loss: 0.9989, Val Acc: 75.08%
2025-10-17 12:31:19,347 - INFO - Epoch 186/200 (lr=0.0008)
2025-10-17 12:31:26,452 - INFO - Train Loss: 0.0097, Train Acc: 99.96%, Val Loss: 0.9965, Val Acc: 75.25%
2025-10-17 12:31:26,453 - INFO - Epoch 187/200 (lr=0.0008)
2025-10-17 12:31:33,458 - INFO - Train Loss: 0.0100, Train Acc: 99.95%, Val Loss: 0.9967, Val Acc: 75.13%
2025-10-17 12:31:33,459 - INFO - Epoch 188/200 (lr=0.0008)
2025-10-17 12:31:40,433 - INFO - Train Loss: 0.0099, Train Acc: 99.96%, Val Loss: 0.9956, Val Acc: 75.30%
2025-10-17 12:31:40,434 - INFO - Epoch 189/200 (lr=0.0008)
2025-10-17 12:31:47,356 - INFO - Train Loss: 0.0099, Train Acc: 99.96%, Val Loss: 0.9985, Val Acc: 75.18%
2025-10-17 12:31:47,357 - INFO - Epoch 190/200 (lr=0.0008)
2025-10-17 12:31:54,464 - INFO - Train Loss: 0.0097, Train Acc: 99.96%, Val Loss: 0.9966, Val Acc: 75.24%
2025-10-17 12:31:54,465 - INFO - Epoch 191/200 (lr=0.0008)
2025-10-17 12:32:01,624 - INFO - Train Loss: 0.0101, Train Acc: 99.95%, Val Loss: 0.9968, Val Acc: 75.24%
2025-10-17 12:32:01,625 - INFO - Epoch 192/200 (lr=0.0008)
2025-10-17 12:32:08,746 - INFO - Train Loss: 0.0100, Train Acc: 99.96%, Val Loss: 0.9965, Val Acc: 75.12%
2025-10-17 12:32:08,747 - INFO - Epoch 193/200 (lr=0.0008)
2025-10-17 12:32:15,844 - INFO - Train Loss: 0.0098, Train Acc: 99.96%, Val Loss: 0.9954, Val Acc: 75.40%
2025-10-17 12:32:16,309 - INFO - New best model saved with accuracy: 75.40%
2025-10-17 12:32:16,309 - INFO - Epoch 194/200 (lr=0.0008)
2025-10-17 12:32:23,454 - INFO - Train Loss: 0.0104, Train Acc: 99.93%, Val Loss: 0.9959, Val Acc: 75.37%
2025-10-17 12:32:23,455 - INFO - Epoch 195/200 (lr=0.0008)
2025-10-17 12:32:30,617 - INFO - Train Loss: 0.0098, Train Acc: 99.96%, Val Loss: 0.9965, Val Acc: 75.21%
2025-10-17 12:32:30,618 - INFO - Epoch 196/200 (lr=0.0008)
2025-10-17 12:32:37,510 - INFO - Train Loss: 0.0100, Train Acc: 99.94%, Val Loss: 0.9966, Val Acc: 75.30%
2025-10-17 12:32:37,510 - INFO - Epoch 197/200 (lr=0.0008)
2025-10-17 12:32:44,470 - INFO - Train Loss: 0.0101, Train Acc: 99.95%, Val Loss: 0.9947, Val Acc: 75.18%
2025-10-17 12:32:44,471 - INFO - Epoch 198/200 (lr=0.0008)
2025-10-17 12:32:51,374 - INFO - Train Loss: 0.0101, Train Acc: 99.94%, Val Loss: 0.9944, Val Acc: 75.20%
2025-10-17 12:32:51,375 - INFO - Epoch 199/200 (lr=0.0008)
2025-10-17 12:32:58,349 - INFO - Train Loss: 0.0099, Train Acc: 99.97%, Val Loss: 0.9944, Val Acc: 75.26%
2025-10-17 12:32:58,350 - INFO - Epoch 200/200 (lr=0.0008)
2025-10-17 12:33:05,398 - INFO - Train Loss: 0.0098, Train Acc: 99.96%, Val Loss: 0.9931, Val Acc: 75.21%
2025-10-17 12:33:05,400 - INFO - Training completed. Best validation accuracy: 75.40%
