2025-10-17 12:43:28,473 - INFO - Starting CNN training script
2025-10-17 12:43:28,473 - INFO - Arguments: {'model': 'xception', 'dataset': 'cifar10', 'data_dir': './data', 'batch_size': 256, 'num_workers': 8, 'epochs': 200, 'lr': 0.1, 'lr_schedule': '60:0.1,60:0.02,40:0.004,40:0.0008', 'warm': 1, 'output_dir': './experiments/xception_cifar10_20251017_124328'}
2025-10-17 12:43:28,567 - INFO - Using device: cuda
2025-10-17 12:43:28,568 - INFO - Dataset: cifar10, Input channels: 3, Classes: 10
2025-10-17 12:43:30,804 - INFO - Using model: xception
2025-10-17 12:43:30,805 - INFO - Learning rate schedule: [(60, 0.1), (60, 0.02), (40, 0.004), (40, 0.0008)]
2025-10-17 12:43:30,806 - INFO - Using TensorBoard for visualization
2025-10-17 12:43:30,806 - INFO - Starting training for 200 epochs
2025-10-17 12:43:30,806 - INFO - Epoch 1/200 (lr=0.1)
2025-10-17 12:43:52,069 - INFO - Train Loss: 1.6918, Train Acc: 38.58%, Val Loss: 1.7675, Val Acc: 45.14%
2025-10-17 12:43:52,230 - INFO - New best model saved with accuracy: 45.14%
2025-10-17 12:43:52,230 - INFO - Epoch 2/200 (lr=0.1)
2025-10-17 12:44:13,490 - INFO - Train Loss: 1.0709, Train Acc: 62.15%, Val Loss: 0.9918, Val Acc: 65.54%
2025-10-17 12:44:14,128 - INFO - New best model saved with accuracy: 65.54%
2025-10-17 12:44:14,128 - INFO - Epoch 3/200 (lr=0.1)
2025-10-17 12:44:35,568 - INFO - Train Loss: 0.8127, Train Acc: 71.86%, Val Loss: 0.8172, Val Acc: 72.29%
2025-10-17 12:44:36,346 - INFO - New best model saved with accuracy: 72.29%
2025-10-17 12:44:36,362 - INFO - Epoch 4/200 (lr=0.1)
2025-10-17 12:44:57,660 - INFO - Train Loss: 0.6965, Train Acc: 76.02%, Val Loss: 0.7065, Val Acc: 75.66%
2025-10-17 12:44:58,836 - INFO - New best model saved with accuracy: 75.66%
2025-10-17 12:44:58,836 - INFO - Epoch 5/200 (lr=0.1)
2025-10-17 12:45:20,668 - INFO - Train Loss: 0.6268, Train Acc: 78.39%, Val Loss: 0.6516, Val Acc: 78.11%
2025-10-17 12:45:21,422 - INFO - New best model saved with accuracy: 78.11%
2025-10-17 12:45:21,422 - INFO - Epoch 6/200 (lr=0.1)
2025-10-17 12:45:42,780 - INFO - Train Loss: 0.5758, Train Acc: 80.17%, Val Loss: 0.5584, Val Acc: 81.35%
2025-10-17 12:45:43,487 - INFO - New best model saved with accuracy: 81.35%
2025-10-17 12:45:43,488 - INFO - Epoch 7/200 (lr=0.1)
2025-10-17 12:46:04,796 - INFO - Train Loss: 0.5384, Train Acc: 81.33%, Val Loss: 0.6200, Val Acc: 78.36%
2025-10-17 12:46:04,797 - INFO - Epoch 8/200 (lr=0.1)
2025-10-17 12:46:26,838 - INFO - Train Loss: 0.5130, Train Acc: 82.30%, Val Loss: 0.5647, Val Acc: 81.23%
2025-10-17 12:46:26,838 - INFO - Epoch 9/200 (lr=0.1)
2025-10-17 12:46:48,219 - INFO - Train Loss: 0.4873, Train Acc: 83.27%, Val Loss: 0.5579, Val Acc: 82.16%
2025-10-17 12:46:49,183 - INFO - New best model saved with accuracy: 82.16%
2025-10-17 12:46:49,183 - INFO - Epoch 10/200 (lr=0.1)
2025-10-17 12:47:11,069 - INFO - Train Loss: 0.4722, Train Acc: 83.78%, Val Loss: 0.8042, Val Acc: 75.23%
2025-10-17 12:47:11,070 - INFO - Epoch 11/200 (lr=0.1)
2025-10-17 12:47:32,675 - INFO - Train Loss: 0.4561, Train Acc: 84.40%, Val Loss: 0.5985, Val Acc: 80.39%
2025-10-17 12:47:32,676 - INFO - Epoch 12/200 (lr=0.1)
2025-10-17 12:47:54,277 - INFO - Train Loss: 0.4433, Train Acc: 84.79%, Val Loss: 0.5377, Val Acc: 82.77%
2025-10-17 12:47:55,072 - INFO - New best model saved with accuracy: 82.77%
2025-10-17 12:47:55,073 - INFO - Epoch 13/200 (lr=0.1)
2025-10-17 12:48:17,031 - INFO - Train Loss: 0.4229, Train Acc: 85.32%, Val Loss: 0.4427, Val Acc: 85.33%
2025-10-17 12:48:17,689 - INFO - New best model saved with accuracy: 85.33%
2025-10-17 12:48:17,690 - INFO - Epoch 14/200 (lr=0.1)
2025-10-17 12:48:39,231 - INFO - Train Loss: 0.4197, Train Acc: 85.46%, Val Loss: 0.4914, Val Acc: 83.53%
2025-10-17 12:48:39,232 - INFO - Epoch 15/200 (lr=0.1)
2025-10-17 12:49:00,530 - INFO - Train Loss: 0.4058, Train Acc: 85.88%, Val Loss: 0.4876, Val Acc: 83.38%
2025-10-17 12:49:00,530 - INFO - Epoch 16/200 (lr=0.1)
2025-10-17 12:49:22,964 - INFO - Train Loss: 0.4018, Train Acc: 86.33%, Val Loss: 0.5149, Val Acc: 82.68%
2025-10-17 12:49:22,965 - INFO - Epoch 17/200 (lr=0.1)
2025-10-17 12:49:44,388 - INFO - Train Loss: 0.3928, Train Acc: 86.50%, Val Loss: 0.5841, Val Acc: 82.46%
2025-10-17 12:49:44,389 - INFO - Epoch 18/200 (lr=0.1)
2025-10-17 12:50:06,117 - INFO - Train Loss: 0.3890, Train Acc: 86.68%, Val Loss: 0.4753, Val Acc: 84.33%
2025-10-17 12:50:06,118 - INFO - Epoch 19/200 (lr=0.1)
2025-10-17 12:50:27,572 - INFO - Train Loss: 0.3902, Train Acc: 86.47%, Val Loss: 0.4971, Val Acc: 83.40%
2025-10-17 12:50:27,572 - INFO - Epoch 20/200 (lr=0.1)
2025-10-17 12:50:49,068 - INFO - Train Loss: 0.3801, Train Acc: 86.81%, Val Loss: 0.6030, Val Acc: 79.95%
2025-10-17 12:50:49,069 - INFO - Epoch 21/200 (lr=0.1)
2025-10-17 12:51:11,049 - INFO - Train Loss: 0.3815, Train Acc: 86.87%, Val Loss: 0.4891, Val Acc: 83.29%
2025-10-17 12:51:11,049 - INFO - Epoch 22/200 (lr=0.1)
2025-10-17 12:51:32,578 - INFO - Train Loss: 0.3772, Train Acc: 86.97%, Val Loss: 0.5319, Val Acc: 82.79%
2025-10-17 12:51:32,579 - INFO - Epoch 23/200 (lr=0.1)
2025-10-17 12:51:54,277 - INFO - Train Loss: 0.3711, Train Acc: 87.23%, Val Loss: 0.4484, Val Acc: 84.82%
2025-10-17 12:51:54,278 - INFO - Epoch 24/200 (lr=0.1)
2025-10-17 12:52:15,713 - INFO - Train Loss: 0.3700, Train Acc: 87.19%, Val Loss: 0.5036, Val Acc: 83.38%
2025-10-17 12:52:15,714 - INFO - Epoch 25/200 (lr=0.1)
2025-10-17 12:52:37,342 - INFO - Train Loss: 0.3562, Train Acc: 87.71%, Val Loss: 0.4262, Val Acc: 85.28%
2025-10-17 12:52:37,342 - INFO - Epoch 26/200 (lr=0.1)
2025-10-17 12:52:59,116 - INFO - Train Loss: 0.3662, Train Acc: 87.56%, Val Loss: 0.4466, Val Acc: 85.01%
2025-10-17 12:52:59,117 - INFO - Epoch 27/200 (lr=0.1)
2025-10-17 12:53:20,519 - INFO - Train Loss: 0.3545, Train Acc: 87.89%, Val Loss: 0.5297, Val Acc: 83.37%
2025-10-17 12:53:20,520 - INFO - Epoch 28/200 (lr=0.1)
2025-10-17 12:53:41,889 - INFO - Train Loss: 0.3550, Train Acc: 87.78%, Val Loss: 0.4859, Val Acc: 83.75%
2025-10-17 12:53:41,890 - INFO - Epoch 29/200 (lr=0.1)
2025-10-17 12:54:03,888 - INFO - Train Loss: 0.3501, Train Acc: 88.02%, Val Loss: 0.4426, Val Acc: 85.40%
2025-10-17 12:54:04,649 - INFO - New best model saved with accuracy: 85.40%
2025-10-17 12:54:04,650 - INFO - Epoch 30/200 (lr=0.1)
2025-10-17 12:54:26,044 - INFO - Train Loss: 0.3540, Train Acc: 87.75%, Val Loss: 0.4889, Val Acc: 84.15%
2025-10-17 12:54:26,045 - INFO - Epoch 31/200 (lr=0.1)
2025-10-17 12:54:47,584 - INFO - Train Loss: 0.3427, Train Acc: 88.16%, Val Loss: 0.4965, Val Acc: 83.16%
2025-10-17 12:54:47,585 - INFO - Epoch 32/200 (lr=0.1)
2025-10-17 12:55:09,722 - INFO - Train Loss: 0.3406, Train Acc: 88.20%, Val Loss: 0.5559, Val Acc: 83.02%
2025-10-17 12:55:09,723 - INFO - Epoch 33/200 (lr=0.1)
2025-10-17 12:55:31,102 - INFO - Train Loss: 0.3397, Train Acc: 88.31%, Val Loss: 0.4682, Val Acc: 84.99%
2025-10-17 12:55:31,103 - INFO - Epoch 34/200 (lr=0.1)
2025-10-17 12:55:52,811 - INFO - Train Loss: 0.3341, Train Acc: 88.45%, Val Loss: 0.5018, Val Acc: 84.15%
2025-10-17 12:55:52,812 - INFO - Epoch 35/200 (lr=0.1)
2025-10-17 12:56:14,014 - INFO - Train Loss: 0.3380, Train Acc: 88.38%, Val Loss: 0.6243, Val Acc: 80.70%
2025-10-17 12:56:14,015 - INFO - Epoch 36/200 (lr=0.1)
2025-10-17 12:56:35,305 - INFO - Train Loss: 0.3368, Train Acc: 88.38%, Val Loss: 0.5614, Val Acc: 81.85%
2025-10-17 12:56:35,306 - INFO - Epoch 37/200 (lr=0.1)
2025-10-17 12:56:57,030 - INFO - Train Loss: 0.3296, Train Acc: 88.46%, Val Loss: 0.5634, Val Acc: 83.19%
2025-10-17 12:56:57,031 - INFO - Epoch 38/200 (lr=0.1)
2025-10-17 12:57:18,457 - INFO - Train Loss: 0.3272, Train Acc: 88.88%, Val Loss: 0.4322, Val Acc: 85.68%
2025-10-17 12:57:19,225 - INFO - New best model saved with accuracy: 85.68%
2025-10-17 12:57:19,225 - INFO - Epoch 39/200 (lr=0.1)
2025-10-17 12:57:40,624 - INFO - Train Loss: 0.3277, Train Acc: 88.77%, Val Loss: 0.4239, Val Acc: 86.09%
2025-10-17 12:57:41,259 - INFO - New best model saved with accuracy: 86.09%
2025-10-17 12:57:41,260 - INFO - Epoch 40/200 (lr=0.1)
2025-10-17 12:58:03,260 - INFO - Train Loss: 0.3212, Train Acc: 88.95%, Val Loss: 0.5507, Val Acc: 81.86%
2025-10-17 12:58:03,260 - INFO - Epoch 41/200 (lr=0.1)
2025-10-17 12:58:24,770 - INFO - Train Loss: 0.3251, Train Acc: 88.85%, Val Loss: 0.6306, Val Acc: 79.77%
2025-10-17 12:58:24,770 - INFO - Epoch 42/200 (lr=0.1)
2025-10-17 12:58:46,190 - INFO - Train Loss: 0.3240, Train Acc: 88.67%, Val Loss: 0.5435, Val Acc: 83.34%
2025-10-17 12:58:46,190 - INFO - Epoch 43/200 (lr=0.1)
2025-10-17 12:59:08,022 - INFO - Train Loss: 0.3199, Train Acc: 88.95%, Val Loss: 0.4213, Val Acc: 86.10%
2025-10-17 12:59:08,738 - INFO - New best model saved with accuracy: 86.10%
2025-10-17 12:59:08,739 - INFO - Epoch 44/200 (lr=0.1)
2025-10-17 12:59:30,028 - INFO - Train Loss: 0.3227, Train Acc: 88.68%, Val Loss: 0.3826, Val Acc: 87.18%
2025-10-17 12:59:30,686 - INFO - New best model saved with accuracy: 87.18%
2025-10-17 12:59:30,687 - INFO - Epoch 45/200 (lr=0.1)
2025-10-17 12:59:52,333 - INFO - Train Loss: 0.3215, Train Acc: 88.95%, Val Loss: 0.5436, Val Acc: 82.30%
2025-10-17 12:59:52,334 - INFO - Epoch 46/200 (lr=0.1)
2025-10-17 13:00:13,811 - INFO - Train Loss: 0.3112, Train Acc: 89.25%, Val Loss: 0.5243, Val Acc: 83.48%
2025-10-17 13:00:13,812 - INFO - Epoch 47/200 (lr=0.1)
2025-10-17 13:00:35,132 - INFO - Train Loss: 0.3142, Train Acc: 89.18%, Val Loss: 0.5750, Val Acc: 81.60%
2025-10-17 13:00:35,132 - INFO - Epoch 48/200 (lr=0.1)
2025-10-17 13:00:56,851 - INFO - Train Loss: 0.3091, Train Acc: 89.35%, Val Loss: 0.4680, Val Acc: 85.01%
2025-10-17 13:00:56,852 - INFO - Epoch 49/200 (lr=0.1)
2025-10-17 13:01:18,268 - INFO - Train Loss: 0.3084, Train Acc: 89.43%, Val Loss: 0.5403, Val Acc: 82.08%
2025-10-17 13:01:18,269 - INFO - Epoch 50/200 (lr=0.1)
2025-10-17 13:01:39,495 - INFO - Train Loss: 0.3067, Train Acc: 89.42%, Val Loss: 0.4782, Val Acc: 84.36%
2025-10-17 13:01:39,496 - INFO - Epoch 51/200 (lr=0.1)
2025-10-17 13:02:01,602 - INFO - Train Loss: 0.3195, Train Acc: 88.97%, Val Loss: 0.5398, Val Acc: 83.18%
2025-10-17 13:02:01,603 - INFO - Epoch 52/200 (lr=0.1)
2025-10-17 13:02:22,997 - INFO - Train Loss: 0.3050, Train Acc: 89.42%, Val Loss: 0.4328, Val Acc: 85.84%
2025-10-17 13:02:22,998 - INFO - Epoch 53/200 (lr=0.1)
2025-10-17 13:02:44,564 - INFO - Train Loss: 0.3123, Train Acc: 89.22%, Val Loss: 0.4995, Val Acc: 84.34%
2025-10-17 13:02:44,565 - INFO - Epoch 54/200 (lr=0.1)
2025-10-17 13:03:06,132 - INFO - Train Loss: 0.3022, Train Acc: 89.64%, Val Loss: 0.4269, Val Acc: 86.43%
2025-10-17 13:03:06,133 - INFO - Epoch 55/200 (lr=0.1)
2025-10-17 13:03:27,483 - INFO - Train Loss: 0.3072, Train Acc: 89.31%, Val Loss: 0.6913, Val Acc: 78.55%
2025-10-17 13:03:27,484 - INFO - Epoch 56/200 (lr=0.1)
2025-10-17 13:03:49,403 - INFO - Train Loss: 0.3044, Train Acc: 89.51%, Val Loss: 0.4119, Val Acc: 86.75%
2025-10-17 13:03:49,404 - INFO - Epoch 57/200 (lr=0.1)
2025-10-17 13:04:10,865 - INFO - Train Loss: 0.3019, Train Acc: 89.52%, Val Loss: 0.4982, Val Acc: 83.42%
2025-10-17 13:04:10,866 - INFO - Epoch 58/200 (lr=0.1)
2025-10-17 13:04:32,337 - INFO - Train Loss: 0.3088, Train Acc: 89.36%, Val Loss: 0.4297, Val Acc: 86.50%
2025-10-17 13:04:32,338 - INFO - Epoch 59/200 (lr=0.1)
2025-10-17 13:04:54,348 - INFO - Train Loss: 0.2993, Train Acc: 89.71%, Val Loss: 0.4936, Val Acc: 84.18%
2025-10-17 13:04:54,349 - INFO - Epoch 60/200 (lr=0.1)
2025-10-17 13:05:15,887 - INFO - Train Loss: 0.3066, Train Acc: 89.43%, Val Loss: 0.3778, Val Acc: 87.37%
2025-10-17 13:05:16,577 - INFO - New best model saved with accuracy: 87.37%
2025-10-17 13:05:16,578 - INFO - Epoch 61/200 (lr=0.02)
2025-10-17 13:05:38,222 - INFO - Train Loss: 0.1664, Train Acc: 94.50%, Val Loss: 0.2110, Val Acc: 92.92%
2025-10-17 13:05:38,926 - INFO - New best model saved with accuracy: 92.92%
2025-10-17 13:05:38,926 - INFO - Epoch 62/200 (lr=0.02)
2025-10-17 13:06:00,299 - INFO - Train Loss: 0.1139, Train Acc: 96.14%, Val Loss: 0.2173, Val Acc: 92.63%
2025-10-17 13:06:00,300 - INFO - Epoch 63/200 (lr=0.02)
2025-10-17 13:06:21,792 - INFO - Train Loss: 0.1025, Train Acc: 96.59%, Val Loss: 0.2160, Val Acc: 93.37%
2025-10-17 13:06:22,704 - INFO - New best model saved with accuracy: 93.37%
2025-10-17 13:06:22,705 - INFO - Epoch 64/200 (lr=0.02)
2025-10-17 13:06:44,467 - INFO - Train Loss: 0.0905, Train Acc: 96.90%, Val Loss: 0.2220, Val Acc: 93.11%
2025-10-17 13:06:44,468 - INFO - Epoch 65/200 (lr=0.02)
2025-10-17 13:07:05,693 - INFO - Train Loss: 0.0843, Train Acc: 97.13%, Val Loss: 0.2174, Val Acc: 93.25%
2025-10-17 13:07:05,693 - INFO - Epoch 66/200 (lr=0.02)
2025-10-17 13:07:27,570 - INFO - Train Loss: 0.0806, Train Acc: 97.26%, Val Loss: 0.2246, Val Acc: 93.36%
2025-10-17 13:07:27,571 - INFO - Epoch 67/200 (lr=0.02)
2025-10-17 13:07:50,105 - INFO - Train Loss: 0.0732, Train Acc: 97.58%, Val Loss: 0.2203, Val Acc: 93.52%
2025-10-17 13:07:50,860 - INFO - New best model saved with accuracy: 93.52%
2025-10-17 13:07:50,860 - INFO - Epoch 68/200 (lr=0.02)
2025-10-17 13:08:12,964 - INFO - Train Loss: 0.0758, Train Acc: 97.49%, Val Loss: 0.2414, Val Acc: 92.78%
2025-10-17 13:08:12,964 - INFO - Epoch 69/200 (lr=0.02)
2025-10-17 13:08:35,176 - INFO - Train Loss: 0.0715, Train Acc: 97.65%, Val Loss: 0.2233, Val Acc: 93.24%
2025-10-17 13:08:35,176 - INFO - Epoch 70/200 (lr=0.02)
2025-10-17 13:08:57,150 - INFO - Train Loss: 0.0693, Train Acc: 97.64%, Val Loss: 0.2419, Val Acc: 92.97%
2025-10-17 13:08:57,151 - INFO - Epoch 71/200 (lr=0.02)
2025-10-17 13:09:18,923 - INFO - Train Loss: 0.0689, Train Acc: 97.70%, Val Loss: 0.2432, Val Acc: 93.14%
2025-10-17 13:09:18,924 - INFO - Epoch 72/200 (lr=0.02)
2025-10-17 13:09:41,020 - INFO - Train Loss: 0.0657, Train Acc: 97.78%, Val Loss: 0.2488, Val Acc: 92.96%
2025-10-17 13:09:41,021 - INFO - Epoch 73/200 (lr=0.02)
2025-10-17 13:10:03,312 - INFO - Train Loss: 0.0642, Train Acc: 97.88%, Val Loss: 0.2720, Val Acc: 92.05%
2025-10-17 13:10:03,312 - INFO - Epoch 74/200 (lr=0.02)
2025-10-17 13:10:25,779 - INFO - Train Loss: 0.0631, Train Acc: 97.89%, Val Loss: 0.2736, Val Acc: 91.91%
2025-10-17 13:10:25,780 - INFO - Epoch 75/200 (lr=0.02)
2025-10-17 13:10:47,970 - INFO - Train Loss: 0.0616, Train Acc: 97.96%, Val Loss: 0.2689, Val Acc: 92.25%
2025-10-17 13:10:47,970 - INFO - Epoch 76/200 (lr=0.02)
2025-10-17 13:11:10,268 - INFO - Train Loss: 0.0665, Train Acc: 97.77%, Val Loss: 0.2355, Val Acc: 93.26%
2025-10-17 13:11:10,269 - INFO - Epoch 77/200 (lr=0.02)
2025-10-17 13:11:32,307 - INFO - Train Loss: 0.0664, Train Acc: 97.79%, Val Loss: 0.2574, Val Acc: 92.62%
2025-10-17 13:11:32,307 - INFO - Epoch 78/200 (lr=0.02)
2025-10-17 13:11:54,423 - INFO - Train Loss: 0.0647, Train Acc: 97.84%, Val Loss: 0.2756, Val Acc: 92.34%
2025-10-17 13:11:54,423 - INFO - Epoch 79/200 (lr=0.02)
2025-10-17 13:12:16,734 - INFO - Train Loss: 0.0700, Train Acc: 97.62%, Val Loss: 0.2567, Val Acc: 92.78%
2025-10-17 13:12:16,735 - INFO - Epoch 80/200 (lr=0.02)
2025-10-17 13:12:39,351 - INFO - Train Loss: 0.0649, Train Acc: 97.75%, Val Loss: 0.2748, Val Acc: 92.37%
2025-10-17 13:12:39,352 - INFO - Epoch 81/200 (lr=0.02)
2025-10-17 13:13:01,408 - INFO - Train Loss: 0.0671, Train Acc: 97.77%, Val Loss: 0.2531, Val Acc: 93.07%
2025-10-17 13:13:01,408 - INFO - Epoch 82/200 (lr=0.02)
2025-10-17 13:13:23,570 - INFO - Train Loss: 0.0679, Train Acc: 97.69%, Val Loss: 0.3054, Val Acc: 91.82%
2025-10-17 13:13:23,570 - INFO - Epoch 83/200 (lr=0.02)
2025-10-17 13:13:45,779 - INFO - Train Loss: 0.0643, Train Acc: 97.85%, Val Loss: 0.2798, Val Acc: 92.23%
2025-10-17 13:13:45,780 - INFO - Epoch 84/200 (lr=0.02)
2025-10-17 13:14:07,938 - INFO - Train Loss: 0.0695, Train Acc: 97.62%, Val Loss: 0.2691, Val Acc: 92.63%
2025-10-17 13:14:07,939 - INFO - Epoch 85/200 (lr=0.02)
2025-10-17 13:14:30,156 - INFO - Train Loss: 0.0649, Train Acc: 97.83%, Val Loss: 0.3017, Val Acc: 91.78%
2025-10-17 13:14:30,157 - INFO - Epoch 86/200 (lr=0.02)
2025-10-17 13:14:52,524 - INFO - Train Loss: 0.0733, Train Acc: 97.53%, Val Loss: 0.2877, Val Acc: 91.81%
2025-10-17 13:14:52,524 - INFO - Epoch 87/200 (lr=0.02)
2025-10-17 13:15:14,319 - INFO - Train Loss: 0.0720, Train Acc: 97.59%, Val Loss: 0.2878, Val Acc: 91.73%
2025-10-17 13:15:14,319 - INFO - Epoch 88/200 (lr=0.02)
2025-10-17 13:15:36,379 - INFO - Train Loss: 0.0681, Train Acc: 97.70%, Val Loss: 0.2857, Val Acc: 92.12%
2025-10-17 13:15:36,380 - INFO - Epoch 89/200 (lr=0.02)
2025-10-17 13:15:58,503 - INFO - Train Loss: 0.0709, Train Acc: 97.65%, Val Loss: 0.3497, Val Acc: 90.42%
2025-10-17 13:15:58,503 - INFO - Epoch 90/200 (lr=0.02)
2025-10-17 13:16:20,307 - INFO - Train Loss: 0.0719, Train Acc: 97.59%, Val Loss: 0.3423, Val Acc: 90.66%
2025-10-17 13:16:20,308 - INFO - Epoch 91/200 (lr=0.02)
2025-10-17 13:16:42,215 - INFO - Train Loss: 0.0752, Train Acc: 97.49%, Val Loss: 0.2814, Val Acc: 92.49%
2025-10-17 13:16:42,216 - INFO - Epoch 92/200 (lr=0.02)
2025-10-17 13:17:04,383 - INFO - Train Loss: 0.0725, Train Acc: 97.60%, Val Loss: 0.3344, Val Acc: 91.15%
2025-10-17 13:17:04,384 - INFO - Epoch 93/200 (lr=0.02)
2025-10-17 13:17:25,704 - INFO - Train Loss: 0.0755, Train Acc: 97.46%, Val Loss: 0.2959, Val Acc: 91.65%
2025-10-17 13:17:25,705 - INFO - Epoch 94/200 (lr=0.02)
2025-10-17 13:17:47,847 - INFO - Train Loss: 0.0731, Train Acc: 97.50%, Val Loss: 0.2796, Val Acc: 91.59%
2025-10-17 13:17:47,847 - INFO - Epoch 95/200 (lr=0.02)
2025-10-17 13:18:09,767 - INFO - Train Loss: 0.0696, Train Acc: 97.71%, Val Loss: 0.3444, Val Acc: 90.61%
2025-10-17 13:18:09,768 - INFO - Epoch 96/200 (lr=0.02)
2025-10-17 13:18:31,878 - INFO - Train Loss: 0.0744, Train Acc: 97.36%, Val Loss: 0.3201, Val Acc: 91.20%
2025-10-17 13:18:31,879 - INFO - Epoch 97/200 (lr=0.02)
2025-10-17 13:18:53,713 - INFO - Train Loss: 0.0799, Train Acc: 97.31%, Val Loss: 0.3230, Val Acc: 91.45%
2025-10-17 13:18:53,714 - INFO - Epoch 98/200 (lr=0.02)
2025-10-17 13:19:15,443 - INFO - Train Loss: 0.0708, Train Acc: 97.65%, Val Loss: 0.3218, Val Acc: 91.43%
2025-10-17 13:19:15,443 - INFO - Epoch 99/200 (lr=0.02)
2025-10-17 13:19:36,755 - INFO - Train Loss: 0.0728, Train Acc: 97.55%, Val Loss: 0.3265, Val Acc: 91.13%
2025-10-17 13:19:36,756 - INFO - Epoch 100/200 (lr=0.02)
2025-10-17 13:19:58,323 - INFO - Train Loss: 0.0740, Train Acc: 97.44%, Val Loss: 0.3015, Val Acc: 91.68%
2025-10-17 13:19:58,324 - INFO - Epoch 101/200 (lr=0.02)
2025-10-17 13:20:19,864 - INFO - Train Loss: 0.0686, Train Acc: 97.77%, Val Loss: 0.3072, Val Acc: 91.51%
2025-10-17 13:20:19,865 - INFO - Epoch 102/200 (lr=0.02)
2025-10-17 13:20:41,965 - INFO - Train Loss: 0.0718, Train Acc: 97.59%, Val Loss: 0.2835, Val Acc: 92.04%
2025-10-17 13:20:41,965 - INFO - Epoch 103/200 (lr=0.02)
2025-10-17 13:21:03,347 - INFO - Train Loss: 0.0728, Train Acc: 97.51%, Val Loss: 0.3438, Val Acc: 90.96%
2025-10-17 13:21:03,348 - INFO - Epoch 104/200 (lr=0.02)
2025-10-17 13:21:25,249 - INFO - Train Loss: 0.0750, Train Acc: 97.48%, Val Loss: 0.3213, Val Acc: 91.10%
2025-10-17 13:21:25,249 - INFO - Epoch 105/200 (lr=0.02)
2025-10-17 13:21:47,416 - INFO - Train Loss: 0.0738, Train Acc: 97.50%, Val Loss: 0.3219, Val Acc: 91.45%
2025-10-17 13:21:47,416 - INFO - Epoch 106/200 (lr=0.02)
2025-10-17 13:22:08,515 - INFO - Train Loss: 0.0700, Train Acc: 97.63%, Val Loss: 0.3251, Val Acc: 91.20%
2025-10-17 13:22:08,516 - INFO - Epoch 107/200 (lr=0.02)
2025-10-17 13:22:29,786 - INFO - Train Loss: 0.0746, Train Acc: 97.49%, Val Loss: 0.2944, Val Acc: 91.05%
2025-10-17 13:22:29,787 - INFO - Epoch 108/200 (lr=0.02)
2025-10-17 13:22:51,568 - INFO - Train Loss: 0.0720, Train Acc: 97.57%, Val Loss: 0.3506, Val Acc: 90.31%
2025-10-17 13:22:51,569 - INFO - Epoch 109/200 (lr=0.02)
2025-10-17 13:23:12,909 - INFO - Train Loss: 0.0764, Train Acc: 97.44%, Val Loss: 0.3058, Val Acc: 91.52%
2025-10-17 13:23:12,910 - INFO - Epoch 110/200 (lr=0.02)
2025-10-17 13:23:34,956 - INFO - Train Loss: 0.0704, Train Acc: 97.58%, Val Loss: 0.3063, Val Acc: 91.58%
2025-10-17 13:23:34,957 - INFO - Epoch 111/200 (lr=0.02)
2025-10-17 13:23:56,307 - INFO - Train Loss: 0.0707, Train Acc: 97.55%, Val Loss: 0.2940, Val Acc: 91.88%
2025-10-17 13:23:56,307 - INFO - Epoch 112/200 (lr=0.02)
2025-10-17 13:24:17,786 - INFO - Train Loss: 0.0730, Train Acc: 97.54%, Val Loss: 0.3119, Val Acc: 91.61%
2025-10-17 13:24:17,787 - INFO - Epoch 113/200 (lr=0.02)
2025-10-17 13:24:39,037 - INFO - Train Loss: 0.0701, Train Acc: 97.67%, Val Loss: 0.3248, Val Acc: 90.92%
2025-10-17 13:24:39,038 - INFO - Epoch 114/200 (lr=0.02)
2025-10-17 13:25:00,427 - INFO - Train Loss: 0.0730, Train Acc: 97.64%, Val Loss: 0.2739, Val Acc: 92.23%
2025-10-17 13:25:00,428 - INFO - Epoch 115/200 (lr=0.02)
2025-10-17 13:25:22,253 - INFO - Train Loss: 0.0727, Train Acc: 97.55%, Val Loss: 0.3126, Val Acc: 91.52%
2025-10-17 13:25:22,253 - INFO - Epoch 116/200 (lr=0.02)
2025-10-17 13:25:43,613 - INFO - Train Loss: 0.0697, Train Acc: 97.70%, Val Loss: 0.3260, Val Acc: 91.04%
2025-10-17 13:25:43,614 - INFO - Epoch 117/200 (lr=0.02)
2025-10-17 13:26:05,080 - INFO - Train Loss: 0.0709, Train Acc: 97.64%, Val Loss: 0.3035, Val Acc: 91.67%
2025-10-17 13:26:05,081 - INFO - Epoch 118/200 (lr=0.02)
2025-10-17 13:26:27,164 - INFO - Train Loss: 0.0751, Train Acc: 97.45%, Val Loss: 0.3532, Val Acc: 90.57%
2025-10-17 13:26:27,165 - INFO - Epoch 119/200 (lr=0.02)
2025-10-17 13:26:48,444 - INFO - Train Loss: 0.0742, Train Acc: 97.54%, Val Loss: 0.3064, Val Acc: 91.06%
2025-10-17 13:26:48,445 - INFO - Epoch 120/200 (lr=0.02)
2025-10-17 13:27:10,494 - INFO - Train Loss: 0.0710, Train Acc: 97.62%, Val Loss: 0.2957, Val Acc: 91.73%
2025-10-17 13:27:10,495 - INFO - Epoch 121/200 (lr=0.004)
2025-10-17 13:27:32,385 - INFO - Train Loss: 0.0327, Train Acc: 98.99%, Val Loss: 0.2214, Val Acc: 93.60%
2025-10-17 13:27:33,061 - INFO - New best model saved with accuracy: 93.60%
2025-10-17 13:27:33,061 - INFO - Epoch 122/200 (lr=0.004)
2025-10-17 13:27:54,808 - INFO - Train Loss: 0.0185, Train Acc: 99.50%, Val Loss: 0.2186, Val Acc: 93.76%
2025-10-17 13:27:55,458 - INFO - New best model saved with accuracy: 93.76%
2025-10-17 13:27:55,459 - INFO - Epoch 123/200 (lr=0.004)
2025-10-17 13:28:17,488 - INFO - Train Loss: 0.0138, Train Acc: 99.63%, Val Loss: 0.2197, Val Acc: 93.99%
2025-10-17 13:28:18,163 - INFO - New best model saved with accuracy: 93.99%
2025-10-17 13:28:18,164 - INFO - Epoch 124/200 (lr=0.004)
2025-10-17 13:28:39,940 - INFO - Train Loss: 0.0137, Train Acc: 99.64%, Val Loss: 0.2142, Val Acc: 94.14%
2025-10-17 13:28:40,735 - INFO - New best model saved with accuracy: 94.14%
2025-10-17 13:28:40,735 - INFO - Epoch 125/200 (lr=0.004)
2025-10-17 13:29:02,537 - INFO - Train Loss: 0.0119, Train Acc: 99.73%, Val Loss: 0.2189, Val Acc: 93.87%
2025-10-17 13:29:02,538 - INFO - Epoch 126/200 (lr=0.004)
2025-10-17 13:29:24,405 - INFO - Train Loss: 0.0110, Train Acc: 99.74%, Val Loss: 0.2178, Val Acc: 93.92%
2025-10-17 13:29:24,406 - INFO - Epoch 127/200 (lr=0.004)
2025-10-17 13:29:46,186 - INFO - Train Loss: 0.0099, Train Acc: 99.77%, Val Loss: 0.2167, Val Acc: 94.24%
2025-10-17 13:29:46,948 - INFO - New best model saved with accuracy: 94.24%
2025-10-17 13:29:46,949 - INFO - Epoch 128/200 (lr=0.004)
2025-10-17 13:30:08,305 - INFO - Train Loss: 0.0096, Train Acc: 99.77%, Val Loss: 0.2205, Val Acc: 94.00%
2025-10-17 13:30:08,306 - INFO - Epoch 129/200 (lr=0.004)
2025-10-17 13:30:29,646 - INFO - Train Loss: 0.0091, Train Acc: 99.80%, Val Loss: 0.2176, Val Acc: 94.07%
2025-10-17 13:30:29,647 - INFO - Epoch 130/200 (lr=0.004)
2025-10-17 13:30:50,935 - INFO - Train Loss: 0.0085, Train Acc: 99.80%, Val Loss: 0.2119, Val Acc: 94.11%
2025-10-17 13:30:50,935 - INFO - Epoch 131/200 (lr=0.004)
2025-10-17 13:31:12,160 - INFO - Train Loss: 0.0082, Train Acc: 99.84%, Val Loss: 0.2145, Val Acc: 94.10%
2025-10-17 13:31:12,161 - INFO - Epoch 132/200 (lr=0.004)
2025-10-17 13:31:33,457 - INFO - Train Loss: 0.0075, Train Acc: 99.85%, Val Loss: 0.2150, Val Acc: 94.22%
2025-10-17 13:31:33,458 - INFO - Epoch 133/200 (lr=0.004)
2025-10-17 13:31:54,651 - INFO - Train Loss: 0.0066, Train Acc: 99.86%, Val Loss: 0.2138, Val Acc: 94.20%
2025-10-17 13:31:54,652 - INFO - Epoch 134/200 (lr=0.004)
2025-10-17 13:32:15,824 - INFO - Train Loss: 0.0082, Train Acc: 99.81%, Val Loss: 0.2146, Val Acc: 94.18%
2025-10-17 13:32:15,825 - INFO - Epoch 135/200 (lr=0.004)
2025-10-17 13:32:36,902 - INFO - Train Loss: 0.0075, Train Acc: 99.84%, Val Loss: 0.2190, Val Acc: 94.10%
2025-10-17 13:32:36,902 - INFO - Epoch 136/200 (lr=0.004)
2025-10-17 13:32:57,999 - INFO - Train Loss: 0.0066, Train Acc: 99.86%, Val Loss: 0.2140, Val Acc: 94.10%
2025-10-17 13:32:58,000 - INFO - Epoch 137/200 (lr=0.004)
2025-10-17 13:33:19,209 - INFO - Train Loss: 0.0073, Train Acc: 99.83%, Val Loss: 0.2116, Val Acc: 94.29%
2025-10-17 13:33:19,820 - INFO - New best model saved with accuracy: 94.29%
2025-10-17 13:33:19,820 - INFO - Epoch 138/200 (lr=0.004)
2025-10-17 13:33:41,117 - INFO - Train Loss: 0.0061, Train Acc: 99.89%, Val Loss: 0.2060, Val Acc: 94.50%
2025-10-17 13:33:41,804 - INFO - New best model saved with accuracy: 94.50%
2025-10-17 13:33:41,804 - INFO - Epoch 139/200 (lr=0.004)
2025-10-17 13:34:03,336 - INFO - Train Loss: 0.0067, Train Acc: 99.87%, Val Loss: 0.2091, Val Acc: 94.22%
2025-10-17 13:34:03,337 - INFO - Epoch 140/200 (lr=0.004)
2025-10-17 13:34:24,598 - INFO - Train Loss: 0.0066, Train Acc: 99.85%, Val Loss: 0.2115, Val Acc: 94.33%
2025-10-17 13:34:24,599 - INFO - Epoch 141/200 (lr=0.004)
2025-10-17 13:34:45,797 - INFO - Train Loss: 0.0060, Train Acc: 99.90%, Val Loss: 0.2094, Val Acc: 94.46%
2025-10-17 13:34:45,798 - INFO - Epoch 142/200 (lr=0.004)
2025-10-17 13:35:06,964 - INFO - Train Loss: 0.0066, Train Acc: 99.85%, Val Loss: 0.2118, Val Acc: 94.33%
2025-10-17 13:35:06,965 - INFO - Epoch 143/200 (lr=0.004)
2025-10-17 13:35:28,155 - INFO - Train Loss: 0.0063, Train Acc: 99.86%, Val Loss: 0.2124, Val Acc: 94.36%
2025-10-17 13:35:28,156 - INFO - Epoch 144/200 (lr=0.004)
2025-10-17 13:35:49,317 - INFO - Train Loss: 0.0062, Train Acc: 99.86%, Val Loss: 0.2126, Val Acc: 94.25%
2025-10-17 13:35:49,318 - INFO - Epoch 145/200 (lr=0.004)
2025-10-17 13:36:10,907 - INFO - Train Loss: 0.0066, Train Acc: 99.86%, Val Loss: 0.2133, Val Acc: 94.08%
2025-10-17 13:36:10,908 - INFO - Epoch 146/200 (lr=0.004)
2025-10-17 13:36:32,364 - INFO - Train Loss: 0.0060, Train Acc: 99.88%, Val Loss: 0.2117, Val Acc: 94.30%
2025-10-17 13:36:32,365 - INFO - Epoch 147/200 (lr=0.004)
2025-10-17 13:36:53,850 - INFO - Train Loss: 0.0057, Train Acc: 99.89%, Val Loss: 0.2096, Val Acc: 94.44%
2025-10-17 13:36:53,851 - INFO - Epoch 148/200 (lr=0.004)
2025-10-17 13:37:15,195 - INFO - Train Loss: 0.0063, Train Acc: 99.87%, Val Loss: 0.2107, Val Acc: 94.32%
2025-10-17 13:37:15,196 - INFO - Epoch 149/200 (lr=0.004)
2025-10-17 13:37:37,463 - INFO - Train Loss: 0.0062, Train Acc: 99.88%, Val Loss: 0.2124, Val Acc: 94.27%
2025-10-17 13:37:37,463 - INFO - Epoch 150/200 (lr=0.004)
2025-10-17 13:37:58,777 - INFO - Train Loss: 0.0058, Train Acc: 99.89%, Val Loss: 0.2115, Val Acc: 94.30%
2025-10-17 13:37:58,778 - INFO - Epoch 151/200 (lr=0.004)
2025-10-17 13:38:20,229 - INFO - Train Loss: 0.0055, Train Acc: 99.91%, Val Loss: 0.2167, Val Acc: 94.18%
2025-10-17 13:38:20,229 - INFO - Epoch 152/200 (lr=0.004)
2025-10-17 13:38:41,417 - INFO - Train Loss: 0.0053, Train Acc: 99.91%, Val Loss: 0.2161, Val Acc: 94.21%
2025-10-17 13:38:41,418 - INFO - Epoch 153/200 (lr=0.004)
2025-10-17 13:39:03,131 - INFO - Train Loss: 0.0057, Train Acc: 99.89%, Val Loss: 0.2175, Val Acc: 94.29%
2025-10-17 13:39:03,132 - INFO - Epoch 154/200 (lr=0.004)
2025-10-17 13:39:24,530 - INFO - Train Loss: 0.0048, Train Acc: 99.91%, Val Loss: 0.2139, Val Acc: 94.19%
2025-10-17 13:39:24,531 - INFO - Epoch 155/200 (lr=0.004)
2025-10-17 13:39:46,023 - INFO - Train Loss: 0.0052, Train Acc: 99.91%, Val Loss: 0.2155, Val Acc: 94.32%
2025-10-17 13:39:46,024 - INFO - Epoch 156/200 (lr=0.004)
2025-10-17 13:40:07,267 - INFO - Train Loss: 0.0050, Train Acc: 99.92%, Val Loss: 0.2139, Val Acc: 94.30%
2025-10-17 13:40:07,267 - INFO - Epoch 157/200 (lr=0.004)
2025-10-17 13:40:29,105 - INFO - Train Loss: 0.0057, Train Acc: 99.87%, Val Loss: 0.2158, Val Acc: 94.06%
2025-10-17 13:40:29,105 - INFO - Epoch 158/200 (lr=0.004)
2025-10-17 13:40:50,470 - INFO - Train Loss: 0.0054, Train Acc: 99.90%, Val Loss: 0.2177, Val Acc: 94.05%
2025-10-17 13:40:50,471 - INFO - Epoch 159/200 (lr=0.004)
2025-10-17 13:41:11,957 - INFO - Train Loss: 0.0049, Train Acc: 99.94%, Val Loss: 0.2156, Val Acc: 94.30%
2025-10-17 13:41:11,958 - INFO - Epoch 160/200 (lr=0.004)
2025-10-17 13:41:33,023 - INFO - Train Loss: 0.0053, Train Acc: 99.91%, Val Loss: 0.2175, Val Acc: 94.10%
2025-10-17 13:41:33,024 - INFO - Epoch 161/200 (lr=0.0008)
2025-10-17 13:41:55,221 - INFO - Train Loss: 0.0052, Train Acc: 99.91%, Val Loss: 0.2115, Val Acc: 94.27%
2025-10-17 13:41:55,222 - INFO - Epoch 162/200 (lr=0.0008)
2025-10-17 13:42:17,335 - INFO - Train Loss: 0.0043, Train Acc: 99.93%, Val Loss: 0.2107, Val Acc: 94.32%
2025-10-17 13:42:17,336 - INFO - Epoch 163/200 (lr=0.0008)
2025-10-17 13:42:39,125 - INFO - Train Loss: 0.0043, Train Acc: 99.92%, Val Loss: 0.2114, Val Acc: 94.42%
2025-10-17 13:42:39,126 - INFO - Epoch 164/200 (lr=0.0008)
2025-10-17 13:43:00,195 - INFO - Train Loss: 0.0042, Train Acc: 99.93%, Val Loss: 0.2095, Val Acc: 94.30%
2025-10-17 13:43:00,195 - INFO - Epoch 165/200 (lr=0.0008)
2025-10-17 13:43:21,480 - INFO - Train Loss: 0.0038, Train Acc: 99.95%, Val Loss: 0.2102, Val Acc: 94.36%
2025-10-17 13:43:21,480 - INFO - Epoch 166/200 (lr=0.0008)
2025-10-17 13:43:42,801 - INFO - Train Loss: 0.0040, Train Acc: 99.94%, Val Loss: 0.2113, Val Acc: 94.41%
2025-10-17 13:43:42,802 - INFO - Epoch 167/200 (lr=0.0008)
2025-10-17 13:44:03,892 - INFO - Train Loss: 0.0038, Train Acc: 99.95%, Val Loss: 0.2098, Val Acc: 94.41%
2025-10-17 13:44:03,893 - INFO - Epoch 168/200 (lr=0.0008)
2025-10-17 13:44:25,143 - INFO - Train Loss: 0.0040, Train Acc: 99.94%, Val Loss: 0.2115, Val Acc: 94.48%
2025-10-17 13:44:25,144 - INFO - Epoch 169/200 (lr=0.0008)
2025-10-17 13:44:46,657 - INFO - Train Loss: 0.0044, Train Acc: 99.93%, Val Loss: 0.2081, Val Acc: 94.40%
2025-10-17 13:44:46,658 - INFO - Epoch 170/200 (lr=0.0008)
2025-10-17 13:45:07,935 - INFO - Train Loss: 0.0037, Train Acc: 99.96%, Val Loss: 0.2081, Val Acc: 94.39%
2025-10-17 13:45:07,935 - INFO - Epoch 171/200 (lr=0.0008)
2025-10-17 13:45:29,351 - INFO - Train Loss: 0.0042, Train Acc: 99.94%, Val Loss: 0.2091, Val Acc: 94.38%
2025-10-17 13:45:29,351 - INFO - Epoch 172/200 (lr=0.0008)
2025-10-17 13:45:50,578 - INFO - Train Loss: 0.0039, Train Acc: 99.94%, Val Loss: 0.2092, Val Acc: 94.34%
2025-10-17 13:45:50,579 - INFO - Epoch 173/200 (lr=0.0008)
2025-10-17 13:46:11,769 - INFO - Train Loss: 0.0039, Train Acc: 99.95%, Val Loss: 0.2084, Val Acc: 94.49%
2025-10-17 13:46:11,770 - INFO - Epoch 174/200 (lr=0.0008)
2025-10-17 13:46:33,074 - INFO - Train Loss: 0.0041, Train Acc: 99.94%, Val Loss: 0.2109, Val Acc: 94.40%
2025-10-17 13:46:33,075 - INFO - Epoch 175/200 (lr=0.0008)
2025-10-17 13:46:54,776 - INFO - Train Loss: 0.0040, Train Acc: 99.95%, Val Loss: 0.2118, Val Acc: 94.30%
2025-10-17 13:46:54,776 - INFO - Epoch 176/200 (lr=0.0008)
2025-10-17 13:47:16,175 - INFO - Train Loss: 0.0038, Train Acc: 99.96%, Val Loss: 0.2113, Val Acc: 94.38%
2025-10-17 13:47:16,176 - INFO - Epoch 177/200 (lr=0.0008)
2025-10-17 13:47:37,530 - INFO - Train Loss: 0.0036, Train Acc: 99.96%, Val Loss: 0.2108, Val Acc: 94.47%
2025-10-17 13:47:37,530 - INFO - Epoch 178/200 (lr=0.0008)
2025-10-17 13:47:58,684 - INFO - Train Loss: 0.0040, Train Acc: 99.94%, Val Loss: 0.2103, Val Acc: 94.49%
2025-10-17 13:47:58,685 - INFO - Epoch 179/200 (lr=0.0008)
2025-10-17 13:48:20,456 - INFO - Train Loss: 0.0037, Train Acc: 99.95%, Val Loss: 0.2108, Val Acc: 94.39%
2025-10-17 13:48:20,457 - INFO - Epoch 180/200 (lr=0.0008)
2025-10-17 13:48:41,843 - INFO - Train Loss: 0.0038, Train Acc: 99.95%, Val Loss: 0.2091, Val Acc: 94.51%
2025-10-17 13:48:42,527 - INFO - New best model saved with accuracy: 94.51%
2025-10-17 13:48:42,527 - INFO - Epoch 181/200 (lr=0.0008)
2025-10-17 13:49:04,085 - INFO - Train Loss: 0.0036, Train Acc: 99.94%, Val Loss: 0.2075, Val Acc: 94.46%
2025-10-17 13:49:04,085 - INFO - Epoch 182/200 (lr=0.0008)
2025-10-17 13:49:25,302 - INFO - Train Loss: 0.0039, Train Acc: 99.94%, Val Loss: 0.2050, Val Acc: 94.40%
2025-10-17 13:49:25,303 - INFO - Epoch 183/200 (lr=0.0008)
2025-10-17 13:49:46,568 - INFO - Train Loss: 0.0036, Train Acc: 99.96%, Val Loss: 0.2079, Val Acc: 94.46%
2025-10-17 13:49:46,569 - INFO - Epoch 184/200 (lr=0.0008)
2025-10-17 13:50:07,950 - INFO - Train Loss: 0.0038, Train Acc: 99.95%, Val Loss: 0.2073, Val Acc: 94.42%
2025-10-17 13:50:07,950 - INFO - Epoch 185/200 (lr=0.0008)
2025-10-17 13:50:29,157 - INFO - Train Loss: 0.0038, Train Acc: 99.95%, Val Loss: 0.2084, Val Acc: 94.50%
2025-10-17 13:50:29,157 - INFO - Epoch 186/200 (lr=0.0008)
2025-10-17 13:50:50,890 - INFO - Train Loss: 0.0040, Train Acc: 99.94%, Val Loss: 0.2066, Val Acc: 94.31%
2025-10-17 13:50:50,891 - INFO - Epoch 187/200 (lr=0.0008)
2025-10-17 13:51:12,401 - INFO - Train Loss: 0.0040, Train Acc: 99.94%, Val Loss: 0.2069, Val Acc: 94.40%
2025-10-17 13:51:12,402 - INFO - Epoch 188/200 (lr=0.0008)
2025-10-17 13:51:33,479 - INFO - Train Loss: 0.0037, Train Acc: 99.95%, Val Loss: 0.2070, Val Acc: 94.51%
2025-10-17 13:51:33,480 - INFO - Epoch 189/200 (lr=0.0008)
2025-10-17 13:51:55,397 - INFO - Train Loss: 0.0036, Train Acc: 99.96%, Val Loss: 0.2063, Val Acc: 94.54%
2025-10-17 13:51:56,020 - INFO - New best model saved with accuracy: 94.54%
2025-10-17 13:51:56,020 - INFO - Epoch 190/200 (lr=0.0008)
2025-10-17 13:52:17,730 - INFO - Train Loss: 0.0036, Train Acc: 99.95%, Val Loss: 0.2075, Val Acc: 94.45%
2025-10-17 13:52:17,731 - INFO - Epoch 191/200 (lr=0.0008)
2025-10-17 13:52:39,138 - INFO - Train Loss: 0.0036, Train Acc: 99.94%, Val Loss: 0.2104, Val Acc: 94.41%
2025-10-17 13:52:39,139 - INFO - Epoch 192/200 (lr=0.0008)
2025-10-17 13:53:00,634 - INFO - Train Loss: 0.0032, Train Acc: 99.97%, Val Loss: 0.2117, Val Acc: 94.50%
2025-10-17 13:53:00,635 - INFO - Epoch 193/200 (lr=0.0008)
2025-10-17 13:53:21,733 - INFO - Train Loss: 0.0037, Train Acc: 99.95%, Val Loss: 0.2105, Val Acc: 94.40%
2025-10-17 13:53:21,734 - INFO - Epoch 194/200 (lr=0.0008)
2025-10-17 13:53:43,389 - INFO - Train Loss: 0.0035, Train Acc: 99.96%, Val Loss: 0.2086, Val Acc: 94.52%
2025-10-17 13:53:43,389 - INFO - Epoch 195/200 (lr=0.0008)
2025-10-17 13:54:04,917 - INFO - Train Loss: 0.0035, Train Acc: 99.95%, Val Loss: 0.2100, Val Acc: 94.42%
2025-10-17 13:54:04,918 - INFO - Epoch 196/200 (lr=0.0008)
2025-10-17 13:54:26,645 - INFO - Train Loss: 0.0038, Train Acc: 99.96%, Val Loss: 0.2082, Val Acc: 94.56%
2025-10-17 13:54:27,457 - INFO - New best model saved with accuracy: 94.56%
2025-10-17 13:54:27,457 - INFO - Epoch 197/200 (lr=0.0008)
2025-10-17 13:54:48,861 - INFO - Train Loss: 0.0037, Train Acc: 99.95%, Val Loss: 0.2080, Val Acc: 94.54%
2025-10-17 13:54:48,861 - INFO - Epoch 198/200 (lr=0.0008)
2025-10-17 13:55:10,386 - INFO - Train Loss: 0.0033, Train Acc: 99.97%, Val Loss: 0.2093, Val Acc: 94.54%
2025-10-17 13:55:10,387 - INFO - Epoch 199/200 (lr=0.0008)
2025-10-17 13:55:31,808 - INFO - Train Loss: 0.0034, Train Acc: 99.97%, Val Loss: 0.2111, Val Acc: 94.45%
2025-10-17 13:55:31,809 - INFO - Epoch 200/200 (lr=0.0008)
2025-10-17 13:55:53,504 - INFO - Train Loss: 0.0034, Train Acc: 99.95%, Val Loss: 0.2130, Val Acc: 94.45%
2025-10-17 13:55:53,506 - INFO - Training completed. Best validation accuracy: 94.56%
