2025-10-17 17:19:50,030 - INFO - Starting CNN training script
2025-10-17 17:19:50,030 - INFO - Arguments: {'model': 'mobilenet', 'dataset': 'cifar100', 'data_dir': './data', 'batch_size': 256, 'num_workers': 8, 'epochs': 200, 'lr': 0.1, 'lr_schedule': '60:0.1,60:0.02,40:0.004,40:0.0008', 'warm': 1, 'output_dir': './experiments/20251017/mobilenet_cifar100_171950'}
2025-10-17 17:19:50,181 - INFO - Using device: cuda
2025-10-17 17:19:50,181 - INFO - Dataset: cifar100, Input channels: 3, Classes: 100
2025-10-17 17:19:52,720 - INFO - Using model: mobilenet
2025-10-17 17:19:52,721 - INFO - Learning rate schedule: [(60, 0.1), (60, 0.02), (40, 0.004), (40, 0.0008)]
2025-10-17 17:19:52,723 - INFO - Using TensorBoard for visualization
2025-10-17 17:19:52,723 - INFO - Starting training for 200 epochs
2025-10-17 17:19:52,723 - INFO - Epoch 1/200 (lr=0.1)
2025-10-17 17:19:59,681 - INFO - Train Loss: 4.3770, Train Acc: 3.87%, Val Loss: 3.9824, Val Acc: 8.20%
2025-10-17 17:19:59,732 - INFO - New best model saved with accuracy: 8.20%
2025-10-17 17:19:59,732 - INFO - Epoch 2/200 (lr=0.1)
2025-10-17 17:20:06,432 - INFO - Train Loss: 3.6720, Train Acc: 12.72%, Val Loss: 3.4487, Val Acc: 15.85%
2025-10-17 17:20:06,540 - INFO - New best model saved with accuracy: 15.85%
2025-10-17 17:20:06,540 - INFO - Epoch 3/200 (lr=0.1)
2025-10-17 17:20:12,730 - INFO - Train Loss: 3.3342, Train Acc: 18.44%, Val Loss: 3.2334, Val Acc: 21.07%
2025-10-17 17:20:12,862 - INFO - New best model saved with accuracy: 21.07%
2025-10-17 17:20:12,862 - INFO - Epoch 4/200 (lr=0.1)
2025-10-17 17:20:19,583 - INFO - Train Loss: 3.0823, Train Acc: 23.02%, Val Loss: 3.0618, Val Acc: 24.12%
2025-10-17 17:20:19,737 - INFO - New best model saved with accuracy: 24.12%
2025-10-17 17:20:19,738 - INFO - Epoch 5/200 (lr=0.1)
2025-10-17 17:20:26,523 - INFO - Train Loss: 2.8749, Train Acc: 27.14%, Val Loss: 2.7877, Val Acc: 30.00%
2025-10-17 17:20:26,649 - INFO - New best model saved with accuracy: 30.00%
2025-10-17 17:20:26,649 - INFO - Epoch 6/200 (lr=0.1)
2025-10-17 17:20:33,412 - INFO - Train Loss: 2.6876, Train Acc: 30.65%, Val Loss: 2.7765, Val Acc: 30.09%
2025-10-17 17:20:33,539 - INFO - New best model saved with accuracy: 30.09%
2025-10-17 17:20:33,539 - INFO - Epoch 7/200 (lr=0.1)
2025-10-17 17:20:40,160 - INFO - Train Loss: 2.5212, Train Acc: 34.04%, Val Loss: 2.6013, Val Acc: 33.00%
2025-10-17 17:20:40,288 - INFO - New best model saved with accuracy: 33.00%
2025-10-17 17:20:40,288 - INFO - Epoch 8/200 (lr=0.1)
2025-10-17 17:20:47,008 - INFO - Train Loss: 2.3721, Train Acc: 37.03%, Val Loss: 2.4340, Val Acc: 35.72%
2025-10-17 17:20:47,134 - INFO - New best model saved with accuracy: 35.72%
2025-10-17 17:20:47,135 - INFO - Epoch 9/200 (lr=0.1)
2025-10-17 17:20:53,938 - INFO - Train Loss: 2.2642, Train Acc: 39.37%, Val Loss: 2.2159, Val Acc: 40.63%
2025-10-17 17:20:54,064 - INFO - New best model saved with accuracy: 40.63%
2025-10-17 17:20:54,064 - INFO - Epoch 10/200 (lr=0.1)
2025-10-17 17:21:00,718 - INFO - Train Loss: 2.1606, Train Acc: 41.56%, Val Loss: 2.1839, Val Acc: 41.47%
2025-10-17 17:21:00,838 - INFO - New best model saved with accuracy: 41.47%
2025-10-17 17:21:00,838 - INFO - Epoch 11/200 (lr=0.1)
2025-10-17 17:21:07,346 - INFO - Train Loss: 2.0892, Train Acc: 43.21%, Val Loss: 2.2042, Val Acc: 41.33%
2025-10-17 17:21:07,347 - INFO - Epoch 12/200 (lr=0.1)
2025-10-17 17:21:14,021 - INFO - Train Loss: 2.0203, Train Acc: 44.95%, Val Loss: 2.1134, Val Acc: 42.96%
2025-10-17 17:21:14,150 - INFO - New best model saved with accuracy: 42.96%
2025-10-17 17:21:14,150 - INFO - Epoch 13/200 (lr=0.1)
2025-10-17 17:21:20,636 - INFO - Train Loss: 1.9644, Train Acc: 45.96%, Val Loss: 2.7055, Val Acc: 32.78%
2025-10-17 17:21:20,637 - INFO - Epoch 14/200 (lr=0.1)
2025-10-17 17:21:27,068 - INFO - Train Loss: 1.9015, Train Acc: 47.79%, Val Loss: 2.0746, Val Acc: 44.07%
2025-10-17 17:21:27,186 - INFO - New best model saved with accuracy: 44.07%
2025-10-17 17:21:27,187 - INFO - Epoch 15/200 (lr=0.1)
2025-10-17 17:21:33,774 - INFO - Train Loss: 1.8655, Train Acc: 48.39%, Val Loss: 2.0236, Val Acc: 46.18%
2025-10-17 17:21:33,911 - INFO - New best model saved with accuracy: 46.18%
2025-10-17 17:21:33,911 - INFO - Epoch 16/200 (lr=0.1)
2025-10-17 17:21:40,783 - INFO - Train Loss: 1.8434, Train Acc: 49.22%, Val Loss: 1.9910, Val Acc: 46.36%
2025-10-17 17:21:40,907 - INFO - New best model saved with accuracy: 46.36%
2025-10-17 17:21:40,907 - INFO - Epoch 17/200 (lr=0.1)
2025-10-17 17:21:47,685 - INFO - Train Loss: 1.8114, Train Acc: 49.91%, Val Loss: 2.0816, Val Acc: 44.93%
2025-10-17 17:21:47,686 - INFO - Epoch 18/200 (lr=0.1)
2025-10-17 17:21:54,497 - INFO - Train Loss: 1.7892, Train Acc: 50.44%, Val Loss: 1.7934, Val Acc: 51.03%
2025-10-17 17:21:54,630 - INFO - New best model saved with accuracy: 51.03%
2025-10-17 17:21:54,630 - INFO - Epoch 19/200 (lr=0.1)
2025-10-17 17:22:01,356 - INFO - Train Loss: 1.7627, Train Acc: 50.91%, Val Loss: 1.8780, Val Acc: 48.62%
2025-10-17 17:22:01,357 - INFO - Epoch 20/200 (lr=0.1)
2025-10-17 17:22:07,809 - INFO - Train Loss: 1.7332, Train Acc: 51.76%, Val Loss: 1.9032, Val Acc: 48.30%
2025-10-17 17:22:07,810 - INFO - Epoch 21/200 (lr=0.1)
2025-10-17 17:22:14,463 - INFO - Train Loss: 1.7246, Train Acc: 51.94%, Val Loss: 1.9851, Val Acc: 46.57%
2025-10-17 17:22:14,464 - INFO - Epoch 22/200 (lr=0.1)
2025-10-17 17:22:20,802 - INFO - Train Loss: 1.7044, Train Acc: 52.25%, Val Loss: 2.0724, Val Acc: 45.81%
2025-10-17 17:22:20,803 - INFO - Epoch 23/200 (lr=0.1)
2025-10-17 17:22:27,565 - INFO - Train Loss: 1.6980, Train Acc: 52.67%, Val Loss: 1.9633, Val Acc: 47.71%
2025-10-17 17:22:27,565 - INFO - Epoch 24/200 (lr=0.1)
2025-10-17 17:22:34,135 - INFO - Train Loss: 1.6636, Train Acc: 53.34%, Val Loss: 1.9100, Val Acc: 48.38%
2025-10-17 17:22:34,136 - INFO - Epoch 25/200 (lr=0.1)
2025-10-17 17:22:40,866 - INFO - Train Loss: 1.6587, Train Acc: 53.54%, Val Loss: 1.8541, Val Acc: 49.92%
2025-10-17 17:22:40,867 - INFO - Epoch 26/200 (lr=0.1)
2025-10-17 17:22:47,176 - INFO - Train Loss: 1.6498, Train Acc: 53.95%, Val Loss: 1.9130, Val Acc: 48.37%
2025-10-17 17:22:47,176 - INFO - Epoch 27/200 (lr=0.1)
2025-10-17 17:22:53,788 - INFO - Train Loss: 1.6346, Train Acc: 54.08%, Val Loss: 1.9838, Val Acc: 47.11%
2025-10-17 17:22:53,789 - INFO - Epoch 28/200 (lr=0.1)
2025-10-17 17:23:00,453 - INFO - Train Loss: 1.6167, Train Acc: 54.63%, Val Loss: 1.9919, Val Acc: 47.46%
2025-10-17 17:23:00,454 - INFO - Epoch 29/200 (lr=0.1)
2025-10-17 17:23:06,156 - INFO - Train Loss: 1.5998, Train Acc: 54.94%, Val Loss: 1.9452, Val Acc: 47.79%
2025-10-17 17:23:06,156 - INFO - Epoch 30/200 (lr=0.1)
2025-10-17 17:23:12,404 - INFO - Train Loss: 1.6068, Train Acc: 54.97%, Val Loss: 1.9455, Val Acc: 48.85%
2025-10-17 17:23:12,405 - INFO - Epoch 31/200 (lr=0.1)
2025-10-17 17:23:18,154 - INFO - Train Loss: 1.5954, Train Acc: 54.88%, Val Loss: 2.1167, Val Acc: 45.24%
2025-10-17 17:23:18,155 - INFO - Epoch 32/200 (lr=0.1)
2025-10-17 17:23:24,873 - INFO - Train Loss: 1.5621, Train Acc: 56.00%, Val Loss: 1.7955, Val Acc: 51.30%
2025-10-17 17:23:24,994 - INFO - New best model saved with accuracy: 51.30%
2025-10-17 17:23:24,995 - INFO - Epoch 33/200 (lr=0.1)
2025-10-17 17:23:31,674 - INFO - Train Loss: 1.5688, Train Acc: 55.83%, Val Loss: 1.9331, Val Acc: 48.70%
2025-10-17 17:23:31,674 - INFO - Epoch 34/200 (lr=0.1)
2025-10-17 17:23:38,626 - INFO - Train Loss: 1.5668, Train Acc: 55.87%, Val Loss: 2.0442, Val Acc: 47.63%
2025-10-17 17:23:38,627 - INFO - Epoch 35/200 (lr=0.1)
2025-10-17 17:23:45,123 - INFO - Train Loss: 1.5446, Train Acc: 56.42%, Val Loss: 1.7810, Val Acc: 51.30%
2025-10-17 17:23:45,124 - INFO - Epoch 36/200 (lr=0.1)
2025-10-17 17:23:51,725 - INFO - Train Loss: 1.5399, Train Acc: 56.35%, Val Loss: 1.7969, Val Acc: 51.39%
2025-10-17 17:23:51,853 - INFO - New best model saved with accuracy: 51.39%
2025-10-17 17:23:51,854 - INFO - Epoch 37/200 (lr=0.1)
2025-10-17 17:23:58,486 - INFO - Train Loss: 1.5333, Train Acc: 56.26%, Val Loss: 1.8650, Val Acc: 49.78%
2025-10-17 17:23:58,487 - INFO - Epoch 38/200 (lr=0.1)
2025-10-17 17:24:04,903 - INFO - Train Loss: 1.5288, Train Acc: 56.92%, Val Loss: 1.8978, Val Acc: 48.89%
2025-10-17 17:24:04,904 - INFO - Epoch 39/200 (lr=0.1)
2025-10-17 17:24:11,014 - INFO - Train Loss: 1.5205, Train Acc: 56.96%, Val Loss: 1.8833, Val Acc: 50.86%
2025-10-17 17:24:11,015 - INFO - Epoch 40/200 (lr=0.1)
2025-10-17 17:24:17,551 - INFO - Train Loss: 1.5257, Train Acc: 56.81%, Val Loss: 1.7703, Val Acc: 52.31%
2025-10-17 17:24:17,660 - INFO - New best model saved with accuracy: 52.31%
2025-10-17 17:24:17,660 - INFO - Epoch 41/200 (lr=0.1)
2025-10-17 17:24:24,879 - INFO - Train Loss: 1.5098, Train Acc: 57.21%, Val Loss: 1.8805, Val Acc: 49.90%
2025-10-17 17:24:24,879 - INFO - Epoch 42/200 (lr=0.1)
2025-10-17 17:24:31,550 - INFO - Train Loss: 1.5035, Train Acc: 57.32%, Val Loss: 2.0081, Val Acc: 46.97%
2025-10-17 17:24:31,551 - INFO - Epoch 43/200 (lr=0.1)
2025-10-17 17:24:37,893 - INFO - Train Loss: 1.5006, Train Acc: 57.61%, Val Loss: 1.9079, Val Acc: 48.94%
2025-10-17 17:24:37,894 - INFO - Epoch 44/200 (lr=0.1)
2025-10-17 17:24:44,062 - INFO - Train Loss: 1.4966, Train Acc: 57.67%, Val Loss: 1.9807, Val Acc: 48.33%
2025-10-17 17:24:44,063 - INFO - Epoch 45/200 (lr=0.1)
2025-10-17 17:24:50,847 - INFO - Train Loss: 1.4958, Train Acc: 57.66%, Val Loss: 1.8738, Val Acc: 49.98%
2025-10-17 17:24:50,848 - INFO - Epoch 46/200 (lr=0.1)
2025-10-17 17:24:57,203 - INFO - Train Loss: 1.4831, Train Acc: 57.71%, Val Loss: 1.9168, Val Acc: 49.81%
2025-10-17 17:24:57,204 - INFO - Epoch 47/200 (lr=0.1)
2025-10-17 17:25:03,237 - INFO - Train Loss: 1.4778, Train Acc: 58.08%, Val Loss: 2.0197, Val Acc: 47.37%
2025-10-17 17:25:03,238 - INFO - Epoch 48/200 (lr=0.1)
2025-10-17 17:25:10,003 - INFO - Train Loss: 1.4810, Train Acc: 57.93%, Val Loss: 1.9652, Val Acc: 48.76%
2025-10-17 17:25:10,004 - INFO - Epoch 49/200 (lr=0.1)
2025-10-17 17:25:16,689 - INFO - Train Loss: 1.4760, Train Acc: 58.03%, Val Loss: 1.7873, Val Acc: 52.22%
2025-10-17 17:25:16,690 - INFO - Epoch 50/200 (lr=0.1)
2025-10-17 17:25:23,413 - INFO - Train Loss: 1.4823, Train Acc: 57.69%, Val Loss: 2.0003, Val Acc: 48.88%
2025-10-17 17:25:23,414 - INFO - Epoch 51/200 (lr=0.1)
2025-10-17 17:25:30,012 - INFO - Train Loss: 1.4693, Train Acc: 58.40%, Val Loss: 1.7720, Val Acc: 51.97%
2025-10-17 17:25:30,012 - INFO - Epoch 52/200 (lr=0.1)
2025-10-17 17:25:36,789 - INFO - Train Loss: 1.4733, Train Acc: 58.10%, Val Loss: 1.8390, Val Acc: 50.31%
2025-10-17 17:25:36,790 - INFO - Epoch 53/200 (lr=0.1)
2025-10-17 17:25:43,594 - INFO - Train Loss: 1.4639, Train Acc: 58.53%, Val Loss: 1.7514, Val Acc: 52.75%
2025-10-17 17:25:43,719 - INFO - New best model saved with accuracy: 52.75%
2025-10-17 17:25:43,720 - INFO - Epoch 54/200 (lr=0.1)
2025-10-17 17:25:50,366 - INFO - Train Loss: 1.4683, Train Acc: 58.06%, Val Loss: 1.7261, Val Acc: 53.70%
2025-10-17 17:25:50,521 - INFO - New best model saved with accuracy: 53.70%
2025-10-17 17:25:50,522 - INFO - Epoch 55/200 (lr=0.1)
2025-10-17 17:25:57,298 - INFO - Train Loss: 1.4571, Train Acc: 58.53%, Val Loss: 1.8832, Val Acc: 49.84%
2025-10-17 17:25:57,298 - INFO - Epoch 56/200 (lr=0.1)
2025-10-17 17:26:03,842 - INFO - Train Loss: 1.4642, Train Acc: 58.44%, Val Loss: 1.9708, Val Acc: 48.41%
2025-10-17 17:26:03,843 - INFO - Epoch 57/200 (lr=0.1)
2025-10-17 17:26:10,223 - INFO - Train Loss: 1.4530, Train Acc: 58.77%, Val Loss: 1.8001, Val Acc: 51.70%
2025-10-17 17:26:10,225 - INFO - Epoch 58/200 (lr=0.1)
2025-10-17 17:26:16,459 - INFO - Train Loss: 1.4544, Train Acc: 58.56%, Val Loss: 1.8873, Val Acc: 49.55%
2025-10-17 17:26:16,460 - INFO - Epoch 59/200 (lr=0.1)
2025-10-17 17:26:22,902 - INFO - Train Loss: 1.4539, Train Acc: 58.78%, Val Loss: 1.8476, Val Acc: 50.40%
2025-10-17 17:26:22,902 - INFO - Epoch 60/200 (lr=0.1)
2025-10-17 17:26:29,382 - INFO - Train Loss: 1.4322, Train Acc: 59.15%, Val Loss: 1.7640, Val Acc: 52.42%
2025-10-17 17:26:29,383 - INFO - Epoch 61/200 (lr=0.02)
2025-10-17 17:26:36,190 - INFO - Train Loss: 1.0516, Train Acc: 69.39%, Val Loss: 1.2364, Val Acc: 65.20%
2025-10-17 17:26:36,301 - INFO - New best model saved with accuracy: 65.20%
2025-10-17 17:26:36,301 - INFO - Epoch 62/200 (lr=0.02)
2025-10-17 17:26:42,948 - INFO - Train Loss: 0.8936, Train Acc: 73.65%, Val Loss: 1.2128, Val Acc: 65.78%
2025-10-17 17:26:43,074 - INFO - New best model saved with accuracy: 65.78%
2025-10-17 17:26:43,074 - INFO - Epoch 63/200 (lr=0.02)
2025-10-17 17:26:49,668 - INFO - Train Loss: 0.8368, Train Acc: 74.85%, Val Loss: 1.2285, Val Acc: 66.22%
2025-10-17 17:26:49,787 - INFO - New best model saved with accuracy: 66.22%
2025-10-17 17:26:49,788 - INFO - Epoch 64/200 (lr=0.02)
2025-10-17 17:26:56,152 - INFO - Train Loss: 0.7846, Train Acc: 76.42%, Val Loss: 1.2331, Val Acc: 65.67%
2025-10-17 17:26:56,153 - INFO - Epoch 65/200 (lr=0.02)
2025-10-17 17:27:02,824 - INFO - Train Loss: 0.7486, Train Acc: 77.67%, Val Loss: 1.2471, Val Acc: 65.65%
2025-10-17 17:27:02,824 - INFO - Epoch 66/200 (lr=0.02)
2025-10-17 17:27:08,849 - INFO - Train Loss: 0.7131, Train Acc: 78.35%, Val Loss: 1.2252, Val Acc: 65.76%
2025-10-17 17:27:08,850 - INFO - Epoch 67/200 (lr=0.02)
2025-10-17 17:27:15,625 - INFO - Train Loss: 0.7028, Train Acc: 78.72%, Val Loss: 1.2618, Val Acc: 65.22%
2025-10-17 17:27:15,626 - INFO - Epoch 68/200 (lr=0.02)
2025-10-17 17:27:22,086 - INFO - Train Loss: 0.6702, Train Acc: 79.63%, Val Loss: 1.2755, Val Acc: 65.74%
2025-10-17 17:27:22,087 - INFO - Epoch 69/200 (lr=0.02)
2025-10-17 17:27:28,657 - INFO - Train Loss: 0.6558, Train Acc: 79.69%, Val Loss: 1.2895, Val Acc: 65.27%
2025-10-17 17:27:28,658 - INFO - Epoch 70/200 (lr=0.02)
2025-10-17 17:27:35,384 - INFO - Train Loss: 0.6448, Train Acc: 80.30%, Val Loss: 1.3386, Val Acc: 64.39%
2025-10-17 17:27:35,384 - INFO - Epoch 71/200 (lr=0.02)
2025-10-17 17:27:42,037 - INFO - Train Loss: 0.6341, Train Acc: 80.37%, Val Loss: 1.3385, Val Acc: 64.28%
2025-10-17 17:27:42,038 - INFO - Epoch 72/200 (lr=0.02)
2025-10-17 17:27:48,686 - INFO - Train Loss: 0.6128, Train Acc: 81.17%, Val Loss: 1.3500, Val Acc: 64.42%
2025-10-17 17:27:48,687 - INFO - Epoch 73/200 (lr=0.02)
2025-10-17 17:27:54,941 - INFO - Train Loss: 0.6035, Train Acc: 81.31%, Val Loss: 1.3495, Val Acc: 64.65%
2025-10-17 17:27:54,942 - INFO - Epoch 74/200 (lr=0.02)
2025-10-17 17:28:01,650 - INFO - Train Loss: 0.6021, Train Acc: 81.32%, Val Loss: 1.3646, Val Acc: 64.13%
2025-10-17 17:28:01,651 - INFO - Epoch 75/200 (lr=0.02)
2025-10-17 17:28:08,437 - INFO - Train Loss: 0.5901, Train Acc: 81.85%, Val Loss: 1.3792, Val Acc: 64.27%
2025-10-17 17:28:08,438 - INFO - Epoch 76/200 (lr=0.02)
2025-10-17 17:28:15,028 - INFO - Train Loss: 0.5940, Train Acc: 81.45%, Val Loss: 1.3747, Val Acc: 64.47%
2025-10-17 17:28:15,029 - INFO - Epoch 77/200 (lr=0.02)
2025-10-17 17:28:21,704 - INFO - Train Loss: 0.5922, Train Acc: 81.56%, Val Loss: 1.4104, Val Acc: 64.34%
2025-10-17 17:28:21,704 - INFO - Epoch 78/200 (lr=0.02)
2025-10-17 17:28:28,410 - INFO - Train Loss: 0.5786, Train Acc: 81.96%, Val Loss: 1.4275, Val Acc: 63.95%
2025-10-17 17:28:28,410 - INFO - Epoch 79/200 (lr=0.02)
2025-10-17 17:28:35,078 - INFO - Train Loss: 0.5781, Train Acc: 82.02%, Val Loss: 1.4481, Val Acc: 63.16%
2025-10-17 17:28:35,079 - INFO - Epoch 80/200 (lr=0.02)
2025-10-17 17:28:41,415 - INFO - Train Loss: 0.5714, Train Acc: 82.11%, Val Loss: 1.3994, Val Acc: 64.56%
2025-10-17 17:28:41,416 - INFO - Epoch 81/200 (lr=0.02)
2025-10-17 17:28:47,776 - INFO - Train Loss: 0.5660, Train Acc: 82.42%, Val Loss: 1.4794, Val Acc: 62.75%
2025-10-17 17:28:47,777 - INFO - Epoch 82/200 (lr=0.02)
2025-10-17 17:28:54,242 - INFO - Train Loss: 0.5594, Train Acc: 82.70%, Val Loss: 1.4292, Val Acc: 64.10%
2025-10-17 17:28:54,243 - INFO - Epoch 83/200 (lr=0.02)
2025-10-17 17:29:00,892 - INFO - Train Loss: 0.5474, Train Acc: 82.75%, Val Loss: 1.4664, Val Acc: 63.48%
2025-10-17 17:29:00,892 - INFO - Epoch 84/200 (lr=0.02)
2025-10-17 17:29:07,283 - INFO - Train Loss: 0.5526, Train Acc: 82.67%, Val Loss: 1.4785, Val Acc: 62.69%
2025-10-17 17:29:07,284 - INFO - Epoch 85/200 (lr=0.02)
2025-10-17 17:29:14,113 - INFO - Train Loss: 0.5472, Train Acc: 82.89%, Val Loss: 1.4701, Val Acc: 63.12%
2025-10-17 17:29:14,114 - INFO - Epoch 86/200 (lr=0.02)
2025-10-17 17:29:20,421 - INFO - Train Loss: 0.5399, Train Acc: 83.13%, Val Loss: 1.5640, Val Acc: 61.69%
2025-10-17 17:29:20,422 - INFO - Epoch 87/200 (lr=0.02)
2025-10-17 17:29:27,236 - INFO - Train Loss: 0.5502, Train Acc: 82.67%, Val Loss: 1.5123, Val Acc: 62.96%
2025-10-17 17:29:27,237 - INFO - Epoch 88/200 (lr=0.02)
2025-10-17 17:29:33,908 - INFO - Train Loss: 0.5365, Train Acc: 83.11%, Val Loss: 1.5445, Val Acc: 61.67%
2025-10-17 17:29:33,909 - INFO - Epoch 89/200 (lr=0.02)
2025-10-17 17:29:40,505 - INFO - Train Loss: 0.5278, Train Acc: 83.28%, Val Loss: 1.5203, Val Acc: 61.96%
2025-10-17 17:29:40,509 - INFO - Epoch 90/200 (lr=0.02)
2025-10-17 17:29:47,014 - INFO - Train Loss: 0.5367, Train Acc: 82.95%, Val Loss: 1.5466, Val Acc: 61.56%
2025-10-17 17:29:47,014 - INFO - Epoch 91/200 (lr=0.02)
2025-10-17 17:29:53,824 - INFO - Train Loss: 0.5294, Train Acc: 83.33%, Val Loss: 1.5551, Val Acc: 61.78%
2025-10-17 17:29:53,825 - INFO - Epoch 92/200 (lr=0.02)
2025-10-17 17:30:00,335 - INFO - Train Loss: 0.5120, Train Acc: 84.22%, Val Loss: 1.5596, Val Acc: 61.49%
2025-10-17 17:30:00,336 - INFO - Epoch 93/200 (lr=0.02)
2025-10-17 17:30:06,854 - INFO - Train Loss: 0.5191, Train Acc: 83.58%, Val Loss: 1.5968, Val Acc: 61.48%
2025-10-17 17:30:06,855 - INFO - Epoch 94/200 (lr=0.02)
2025-10-17 17:30:13,554 - INFO - Train Loss: 0.5164, Train Acc: 83.87%, Val Loss: 1.5915, Val Acc: 61.13%
2025-10-17 17:30:13,555 - INFO - Epoch 95/200 (lr=0.02)
2025-10-17 17:30:20,230 - INFO - Train Loss: 0.4982, Train Acc: 84.35%, Val Loss: 1.5372, Val Acc: 62.58%
2025-10-17 17:30:20,231 - INFO - Epoch 96/200 (lr=0.02)
2025-10-17 17:30:26,550 - INFO - Train Loss: 0.4984, Train Acc: 84.36%, Val Loss: 1.5269, Val Acc: 62.70%
2025-10-17 17:30:26,551 - INFO - Epoch 97/200 (lr=0.02)
2025-10-17 17:30:33,341 - INFO - Train Loss: 0.5082, Train Acc: 83.89%, Val Loss: 1.5543, Val Acc: 61.98%
2025-10-17 17:30:33,342 - INFO - Epoch 98/200 (lr=0.02)
2025-10-17 17:30:39,988 - INFO - Train Loss: 0.4926, Train Acc: 84.42%, Val Loss: 1.5178, Val Acc: 62.97%
2025-10-17 17:30:39,989 - INFO - Epoch 99/200 (lr=0.02)
2025-10-17 17:30:46,625 - INFO - Train Loss: 0.4876, Train Acc: 84.60%, Val Loss: 1.5699, Val Acc: 62.15%
2025-10-17 17:30:46,626 - INFO - Epoch 100/200 (lr=0.02)
2025-10-17 17:30:53,016 - INFO - Train Loss: 0.4858, Train Acc: 84.62%, Val Loss: 1.5383, Val Acc: 62.37%
2025-10-17 17:30:53,017 - INFO - Epoch 101/200 (lr=0.02)
2025-10-17 17:30:59,815 - INFO - Train Loss: 0.4835, Train Acc: 84.87%, Val Loss: 1.5430, Val Acc: 62.45%
2025-10-17 17:30:59,816 - INFO - Epoch 102/200 (lr=0.02)
2025-10-17 17:31:06,432 - INFO - Train Loss: 0.4800, Train Acc: 84.91%, Val Loss: 1.5980, Val Acc: 61.08%
2025-10-17 17:31:06,433 - INFO - Epoch 103/200 (lr=0.02)
2025-10-17 17:31:12,910 - INFO - Train Loss: 0.4624, Train Acc: 85.60%, Val Loss: 1.6028, Val Acc: 61.31%
2025-10-17 17:31:12,911 - INFO - Epoch 104/200 (lr=0.02)
2025-10-17 17:31:19,661 - INFO - Train Loss: 0.4599, Train Acc: 85.49%, Val Loss: 1.5751, Val Acc: 61.84%
2025-10-17 17:31:19,662 - INFO - Epoch 105/200 (lr=0.02)
2025-10-17 17:31:24,912 - INFO - Train Loss: 0.4609, Train Acc: 85.28%, Val Loss: 1.6494, Val Acc: 60.69%
2025-10-17 17:31:24,913 - INFO - Epoch 106/200 (lr=0.02)
2025-10-17 17:31:31,615 - INFO - Train Loss: 0.4642, Train Acc: 85.32%, Val Loss: 1.5897, Val Acc: 61.48%
2025-10-17 17:31:31,616 - INFO - Epoch 107/200 (lr=0.02)
2025-10-17 17:31:38,402 - INFO - Train Loss: 0.4587, Train Acc: 85.48%, Val Loss: 1.5543, Val Acc: 62.92%
2025-10-17 17:31:38,403 - INFO - Epoch 108/200 (lr=0.02)
2025-10-17 17:31:44,474 - INFO - Train Loss: 0.4644, Train Acc: 85.47%, Val Loss: 1.5834, Val Acc: 62.29%
2025-10-17 17:31:44,475 - INFO - Epoch 109/200 (lr=0.02)
2025-10-17 17:31:51,114 - INFO - Train Loss: 0.4561, Train Acc: 85.67%, Val Loss: 1.5733, Val Acc: 62.18%
2025-10-17 17:31:51,115 - INFO - Epoch 110/200 (lr=0.02)
2025-10-17 17:31:57,918 - INFO - Train Loss: 0.4583, Train Acc: 85.71%, Val Loss: 1.6139, Val Acc: 62.04%
2025-10-17 17:31:57,919 - INFO - Epoch 111/200 (lr=0.02)
2025-10-17 17:32:04,840 - INFO - Train Loss: 0.4465, Train Acc: 86.09%, Val Loss: 1.6598, Val Acc: 60.60%
2025-10-17 17:32:04,843 - INFO - Epoch 112/200 (lr=0.02)
2025-10-17 17:32:11,615 - INFO - Train Loss: 0.4377, Train Acc: 86.22%, Val Loss: 1.6113, Val Acc: 61.98%
2025-10-17 17:32:11,616 - INFO - Epoch 113/200 (lr=0.02)
2025-10-17 17:32:18,375 - INFO - Train Loss: 0.4402, Train Acc: 86.22%, Val Loss: 1.6403, Val Acc: 61.48%
2025-10-17 17:32:18,376 - INFO - Epoch 114/200 (lr=0.02)
2025-10-17 17:32:25,042 - INFO - Train Loss: 0.4426, Train Acc: 86.21%, Val Loss: 1.6652, Val Acc: 61.68%
2025-10-17 17:32:25,043 - INFO - Epoch 115/200 (lr=0.02)
2025-10-17 17:32:31,470 - INFO - Train Loss: 0.4320, Train Acc: 86.46%, Val Loss: 1.6306, Val Acc: 61.81%
2025-10-17 17:32:31,471 - INFO - Epoch 116/200 (lr=0.02)
2025-10-17 17:32:38,309 - INFO - Train Loss: 0.4418, Train Acc: 86.28%, Val Loss: 1.6431, Val Acc: 61.51%
2025-10-17 17:32:38,310 - INFO - Epoch 117/200 (lr=0.02)
2025-10-17 17:32:45,059 - INFO - Train Loss: 0.4303, Train Acc: 86.56%, Val Loss: 1.6692, Val Acc: 61.34%
2025-10-17 17:32:45,059 - INFO - Epoch 118/200 (lr=0.02)
2025-10-17 17:32:51,796 - INFO - Train Loss: 0.4219, Train Acc: 86.74%, Val Loss: 1.6097, Val Acc: 61.94%
2025-10-17 17:32:51,797 - INFO - Epoch 119/200 (lr=0.02)
2025-10-17 17:32:58,549 - INFO - Train Loss: 0.4216, Train Acc: 86.88%, Val Loss: 1.6152, Val Acc: 61.85%
2025-10-17 17:32:58,550 - INFO - Epoch 120/200 (lr=0.02)
2025-10-17 17:33:05,324 - INFO - Train Loss: 0.4199, Train Acc: 86.86%, Val Loss: 1.6949, Val Acc: 60.46%
2025-10-17 17:33:05,325 - INFO - Epoch 121/200 (lr=0.004)
2025-10-17 17:33:12,066 - INFO - Train Loss: 0.2342, Train Acc: 93.32%, Val Loss: 1.3822, Val Acc: 66.45%
2025-10-17 17:33:12,177 - INFO - New best model saved with accuracy: 66.45%
2025-10-17 17:33:12,177 - INFO - Epoch 122/200 (lr=0.004)
2025-10-17 17:33:18,537 - INFO - Train Loss: 0.1562, Train Acc: 96.01%, Val Loss: 1.3789, Val Acc: 66.68%
2025-10-17 17:33:18,657 - INFO - New best model saved with accuracy: 66.68%
2025-10-17 17:33:18,657 - INFO - Epoch 123/200 (lr=0.004)
2025-10-17 17:33:25,466 - INFO - Train Loss: 0.1314, Train Acc: 96.84%, Val Loss: 1.3833, Val Acc: 66.77%
2025-10-17 17:33:25,589 - INFO - New best model saved with accuracy: 66.77%
2025-10-17 17:33:25,589 - INFO - Epoch 124/200 (lr=0.004)
2025-10-17 17:33:32,174 - INFO - Train Loss: 0.1156, Train Acc: 97.32%, Val Loss: 1.3899, Val Acc: 66.72%
2025-10-17 17:33:32,175 - INFO - Epoch 125/200 (lr=0.004)
2025-10-17 17:33:38,785 - INFO - Train Loss: 0.1072, Train Acc: 97.61%, Val Loss: 1.3966, Val Acc: 67.04%
2025-10-17 17:33:38,917 - INFO - New best model saved with accuracy: 67.04%
2025-10-17 17:33:38,917 - INFO - Epoch 126/200 (lr=0.004)
2025-10-17 17:33:45,667 - INFO - Train Loss: 0.0968, Train Acc: 97.88%, Val Loss: 1.4078, Val Acc: 66.79%
2025-10-17 17:33:45,668 - INFO - Epoch 127/200 (lr=0.004)
2025-10-17 17:33:51,915 - INFO - Train Loss: 0.0926, Train Acc: 97.95%, Val Loss: 1.4012, Val Acc: 66.78%
2025-10-17 17:33:51,916 - INFO - Epoch 128/200 (lr=0.004)
2025-10-17 17:33:58,585 - INFO - Train Loss: 0.0850, Train Acc: 98.23%, Val Loss: 1.4093, Val Acc: 66.91%
2025-10-17 17:33:58,586 - INFO - Epoch 129/200 (lr=0.004)
2025-10-17 17:34:05,205 - INFO - Train Loss: 0.0818, Train Acc: 98.25%, Val Loss: 1.4165, Val Acc: 66.99%
2025-10-17 17:34:05,206 - INFO - Epoch 130/200 (lr=0.004)
2025-10-17 17:34:12,025 - INFO - Train Loss: 0.0795, Train Acc: 98.27%, Val Loss: 1.4034, Val Acc: 67.14%
2025-10-17 17:34:12,139 - INFO - New best model saved with accuracy: 67.14%
2025-10-17 17:34:12,140 - INFO - Epoch 131/200 (lr=0.004)
2025-10-17 17:34:18,408 - INFO - Train Loss: 0.0767, Train Acc: 98.40%, Val Loss: 1.4102, Val Acc: 66.94%
2025-10-17 17:34:18,408 - INFO - Epoch 132/200 (lr=0.004)
2025-10-17 17:34:25,004 - INFO - Train Loss: 0.0736, Train Acc: 98.51%, Val Loss: 1.4127, Val Acc: 67.06%
2025-10-17 17:34:25,005 - INFO - Epoch 133/200 (lr=0.004)
2025-10-17 17:34:31,145 - INFO - Train Loss: 0.0688, Train Acc: 98.66%, Val Loss: 1.4243, Val Acc: 67.05%
2025-10-17 17:34:31,146 - INFO - Epoch 134/200 (lr=0.004)
2025-10-17 17:34:36,412 - INFO - Train Loss: 0.0665, Train Acc: 98.71%, Val Loss: 1.4234, Val Acc: 67.43%
2025-10-17 17:34:36,542 - INFO - New best model saved with accuracy: 67.43%
2025-10-17 17:34:36,542 - INFO - Epoch 135/200 (lr=0.004)
2025-10-17 17:34:43,060 - INFO - Train Loss: 0.0654, Train Acc: 98.73%, Val Loss: 1.4344, Val Acc: 67.05%
2025-10-17 17:34:43,060 - INFO - Epoch 136/200 (lr=0.004)
2025-10-17 17:34:49,374 - INFO - Train Loss: 0.0638, Train Acc: 98.74%, Val Loss: 1.4307, Val Acc: 67.24%
2025-10-17 17:34:49,375 - INFO - Epoch 137/200 (lr=0.004)
2025-10-17 17:34:55,673 - INFO - Train Loss: 0.0605, Train Acc: 98.92%, Val Loss: 1.4363, Val Acc: 66.90%
2025-10-17 17:34:55,674 - INFO - Epoch 138/200 (lr=0.004)
2025-10-17 17:35:02,516 - INFO - Train Loss: 0.0594, Train Acc: 98.89%, Val Loss: 1.4347, Val Acc: 66.95%
2025-10-17 17:35:02,517 - INFO - Epoch 139/200 (lr=0.004)
2025-10-17 17:35:09,082 - INFO - Train Loss: 0.0589, Train Acc: 98.82%, Val Loss: 1.4464, Val Acc: 67.21%
2025-10-17 17:35:09,083 - INFO - Epoch 140/200 (lr=0.004)
2025-10-17 17:35:15,707 - INFO - Train Loss: 0.0585, Train Acc: 98.88%, Val Loss: 1.4470, Val Acc: 66.83%
2025-10-17 17:35:15,708 - INFO - Epoch 141/200 (lr=0.004)
2025-10-17 17:35:22,334 - INFO - Train Loss: 0.0542, Train Acc: 99.02%, Val Loss: 1.4502, Val Acc: 66.98%
2025-10-17 17:35:22,335 - INFO - Epoch 142/200 (lr=0.004)
2025-10-17 17:35:28,916 - INFO - Train Loss: 0.0549, Train Acc: 99.02%, Val Loss: 1.4385, Val Acc: 66.98%
2025-10-17 17:35:28,917 - INFO - Epoch 143/200 (lr=0.004)
2025-10-17 17:35:35,431 - INFO - Train Loss: 0.0542, Train Acc: 99.01%, Val Loss: 1.4461, Val Acc: 67.22%
2025-10-17 17:35:35,432 - INFO - Epoch 144/200 (lr=0.004)
2025-10-17 17:35:42,065 - INFO - Train Loss: 0.0511, Train Acc: 99.11%, Val Loss: 1.4433, Val Acc: 67.14%
2025-10-17 17:35:42,066 - INFO - Epoch 145/200 (lr=0.004)
2025-10-17 17:35:48,873 - INFO - Train Loss: 0.0515, Train Acc: 99.01%, Val Loss: 1.4425, Val Acc: 67.08%
2025-10-17 17:35:48,874 - INFO - Epoch 146/200 (lr=0.004)
2025-10-17 17:35:55,643 - INFO - Train Loss: 0.0515, Train Acc: 99.10%, Val Loss: 1.4408, Val Acc: 67.01%
2025-10-17 17:35:55,644 - INFO - Epoch 147/200 (lr=0.004)
2025-10-17 17:36:02,445 - INFO - Train Loss: 0.0498, Train Acc: 99.14%, Val Loss: 1.4440, Val Acc: 67.29%
2025-10-17 17:36:02,446 - INFO - Epoch 148/200 (lr=0.004)
2025-10-17 17:36:08,603 - INFO - Train Loss: 0.0489, Train Acc: 99.08%, Val Loss: 1.4393, Val Acc: 67.45%
2025-10-17 17:36:08,718 - INFO - New best model saved with accuracy: 67.45%
2025-10-17 17:36:08,719 - INFO - Epoch 149/200 (lr=0.004)
2025-10-17 17:36:15,386 - INFO - Train Loss: 0.0468, Train Acc: 99.25%, Val Loss: 1.4331, Val Acc: 67.66%
2025-10-17 17:36:15,511 - INFO - New best model saved with accuracy: 67.66%
2025-10-17 17:36:15,511 - INFO - Epoch 150/200 (lr=0.004)
2025-10-17 17:36:22,142 - INFO - Train Loss: 0.0472, Train Acc: 99.19%, Val Loss: 1.4385, Val Acc: 67.49%
2025-10-17 17:36:22,143 - INFO - Epoch 151/200 (lr=0.004)
2025-10-17 17:36:28,099 - INFO - Train Loss: 0.0448, Train Acc: 99.28%, Val Loss: 1.4460, Val Acc: 67.12%
2025-10-17 17:36:28,099 - INFO - Epoch 152/200 (lr=0.004)
2025-10-17 17:36:34,193 - INFO - Train Loss: 0.0456, Train Acc: 99.25%, Val Loss: 1.4372, Val Acc: 67.43%
2025-10-17 17:36:34,193 - INFO - Epoch 153/200 (lr=0.004)
2025-10-17 17:36:40,591 - INFO - Train Loss: 0.0447, Train Acc: 99.27%, Val Loss: 1.4494, Val Acc: 67.13%
2025-10-17 17:36:40,591 - INFO - Epoch 154/200 (lr=0.004)
2025-10-17 17:36:47,354 - INFO - Train Loss: 0.0440, Train Acc: 99.27%, Val Loss: 1.4536, Val Acc: 67.17%
2025-10-17 17:36:47,354 - INFO - Epoch 155/200 (lr=0.004)
2025-10-17 17:36:53,885 - INFO - Train Loss: 0.0437, Train Acc: 99.26%, Val Loss: 1.4576, Val Acc: 67.25%
2025-10-17 17:36:53,886 - INFO - Epoch 156/200 (lr=0.004)
2025-10-17 17:36:59,738 - INFO - Train Loss: 0.0461, Train Acc: 99.18%, Val Loss: 1.4486, Val Acc: 67.00%
2025-10-17 17:36:59,739 - INFO - Epoch 157/200 (lr=0.004)
2025-10-17 17:37:06,431 - INFO - Train Loss: 0.0434, Train Acc: 99.26%, Val Loss: 1.4421, Val Acc: 66.87%
2025-10-17 17:37:06,431 - INFO - Epoch 158/200 (lr=0.004)
2025-10-17 17:37:13,249 - INFO - Train Loss: 0.0430, Train Acc: 99.29%, Val Loss: 1.4447, Val Acc: 66.91%
2025-10-17 17:37:13,249 - INFO - Epoch 159/200 (lr=0.004)
2025-10-17 17:37:19,737 - INFO - Train Loss: 0.0425, Train Acc: 99.29%, Val Loss: 1.4398, Val Acc: 66.99%
2025-10-17 17:37:19,738 - INFO - Epoch 160/200 (lr=0.004)
2025-10-17 17:37:26,522 - INFO - Train Loss: 0.0413, Train Acc: 99.36%, Val Loss: 1.4449, Val Acc: 67.27%
2025-10-17 17:37:26,522 - INFO - Epoch 161/200 (lr=0.0008)
2025-10-17 17:37:33,255 - INFO - Train Loss: 0.0374, Train Acc: 99.43%, Val Loss: 1.4381, Val Acc: 67.42%
2025-10-17 17:37:33,256 - INFO - Epoch 162/200 (lr=0.0008)
2025-10-17 17:37:39,107 - INFO - Train Loss: 0.0360, Train Acc: 99.49%, Val Loss: 1.4341, Val Acc: 67.50%
2025-10-17 17:37:39,108 - INFO - Epoch 163/200 (lr=0.0008)
2025-10-17 17:37:45,412 - INFO - Train Loss: 0.0341, Train Acc: 99.55%, Val Loss: 1.4348, Val Acc: 67.55%
2025-10-17 17:37:45,413 - INFO - Epoch 164/200 (lr=0.0008)
2025-10-17 17:37:51,522 - INFO - Train Loss: 0.0352, Train Acc: 99.47%, Val Loss: 1.4290, Val Acc: 67.53%
2025-10-17 17:37:51,523 - INFO - Epoch 165/200 (lr=0.0008)
2025-10-17 17:37:58,024 - INFO - Train Loss: 0.0343, Train Acc: 99.45%, Val Loss: 1.4337, Val Acc: 67.47%
2025-10-17 17:37:58,025 - INFO - Epoch 166/200 (lr=0.0008)
2025-10-17 17:38:04,570 - INFO - Train Loss: 0.0338, Train Acc: 99.50%, Val Loss: 1.4310, Val Acc: 67.74%
2025-10-17 17:38:04,681 - INFO - New best model saved with accuracy: 67.74%
2025-10-17 17:38:04,681 - INFO - Epoch 167/200 (lr=0.0008)
2025-10-17 17:38:11,226 - INFO - Train Loss: 0.0325, Train Acc: 99.57%, Val Loss: 1.4308, Val Acc: 67.48%
2025-10-17 17:38:11,227 - INFO - Epoch 168/200 (lr=0.0008)
2025-10-17 17:38:17,526 - INFO - Train Loss: 0.0322, Train Acc: 99.56%, Val Loss: 1.4379, Val Acc: 67.51%
2025-10-17 17:38:17,527 - INFO - Epoch 169/200 (lr=0.0008)
2025-10-17 17:38:23,816 - INFO - Train Loss: 0.0311, Train Acc: 99.63%, Val Loss: 1.4351, Val Acc: 67.44%
2025-10-17 17:38:23,816 - INFO - Epoch 170/200 (lr=0.0008)
2025-10-17 17:38:30,566 - INFO - Train Loss: 0.0320, Train Acc: 99.57%, Val Loss: 1.4333, Val Acc: 67.47%
2025-10-17 17:38:30,566 - INFO - Epoch 171/200 (lr=0.0008)
2025-10-17 17:38:37,066 - INFO - Train Loss: 0.0304, Train Acc: 99.61%, Val Loss: 1.4312, Val Acc: 67.60%
2025-10-17 17:38:37,066 - INFO - Epoch 172/200 (lr=0.0008)
2025-10-17 17:38:43,740 - INFO - Train Loss: 0.0310, Train Acc: 99.62%, Val Loss: 1.4345, Val Acc: 67.61%
2025-10-17 17:38:43,741 - INFO - Epoch 173/200 (lr=0.0008)
2025-10-17 17:38:49,792 - INFO - Train Loss: 0.0305, Train Acc: 99.60%, Val Loss: 1.4362, Val Acc: 67.60%
2025-10-17 17:38:49,793 - INFO - Epoch 174/200 (lr=0.0008)
2025-10-17 17:38:56,235 - INFO - Train Loss: 0.0301, Train Acc: 99.62%, Val Loss: 1.4302, Val Acc: 67.53%
2025-10-17 17:38:56,236 - INFO - Epoch 175/200 (lr=0.0008)
2025-10-17 17:39:02,361 - INFO - Train Loss: 0.0319, Train Acc: 99.58%, Val Loss: 1.4333, Val Acc: 67.66%
2025-10-17 17:39:02,362 - INFO - Epoch 176/200 (lr=0.0008)
2025-10-17 17:39:08,805 - INFO - Train Loss: 0.0311, Train Acc: 99.60%, Val Loss: 1.4357, Val Acc: 67.45%
2025-10-17 17:39:08,805 - INFO - Epoch 177/200 (lr=0.0008)
2025-10-17 17:39:15,167 - INFO - Train Loss: 0.0304, Train Acc: 99.61%, Val Loss: 1.4358, Val Acc: 67.47%
2025-10-17 17:39:15,168 - INFO - Epoch 178/200 (lr=0.0008)
2025-10-17 17:39:21,745 - INFO - Train Loss: 0.0295, Train Acc: 99.66%, Val Loss: 1.4392, Val Acc: 67.39%
2025-10-17 17:39:21,746 - INFO - Epoch 179/200 (lr=0.0008)
2025-10-17 17:39:28,018 - INFO - Train Loss: 0.0296, Train Acc: 99.61%, Val Loss: 1.4362, Val Acc: 67.43%
2025-10-17 17:39:28,019 - INFO - Epoch 180/200 (lr=0.0008)
2025-10-17 17:39:34,578 - INFO - Train Loss: 0.0299, Train Acc: 99.63%, Val Loss: 1.4309, Val Acc: 67.54%
2025-10-17 17:39:34,579 - INFO - Epoch 181/200 (lr=0.0008)
2025-10-17 17:39:41,177 - INFO - Train Loss: 0.0310, Train Acc: 99.58%, Val Loss: 1.4326, Val Acc: 67.43%
2025-10-17 17:39:41,177 - INFO - Epoch 182/200 (lr=0.0008)
2025-10-17 17:39:47,658 - INFO - Train Loss: 0.0297, Train Acc: 99.64%, Val Loss: 1.4322, Val Acc: 67.32%
2025-10-17 17:39:47,658 - INFO - Epoch 183/200 (lr=0.0008)
2025-10-17 17:39:54,252 - INFO - Train Loss: 0.0287, Train Acc: 99.65%, Val Loss: 1.4308, Val Acc: 67.32%
2025-10-17 17:39:54,253 - INFO - Epoch 184/200 (lr=0.0008)
2025-10-17 17:40:00,355 - INFO - Train Loss: 0.0287, Train Acc: 99.68%, Val Loss: 1.4291, Val Acc: 67.50%
2025-10-17 17:40:00,355 - INFO - Epoch 185/200 (lr=0.0008)
2025-10-17 17:40:06,958 - INFO - Train Loss: 0.0290, Train Acc: 99.63%, Val Loss: 1.4283, Val Acc: 67.51%
2025-10-17 17:40:06,958 - INFO - Epoch 186/200 (lr=0.0008)
2025-10-17 17:40:13,010 - INFO - Train Loss: 0.0290, Train Acc: 99.63%, Val Loss: 1.4298, Val Acc: 67.68%
2025-10-17 17:40:13,011 - INFO - Epoch 187/200 (lr=0.0008)
2025-10-17 17:40:19,705 - INFO - Train Loss: 0.0292, Train Acc: 99.65%, Val Loss: 1.4341, Val Acc: 67.46%
2025-10-17 17:40:19,705 - INFO - Epoch 188/200 (lr=0.0008)
2025-10-17 17:40:25,737 - INFO - Train Loss: 0.0279, Train Acc: 99.68%, Val Loss: 1.4333, Val Acc: 67.45%
2025-10-17 17:40:25,737 - INFO - Epoch 189/200 (lr=0.0008)
2025-10-17 17:40:32,283 - INFO - Train Loss: 0.0289, Train Acc: 99.63%, Val Loss: 1.4323, Val Acc: 67.44%
2025-10-17 17:40:32,283 - INFO - Epoch 190/200 (lr=0.0008)
2025-10-17 17:40:38,340 - INFO - Train Loss: 0.0280, Train Acc: 99.68%, Val Loss: 1.4325, Val Acc: 67.54%
2025-10-17 17:40:38,340 - INFO - Epoch 191/200 (lr=0.0008)
2025-10-17 17:40:44,736 - INFO - Train Loss: 0.0279, Train Acc: 99.63%, Val Loss: 1.4309, Val Acc: 67.59%
2025-10-17 17:40:44,736 - INFO - Epoch 192/200 (lr=0.0008)
2025-10-17 17:40:51,434 - INFO - Train Loss: 0.0289, Train Acc: 99.65%, Val Loss: 1.4256, Val Acc: 67.54%
2025-10-17 17:40:51,434 - INFO - Epoch 193/200 (lr=0.0008)
2025-10-17 17:40:58,064 - INFO - Train Loss: 0.0283, Train Acc: 99.65%, Val Loss: 1.4285, Val Acc: 67.81%
2025-10-17 17:40:58,191 - INFO - New best model saved with accuracy: 67.81%
2025-10-17 17:40:58,192 - INFO - Epoch 194/200 (lr=0.0008)
2025-10-17 17:41:04,688 - INFO - Train Loss: 0.0280, Train Acc: 99.69%, Val Loss: 1.4343, Val Acc: 67.56%
2025-10-17 17:41:04,689 - INFO - Epoch 195/200 (lr=0.0008)
2025-10-17 17:41:10,825 - INFO - Train Loss: 0.0285, Train Acc: 99.66%, Val Loss: 1.4275, Val Acc: 67.68%
2025-10-17 17:41:10,826 - INFO - Epoch 196/200 (lr=0.0008)
2025-10-17 17:41:17,361 - INFO - Train Loss: 0.0286, Train Acc: 99.64%, Val Loss: 1.4320, Val Acc: 67.52%
2025-10-17 17:41:17,362 - INFO - Epoch 197/200 (lr=0.0008)
2025-10-17 17:41:23,879 - INFO - Train Loss: 0.0276, Train Acc: 99.69%, Val Loss: 1.4315, Val Acc: 67.43%
2025-10-17 17:41:23,880 - INFO - Epoch 198/200 (lr=0.0008)
2025-10-17 17:41:29,996 - INFO - Train Loss: 0.0267, Train Acc: 99.70%, Val Loss: 1.4264, Val Acc: 67.62%
2025-10-17 17:41:29,996 - INFO - Epoch 199/200 (lr=0.0008)
2025-10-17 17:41:36,413 - INFO - Train Loss: 0.0284, Train Acc: 99.65%, Val Loss: 1.4307, Val Acc: 67.55%
2025-10-17 17:41:36,414 - INFO - Epoch 200/200 (lr=0.0008)
2025-10-17 17:41:42,674 - INFO - Train Loss: 0.0289, Train Acc: 99.63%, Val Loss: 1.4312, Val Acc: 67.47%
2025-10-17 17:41:42,676 - INFO - Training completed. Best validation accuracy: 67.81%
