开始训练 - 实验目录: experiments/nvae_cifar10_2025-10-09_18-28-12
数据集: cifar10
图像尺寸: 32x32
设备: cuda
批次大小: 256
训练轮数: 500
学习率: 0.01
z_dim: 256
M_N=0.00512, ETA_M_N=5e-06
数据集大小: 50000
---- [Epoch 0/500, Step 0/196] loss: 1.611021, recon_loss: 1.429422, kl_loss: 0.181598 ----
---- [Epoch 0/500, Step 100/196] loss: 1.054119, recon_loss: 1.030603, kl_loss: 0.023516 ----
---- [Epoch 1/500, Step 4/196] loss: 0.995292, recon_loss: 0.963595, kl_loss: 0.031697 ----
---- [Epoch 1/500, Step 104/196] loss: 0.954960, recon_loss: 0.921050, kl_loss: 0.033911 ----
---- [Epoch 2/500, Step 8/196] loss: 0.955539, recon_loss: 0.922154, kl_loss: 0.033385 ----
---- [Epoch 2/500, Step 108/196] loss: 0.961879, recon_loss: 0.928019, kl_loss: 0.033860 ----
---- [Epoch 3/500, Step 12/196] loss: 0.949246, recon_loss: 0.915815, kl_loss: 0.033431 ----
---- [Epoch 3/500, Step 112/196] loss: 0.941909, recon_loss: 0.909409, kl_loss: 0.032501 ----
---- [Epoch 4/500, Step 16/196] loss: 0.943732, recon_loss: 0.909757, kl_loss: 0.033975 ----
---- [Epoch 4/500, Step 116/196] loss: 0.934137, recon_loss: 0.901596, kl_loss: 0.032541 ----
---- [Epoch 5/500, Step 20/196] loss: 0.947791, recon_loss: 0.915638, kl_loss: 0.032153 ----
---- [Epoch 5/500, Step 120/196] loss: 0.935930, recon_loss: 0.905273, kl_loss: 0.030657 ----
---- [Epoch 6/500, Step 24/196] loss: 0.931474, recon_loss: 0.900206, kl_loss: 0.031268 ----
---- [Epoch 6/500, Step 124/196] loss: 0.941185, recon_loss: 0.910370, kl_loss: 0.030815 ----
---- [Epoch 7/500, Step 28/196] loss: 0.928009, recon_loss: 0.897611, kl_loss: 0.030398 ----
---- [Epoch 7/500, Step 128/196] loss: 0.938471, recon_loss: 0.908429, kl_loss: 0.030042 ----
---- [Epoch 8/500, Step 32/196] loss: 0.939996, recon_loss: 0.910314, kl_loss: 0.029682 ----
---- [Epoch 8/500, Step 132/196] loss: 0.941982, recon_loss: 0.912023, kl_loss: 0.029959 ----
---- [Epoch 9/500, Step 36/196] loss: 0.948681, recon_loss: 0.918564, kl_loss: 0.030117 ----
---- [Epoch 9/500, Step 136/196] loss: 0.920813, recon_loss: 0.890513, kl_loss: 0.030299 ----
---- [Epoch 10/500, Step 40/196] loss: 0.937318, recon_loss: 0.906478, kl_loss: 0.030840 ----
---- [Epoch 10/500, Step 140/196] loss: 0.926740, recon_loss: 0.895957, kl_loss: 0.030784 ----
---- [Epoch 11/500, Step 44/196] loss: 0.929196, recon_loss: 0.898393, kl_loss: 0.030803 ----
---- [Epoch 11/500, Step 144/196] loss: 0.928349, recon_loss: 0.897414, kl_loss: 0.030935 ----
---- [Epoch 12/500, Step 48/196] loss: 0.937162, recon_loss: 0.906253, kl_loss: 0.030909 ----
---- [Epoch 12/500, Step 148/196] loss: 0.919423, recon_loss: 0.889391, kl_loss: 0.030032 ----
---- [Epoch 13/500, Step 52/196] loss: 0.931231, recon_loss: 0.900589, kl_loss: 0.030642 ----
---- [Epoch 13/500, Step 152/196] loss: 0.912995, recon_loss: 0.882074, kl_loss: 0.030921 ----
---- [Epoch 14/500, Step 56/196] loss: 0.921583, recon_loss: 0.891099, kl_loss: 0.030484 ----
---- [Epoch 14/500, Step 156/196] loss: 0.916197, recon_loss: 0.885415, kl_loss: 0.030782 ----
---- [Epoch 15/500, Step 60/196] loss: 0.922168, recon_loss: 0.891362, kl_loss: 0.030806 ----
---- [Epoch 15/500, Step 160/196] loss: 0.928322, recon_loss: 0.896848, kl_loss: 0.031474 ----
---- [Epoch 16/500, Step 64/196] loss: 0.919216, recon_loss: 0.888506, kl_loss: 0.030710 ----
---- [Epoch 16/500, Step 164/196] loss: 0.934440, recon_loss: 0.903209, kl_loss: 0.031231 ----
---- [Epoch 17/500, Step 68/196] loss: 0.939717, recon_loss: 0.908686, kl_loss: 0.031032 ----
---- [Epoch 17/500, Step 168/196] loss: 0.918030, recon_loss: 0.887239, kl_loss: 0.030791 ----
---- [Epoch 18/500, Step 72/196] loss: 0.934807, recon_loss: 0.903819, kl_loss: 0.030988 ----
---- [Epoch 18/500, Step 172/196] loss: 0.926325, recon_loss: 0.895672, kl_loss: 0.030653 ----
---- [Epoch 19/500, Step 76/196] loss: 0.922482, recon_loss: 0.891542, kl_loss: 0.030940 ----
---- [Epoch 19/500, Step 176/196] loss: 0.930285, recon_loss: 0.899024, kl_loss: 0.031260 ----
---- [Epoch 20/500, Step 80/196] loss: 0.913353, recon_loss: 0.882234, kl_loss: 0.031119 ----
---- [Epoch 20/500, Step 180/196] loss: 0.930313, recon_loss: 0.899336, kl_loss: 0.030977 ----
---- [Epoch 21/500, Step 84/196] loss: 0.924962, recon_loss: 0.893972, kl_loss: 0.030990 ----
---- [Epoch 21/500, Step 184/196] loss: 0.926819, recon_loss: 0.895420, kl_loss: 0.031399 ----
---- [Epoch 22/500, Step 88/196] loss: 0.937183, recon_loss: 0.906213, kl_loss: 0.030970 ----
---- [Epoch 22/500, Step 188/196] loss: 0.922124, recon_loss: 0.891118, kl_loss: 0.031006 ----
---- [Epoch 23/500, Step 92/196] loss: 0.923513, recon_loss: 0.892280, kl_loss: 0.031233 ----
---- [Epoch 23/500, Step 192/196] loss: 0.927523, recon_loss: 0.895591, kl_loss: 0.031931 ----
---- [Epoch 24/500, Step 96/196] loss: 0.921427, recon_loss: 0.890780, kl_loss: 0.030647 ----
---- [Epoch 25/500, Step 0/196] loss: 0.923406, recon_loss: 0.891727, kl_loss: 0.031679 ----
---- [Epoch 25/500, Step 100/196] loss: 0.917955, recon_loss: 0.886595, kl_loss: 0.031360 ----
---- [Epoch 26/500, Step 4/196] loss: 0.931153, recon_loss: 0.899844, kl_loss: 0.031309 ----
---- [Epoch 26/500, Step 104/196] loss: 0.921148, recon_loss: 0.889547, kl_loss: 0.031600 ----
---- [Epoch 27/500, Step 8/196] loss: 0.924322, recon_loss: 0.892035, kl_loss: 0.032287 ----
---- [Epoch 27/500, Step 108/196] loss: 0.921769, recon_loss: 0.889570, kl_loss: 0.032199 ----
---- [Epoch 28/500, Step 12/196] loss: 0.909949, recon_loss: 0.878591, kl_loss: 0.031358 ----
---- [Epoch 28/500, Step 112/196] loss: 0.923713, recon_loss: 0.891713, kl_loss: 0.032000 ----
---- [Epoch 29/500, Step 16/196] loss: 0.943971, recon_loss: 0.912128, kl_loss: 0.031843 ----
---- [Epoch 29/500, Step 116/196] loss: 0.923212, recon_loss: 0.890995, kl_loss: 0.032217 ----
---- [Epoch 30/500, Step 20/196] loss: 0.914424, recon_loss: 0.883578, kl_loss: 0.030845 ----
---- [Epoch 30/500, Step 120/196] loss: 0.924511, recon_loss: 0.892780, kl_loss: 0.031731 ----
---- [Epoch 31/500, Step 24/196] loss: 0.926727, recon_loss: 0.894392, kl_loss: 0.032335 ----
---- [Epoch 31/500, Step 124/196] loss: 0.921786, recon_loss: 0.890021, kl_loss: 0.031765 ----
---- [Epoch 32/500, Step 28/196] loss: 0.921013, recon_loss: 0.888771, kl_loss: 0.032242 ----
---- [Epoch 32/500, Step 128/196] loss: 0.918838, recon_loss: 0.886840, kl_loss: 0.031999 ----
---- [Epoch 33/500, Step 32/196] loss: 0.915984, recon_loss: 0.883239, kl_loss: 0.032746 ----
---- [Epoch 33/500, Step 132/196] loss: 0.913722, recon_loss: 0.882530, kl_loss: 0.031192 ----
---- [Epoch 34/500, Step 36/196] loss: 0.910146, recon_loss: 0.878273, kl_loss: 0.031873 ----
---- [Epoch 34/500, Step 136/196] loss: 0.930753, recon_loss: 0.899514, kl_loss: 0.031240 ----
---- [Epoch 35/500, Step 40/196] loss: 0.916768, recon_loss: 0.884744, kl_loss: 0.032023 ----
---- [Epoch 35/500, Step 140/196] loss: 0.927771, recon_loss: 0.896362, kl_loss: 0.031409 ----
---- [Epoch 36/500, Step 44/196] loss: 0.912092, recon_loss: 0.880207, kl_loss: 0.031885 ----
---- [Epoch 36/500, Step 144/196] loss: 0.930275, recon_loss: 0.898735, kl_loss: 0.031540 ----
---- [Epoch 37/500, Step 48/196] loss: 0.920817, recon_loss: 0.888325, kl_loss: 0.032492 ----
---- [Epoch 37/500, Step 148/196] loss: 0.911059, recon_loss: 0.879234, kl_loss: 0.031825 ----
---- [Epoch 38/500, Step 52/196] loss: 0.921374, recon_loss: 0.889217, kl_loss: 0.032157 ----
---- [Epoch 38/500, Step 152/196] loss: 0.944485, recon_loss: 0.908211, kl_loss: 0.036275 ----
---- [Epoch 39/500, Step 56/196] loss: 0.948194, recon_loss: 0.907732, kl_loss: 0.040462 ----
---- [Epoch 39/500, Step 156/196] loss: 0.947750, recon_loss: 0.908813, kl_loss: 0.038937 ----
---- [Epoch 40/500, Step 60/196] loss: 0.960216, recon_loss: 0.921794, kl_loss: 0.038422 ----
---- [Epoch 40/500, Step 160/196] loss: 0.963546, recon_loss: 0.923954, kl_loss: 0.039593 ----
---- [Epoch 41/500, Step 64/196] loss: 0.969244, recon_loss: 0.929544, kl_loss: 0.039700 ----
---- [Epoch 41/500, Step 164/196] loss: 0.971370, recon_loss: 0.932696, kl_loss: 0.038674 ----
---- [Epoch 42/500, Step 68/196] loss: 0.982497, recon_loss: 0.943711, kl_loss: 0.038785 ----
---- [Epoch 42/500, Step 168/196] loss: 0.969671, recon_loss: 0.928759, kl_loss: 0.040912 ----
---- [Epoch 43/500, Step 72/196] loss: 0.987875, recon_loss: 0.946647, kl_loss: 0.041228 ----
---- [Epoch 43/500, Step 172/196] loss: 0.983492, recon_loss: 0.943136, kl_loss: 0.040356 ----
---- [Epoch 44/500, Step 76/196] loss: 0.985372, recon_loss: 0.943445, kl_loss: 0.041927 ----
---- [Epoch 44/500, Step 176/196] loss: 0.998775, recon_loss: 0.956668, kl_loss: 0.042107 ----
---- [Epoch 45/500, Step 80/196] loss: 0.992965, recon_loss: 0.950170, kl_loss: 0.042795 ----
---- [Epoch 45/500, Step 180/196] loss: 0.992304, recon_loss: 0.949944, kl_loss: 0.042360 ----
---- [Epoch 46/500, Step 84/196] loss: 1.000984, recon_loss: 0.959301, kl_loss: 0.041683 ----
---- [Epoch 46/500, Step 184/196] loss: 0.993615, recon_loss: 0.951219, kl_loss: 0.042396 ----
---- [Epoch 47/500, Step 88/196] loss: 1.001701, recon_loss: 0.959800, kl_loss: 0.041901 ----
---- [Epoch 47/500, Step 188/196] loss: 0.992387, recon_loss: 0.952147, kl_loss: 0.040240 ----
---- [Epoch 48/500, Step 92/196] loss: 0.997536, recon_loss: 0.957209, kl_loss: 0.040327 ----
---- [Epoch 48/500, Step 192/196] loss: 0.995601, recon_loss: 0.954020, kl_loss: 0.041581 ----
---- [Epoch 49/500, Step 96/196] loss: 0.997603, recon_loss: 0.956222, kl_loss: 0.041381 ----
---- [Epoch 50/500, Step 0/196] loss: 0.989074, recon_loss: 0.949022, kl_loss: 0.040053 ----
---- [Epoch 50/500, Step 100/196] loss: 1.001801, recon_loss: 0.959857, kl_loss: 0.041944 ----
---- [Epoch 51/500, Step 4/196] loss: 0.993444, recon_loss: 0.953531, kl_loss: 0.039913 ----
---- [Epoch 51/500, Step 104/196] loss: 0.995778, recon_loss: 0.956302, kl_loss: 0.039475 ----
---- [Epoch 52/500, Step 8/196] loss: 0.986866, recon_loss: 0.947102, kl_loss: 0.039763 ----
---- [Epoch 52/500, Step 108/196] loss: 0.993332, recon_loss: 0.955061, kl_loss: 0.038270 ----
---- [Epoch 53/500, Step 12/196] loss: 0.998495, recon_loss: 0.959580, kl_loss: 0.038915 ----
---- [Epoch 53/500, Step 112/196] loss: 0.996303, recon_loss: 0.959619, kl_loss: 0.036684 ----
---- [Epoch 54/500, Step 16/196] loss: 0.984956, recon_loss: 0.949233, kl_loss: 0.035723 ----
---- [Epoch 54/500, Step 116/196] loss: 0.988884, recon_loss: 0.953929, kl_loss: 0.034954 ----
---- [Epoch 55/500, Step 20/196] loss: 0.983158, recon_loss: 0.948707, kl_loss: 0.034450 ----
---- [Epoch 55/500, Step 120/196] loss: 0.988563, recon_loss: 0.957505, kl_loss: 0.031058 ----
---- [Epoch 56/500, Step 24/196] loss: 0.980545, recon_loss: 0.952031, kl_loss: 0.028514 ----
---- [Epoch 56/500, Step 124/196] loss: 0.972809, recon_loss: 0.940596, kl_loss: 0.032213 ----
---- [Epoch 57/500, Step 28/196] loss: 0.987035, recon_loss: 0.956274, kl_loss: 0.030761 ----
---- [Epoch 57/500, Step 128/196] loss: 0.987275, recon_loss: 0.955818, kl_loss: 0.031456 ----
---- [Epoch 58/500, Step 32/196] loss: 0.973586, recon_loss: 0.943022, kl_loss: 0.030565 ----
---- [Epoch 58/500, Step 132/196] loss: 0.972621, recon_loss: 0.942077, kl_loss: 0.030545 ----
---- [Epoch 59/500, Step 36/196] loss: 0.970730, recon_loss: 0.938531, kl_loss: 0.032199 ----
---- [Epoch 59/500, Step 136/196] loss: 0.968212, recon_loss: 0.939125, kl_loss: 0.029086 ----
---- [Epoch 60/500, Step 40/196] loss: 0.976430, recon_loss: 0.944624, kl_loss: 0.031806 ----
---- [Epoch 60/500, Step 140/196] loss: 0.970316, recon_loss: 0.938797, kl_loss: 0.031519 ----
---- [Epoch 61/500, Step 44/196] loss: 0.970337, recon_loss: 0.937524, kl_loss: 0.032813 ----
---- [Epoch 61/500, Step 144/196] loss: 0.980700, recon_loss: 0.949180, kl_loss: 0.031519 ----
---- [Epoch 62/500, Step 48/196] loss: 0.971650, recon_loss: 0.940104, kl_loss: 0.031546 ----
---- [Epoch 62/500, Step 148/196] loss: 0.980646, recon_loss: 0.949804, kl_loss: 0.030842 ----
---- [Epoch 63/500, Step 52/196] loss: 0.981190, recon_loss: 0.950306, kl_loss: 0.030885 ----
---- [Epoch 63/500, Step 152/196] loss: 0.972000, recon_loss: 0.940989, kl_loss: 0.031011 ----
---- [Epoch 64/500, Step 56/196] loss: 0.964260, recon_loss: 0.933880, kl_loss: 0.030380 ----
---- [Epoch 64/500, Step 156/196] loss: 0.984590, recon_loss: 0.952059, kl_loss: 0.032531 ----
---- [Epoch 65/500, Step 60/196] loss: 0.977991, recon_loss: 0.945602, kl_loss: 0.032389 ----
---- [Epoch 65/500, Step 160/196] loss: 0.970314, recon_loss: 0.938552, kl_loss: 0.031762 ----
---- [Epoch 66/500, Step 64/196] loss: 0.968915, recon_loss: 0.937599, kl_loss: 0.031316 ----
---- [Epoch 66/500, Step 164/196] loss: 0.970619, recon_loss: 0.938036, kl_loss: 0.032583 ----
---- [Epoch 67/500, Step 68/196] loss: 0.958580, recon_loss: 0.927435, kl_loss: 0.031145 ----
---- [Epoch 67/500, Step 168/196] loss: 0.968242, recon_loss: 0.936542, kl_loss: 0.031701 ----
---- [Epoch 68/500, Step 72/196] loss: 0.971385, recon_loss: 0.938995, kl_loss: 0.032391 ----
---- [Epoch 68/500, Step 172/196] loss: 0.979520, recon_loss: 0.947696, kl_loss: 0.031823 ----
---- [Epoch 69/500, Step 76/196] loss: 0.964207, recon_loss: 0.931898, kl_loss: 0.032308 ----
---- [Epoch 69/500, Step 176/196] loss: 0.961745, recon_loss: 0.929991, kl_loss: 0.031754 ----
---- [Epoch 70/500, Step 80/196] loss: 0.967879, recon_loss: 0.934990, kl_loss: 0.032889 ----
---- [Epoch 70/500, Step 180/196] loss: 0.968752, recon_loss: 0.935975, kl_loss: 0.032777 ----
---- [Epoch 71/500, Step 84/196] loss: 0.971867, recon_loss: 0.939287, kl_loss: 0.032580 ----
---- [Epoch 71/500, Step 184/196] loss: 0.963583, recon_loss: 0.931787, kl_loss: 0.031796 ----
---- [Epoch 72/500, Step 88/196] loss: 0.965550, recon_loss: 0.933461, kl_loss: 0.032088 ----
---- [Epoch 72/500, Step 188/196] loss: 0.966966, recon_loss: 0.935683, kl_loss: 0.031282 ----
---- [Epoch 73/500, Step 92/196] loss: 0.970737, recon_loss: 0.939055, kl_loss: 0.031683 ----
---- [Epoch 73/500, Step 192/196] loss: 0.969461, recon_loss: 0.937689, kl_loss: 0.031772 ----
---- [Epoch 74/500, Step 96/196] loss: 0.968670, recon_loss: 0.936344, kl_loss: 0.032326 ----
---- [Epoch 75/500, Step 0/196] loss: 0.964581, recon_loss: 0.932957, kl_loss: 0.031624 ----
---- [Epoch 75/500, Step 100/196] loss: 0.966160, recon_loss: 0.934365, kl_loss: 0.031795 ----
---- [Epoch 76/500, Step 4/196] loss: 0.968134, recon_loss: 0.936070, kl_loss: 0.032065 ----
---- [Epoch 76/500, Step 104/196] loss: 0.967449, recon_loss: 0.935658, kl_loss: 0.031791 ----
---- [Epoch 77/500, Step 8/196] loss: 0.960461, recon_loss: 0.928797, kl_loss: 0.031664 ----
---- [Epoch 77/500, Step 108/196] loss: 0.976214, recon_loss: 0.944492, kl_loss: 0.031723 ----
---- [Epoch 78/500, Step 12/196] loss: 0.978622, recon_loss: 0.946584, kl_loss: 0.032038 ----
---- [Epoch 78/500, Step 112/196] loss: 0.962257, recon_loss: 0.930139, kl_loss: 0.032119 ----
---- [Epoch 79/500, Step 16/196] loss: 0.967023, recon_loss: 0.936558, kl_loss: 0.030466 ----
---- [Epoch 79/500, Step 116/196] loss: 0.970073, recon_loss: 0.938307, kl_loss: 0.031766 ----
---- [Epoch 80/500, Step 20/196] loss: 0.966486, recon_loss: 0.934642, kl_loss: 0.031843 ----
---- [Epoch 80/500, Step 120/196] loss: 0.948175, recon_loss: 0.915805, kl_loss: 0.032371 ----
---- [Epoch 81/500, Step 24/196] loss: 0.962639, recon_loss: 0.931238, kl_loss: 0.031401 ----
---- [Epoch 81/500, Step 124/196] loss: 0.969071, recon_loss: 0.936733, kl_loss: 0.032338 ----
---- [Epoch 82/500, Step 28/196] loss: 0.971652, recon_loss: 0.939712, kl_loss: 0.031940 ----
---- [Epoch 82/500, Step 128/196] loss: 0.962971, recon_loss: 0.932888, kl_loss: 0.030083 ----
---- [Epoch 83/500, Step 32/196] loss: 0.966395, recon_loss: 0.934282, kl_loss: 0.032113 ----
---- [Epoch 83/500, Step 132/196] loss: 0.964089, recon_loss: 0.932262, kl_loss: 0.031827 ----
---- [Epoch 84/500, Step 36/196] loss: 0.953837, recon_loss: 0.921118, kl_loss: 0.032719 ----
---- [Epoch 84/500, Step 136/196] loss: 0.965388, recon_loss: 0.934551, kl_loss: 0.030837 ----
---- [Epoch 85/500, Step 40/196] loss: 0.969964, recon_loss: 0.936952, kl_loss: 0.033011 ----
---- [Epoch 85/500, Step 140/196] loss: 0.967235, recon_loss: 0.935291, kl_loss: 0.031944 ----
---- [Epoch 86/500, Step 44/196] loss: 0.972667, recon_loss: 0.941750, kl_loss: 0.030918 ----
---- [Epoch 86/500, Step 144/196] loss: 0.969211, recon_loss: 0.938129, kl_loss: 0.031081 ----
---- [Epoch 87/500, Step 48/196] loss: 0.963644, recon_loss: 0.931634, kl_loss: 0.032010 ----
---- [Epoch 87/500, Step 148/196] loss: 0.956951, recon_loss: 0.926096, kl_loss: 0.030855 ----
---- [Epoch 88/500, Step 52/196] loss: 0.966210, recon_loss: 0.933957, kl_loss: 0.032253 ----
---- [Epoch 88/500, Step 152/196] loss: 0.960711, recon_loss: 0.928301, kl_loss: 0.032410 ----
---- [Epoch 89/500, Step 56/196] loss: 0.957967, recon_loss: 0.925776, kl_loss: 0.032191 ----
---- [Epoch 89/500, Step 156/196] loss: 0.971438, recon_loss: 0.938533, kl_loss: 0.032904 ----
---- [Epoch 90/500, Step 60/196] loss: 0.969627, recon_loss: 0.938839, kl_loss: 0.030788 ----
---- [Epoch 90/500, Step 160/196] loss: 0.967146, recon_loss: 0.935673, kl_loss: 0.031473 ----
---- [Epoch 91/500, Step 64/196] loss: 0.979537, recon_loss: 0.946403, kl_loss: 0.033134 ----
---- [Epoch 91/500, Step 164/196] loss: 0.962314, recon_loss: 0.931311, kl_loss: 0.031003 ----
---- [Epoch 92/500, Step 68/196] loss: 0.964317, recon_loss: 0.933047, kl_loss: 0.031271 ----
---- [Epoch 92/500, Step 168/196] loss: 0.953208, recon_loss: 0.922086, kl_loss: 0.031122 ----
---- [Epoch 93/500, Step 72/196] loss: 0.962104, recon_loss: 0.930937, kl_loss: 0.031166 ----
---- [Epoch 93/500, Step 172/196] loss: 0.949234, recon_loss: 0.918661, kl_loss: 0.030573 ----
---- [Epoch 94/500, Step 76/196] loss: 0.972216, recon_loss: 0.940575, kl_loss: 0.031641 ----
---- [Epoch 94/500, Step 176/196] loss: 0.958469, recon_loss: 0.926191, kl_loss: 0.032278 ----
---- [Epoch 95/500, Step 80/196] loss: 0.954716, recon_loss: 0.923941, kl_loss: 0.030775 ----
---- [Epoch 95/500, Step 180/196] loss: 0.966290, recon_loss: 0.933778, kl_loss: 0.032512 ----
---- [Epoch 96/500, Step 84/196] loss: 0.960793, recon_loss: 0.929922, kl_loss: 0.030871 ----
---- [Epoch 96/500, Step 184/196] loss: 0.953265, recon_loss: 0.921990, kl_loss: 0.031275 ----
---- [Epoch 97/500, Step 88/196] loss: 0.963884, recon_loss: 0.933470, kl_loss: 0.030413 ----
---- [Epoch 97/500, Step 188/196] loss: 0.965733, recon_loss: 0.934153, kl_loss: 0.031580 ----
---- [Epoch 98/500, Step 92/196] loss: 0.956692, recon_loss: 0.925917, kl_loss: 0.030776 ----
---- [Epoch 98/500, Step 192/196] loss: 0.964938, recon_loss: 0.934141, kl_loss: 0.030796 ----
---- [Epoch 99/500, Step 96/196] loss: 0.959381, recon_loss: 0.927711, kl_loss: 0.031670 ----
---- [Epoch 100/500, Step 0/196] loss: 0.969657, recon_loss: 0.937852, kl_loss: 0.031806 ----
---- [Epoch 100/500, Step 100/196] loss: 0.960519, recon_loss: 0.929516, kl_loss: 0.031003 ----
---- [Epoch 101/500, Step 4/196] loss: 0.959262, recon_loss: 0.927975, kl_loss: 0.031287 ----
---- [Epoch 101/500, Step 104/196] loss: 0.963370, recon_loss: 0.932156, kl_loss: 0.031214 ----
---- [Epoch 102/500, Step 8/196] loss: 0.954662, recon_loss: 0.924315, kl_loss: 0.030348 ----
---- [Epoch 102/500, Step 108/196] loss: 0.955050, recon_loss: 0.923711, kl_loss: 0.031339 ----
---- [Epoch 103/500, Step 12/196] loss: 0.963963, recon_loss: 0.932242, kl_loss: 0.031721 ----
---- [Epoch 103/500, Step 112/196] loss: 0.964524, recon_loss: 0.933635, kl_loss: 0.030889 ----
---- [Epoch 104/500, Step 16/196] loss: 0.963890, recon_loss: 0.933142, kl_loss: 0.030749 ----
---- [Epoch 104/500, Step 116/196] loss: 0.962901, recon_loss: 0.931808, kl_loss: 0.031093 ----
---- [Epoch 105/500, Step 20/196] loss: 0.968140, recon_loss: 0.936795, kl_loss: 0.031345 ----
---- [Epoch 105/500, Step 120/196] loss: 0.964331, recon_loss: 0.933815, kl_loss: 0.030516 ----
---- [Epoch 106/500, Step 24/196] loss: 0.961818, recon_loss: 0.930325, kl_loss: 0.031493 ----
---- [Epoch 106/500, Step 124/196] loss: 0.959055, recon_loss: 0.927919, kl_loss: 0.031136 ----
---- [Epoch 107/500, Step 28/196] loss: 0.958783, recon_loss: 0.928629, kl_loss: 0.030154 ----
---- [Epoch 107/500, Step 128/196] loss: 0.959244, recon_loss: 0.929002, kl_loss: 0.030242 ----
---- [Epoch 108/500, Step 32/196] loss: 0.958503, recon_loss: 0.927755, kl_loss: 0.030747 ----
---- [Epoch 108/500, Step 132/196] loss: 0.959879, recon_loss: 0.928780, kl_loss: 0.031099 ----
---- [Epoch 109/500, Step 36/196] loss: 0.944582, recon_loss: 0.914362, kl_loss: 0.030220 ----
---- [Epoch 109/500, Step 136/196] loss: 0.952809, recon_loss: 0.922828, kl_loss: 0.029981 ----
---- [Epoch 110/500, Step 40/196] loss: 0.955497, recon_loss: 0.924921, kl_loss: 0.030576 ----
---- [Epoch 110/500, Step 140/196] loss: 0.951635, recon_loss: 0.921425, kl_loss: 0.030209 ----
---- [Epoch 111/500, Step 44/196] loss: 0.959358, recon_loss: 0.928571, kl_loss: 0.030787 ----
---- [Epoch 111/500, Step 144/196] loss: 0.961613, recon_loss: 0.930660, kl_loss: 0.030953 ----
---- [Epoch 112/500, Step 48/196] loss: 0.961424, recon_loss: 0.930654, kl_loss: 0.030771 ----
---- [Epoch 112/500, Step 148/196] loss: 0.964448, recon_loss: 0.933871, kl_loss: 0.030578 ----
---- [Epoch 113/500, Step 52/196] loss: 0.954625, recon_loss: 0.924111, kl_loss: 0.030514 ----
---- [Epoch 113/500, Step 152/196] loss: 0.966883, recon_loss: 0.936241, kl_loss: 0.030641 ----
---- [Epoch 114/500, Step 56/196] loss: 0.958707, recon_loss: 0.927131, kl_loss: 0.031577 ----
---- [Epoch 114/500, Step 156/196] loss: 0.954773, recon_loss: 0.924509, kl_loss: 0.030264 ----
---- [Epoch 115/500, Step 60/196] loss: 0.957061, recon_loss: 0.926706, kl_loss: 0.030354 ----
---- [Epoch 115/500, Step 160/196] loss: 0.959517, recon_loss: 0.928249, kl_loss: 0.031268 ----
---- [Epoch 116/500, Step 64/196] loss: 0.954753, recon_loss: 0.923136, kl_loss: 0.031617 ----
---- [Epoch 116/500, Step 164/196] loss: 0.959245, recon_loss: 0.928994, kl_loss: 0.030252 ----
---- [Epoch 117/500, Step 68/196] loss: 0.958039, recon_loss: 0.928556, kl_loss: 0.029483 ----
---- [Epoch 117/500, Step 168/196] loss: 0.960795, recon_loss: 0.929931, kl_loss: 0.030864 ----
---- [Epoch 118/500, Step 72/196] loss: 0.962398, recon_loss: 0.933013, kl_loss: 0.029385 ----
---- [Epoch 118/500, Step 172/196] loss: 0.958871, recon_loss: 0.927972, kl_loss: 0.030900 ----
---- [Epoch 119/500, Step 76/196] loss: 0.959284, recon_loss: 0.929289, kl_loss: 0.029996 ----
---- [Epoch 119/500, Step 176/196] loss: 0.957011, recon_loss: 0.926227, kl_loss: 0.030784 ----
---- [Epoch 120/500, Step 80/196] loss: 0.948974, recon_loss: 0.918618, kl_loss: 0.030357 ----
---- [Epoch 120/500, Step 180/196] loss: 0.954481, recon_loss: 0.924075, kl_loss: 0.030406 ----
---- [Epoch 121/500, Step 84/196] loss: 0.939407, recon_loss: 0.909105, kl_loss: 0.030302 ----
---- [Epoch 121/500, Step 184/196] loss: 0.960351, recon_loss: 0.930014, kl_loss: 0.030337 ----
---- [Epoch 122/500, Step 88/196] loss: 0.950978, recon_loss: 0.920383, kl_loss: 0.030595 ----
---- [Epoch 122/500, Step 188/196] loss: 0.954590, recon_loss: 0.924190, kl_loss: 0.030400 ----
---- [Epoch 123/500, Step 92/196] loss: 0.961179, recon_loss: 0.929972, kl_loss: 0.031208 ----
---- [Epoch 123/500, Step 192/196] loss: 0.964092, recon_loss: 0.933396, kl_loss: 0.030696 ----
---- [Epoch 124/500, Step 96/196] loss: 0.953146, recon_loss: 0.923435, kl_loss: 0.029711 ----
---- [Epoch 125/500, Step 0/196] loss: 0.955980, recon_loss: 0.926015, kl_loss: 0.029965 ----
---- [Epoch 125/500, Step 100/196] loss: 0.949638, recon_loss: 0.919483, kl_loss: 0.030155 ----
---- [Epoch 126/500, Step 4/196] loss: 0.951446, recon_loss: 0.920552, kl_loss: 0.030894 ----
---- [Epoch 126/500, Step 104/196] loss: 0.965690, recon_loss: 0.933836, kl_loss: 0.031854 ----
---- [Epoch 127/500, Step 8/196] loss: 0.944350, recon_loss: 0.914262, kl_loss: 0.030088 ----
---- [Epoch 127/500, Step 108/196] loss: 0.951267, recon_loss: 0.920244, kl_loss: 0.031023 ----
---- [Epoch 128/500, Step 12/196] loss: 0.952096, recon_loss: 0.922283, kl_loss: 0.029814 ----
---- [Epoch 128/500, Step 112/196] loss: 0.948599, recon_loss: 0.918770, kl_loss: 0.029829 ----
---- [Epoch 129/500, Step 16/196] loss: 0.949262, recon_loss: 0.918965, kl_loss: 0.030297 ----
---- [Epoch 129/500, Step 116/196] loss: 0.958511, recon_loss: 0.928559, kl_loss: 0.029952 ----
---- [Epoch 130/500, Step 20/196] loss: 0.954930, recon_loss: 0.924920, kl_loss: 0.030010 ----
---- [Epoch 130/500, Step 120/196] loss: 0.955482, recon_loss: 0.925219, kl_loss: 0.030263 ----
---- [Epoch 131/500, Step 24/196] loss: 0.954461, recon_loss: 0.923687, kl_loss: 0.030773 ----
---- [Epoch 131/500, Step 124/196] loss: 0.954305, recon_loss: 0.923738, kl_loss: 0.030567 ----
---- [Epoch 132/500, Step 28/196] loss: 0.951870, recon_loss: 0.921521, kl_loss: 0.030349 ----
---- [Epoch 132/500, Step 128/196] loss: 0.948896, recon_loss: 0.919022, kl_loss: 0.029875 ----
---- [Epoch 133/500, Step 32/196] loss: 0.960141, recon_loss: 0.929161, kl_loss: 0.030981 ----
---- [Epoch 133/500, Step 132/196] loss: 0.952487, recon_loss: 0.922476, kl_loss: 0.030011 ----
---- [Epoch 134/500, Step 36/196] loss: 0.954448, recon_loss: 0.924324, kl_loss: 0.030124 ----
---- [Epoch 134/500, Step 136/196] loss: 0.941410, recon_loss: 0.912199, kl_loss: 0.029211 ----
---- [Epoch 135/500, Step 40/196] loss: 0.939914, recon_loss: 0.910208, kl_loss: 0.029706 ----
---- [Epoch 135/500, Step 140/196] loss: 0.954069, recon_loss: 0.924533, kl_loss: 0.029536 ----
---- [Epoch 136/500, Step 44/196] loss: 0.958580, recon_loss: 0.928481, kl_loss: 0.030099 ----
---- [Epoch 136/500, Step 144/196] loss: 0.952766, recon_loss: 0.923170, kl_loss: 0.029596 ----
---- [Epoch 137/500, Step 48/196] loss: 0.943945, recon_loss: 0.914632, kl_loss: 0.029313 ----
---- [Epoch 137/500, Step 148/196] loss: 0.944674, recon_loss: 0.915559, kl_loss: 0.029115 ----
---- [Epoch 138/500, Step 52/196] loss: 0.950904, recon_loss: 0.921134, kl_loss: 0.029769 ----
---- [Epoch 138/500, Step 152/196] loss: 0.938831, recon_loss: 0.909835, kl_loss: 0.028996 ----
---- [Epoch 139/500, Step 56/196] loss: 0.945637, recon_loss: 0.915728, kl_loss: 0.029909 ----
---- [Epoch 139/500, Step 156/196] loss: 0.948520, recon_loss: 0.918835, kl_loss: 0.029685 ----
---- [Epoch 140/500, Step 60/196] loss: 0.949170, recon_loss: 0.919011, kl_loss: 0.030159 ----
---- [Epoch 140/500, Step 160/196] loss: 0.947244, recon_loss: 0.918298, kl_loss: 0.028946 ----
---- [Epoch 141/500, Step 64/196] loss: 0.951112, recon_loss: 0.921386, kl_loss: 0.029726 ----
---- [Epoch 141/500, Step 164/196] loss: 0.946485, recon_loss: 0.916212, kl_loss: 0.030272 ----
---- [Epoch 142/500, Step 68/196] loss: 0.954640, recon_loss: 0.925583, kl_loss: 0.029057 ----
---- [Epoch 142/500, Step 168/196] loss: 0.945240, recon_loss: 0.915860, kl_loss: 0.029380 ----
---- [Epoch 143/500, Step 72/196] loss: 0.950563, recon_loss: 0.921373, kl_loss: 0.029190 ----
---- [Epoch 143/500, Step 172/196] loss: 0.947448, recon_loss: 0.918937, kl_loss: 0.028510 ----
---- [Epoch 144/500, Step 76/196] loss: 0.956737, recon_loss: 0.927146, kl_loss: 0.029590 ----
---- [Epoch 144/500, Step 176/196] loss: 0.951302, recon_loss: 0.922556, kl_loss: 0.028746 ----
---- [Epoch 145/500, Step 80/196] loss: 0.946606, recon_loss: 0.917081, kl_loss: 0.029525 ----
---- [Epoch 145/500, Step 180/196] loss: 0.947070, recon_loss: 0.917508, kl_loss: 0.029562 ----
---- [Epoch 146/500, Step 84/196] loss: 0.952516, recon_loss: 0.923035, kl_loss: 0.029481 ----
---- [Epoch 146/500, Step 184/196] loss: 0.944134, recon_loss: 0.915401, kl_loss: 0.028734 ----
---- [Epoch 147/500, Step 88/196] loss: 0.948320, recon_loss: 0.919357, kl_loss: 0.028963 ----
---- [Epoch 147/500, Step 188/196] loss: 0.942996, recon_loss: 0.914252, kl_loss: 0.028743 ----
---- [Epoch 148/500, Step 92/196] loss: 0.947220, recon_loss: 0.918517, kl_loss: 0.028703 ----
---- [Epoch 148/500, Step 192/196] loss: 0.937735, recon_loss: 0.908694, kl_loss: 0.029041 ----
---- [Epoch 149/500, Step 96/196] loss: 0.951174, recon_loss: 0.922688, kl_loss: 0.028486 ----
---- [Epoch 150/500, Step 0/196] loss: 0.945510, recon_loss: 0.917152, kl_loss: 0.028358 ----
---- [Epoch 150/500, Step 100/196] loss: 0.943914, recon_loss: 0.915197, kl_loss: 0.028717 ----
---- [Epoch 151/500, Step 4/196] loss: 0.946214, recon_loss: 0.917005, kl_loss: 0.029209 ----
---- [Epoch 151/500, Step 104/196] loss: 0.954515, recon_loss: 0.925632, kl_loss: 0.028883 ----
---- [Epoch 152/500, Step 8/196] loss: 0.941990, recon_loss: 0.912783, kl_loss: 0.029206 ----
---- [Epoch 152/500, Step 108/196] loss: 0.944046, recon_loss: 0.915279, kl_loss: 0.028767 ----
---- [Epoch 153/500, Step 12/196] loss: 0.945359, recon_loss: 0.916829, kl_loss: 0.028530 ----
---- [Epoch 153/500, Step 112/196] loss: 0.948512, recon_loss: 0.918301, kl_loss: 0.030211 ----
---- [Epoch 154/500, Step 16/196] loss: 0.930104, recon_loss: 0.902194, kl_loss: 0.027910 ----
---- [Epoch 154/500, Step 116/196] loss: 0.935362, recon_loss: 0.906770, kl_loss: 0.028591 ----
---- [Epoch 155/500, Step 20/196] loss: 0.938768, recon_loss: 0.910997, kl_loss: 0.027770 ----
---- [Epoch 155/500, Step 120/196] loss: 0.949165, recon_loss: 0.919290, kl_loss: 0.029875 ----
---- [Epoch 156/500, Step 24/196] loss: 0.947079, recon_loss: 0.918710, kl_loss: 0.028369 ----
---- [Epoch 156/500, Step 124/196] loss: 0.936094, recon_loss: 0.907673, kl_loss: 0.028421 ----
---- [Epoch 157/500, Step 28/196] loss: 0.939006, recon_loss: 0.910193, kl_loss: 0.028813 ----
---- [Epoch 157/500, Step 128/196] loss: 0.938591, recon_loss: 0.910403, kl_loss: 0.028188 ----
---- [Epoch 158/500, Step 32/196] loss: 0.933697, recon_loss: 0.904990, kl_loss: 0.028707 ----
---- [Epoch 158/500, Step 132/196] loss: 0.938340, recon_loss: 0.910824, kl_loss: 0.027516 ----
---- [Epoch 159/500, Step 36/196] loss: 0.922730, recon_loss: 0.895173, kl_loss: 0.027556 ----
---- [Epoch 159/500, Step 136/196] loss: 0.940249, recon_loss: 0.912339, kl_loss: 0.027910 ----
---- [Epoch 160/500, Step 40/196] loss: 0.935293, recon_loss: 0.907024, kl_loss: 0.028269 ----
---- [Epoch 160/500, Step 140/196] loss: 0.931437, recon_loss: 0.904301, kl_loss: 0.027136 ----
---- [Epoch 161/500, Step 44/196] loss: 0.939395, recon_loss: 0.911940, kl_loss: 0.027455 ----
---- [Epoch 161/500, Step 144/196] loss: 0.927508, recon_loss: 0.900763, kl_loss: 0.026745 ----
---- [Epoch 162/500, Step 48/196] loss: 0.938963, recon_loss: 0.911529, kl_loss: 0.027433 ----
---- [Epoch 162/500, Step 148/196] loss: 0.939665, recon_loss: 0.911981, kl_loss: 0.027684 ----
---- [Epoch 163/500, Step 52/196] loss: 0.931495, recon_loss: 0.904014, kl_loss: 0.027481 ----
---- [Epoch 163/500, Step 152/196] loss: 0.939853, recon_loss: 0.912715, kl_loss: 0.027139 ----
---- [Epoch 164/500, Step 56/196] loss: 0.933458, recon_loss: 0.906021, kl_loss: 0.027437 ----
---- [Epoch 164/500, Step 156/196] loss: 0.934865, recon_loss: 0.908021, kl_loss: 0.026843 ----
---- [Epoch 165/500, Step 60/196] loss: 0.932614, recon_loss: 0.906435, kl_loss: 0.026178 ----
---- [Epoch 165/500, Step 160/196] loss: 0.929319, recon_loss: 0.902993, kl_loss: 0.026326 ----
---- [Epoch 166/500, Step 64/196] loss: 0.934817, recon_loss: 0.908509, kl_loss: 0.026308 ----
---- [Epoch 166/500, Step 164/196] loss: 0.930288, recon_loss: 0.903358, kl_loss: 0.026930 ----
---- [Epoch 167/500, Step 68/196] loss: 0.937751, recon_loss: 0.911178, kl_loss: 0.026573 ----
---- [Epoch 167/500, Step 168/196] loss: 0.936322, recon_loss: 0.909747, kl_loss: 0.026575 ----
---- [Epoch 168/500, Step 72/196] loss: 0.918735, recon_loss: 0.893002, kl_loss: 0.025733 ----
---- [Epoch 168/500, Step 172/196] loss: 0.935852, recon_loss: 0.909952, kl_loss: 0.025900 ----
---- [Epoch 169/500, Step 76/196] loss: 0.929437, recon_loss: 0.902865, kl_loss: 0.026573 ----
---- [Epoch 169/500, Step 176/196] loss: 0.930313, recon_loss: 0.903973, kl_loss: 0.026341 ----
---- [Epoch 170/500, Step 80/196] loss: 0.929471, recon_loss: 0.903079, kl_loss: 0.026392 ----
---- [Epoch 170/500, Step 180/196] loss: 0.937369, recon_loss: 0.910992, kl_loss: 0.026378 ----
---- [Epoch 171/500, Step 84/196] loss: 0.939028, recon_loss: 0.913165, kl_loss: 0.025862 ----
---- [Epoch 171/500, Step 184/196] loss: 0.923962, recon_loss: 0.898197, kl_loss: 0.025765 ----
---- [Epoch 172/500, Step 88/196] loss: 0.940404, recon_loss: 0.914852, kl_loss: 0.025552 ----
---- [Epoch 172/500, Step 188/196] loss: 0.934706, recon_loss: 0.908736, kl_loss: 0.025970 ----
---- [Epoch 173/500, Step 92/196] loss: 0.935729, recon_loss: 0.909872, kl_loss: 0.025856 ----
---- [Epoch 173/500, Step 192/196] loss: 0.937337, recon_loss: 0.911652, kl_loss: 0.025685 ----
---- [Epoch 174/500, Step 96/196] loss: 0.927019, recon_loss: 0.900223, kl_loss: 0.026796 ----
---- [Epoch 175/500, Step 0/196] loss: 0.934364, recon_loss: 0.908894, kl_loss: 0.025470 ----
---- [Epoch 175/500, Step 100/196] loss: 0.930534, recon_loss: 0.904994, kl_loss: 0.025539 ----
---- [Epoch 176/500, Step 4/196] loss: 0.938176, recon_loss: 0.912718, kl_loss: 0.025458 ----
---- [Epoch 176/500, Step 104/196] loss: 0.938978, recon_loss: 0.912666, kl_loss: 0.026312 ----
---- [Epoch 177/500, Step 8/196] loss: 0.919555, recon_loss: 0.893172, kl_loss: 0.026384 ----
---- [Epoch 177/500, Step 108/196] loss: 0.925910, recon_loss: 0.899487, kl_loss: 0.026424 ----
---- [Epoch 178/500, Step 12/196] loss: 0.927163, recon_loss: 0.901299, kl_loss: 0.025865 ----
---- [Epoch 178/500, Step 112/196] loss: 0.932149, recon_loss: 0.906534, kl_loss: 0.025615 ----
---- [Epoch 179/500, Step 16/196] loss: 0.928807, recon_loss: 0.902153, kl_loss: 0.026654 ----
---- [Epoch 179/500, Step 116/196] loss: 0.930283, recon_loss: 0.904729, kl_loss: 0.025554 ----
---- [Epoch 180/500, Step 20/196] loss: 0.928907, recon_loss: 0.903442, kl_loss: 0.025465 ----
---- [Epoch 180/500, Step 120/196] loss: 0.920570, recon_loss: 0.895183, kl_loss: 0.025387 ----
---- [Epoch 181/500, Step 24/196] loss: 0.923946, recon_loss: 0.898953, kl_loss: 0.024993 ----
---- [Epoch 181/500, Step 124/196] loss: 0.920871, recon_loss: 0.895624, kl_loss: 0.025247 ----
---- [Epoch 182/500, Step 28/196] loss: 0.938013, recon_loss: 0.912231, kl_loss: 0.025783 ----
---- [Epoch 182/500, Step 128/196] loss: 0.915450, recon_loss: 0.890090, kl_loss: 0.025360 ----
---- [Epoch 183/500, Step 32/196] loss: 0.921446, recon_loss: 0.895542, kl_loss: 0.025904 ----
---- [Epoch 183/500, Step 132/196] loss: 0.932648, recon_loss: 0.907317, kl_loss: 0.025330 ----
---- [Epoch 184/500, Step 36/196] loss: 0.925309, recon_loss: 0.900620, kl_loss: 0.024689 ----
---- [Epoch 184/500, Step 136/196] loss: 0.921021, recon_loss: 0.895331, kl_loss: 0.025690 ----
---- [Epoch 185/500, Step 40/196] loss: 0.946359, recon_loss: 0.921340, kl_loss: 0.025018 ----
---- [Epoch 185/500, Step 140/196] loss: 0.925002, recon_loss: 0.899829, kl_loss: 0.025173 ----
---- [Epoch 186/500, Step 44/196] loss: 0.918187, recon_loss: 0.893734, kl_loss: 0.024453 ----
---- [Epoch 186/500, Step 144/196] loss: 0.928713, recon_loss: 0.903971, kl_loss: 0.024742 ----
---- [Epoch 187/500, Step 48/196] loss: 0.921238, recon_loss: 0.895991, kl_loss: 0.025246 ----
---- [Epoch 187/500, Step 148/196] loss: 0.926649, recon_loss: 0.901900, kl_loss: 0.024749 ----
---- [Epoch 188/500, Step 52/196] loss: 0.921524, recon_loss: 0.897080, kl_loss: 0.024444 ----
---- [Epoch 188/500, Step 152/196] loss: 0.914737, recon_loss: 0.890110, kl_loss: 0.024627 ----
---- [Epoch 189/500, Step 56/196] loss: 0.923231, recon_loss: 0.898423, kl_loss: 0.024808 ----
---- [Epoch 189/500, Step 156/196] loss: 0.934299, recon_loss: 0.910124, kl_loss: 0.024175 ----
---- [Epoch 190/500, Step 60/196] loss: 0.929064, recon_loss: 0.904662, kl_loss: 0.024402 ----
---- [Epoch 190/500, Step 160/196] loss: 0.926535, recon_loss: 0.901903, kl_loss: 0.024632 ----
---- [Epoch 191/500, Step 64/196] loss: 0.914031, recon_loss: 0.890214, kl_loss: 0.023817 ----
---- [Epoch 191/500, Step 164/196] loss: 0.913440, recon_loss: 0.889772, kl_loss: 0.023668 ----
---- [Epoch 192/500, Step 68/196] loss: 0.918334, recon_loss: 0.894332, kl_loss: 0.024002 ----
---- [Epoch 192/500, Step 168/196] loss: 0.931611, recon_loss: 0.907890, kl_loss: 0.023721 ----
---- [Epoch 193/500, Step 72/196] loss: 0.926646, recon_loss: 0.902820, kl_loss: 0.023827 ----
---- [Epoch 193/500, Step 172/196] loss: 0.923737, recon_loss: 0.900369, kl_loss: 0.023368 ----
---- [Epoch 194/500, Step 76/196] loss: 0.910906, recon_loss: 0.887643, kl_loss: 0.023263 ----
---- [Epoch 194/500, Step 176/196] loss: 0.921834, recon_loss: 0.898427, kl_loss: 0.023406 ----
---- [Epoch 195/500, Step 80/196] loss: 0.920934, recon_loss: 0.898601, kl_loss: 0.022333 ----
---- [Epoch 195/500, Step 180/196] loss: 0.919846, recon_loss: 0.897424, kl_loss: 0.022423 ----
---- [Epoch 196/500, Step 84/196] loss: 0.925466, recon_loss: 0.903063, kl_loss: 0.022403 ----
---- [Epoch 196/500, Step 184/196] loss: 0.908865, recon_loss: 0.886587, kl_loss: 0.022278 ----
---- [Epoch 197/500, Step 88/196] loss: 0.925580, recon_loss: 0.903335, kl_loss: 0.022245 ----
---- [Epoch 197/500, Step 188/196] loss: 0.917226, recon_loss: 0.895199, kl_loss: 0.022028 ----
---- [Epoch 198/500, Step 92/196] loss: 0.924019, recon_loss: 0.901684, kl_loss: 0.022335 ----
---- [Epoch 198/500, Step 192/196] loss: 0.914789, recon_loss: 0.893284, kl_loss: 0.021505 ----
---- [Epoch 199/500, Step 96/196] loss: 0.909408, recon_loss: 0.887848, kl_loss: 0.021560 ----
---- [Epoch 200/500, Step 0/196] loss: 0.918940, recon_loss: 0.897394, kl_loss: 0.021546 ----
---- [Epoch 200/500, Step 100/196] loss: 0.914582, recon_loss: 0.893172, kl_loss: 0.021409 ----
---- [Epoch 201/500, Step 4/196] loss: 0.912359, recon_loss: 0.891089, kl_loss: 0.021271 ----
---- [Epoch 201/500, Step 104/196] loss: 0.916673, recon_loss: 0.895721, kl_loss: 0.020952 ----
---- [Epoch 202/500, Step 8/196] loss: 0.911102, recon_loss: 0.890195, kl_loss: 0.020907 ----
---- [Epoch 202/500, Step 108/196] loss: 0.909933, recon_loss: 0.888921, kl_loss: 0.021011 ----
---- [Epoch 203/500, Step 12/196] loss: 0.914467, recon_loss: 0.893930, kl_loss: 0.020537 ----
---- [Epoch 203/500, Step 112/196] loss: 0.903587, recon_loss: 0.882767, kl_loss: 0.020819 ----
---- [Epoch 204/500, Step 16/196] loss: 0.917849, recon_loss: 0.897667, kl_loss: 0.020182 ----
---- [Epoch 204/500, Step 116/196] loss: 0.898384, recon_loss: 0.878666, kl_loss: 0.019717 ----
---- [Epoch 205/500, Step 20/196] loss: 0.895109, recon_loss: 0.874929, kl_loss: 0.020180 ----
---- [Epoch 205/500, Step 120/196] loss: 0.915361, recon_loss: 0.895881, kl_loss: 0.019480 ----
---- [Epoch 206/500, Step 24/196] loss: 0.909985, recon_loss: 0.890630, kl_loss: 0.019355 ----
---- [Epoch 206/500, Step 124/196] loss: 0.915159, recon_loss: 0.895456, kl_loss: 0.019703 ----
---- [Epoch 207/500, Step 28/196] loss: 0.899461, recon_loss: 0.880040, kl_loss: 0.019421 ----
---- [Epoch 207/500, Step 128/196] loss: 0.902556, recon_loss: 0.883643, kl_loss: 0.018913 ----
---- [Epoch 208/500, Step 32/196] loss: 0.893644, recon_loss: 0.874314, kl_loss: 0.019329 ----
---- [Epoch 208/500, Step 132/196] loss: 0.908756, recon_loss: 0.890256, kl_loss: 0.018500 ----
---- [Epoch 209/500, Step 36/196] loss: 0.905540, recon_loss: 0.887306, kl_loss: 0.018233 ----
---- [Epoch 209/500, Step 136/196] loss: 0.905377, recon_loss: 0.887037, kl_loss: 0.018340 ----
---- [Epoch 210/500, Step 40/196] loss: 0.904042, recon_loss: 0.885947, kl_loss: 0.018096 ----
---- [Epoch 210/500, Step 140/196] loss: 0.907218, recon_loss: 0.889317, kl_loss: 0.017902 ----
---- [Epoch 211/500, Step 44/196] loss: 0.915091, recon_loss: 0.897573, kl_loss: 0.017518 ----
---- [Epoch 211/500, Step 144/196] loss: 0.899834, recon_loss: 0.882613, kl_loss: 0.017221 ----
---- [Epoch 212/500, Step 48/196] loss: 0.900634, recon_loss: 0.883260, kl_loss: 0.017373 ----
---- [Epoch 212/500, Step 148/196] loss: 0.907236, recon_loss: 0.890426, kl_loss: 0.016810 ----
---- [Epoch 213/500, Step 52/196] loss: 0.894015, recon_loss: 0.877620, kl_loss: 0.016395 ----
---- [Epoch 213/500, Step 152/196] loss: 0.909170, recon_loss: 0.892744, kl_loss: 0.016426 ----
---- [Epoch 214/500, Step 56/196] loss: 0.893281, recon_loss: 0.877195, kl_loss: 0.016086 ----
---- [Epoch 214/500, Step 156/196] loss: 0.887159, recon_loss: 0.870958, kl_loss: 0.016201 ----
---- [Epoch 215/500, Step 60/196] loss: 0.894611, recon_loss: 0.878717, kl_loss: 0.015894 ----
---- [Epoch 215/500, Step 160/196] loss: 0.893751, recon_loss: 0.878243, kl_loss: 0.015507 ----
---- [Epoch 216/500, Step 64/196] loss: 0.882834, recon_loss: 0.867516, kl_loss: 0.015318 ----
---- [Epoch 216/500, Step 164/196] loss: 0.895082, recon_loss: 0.880226, kl_loss: 0.014856 ----
---- [Epoch 217/500, Step 68/196] loss: 0.897485, recon_loss: 0.882539, kl_loss: 0.014947 ----
---- [Epoch 217/500, Step 168/196] loss: 0.902923, recon_loss: 0.888374, kl_loss: 0.014549 ----
---- [Epoch 218/500, Step 72/196] loss: 0.903473, recon_loss: 0.889324, kl_loss: 0.014149 ----
---- [Epoch 218/500, Step 172/196] loss: 0.897230, recon_loss: 0.883482, kl_loss: 0.013748 ----
---- [Epoch 219/500, Step 76/196] loss: 0.896557, recon_loss: 0.883083, kl_loss: 0.013474 ----
---- [Epoch 219/500, Step 176/196] loss: 0.891744, recon_loss: 0.879104, kl_loss: 0.012640 ----
---- [Epoch 220/500, Step 80/196] loss: 0.888000, recon_loss: 0.875762, kl_loss: 0.012238 ----
---- [Epoch 220/500, Step 180/196] loss: 0.882619, recon_loss: 0.870512, kl_loss: 0.012107 ----
---- [Epoch 221/500, Step 84/196] loss: 0.890594, recon_loss: 0.878989, kl_loss: 0.011605 ----
---- [Epoch 221/500, Step 184/196] loss: 0.890334, recon_loss: 0.879212, kl_loss: 0.011121 ----
---- [Epoch 222/500, Step 88/196] loss: 0.892047, recon_loss: 0.881472, kl_loss: 0.010576 ----
---- [Epoch 222/500, Step 188/196] loss: 0.889553, recon_loss: 0.879485, kl_loss: 0.010068 ----
---- [Epoch 223/500, Step 92/196] loss: 0.888053, recon_loss: 0.878574, kl_loss: 0.009480 ----
---- [Epoch 223/500, Step 192/196] loss: 0.893821, recon_loss: 0.884895, kl_loss: 0.008926 ----
---- [Epoch 224/500, Step 96/196] loss: 0.888032, recon_loss: 0.879724, kl_loss: 0.008308 ----
---- [Epoch 225/500, Step 0/196] loss: 0.880692, recon_loss: 0.873085, kl_loss: 0.007608 ----
---- [Epoch 225/500, Step 100/196] loss: 0.887824, recon_loss: 0.880879, kl_loss: 0.006945 ----
---- [Epoch 226/500, Step 4/196] loss: 0.884865, recon_loss: 0.878616, kl_loss: 0.006249 ----
---- [Epoch 226/500, Step 104/196] loss: 0.887149, recon_loss: 0.881491, kl_loss: 0.005658 ----
---- [Epoch 227/500, Step 8/196] loss: 0.894203, recon_loss: 0.889272, kl_loss: 0.004931 ----
---- [Epoch 227/500, Step 108/196] loss: 0.881653, recon_loss: 0.877408, kl_loss: 0.004245 ----
---- [Epoch 228/500, Step 12/196] loss: 0.883175, recon_loss: 0.879686, kl_loss: 0.003489 ----
---- [Epoch 228/500, Step 112/196] loss: 0.890586, recon_loss: 0.887928, kl_loss: 0.002659 ----
---- [Epoch 229/500, Step 16/196] loss: 0.880299, recon_loss: 0.878591, kl_loss: 0.001708 ----
---- [Epoch 229/500, Step 116/196] loss: 0.874932, recon_loss: 0.874358, kl_loss: 0.000575 ----
---- [Epoch 230/500, Step 20/196] loss: 0.868507, recon_loss: 0.867632, kl_loss: 0.000875 ----
---- [Epoch 230/500, Step 120/196] loss: 0.867654, recon_loss: 0.865690, kl_loss: 0.001964 ----
---- [Epoch 231/500, Step 24/196] loss: 0.867664, recon_loss: 0.865375, kl_loss: 0.002289 ----
---- [Epoch 231/500, Step 124/196] loss: 0.850994, recon_loss: 0.848186, kl_loss: 0.002809 ----
---- [Epoch 232/500, Step 28/196] loss: 0.856798, recon_loss: 0.853689, kl_loss: 0.003109 ----
---- [Epoch 232/500, Step 128/196] loss: 0.861010, recon_loss: 0.857609, kl_loss: 0.003401 ----
---- [Epoch 233/500, Step 32/196] loss: 0.848593, recon_loss: 0.845045, kl_loss: 0.003548 ----
---- [Epoch 233/500, Step 132/196] loss: 0.861375, recon_loss: 0.857691, kl_loss: 0.003684 ----
---- [Epoch 234/500, Step 36/196] loss: 0.834497, recon_loss: 0.830732, kl_loss: 0.003764 ----
---- [Epoch 234/500, Step 136/196] loss: 0.827954, recon_loss: 0.824230, kl_loss: 0.003725 ----
---- [Epoch 235/500, Step 40/196] loss: 0.856824, recon_loss: 0.853138, kl_loss: 0.003686 ----
---- [Epoch 235/500, Step 140/196] loss: 0.837906, recon_loss: 0.834268, kl_loss: 0.003638 ----
---- [Epoch 236/500, Step 44/196] loss: 0.846290, recon_loss: 0.842688, kl_loss: 0.003601 ----
---- [Epoch 236/500, Step 144/196] loss: 0.841942, recon_loss: 0.838352, kl_loss: 0.003590 ----
---- [Epoch 237/500, Step 48/196] loss: 0.839614, recon_loss: 0.836145, kl_loss: 0.003470 ----
---- [Epoch 237/500, Step 148/196] loss: 0.845745, recon_loss: 0.842233, kl_loss: 0.003512 ----
---- [Epoch 238/500, Step 52/196] loss: 0.842285, recon_loss: 0.838897, kl_loss: 0.003389 ----
---- [Epoch 238/500, Step 152/196] loss: 0.851419, recon_loss: 0.847965, kl_loss: 0.003454 ----
---- [Epoch 239/500, Step 56/196] loss: 0.845065, recon_loss: 0.841591, kl_loss: 0.003474 ----
---- [Epoch 239/500, Step 156/196] loss: 0.850147, recon_loss: 0.846680, kl_loss: 0.003467 ----
---- [Epoch 240/500, Step 60/196] loss: 0.835576, recon_loss: 0.832120, kl_loss: 0.003456 ----
---- [Epoch 240/500, Step 160/196] loss: 0.854823, recon_loss: 0.851354, kl_loss: 0.003469 ----
---- [Epoch 241/500, Step 64/196] loss: 0.837789, recon_loss: 0.834309, kl_loss: 0.003481 ----
---- [Epoch 241/500, Step 164/196] loss: 0.850970, recon_loss: 0.847471, kl_loss: 0.003499 ----
---- [Epoch 242/500, Step 68/196] loss: 0.848346, recon_loss: 0.844903, kl_loss: 0.003443 ----
---- [Epoch 242/500, Step 168/196] loss: 0.821424, recon_loss: 0.817946, kl_loss: 0.003478 ----
---- [Epoch 243/500, Step 72/196] loss: 0.841823, recon_loss: 0.838317, kl_loss: 0.003505 ----
---- [Epoch 243/500, Step 172/196] loss: 0.843056, recon_loss: 0.839575, kl_loss: 0.003481 ----
---- [Epoch 244/500, Step 76/196] loss: 0.844661, recon_loss: 0.841204, kl_loss: 0.003457 ----
---- [Epoch 244/500, Step 176/196] loss: 0.825755, recon_loss: 0.822266, kl_loss: 0.003490 ----
---- [Epoch 245/500, Step 80/196] loss: 0.832003, recon_loss: 0.828515, kl_loss: 0.003489 ----
---- [Epoch 245/500, Step 180/196] loss: 0.834407, recon_loss: 0.830923, kl_loss: 0.003484 ----
---- [Epoch 246/500, Step 84/196] loss: 0.832160, recon_loss: 0.828697, kl_loss: 0.003463 ----
---- [Epoch 246/500, Step 184/196] loss: 0.838601, recon_loss: 0.835112, kl_loss: 0.003489 ----
---- [Epoch 247/500, Step 88/196] loss: 0.836442, recon_loss: 0.832953, kl_loss: 0.003489 ----
---- [Epoch 247/500, Step 188/196] loss: 0.844770, recon_loss: 0.841299, kl_loss: 0.003471 ----
---- [Epoch 248/500, Step 92/196] loss: 0.840840, recon_loss: 0.837332, kl_loss: 0.003508 ----
---- [Epoch 248/500, Step 192/196] loss: 0.850598, recon_loss: 0.847096, kl_loss: 0.003502 ----
---- [Epoch 249/500, Step 96/196] loss: 0.851951, recon_loss: 0.848494, kl_loss: 0.003457 ----
---- [Epoch 250/500, Step 0/196] loss: 0.847253, recon_loss: 0.843790, kl_loss: 0.003463 ----
---- [Epoch 250/500, Step 100/196] loss: 0.847130, recon_loss: 0.843636, kl_loss: 0.003494 ----
---- [Epoch 251/500, Step 4/196] loss: 0.837411, recon_loss: 0.833965, kl_loss: 0.003446 ----
---- [Epoch 251/500, Step 104/196] loss: 0.832601, recon_loss: 0.829120, kl_loss: 0.003481 ----
---- [Epoch 252/500, Step 8/196] loss: 0.836669, recon_loss: 0.833195, kl_loss: 0.003474 ----
---- [Epoch 252/500, Step 108/196] loss: 0.858643, recon_loss: 0.855167, kl_loss: 0.003476 ----
---- [Epoch 253/500, Step 12/196] loss: 0.845153, recon_loss: 0.841678, kl_loss: 0.003475 ----
---- [Epoch 253/500, Step 112/196] loss: 0.840890, recon_loss: 0.837423, kl_loss: 0.003467 ----
---- [Epoch 254/500, Step 16/196] loss: 0.848160, recon_loss: 0.844681, kl_loss: 0.003479 ----
---- [Epoch 254/500, Step 116/196] loss: 0.846423, recon_loss: 0.842954, kl_loss: 0.003469 ----
---- [Epoch 255/500, Step 20/196] loss: 0.844693, recon_loss: 0.841217, kl_loss: 0.003476 ----
---- [Epoch 255/500, Step 120/196] loss: 0.830894, recon_loss: 0.827408, kl_loss: 0.003486 ----
---- [Epoch 256/500, Step 24/196] loss: 0.834174, recon_loss: 0.830691, kl_loss: 0.003483 ----
---- [Epoch 256/500, Step 124/196] loss: 0.849160, recon_loss: 0.845704, kl_loss: 0.003456 ----
---- [Epoch 257/500, Step 28/196] loss: 0.839107, recon_loss: 0.835621, kl_loss: 0.003485 ----
---- [Epoch 257/500, Step 128/196] loss: 0.854475, recon_loss: 0.850989, kl_loss: 0.003487 ----
---- [Epoch 258/500, Step 32/196] loss: 0.831582, recon_loss: 0.828103, kl_loss: 0.003479 ----
---- [Epoch 258/500, Step 132/196] loss: 0.844180, recon_loss: 0.840695, kl_loss: 0.003485 ----
---- [Epoch 259/500, Step 36/196] loss: 0.844385, recon_loss: 0.840902, kl_loss: 0.003482 ----
---- [Epoch 259/500, Step 136/196] loss: 0.844960, recon_loss: 0.841488, kl_loss: 0.003472 ----
---- [Epoch 260/500, Step 40/196] loss: 0.842098, recon_loss: 0.838588, kl_loss: 0.003510 ----
---- [Epoch 260/500, Step 140/196] loss: 0.836600, recon_loss: 0.833120, kl_loss: 0.003480 ----
---- [Epoch 261/500, Step 44/196] loss: 0.833670, recon_loss: 0.830178, kl_loss: 0.003492 ----
---- [Epoch 261/500, Step 144/196] loss: 0.847554, recon_loss: 0.844102, kl_loss: 0.003452 ----
---- [Epoch 262/500, Step 48/196] loss: 0.832858, recon_loss: 0.829379, kl_loss: 0.003478 ----
---- [Epoch 262/500, Step 148/196] loss: 0.827946, recon_loss: 0.824444, kl_loss: 0.003502 ----
---- [Epoch 263/500, Step 52/196] loss: 0.843184, recon_loss: 0.839688, kl_loss: 0.003496 ----
---- [Epoch 263/500, Step 152/196] loss: 0.834984, recon_loss: 0.831517, kl_loss: 0.003467 ----
---- [Epoch 264/500, Step 56/196] loss: 0.828640, recon_loss: 0.825131, kl_loss: 0.003509 ----
---- [Epoch 264/500, Step 156/196] loss: 0.842815, recon_loss: 0.839290, kl_loss: 0.003525 ----
---- [Epoch 265/500, Step 60/196] loss: 0.833863, recon_loss: 0.830371, kl_loss: 0.003492 ----
---- [Epoch 265/500, Step 160/196] loss: 0.844701, recon_loss: 0.841198, kl_loss: 0.003503 ----
---- [Epoch 266/500, Step 64/196] loss: 0.841205, recon_loss: 0.837712, kl_loss: 0.003493 ----
---- [Epoch 266/500, Step 164/196] loss: 0.863524, recon_loss: 0.860009, kl_loss: 0.003514 ----
---- [Epoch 267/500, Step 68/196] loss: 0.842752, recon_loss: 0.839237, kl_loss: 0.003515 ----
---- [Epoch 267/500, Step 168/196] loss: 0.845056, recon_loss: 0.841540, kl_loss: 0.003516 ----
---- [Epoch 268/500, Step 72/196] loss: 0.850974, recon_loss: 0.847457, kl_loss: 0.003517 ----
---- [Epoch 268/500, Step 172/196] loss: 0.836315, recon_loss: 0.832810, kl_loss: 0.003506 ----
---- [Epoch 269/500, Step 76/196] loss: 0.841651, recon_loss: 0.838092, kl_loss: 0.003559 ----
---- [Epoch 269/500, Step 176/196] loss: 0.834529, recon_loss: 0.831018, kl_loss: 0.003511 ----
---- [Epoch 270/500, Step 80/196] loss: 0.839585, recon_loss: 0.836020, kl_loss: 0.003565 ----
---- [Epoch 270/500, Step 180/196] loss: 0.845049, recon_loss: 0.841509, kl_loss: 0.003540 ----
---- [Epoch 271/500, Step 84/196] loss: 0.833091, recon_loss: 0.829579, kl_loss: 0.003512 ----
---- [Epoch 271/500, Step 184/196] loss: 0.863065, recon_loss: 0.859534, kl_loss: 0.003531 ----
---- [Epoch 272/500, Step 88/196] loss: 0.848371, recon_loss: 0.844853, kl_loss: 0.003519 ----
---- [Epoch 272/500, Step 188/196] loss: 0.845110, recon_loss: 0.841545, kl_loss: 0.003565 ----
---- [Epoch 273/500, Step 92/196] loss: 0.840282, recon_loss: 0.836738, kl_loss: 0.003544 ----
---- [Epoch 273/500, Step 192/196] loss: 0.842919, recon_loss: 0.839392, kl_loss: 0.003527 ----
---- [Epoch 274/500, Step 96/196] loss: 0.858290, recon_loss: 0.854749, kl_loss: 0.003541 ----
---- [Epoch 275/500, Step 0/196] loss: 0.838189, recon_loss: 0.834624, kl_loss: 0.003564 ----
---- [Epoch 275/500, Step 100/196] loss: 0.841239, recon_loss: 0.837700, kl_loss: 0.003539 ----
---- [Epoch 276/500, Step 4/196] loss: 0.855926, recon_loss: 0.852408, kl_loss: 0.003518 ----
---- [Epoch 276/500, Step 104/196] loss: 0.843227, recon_loss: 0.839653, kl_loss: 0.003574 ----
---- [Epoch 277/500, Step 8/196] loss: 0.837279, recon_loss: 0.833700, kl_loss: 0.003579 ----
---- [Epoch 277/500, Step 108/196] loss: 0.847432, recon_loss: 0.843832, kl_loss: 0.003600 ----
---- [Epoch 278/500, Step 12/196] loss: 0.834647, recon_loss: 0.831013, kl_loss: 0.003634 ----
---- [Epoch 278/500, Step 112/196] loss: 0.844185, recon_loss: 0.840544, kl_loss: 0.003641 ----
---- [Epoch 279/500, Step 16/196] loss: 0.847139, recon_loss: 0.843442, kl_loss: 0.003697 ----
---- [Epoch 279/500, Step 116/196] loss: 0.840732, recon_loss: 0.837004, kl_loss: 0.003728 ----
---- [Epoch 280/500, Step 20/196] loss: 0.830964, recon_loss: 0.827270, kl_loss: 0.003694 ----
---- [Epoch 280/500, Step 120/196] loss: 0.827538, recon_loss: 0.823825, kl_loss: 0.003714 ----
---- [Epoch 281/500, Step 24/196] loss: 0.856758, recon_loss: 0.853059, kl_loss: 0.003698 ----
---- [Epoch 281/500, Step 124/196] loss: 0.838041, recon_loss: 0.834316, kl_loss: 0.003725 ----
---- [Epoch 282/500, Step 28/196] loss: 0.835289, recon_loss: 0.831558, kl_loss: 0.003731 ----
---- [Epoch 282/500, Step 128/196] loss: 0.837151, recon_loss: 0.833400, kl_loss: 0.003751 ----
---- [Epoch 283/500, Step 32/196] loss: 0.827362, recon_loss: 0.823643, kl_loss: 0.003720 ----
---- [Epoch 283/500, Step 132/196] loss: 0.834454, recon_loss: 0.830698, kl_loss: 0.003756 ----
---- [Epoch 284/500, Step 36/196] loss: 0.831109, recon_loss: 0.827325, kl_loss: 0.003784 ----
---- [Epoch 284/500, Step 136/196] loss: 0.834079, recon_loss: 0.830343, kl_loss: 0.003736 ----
---- [Epoch 285/500, Step 40/196] loss: 0.843886, recon_loss: 0.840107, kl_loss: 0.003779 ----
---- [Epoch 285/500, Step 140/196] loss: 0.840325, recon_loss: 0.836581, kl_loss: 0.003743 ----
---- [Epoch 286/500, Step 44/196] loss: 0.834639, recon_loss: 0.830894, kl_loss: 0.003745 ----
---- [Epoch 286/500, Step 144/196] loss: 0.832809, recon_loss: 0.829070, kl_loss: 0.003739 ----
---- [Epoch 287/500, Step 48/196] loss: 0.851041, recon_loss: 0.847265, kl_loss: 0.003776 ----
---- [Epoch 287/500, Step 148/196] loss: 0.840191, recon_loss: 0.836433, kl_loss: 0.003758 ----
---- [Epoch 288/500, Step 52/196] loss: 0.845884, recon_loss: 0.842108, kl_loss: 0.003776 ----
---- [Epoch 288/500, Step 152/196] loss: 0.822162, recon_loss: 0.818423, kl_loss: 0.003739 ----
---- [Epoch 289/500, Step 56/196] loss: 0.829212, recon_loss: 0.825472, kl_loss: 0.003740 ----
---- [Epoch 289/500, Step 156/196] loss: 0.835301, recon_loss: 0.831513, kl_loss: 0.003788 ----
---- [Epoch 290/500, Step 60/196] loss: 0.842741, recon_loss: 0.838948, kl_loss: 0.003793 ----
---- [Epoch 290/500, Step 160/196] loss: 0.841325, recon_loss: 0.837590, kl_loss: 0.003735 ----
---- [Epoch 291/500, Step 64/196] loss: 0.840692, recon_loss: 0.836886, kl_loss: 0.003805 ----
---- [Epoch 291/500, Step 164/196] loss: 0.840588, recon_loss: 0.836826, kl_loss: 0.003763 ----
---- [Epoch 292/500, Step 68/196] loss: 0.830230, recon_loss: 0.826443, kl_loss: 0.003787 ----
---- [Epoch 292/500, Step 168/196] loss: 0.843724, recon_loss: 0.839939, kl_loss: 0.003785 ----
---- [Epoch 293/500, Step 72/196] loss: 0.838705, recon_loss: 0.834882, kl_loss: 0.003823 ----
---- [Epoch 293/500, Step 172/196] loss: 0.826371, recon_loss: 0.822552, kl_loss: 0.003819 ----
---- [Epoch 294/500, Step 76/196] loss: 0.840674, recon_loss: 0.836924, kl_loss: 0.003750 ----
---- [Epoch 294/500, Step 176/196] loss: 0.828529, recon_loss: 0.824686, kl_loss: 0.003844 ----
---- [Epoch 295/500, Step 80/196] loss: 0.833506, recon_loss: 0.829727, kl_loss: 0.003779 ----
---- [Epoch 295/500, Step 180/196] loss: 0.825521, recon_loss: 0.821690, kl_loss: 0.003831 ----
---- [Epoch 296/500, Step 84/196] loss: 0.833132, recon_loss: 0.829359, kl_loss: 0.003773 ----
---- [Epoch 296/500, Step 184/196] loss: 0.847038, recon_loss: 0.843258, kl_loss: 0.003779 ----
---- [Epoch 297/500, Step 88/196] loss: 0.852032, recon_loss: 0.848251, kl_loss: 0.003782 ----
---- [Epoch 297/500, Step 188/196] loss: 0.831807, recon_loss: 0.828002, kl_loss: 0.003804 ----
---- [Epoch 298/500, Step 92/196] loss: 0.842152, recon_loss: 0.838377, kl_loss: 0.003776 ----
---- [Epoch 298/500, Step 192/196] loss: 0.835158, recon_loss: 0.831363, kl_loss: 0.003795 ----
---- [Epoch 299/500, Step 96/196] loss: 0.833857, recon_loss: 0.830034, kl_loss: 0.003823 ----
---- [Epoch 300/500, Step 0/196] loss: 0.836231, recon_loss: 0.832443, kl_loss: 0.003788 ----
---- [Epoch 300/500, Step 100/196] loss: 0.839846, recon_loss: 0.836043, kl_loss: 0.003803 ----
---- [Epoch 301/500, Step 4/196] loss: 0.844741, recon_loss: 0.840959, kl_loss: 0.003782 ----
---- [Epoch 301/500, Step 104/196] loss: 0.849854, recon_loss: 0.846059, kl_loss: 0.003795 ----
---- [Epoch 302/500, Step 8/196] loss: 0.830095, recon_loss: 0.826296, kl_loss: 0.003799 ----
---- [Epoch 302/500, Step 108/196] loss: 0.849709, recon_loss: 0.845936, kl_loss: 0.003774 ----
---- [Epoch 303/500, Step 12/196] loss: 0.844444, recon_loss: 0.840658, kl_loss: 0.003786 ----
---- [Epoch 303/500, Step 112/196] loss: 0.844404, recon_loss: 0.840559, kl_loss: 0.003845 ----
---- [Epoch 304/500, Step 16/196] loss: 0.834119, recon_loss: 0.830321, kl_loss: 0.003798 ----
---- [Epoch 304/500, Step 116/196] loss: 0.838204, recon_loss: 0.834380, kl_loss: 0.003824 ----
---- [Epoch 305/500, Step 20/196] loss: 0.838776, recon_loss: 0.834994, kl_loss: 0.003782 ----
---- [Epoch 305/500, Step 120/196] loss: 0.842806, recon_loss: 0.838982, kl_loss: 0.003824 ----
---- [Epoch 306/500, Step 24/196] loss: 0.841416, recon_loss: 0.837693, kl_loss: 0.003723 ----
---- [Epoch 306/500, Step 124/196] loss: 0.838948, recon_loss: 0.835189, kl_loss: 0.003759 ----
---- [Epoch 307/500, Step 28/196] loss: 0.846816, recon_loss: 0.842993, kl_loss: 0.003823 ----
---- [Epoch 307/500, Step 128/196] loss: 0.846330, recon_loss: 0.842562, kl_loss: 0.003768 ----
---- [Epoch 308/500, Step 32/196] loss: 0.847291, recon_loss: 0.843541, kl_loss: 0.003750 ----
---- [Epoch 308/500, Step 132/196] loss: 0.836759, recon_loss: 0.832968, kl_loss: 0.003791 ----
---- [Epoch 309/500, Step 36/196] loss: 0.833840, recon_loss: 0.830011, kl_loss: 0.003829 ----
---- [Epoch 309/500, Step 136/196] loss: 0.837511, recon_loss: 0.833721, kl_loss: 0.003789 ----
---- [Epoch 310/500, Step 40/196] loss: 0.844523, recon_loss: 0.840753, kl_loss: 0.003769 ----
---- [Epoch 310/500, Step 140/196] loss: 0.836276, recon_loss: 0.832500, kl_loss: 0.003776 ----
---- [Epoch 311/500, Step 44/196] loss: 0.837372, recon_loss: 0.833571, kl_loss: 0.003801 ----
---- [Epoch 311/500, Step 144/196] loss: 0.828240, recon_loss: 0.824504, kl_loss: 0.003736 ----
---- [Epoch 312/500, Step 48/196] loss: 0.846209, recon_loss: 0.842414, kl_loss: 0.003795 ----
---- [Epoch 312/500, Step 148/196] loss: 0.841042, recon_loss: 0.837305, kl_loss: 0.003737 ----
---- [Epoch 313/500, Step 52/196] loss: 0.840766, recon_loss: 0.837021, kl_loss: 0.003744 ----
---- [Epoch 313/500, Step 152/196] loss: 0.829406, recon_loss: 0.825617, kl_loss: 0.003789 ----
---- [Epoch 314/500, Step 56/196] loss: 0.846316, recon_loss: 0.842548, kl_loss: 0.003767 ----
---- [Epoch 314/500, Step 156/196] loss: 0.825044, recon_loss: 0.821273, kl_loss: 0.003771 ----
---- [Epoch 315/500, Step 60/196] loss: 0.866477, recon_loss: 0.862712, kl_loss: 0.003765 ----
---- [Epoch 315/500, Step 160/196] loss: 0.839633, recon_loss: 0.835861, kl_loss: 0.003771 ----
---- [Epoch 316/500, Step 64/196] loss: 0.842343, recon_loss: 0.838593, kl_loss: 0.003750 ----
---- [Epoch 316/500, Step 164/196] loss: 0.836284, recon_loss: 0.832492, kl_loss: 0.003792 ----
---- [Epoch 317/500, Step 68/196] loss: 0.839982, recon_loss: 0.836213, kl_loss: 0.003768 ----
---- [Epoch 317/500, Step 168/196] loss: 0.828634, recon_loss: 0.824871, kl_loss: 0.003763 ----
---- [Epoch 318/500, Step 72/196] loss: 0.832707, recon_loss: 0.828990, kl_loss: 0.003717 ----
---- [Epoch 318/500, Step 172/196] loss: 0.838356, recon_loss: 0.834645, kl_loss: 0.003711 ----
---- [Epoch 319/500, Step 76/196] loss: 0.822418, recon_loss: 0.818706, kl_loss: 0.003712 ----
---- [Epoch 319/500, Step 176/196] loss: 0.833543, recon_loss: 0.829730, kl_loss: 0.003813 ----
---- [Epoch 320/500, Step 80/196] loss: 0.863334, recon_loss: 0.859557, kl_loss: 0.003777 ----
---- [Epoch 320/500, Step 180/196] loss: 0.826390, recon_loss: 0.822632, kl_loss: 0.003758 ----
---- [Epoch 321/500, Step 84/196] loss: 0.845530, recon_loss: 0.841751, kl_loss: 0.003780 ----
---- [Epoch 321/500, Step 184/196] loss: 0.830672, recon_loss: 0.826850, kl_loss: 0.003822 ----
---- [Epoch 322/500, Step 88/196] loss: 0.845155, recon_loss: 0.841402, kl_loss: 0.003754 ----
---- [Epoch 322/500, Step 188/196] loss: 0.851264, recon_loss: 0.847439, kl_loss: 0.003825 ----
---- [Epoch 323/500, Step 92/196] loss: 0.851741, recon_loss: 0.847963, kl_loss: 0.003778 ----
---- [Epoch 323/500, Step 192/196] loss: 0.838756, recon_loss: 0.834931, kl_loss: 0.003825 ----
---- [Epoch 324/500, Step 96/196] loss: 0.844244, recon_loss: 0.840483, kl_loss: 0.003761 ----
---- [Epoch 325/500, Step 0/196] loss: 0.841595, recon_loss: 0.837799, kl_loss: 0.003796 ----
---- [Epoch 325/500, Step 100/196] loss: 0.829459, recon_loss: 0.825685, kl_loss: 0.003774 ----
---- [Epoch 326/500, Step 4/196] loss: 0.829277, recon_loss: 0.825493, kl_loss: 0.003783 ----
---- [Epoch 326/500, Step 104/196] loss: 0.841181, recon_loss: 0.837401, kl_loss: 0.003780 ----
---- [Epoch 327/500, Step 8/196] loss: 0.851375, recon_loss: 0.847594, kl_loss: 0.003781 ----
---- [Epoch 327/500, Step 108/196] loss: 0.843525, recon_loss: 0.839717, kl_loss: 0.003808 ----
---- [Epoch 328/500, Step 12/196] loss: 0.824049, recon_loss: 0.820288, kl_loss: 0.003762 ----
---- [Epoch 328/500, Step 112/196] loss: 0.848421, recon_loss: 0.844625, kl_loss: 0.003796 ----
---- [Epoch 329/500, Step 16/196] loss: 0.833912, recon_loss: 0.830169, kl_loss: 0.003743 ----
---- [Epoch 329/500, Step 116/196] loss: 0.833006, recon_loss: 0.829213, kl_loss: 0.003793 ----
---- [Epoch 330/500, Step 20/196] loss: 0.837129, recon_loss: 0.833370, kl_loss: 0.003759 ----
---- [Epoch 330/500, Step 120/196] loss: 0.834397, recon_loss: 0.830645, kl_loss: 0.003752 ----
---- [Epoch 331/500, Step 24/196] loss: 0.840564, recon_loss: 0.836822, kl_loss: 0.003742 ----
---- [Epoch 331/500, Step 124/196] loss: 0.846744, recon_loss: 0.842998, kl_loss: 0.003746 ----
---- [Epoch 332/500, Step 28/196] loss: 0.836697, recon_loss: 0.832954, kl_loss: 0.003743 ----
---- [Epoch 332/500, Step 128/196] loss: 0.829210, recon_loss: 0.825430, kl_loss: 0.003779 ----
---- [Epoch 333/500, Step 32/196] loss: 0.831074, recon_loss: 0.827309, kl_loss: 0.003766 ----
---- [Epoch 333/500, Step 132/196] loss: 0.838968, recon_loss: 0.835249, kl_loss: 0.003719 ----
---- [Epoch 334/500, Step 36/196] loss: 0.857617, recon_loss: 0.853862, kl_loss: 0.003755 ----
---- [Epoch 334/500, Step 136/196] loss: 0.832916, recon_loss: 0.829189, kl_loss: 0.003728 ----
---- [Epoch 335/500, Step 40/196] loss: 0.845237, recon_loss: 0.841434, kl_loss: 0.003802 ----
---- [Epoch 335/500, Step 140/196] loss: 0.849254, recon_loss: 0.845469, kl_loss: 0.003785 ----
---- [Epoch 336/500, Step 44/196] loss: 0.833820, recon_loss: 0.830049, kl_loss: 0.003770 ----
---- [Epoch 336/500, Step 144/196] loss: 0.839224, recon_loss: 0.835459, kl_loss: 0.003765 ----
---- [Epoch 337/500, Step 48/196] loss: 0.840588, recon_loss: 0.836853, kl_loss: 0.003735 ----
---- [Epoch 337/500, Step 148/196] loss: 0.836327, recon_loss: 0.832521, kl_loss: 0.003806 ----
---- [Epoch 338/500, Step 52/196] loss: 0.836993, recon_loss: 0.833234, kl_loss: 0.003759 ----
---- [Epoch 338/500, Step 152/196] loss: 0.831232, recon_loss: 0.827440, kl_loss: 0.003792 ----
---- [Epoch 339/500, Step 56/196] loss: 0.843468, recon_loss: 0.839728, kl_loss: 0.003740 ----
---- [Epoch 339/500, Step 156/196] loss: 0.835547, recon_loss: 0.831818, kl_loss: 0.003729 ----
---- [Epoch 340/500, Step 60/196] loss: 0.836964, recon_loss: 0.833162, kl_loss: 0.003802 ----
---- [Epoch 340/500, Step 160/196] loss: 0.835979, recon_loss: 0.832261, kl_loss: 0.003717 ----
---- [Epoch 341/500, Step 64/196] loss: 0.822993, recon_loss: 0.819196, kl_loss: 0.003797 ----
---- [Epoch 341/500, Step 164/196] loss: 0.839048, recon_loss: 0.835261, kl_loss: 0.003787 ----
---- [Epoch 342/500, Step 68/196] loss: 0.832042, recon_loss: 0.828323, kl_loss: 0.003719 ----
---- [Epoch 342/500, Step 168/196] loss: 0.842673, recon_loss: 0.838938, kl_loss: 0.003735 ----
---- [Epoch 343/500, Step 72/196] loss: 0.832731, recon_loss: 0.828954, kl_loss: 0.003777 ----
---- [Epoch 343/500, Step 172/196] loss: 0.838482, recon_loss: 0.834680, kl_loss: 0.003801 ----
---- [Epoch 344/500, Step 76/196] loss: 0.852975, recon_loss: 0.849229, kl_loss: 0.003746 ----
---- [Epoch 344/500, Step 176/196] loss: 0.830273, recon_loss: 0.826551, kl_loss: 0.003722 ----
---- [Epoch 345/500, Step 80/196] loss: 0.833499, recon_loss: 0.829738, kl_loss: 0.003761 ----
---- [Epoch 345/500, Step 180/196] loss: 0.847174, recon_loss: 0.843419, kl_loss: 0.003755 ----
---- [Epoch 346/500, Step 84/196] loss: 0.825718, recon_loss: 0.821971, kl_loss: 0.003746 ----
---- [Epoch 346/500, Step 184/196] loss: 0.832336, recon_loss: 0.828560, kl_loss: 0.003776 ----
---- [Epoch 347/500, Step 88/196] loss: 0.816643, recon_loss: 0.812816, kl_loss: 0.003827 ----
---- [Epoch 347/500, Step 188/196] loss: 0.822695, recon_loss: 0.818940, kl_loss: 0.003756 ----
---- [Epoch 348/500, Step 92/196] loss: 0.831140, recon_loss: 0.827372, kl_loss: 0.003768 ----
---- [Epoch 348/500, Step 192/196] loss: 0.829128, recon_loss: 0.825342, kl_loss: 0.003787 ----
---- [Epoch 349/500, Step 96/196] loss: 0.847076, recon_loss: 0.843297, kl_loss: 0.003779 ----
---- [Epoch 350/500, Step 0/196] loss: 0.834621, recon_loss: 0.830878, kl_loss: 0.003743 ----
---- [Epoch 350/500, Step 100/196] loss: 0.844426, recon_loss: 0.840644, kl_loss: 0.003782 ----
---- [Epoch 351/500, Step 4/196] loss: 0.852246, recon_loss: 0.848502, kl_loss: 0.003743 ----
---- [Epoch 351/500, Step 104/196] loss: 0.842999, recon_loss: 0.839239, kl_loss: 0.003760 ----
---- [Epoch 352/500, Step 8/196] loss: 0.824617, recon_loss: 0.820855, kl_loss: 0.003762 ----
---- [Epoch 352/500, Step 108/196] loss: 0.836955, recon_loss: 0.833175, kl_loss: 0.003780 ----
---- [Epoch 353/500, Step 12/196] loss: 0.825230, recon_loss: 0.821532, kl_loss: 0.003698 ----
---- [Epoch 353/500, Step 112/196] loss: 0.834371, recon_loss: 0.830583, kl_loss: 0.003788 ----
---- [Epoch 354/500, Step 16/196] loss: 0.838759, recon_loss: 0.835041, kl_loss: 0.003718 ----
---- [Epoch 354/500, Step 116/196] loss: 0.842444, recon_loss: 0.838639, kl_loss: 0.003805 ----
---- [Epoch 355/500, Step 20/196] loss: 0.841987, recon_loss: 0.838232, kl_loss: 0.003755 ----
---- [Epoch 355/500, Step 120/196] loss: 0.832300, recon_loss: 0.828504, kl_loss: 0.003796 ----
---- [Epoch 356/500, Step 24/196] loss: 0.828194, recon_loss: 0.824393, kl_loss: 0.003801 ----
---- [Epoch 356/500, Step 124/196] loss: 0.825116, recon_loss: 0.821319, kl_loss: 0.003797 ----
---- [Epoch 357/500, Step 28/196] loss: 0.838574, recon_loss: 0.834793, kl_loss: 0.003781 ----
---- [Epoch 357/500, Step 128/196] loss: 0.828455, recon_loss: 0.824667, kl_loss: 0.003787 ----
---- [Epoch 358/500, Step 32/196] loss: 0.828760, recon_loss: 0.825003, kl_loss: 0.003757 ----
---- [Epoch 358/500, Step 132/196] loss: 0.831797, recon_loss: 0.828021, kl_loss: 0.003777 ----
---- [Epoch 359/500, Step 36/196] loss: 0.836180, recon_loss: 0.832408, kl_loss: 0.003771 ----
---- [Epoch 359/500, Step 136/196] loss: 0.834448, recon_loss: 0.830682, kl_loss: 0.003765 ----
---- [Epoch 360/500, Step 40/196] loss: 0.839815, recon_loss: 0.836079, kl_loss: 0.003735 ----
---- [Epoch 360/500, Step 140/196] loss: 0.849293, recon_loss: 0.845475, kl_loss: 0.003818 ----
---- [Epoch 361/500, Step 44/196] loss: 0.840271, recon_loss: 0.836473, kl_loss: 0.003798 ----
---- [Epoch 361/500, Step 144/196] loss: 0.843061, recon_loss: 0.839243, kl_loss: 0.003818 ----
---- [Epoch 362/500, Step 48/196] loss: 0.842315, recon_loss: 0.838523, kl_loss: 0.003793 ----
---- [Epoch 362/500, Step 148/196] loss: 0.843180, recon_loss: 0.839471, kl_loss: 0.003710 ----
---- [Epoch 363/500, Step 52/196] loss: 0.844143, recon_loss: 0.840419, kl_loss: 0.003724 ----
---- [Epoch 363/500, Step 152/196] loss: 0.842014, recon_loss: 0.838233, kl_loss: 0.003781 ----
---- [Epoch 364/500, Step 56/196] loss: 0.831657, recon_loss: 0.827898, kl_loss: 0.003758 ----
---- [Epoch 364/500, Step 156/196] loss: 0.820175, recon_loss: 0.816385, kl_loss: 0.003790 ----
---- [Epoch 365/500, Step 60/196] loss: 0.832580, recon_loss: 0.828799, kl_loss: 0.003781 ----
---- [Epoch 365/500, Step 160/196] loss: 0.827997, recon_loss: 0.824222, kl_loss: 0.003775 ----
---- [Epoch 366/500, Step 64/196] loss: 0.835381, recon_loss: 0.831571, kl_loss: 0.003810 ----
---- [Epoch 366/500, Step 164/196] loss: 0.842581, recon_loss: 0.838805, kl_loss: 0.003776 ----
---- [Epoch 367/500, Step 68/196] loss: 0.822796, recon_loss: 0.819066, kl_loss: 0.003731 ----
---- [Epoch 367/500, Step 168/196] loss: 0.836493, recon_loss: 0.832719, kl_loss: 0.003774 ----
---- [Epoch 368/500, Step 72/196] loss: 0.840617, recon_loss: 0.836799, kl_loss: 0.003818 ----
---- [Epoch 368/500, Step 172/196] loss: 0.833552, recon_loss: 0.829817, kl_loss: 0.003735 ----
---- [Epoch 369/500, Step 76/196] loss: 0.837242, recon_loss: 0.833413, kl_loss: 0.003829 ----
---- [Epoch 369/500, Step 176/196] loss: 0.840469, recon_loss: 0.836705, kl_loss: 0.003764 ----
---- [Epoch 370/500, Step 80/196] loss: 0.835536, recon_loss: 0.831828, kl_loss: 0.003708 ----
---- [Epoch 370/500, Step 180/196] loss: 0.826323, recon_loss: 0.822549, kl_loss: 0.003774 ----
---- [Epoch 371/500, Step 84/196] loss: 0.836594, recon_loss: 0.832832, kl_loss: 0.003761 ----
---- [Epoch 371/500, Step 184/196] loss: 0.836142, recon_loss: 0.832361, kl_loss: 0.003781 ----
---- [Epoch 372/500, Step 88/196] loss: 0.842203, recon_loss: 0.838437, kl_loss: 0.003766 ----
---- [Epoch 372/500, Step 188/196] loss: 0.841775, recon_loss: 0.837986, kl_loss: 0.003790 ----
---- [Epoch 373/500, Step 92/196] loss: 0.848036, recon_loss: 0.844267, kl_loss: 0.003769 ----
---- [Epoch 373/500, Step 192/196] loss: 0.835589, recon_loss: 0.831866, kl_loss: 0.003723 ----
---- [Epoch 374/500, Step 96/196] loss: 0.820889, recon_loss: 0.817113, kl_loss: 0.003776 ----
---- [Epoch 375/500, Step 0/196] loss: 0.821047, recon_loss: 0.817278, kl_loss: 0.003769 ----
---- [Epoch 375/500, Step 100/196] loss: 0.843503, recon_loss: 0.839755, kl_loss: 0.003748 ----
---- [Epoch 376/500, Step 4/196] loss: 0.839700, recon_loss: 0.835938, kl_loss: 0.003762 ----
---- [Epoch 376/500, Step 104/196] loss: 0.827846, recon_loss: 0.824036, kl_loss: 0.003810 ----
---- [Epoch 377/500, Step 8/196] loss: 0.840817, recon_loss: 0.837027, kl_loss: 0.003790 ----
---- [Epoch 377/500, Step 108/196] loss: 0.842183, recon_loss: 0.838419, kl_loss: 0.003764 ----
---- [Epoch 378/500, Step 12/196] loss: 0.834555, recon_loss: 0.830815, kl_loss: 0.003741 ----
---- [Epoch 378/500, Step 112/196] loss: 0.843416, recon_loss: 0.839641, kl_loss: 0.003775 ----
---- [Epoch 379/500, Step 16/196] loss: 0.843083, recon_loss: 0.839323, kl_loss: 0.003759 ----
---- [Epoch 379/500, Step 116/196] loss: 0.839730, recon_loss: 0.835992, kl_loss: 0.003738 ----
---- [Epoch 380/500, Step 20/196] loss: 0.834822, recon_loss: 0.831073, kl_loss: 0.003749 ----
---- [Epoch 380/500, Step 120/196] loss: 0.843694, recon_loss: 0.839893, kl_loss: 0.003801 ----
---- [Epoch 381/500, Step 24/196] loss: 0.835462, recon_loss: 0.831663, kl_loss: 0.003799 ----
---- [Epoch 381/500, Step 124/196] loss: 0.844960, recon_loss: 0.841215, kl_loss: 0.003745 ----
---- [Epoch 382/500, Step 28/196] loss: 0.822170, recon_loss: 0.818364, kl_loss: 0.003805 ----
---- [Epoch 382/500, Step 128/196] loss: 0.842289, recon_loss: 0.838534, kl_loss: 0.003755 ----
---- [Epoch 383/500, Step 32/196] loss: 0.842018, recon_loss: 0.838244, kl_loss: 0.003774 ----
---- [Epoch 383/500, Step 132/196] loss: 0.844794, recon_loss: 0.841026, kl_loss: 0.003768 ----
---- [Epoch 384/500, Step 36/196] loss: 0.837123, recon_loss: 0.833334, kl_loss: 0.003789 ----
---- [Epoch 384/500, Step 136/196] loss: 0.816477, recon_loss: 0.812759, kl_loss: 0.003718 ----
---- [Epoch 385/500, Step 40/196] loss: 0.822952, recon_loss: 0.819178, kl_loss: 0.003775 ----
---- [Epoch 385/500, Step 140/196] loss: 0.844545, recon_loss: 0.840811, kl_loss: 0.003734 ----
---- [Epoch 386/500, Step 44/196] loss: 0.848447, recon_loss: 0.844655, kl_loss: 0.003792 ----
---- [Epoch 386/500, Step 144/196] loss: 0.833696, recon_loss: 0.829932, kl_loss: 0.003764 ----
---- [Epoch 387/500, Step 48/196] loss: 0.836302, recon_loss: 0.832496, kl_loss: 0.003806 ----
---- [Epoch 387/500, Step 148/196] loss: 0.844243, recon_loss: 0.840442, kl_loss: 0.003800 ----
---- [Epoch 388/500, Step 52/196] loss: 0.822684, recon_loss: 0.818892, kl_loss: 0.003792 ----
---- [Epoch 388/500, Step 152/196] loss: 0.833119, recon_loss: 0.829349, kl_loss: 0.003770 ----
---- [Epoch 389/500, Step 56/196] loss: 0.833147, recon_loss: 0.829409, kl_loss: 0.003737 ----
---- [Epoch 389/500, Step 156/196] loss: 0.829753, recon_loss: 0.825984, kl_loss: 0.003769 ----
---- [Epoch 390/500, Step 60/196] loss: 0.828326, recon_loss: 0.824513, kl_loss: 0.003813 ----
---- [Epoch 390/500, Step 160/196] loss: 0.837961, recon_loss: 0.834213, kl_loss: 0.003748 ----
---- [Epoch 391/500, Step 64/196] loss: 0.834339, recon_loss: 0.830556, kl_loss: 0.003783 ----
---- [Epoch 391/500, Step 164/196] loss: 0.847585, recon_loss: 0.843818, kl_loss: 0.003767 ----
---- [Epoch 392/500, Step 68/196] loss: 0.821960, recon_loss: 0.818160, kl_loss: 0.003800 ----
---- [Epoch 392/500, Step 168/196] loss: 0.851024, recon_loss: 0.847258, kl_loss: 0.003767 ----
---- [Epoch 393/500, Step 72/196] loss: 0.827521, recon_loss: 0.823710, kl_loss: 0.003811 ----
---- [Epoch 393/500, Step 172/196] loss: 0.846436, recon_loss: 0.842625, kl_loss: 0.003811 ----
---- [Epoch 394/500, Step 76/196] loss: 0.838066, recon_loss: 0.834266, kl_loss: 0.003800 ----
---- [Epoch 394/500, Step 176/196] loss: 0.836949, recon_loss: 0.833163, kl_loss: 0.003786 ----
---- [Epoch 395/500, Step 80/196] loss: 0.825734, recon_loss: 0.821956, kl_loss: 0.003778 ----
---- [Epoch 395/500, Step 180/196] loss: 0.836746, recon_loss: 0.832956, kl_loss: 0.003790 ----
---- [Epoch 396/500, Step 84/196] loss: 0.819021, recon_loss: 0.815253, kl_loss: 0.003768 ----
---- [Epoch 396/500, Step 184/196] loss: 0.830122, recon_loss: 0.826327, kl_loss: 0.003796 ----
---- [Epoch 397/500, Step 88/196] loss: 0.835789, recon_loss: 0.831959, kl_loss: 0.003829 ----
---- [Epoch 397/500, Step 188/196] loss: 0.832532, recon_loss: 0.828699, kl_loss: 0.003833 ----
---- [Epoch 398/500, Step 92/196] loss: 0.838840, recon_loss: 0.835107, kl_loss: 0.003733 ----
---- [Epoch 398/500, Step 192/196] loss: 0.826518, recon_loss: 0.822755, kl_loss: 0.003763 ----
---- [Epoch 399/500, Step 96/196] loss: 0.833829, recon_loss: 0.830047, kl_loss: 0.003782 ----
---- [Epoch 400/500, Step 0/196] loss: 0.839125, recon_loss: 0.835343, kl_loss: 0.003782 ----
---- [Epoch 400/500, Step 100/196] loss: 0.838633, recon_loss: 0.834811, kl_loss: 0.003822 ----
---- [Epoch 401/500, Step 4/196] loss: 0.834098, recon_loss: 0.830261, kl_loss: 0.003837 ----
---- [Epoch 401/500, Step 104/196] loss: 0.824285, recon_loss: 0.820493, kl_loss: 0.003792 ----
---- [Epoch 402/500, Step 8/196] loss: 0.838472, recon_loss: 0.834596, kl_loss: 0.003877 ----
---- [Epoch 402/500, Step 108/196] loss: 0.856396, recon_loss: 0.852605, kl_loss: 0.003791 ----
---- [Epoch 403/500, Step 12/196] loss: 0.843047, recon_loss: 0.839190, kl_loss: 0.003857 ----
---- [Epoch 403/500, Step 112/196] loss: 0.832607, recon_loss: 0.828750, kl_loss: 0.003857 ----
---- [Epoch 404/500, Step 16/196] loss: 0.839014, recon_loss: 0.835150, kl_loss: 0.003864 ----
---- [Epoch 404/500, Step 116/196] loss: 0.839898, recon_loss: 0.836050, kl_loss: 0.003849 ----
---- [Epoch 405/500, Step 20/196] loss: 0.841469, recon_loss: 0.837582, kl_loss: 0.003887 ----
---- [Epoch 405/500, Step 120/196] loss: 0.842524, recon_loss: 0.838656, kl_loss: 0.003867 ----
---- [Epoch 406/500, Step 24/196] loss: 0.842073, recon_loss: 0.838194, kl_loss: 0.003878 ----
---- [Epoch 406/500, Step 124/196] loss: 0.841128, recon_loss: 0.837268, kl_loss: 0.003860 ----
---- [Epoch 407/500, Step 28/196] loss: 0.852804, recon_loss: 0.848966, kl_loss: 0.003838 ----
---- [Epoch 407/500, Step 128/196] loss: 0.842132, recon_loss: 0.838256, kl_loss: 0.003876 ----
---- [Epoch 408/500, Step 32/196] loss: 0.824666, recon_loss: 0.820818, kl_loss: 0.003848 ----
---- [Epoch 408/500, Step 132/196] loss: 0.860544, recon_loss: 0.856676, kl_loss: 0.003868 ----
---- [Epoch 409/500, Step 36/196] loss: 0.825741, recon_loss: 0.821844, kl_loss: 0.003897 ----
---- [Epoch 409/500, Step 136/196] loss: 0.838628, recon_loss: 0.834771, kl_loss: 0.003857 ----
---- [Epoch 410/500, Step 40/196] loss: 0.832118, recon_loss: 0.828247, kl_loss: 0.003871 ----
---- [Epoch 410/500, Step 140/196] loss: 0.837806, recon_loss: 0.833941, kl_loss: 0.003865 ----
---- [Epoch 411/500, Step 44/196] loss: 0.826186, recon_loss: 0.822304, kl_loss: 0.003882 ----
---- [Epoch 411/500, Step 144/196] loss: 0.827874, recon_loss: 0.823884, kl_loss: 0.003990 ----
---- [Epoch 412/500, Step 48/196] loss: 0.836953, recon_loss: 0.833019, kl_loss: 0.003934 ----
---- [Epoch 412/500, Step 148/196] loss: 0.838790, recon_loss: 0.834865, kl_loss: 0.003925 ----
---- [Epoch 413/500, Step 52/196] loss: 0.831424, recon_loss: 0.827475, kl_loss: 0.003949 ----
---- [Epoch 413/500, Step 152/196] loss: 0.844317, recon_loss: 0.840359, kl_loss: 0.003958 ----
---- [Epoch 414/500, Step 56/196] loss: 0.822975, recon_loss: 0.818959, kl_loss: 0.004016 ----
---- [Epoch 414/500, Step 156/196] loss: 0.832096, recon_loss: 0.828116, kl_loss: 0.003979 ----
---- [Epoch 415/500, Step 60/196] loss: 0.837213, recon_loss: 0.833229, kl_loss: 0.003984 ----
---- [Epoch 415/500, Step 160/196] loss: 0.830975, recon_loss: 0.827003, kl_loss: 0.003972 ----
---- [Epoch 416/500, Step 64/196] loss: 0.843106, recon_loss: 0.839109, kl_loss: 0.003997 ----
---- [Epoch 416/500, Step 164/196] loss: 0.836180, recon_loss: 0.832196, kl_loss: 0.003983 ----
---- [Epoch 417/500, Step 68/196] loss: 0.834227, recon_loss: 0.830237, kl_loss: 0.003990 ----
---- [Epoch 417/500, Step 168/196] loss: 0.842197, recon_loss: 0.838191, kl_loss: 0.004007 ----
---- [Epoch 418/500, Step 72/196] loss: 0.828988, recon_loss: 0.824987, kl_loss: 0.004002 ----
---- [Epoch 418/500, Step 172/196] loss: 0.830592, recon_loss: 0.826604, kl_loss: 0.003987 ----
---- [Epoch 419/500, Step 76/196] loss: 0.825266, recon_loss: 0.821201, kl_loss: 0.004065 ----
---- [Epoch 419/500, Step 176/196] loss: 0.827836, recon_loss: 0.823797, kl_loss: 0.004039 ----
---- [Epoch 420/500, Step 80/196] loss: 0.828999, recon_loss: 0.824976, kl_loss: 0.004023 ----
---- [Epoch 420/500, Step 180/196] loss: 0.838780, recon_loss: 0.834835, kl_loss: 0.003944 ----
---- [Epoch 421/500, Step 84/196] loss: 0.834736, recon_loss: 0.830735, kl_loss: 0.004001 ----
---- [Epoch 421/500, Step 184/196] loss: 0.847710, recon_loss: 0.843706, kl_loss: 0.004004 ----
---- [Epoch 422/500, Step 88/196] loss: 0.822442, recon_loss: 0.818463, kl_loss: 0.003979 ----
---- [Epoch 422/500, Step 188/196] loss: 0.820628, recon_loss: 0.816592, kl_loss: 0.004035 ----
---- [Epoch 423/500, Step 92/196] loss: 0.839866, recon_loss: 0.835864, kl_loss: 0.004001 ----
---- [Epoch 423/500, Step 192/196] loss: 0.841352, recon_loss: 0.837334, kl_loss: 0.004018 ----
---- [Epoch 424/500, Step 96/196] loss: 0.847345, recon_loss: 0.843345, kl_loss: 0.004000 ----
---- [Epoch 425/500, Step 0/196] loss: 0.831499, recon_loss: 0.827505, kl_loss: 0.003994 ----
---- [Epoch 425/500, Step 100/196] loss: 0.816697, recon_loss: 0.812763, kl_loss: 0.003934 ----
---- [Epoch 426/500, Step 4/196] loss: 0.845894, recon_loss: 0.841834, kl_loss: 0.004060 ----
---- [Epoch 426/500, Step 104/196] loss: 0.848675, recon_loss: 0.844692, kl_loss: 0.003982 ----
---- [Epoch 427/500, Step 8/196] loss: 0.837391, recon_loss: 0.833360, kl_loss: 0.004031 ----
---- [Epoch 427/500, Step 108/196] loss: 0.841382, recon_loss: 0.837365, kl_loss: 0.004017 ----
---- [Epoch 428/500, Step 12/196] loss: 0.842260, recon_loss: 0.838229, kl_loss: 0.004032 ----
---- [Epoch 428/500, Step 112/196] loss: 0.829193, recon_loss: 0.825186, kl_loss: 0.004007 ----
---- [Epoch 429/500, Step 16/196] loss: 0.827640, recon_loss: 0.823632, kl_loss: 0.004008 ----
---- [Epoch 429/500, Step 116/196] loss: 0.844392, recon_loss: 0.840380, kl_loss: 0.004012 ----
---- [Epoch 430/500, Step 20/196] loss: 0.833921, recon_loss: 0.829945, kl_loss: 0.003976 ----
---- [Epoch 430/500, Step 120/196] loss: 0.834495, recon_loss: 0.830510, kl_loss: 0.003985 ----
---- [Epoch 431/500, Step 24/196] loss: 0.839193, recon_loss: 0.835224, kl_loss: 0.003969 ----
---- [Epoch 431/500, Step 124/196] loss: 0.844766, recon_loss: 0.840764, kl_loss: 0.004002 ----
---- [Epoch 432/500, Step 28/196] loss: 0.843829, recon_loss: 0.839836, kl_loss: 0.003993 ----
---- [Epoch 432/500, Step 128/196] loss: 0.829891, recon_loss: 0.825890, kl_loss: 0.004001 ----
---- [Epoch 433/500, Step 32/196] loss: 0.840225, recon_loss: 0.836215, kl_loss: 0.004010 ----
---- [Epoch 433/500, Step 132/196] loss: 0.833819, recon_loss: 0.829781, kl_loss: 0.004038 ----
---- [Epoch 434/500, Step 36/196] loss: 0.827398, recon_loss: 0.823357, kl_loss: 0.004042 ----
---- [Epoch 434/500, Step 136/196] loss: 0.841691, recon_loss: 0.837746, kl_loss: 0.003945 ----
---- [Epoch 435/500, Step 40/196] loss: 0.819866, recon_loss: 0.815880, kl_loss: 0.003986 ----
---- [Epoch 435/500, Step 140/196] loss: 0.836089, recon_loss: 0.832113, kl_loss: 0.003976 ----
---- [Epoch 436/500, Step 44/196] loss: 0.817948, recon_loss: 0.813986, kl_loss: 0.003962 ----
---- [Epoch 436/500, Step 144/196] loss: 0.844190, recon_loss: 0.840242, kl_loss: 0.003949 ----
---- [Epoch 437/500, Step 48/196] loss: 0.841886, recon_loss: 0.837893, kl_loss: 0.003992 ----
---- [Epoch 437/500, Step 148/196] loss: 0.837215, recon_loss: 0.833162, kl_loss: 0.004053 ----
---- [Epoch 438/500, Step 52/196] loss: 0.840622, recon_loss: 0.836658, kl_loss: 0.003964 ----
---- [Epoch 438/500, Step 152/196] loss: 0.841715, recon_loss: 0.837719, kl_loss: 0.003996 ----
---- [Epoch 439/500, Step 56/196] loss: 0.828755, recon_loss: 0.824733, kl_loss: 0.004022 ----
---- [Epoch 439/500, Step 156/196] loss: 0.831810, recon_loss: 0.827797, kl_loss: 0.004013 ----
---- [Epoch 440/500, Step 60/196] loss: 0.842592, recon_loss: 0.838650, kl_loss: 0.003942 ----
---- [Epoch 440/500, Step 160/196] loss: 0.839759, recon_loss: 0.835759, kl_loss: 0.003999 ----
---- [Epoch 441/500, Step 64/196] loss: 0.837582, recon_loss: 0.833607, kl_loss: 0.003975 ----
---- [Epoch 441/500, Step 164/196] loss: 0.849293, recon_loss: 0.845319, kl_loss: 0.003974 ----
---- [Epoch 442/500, Step 68/196] loss: 0.837577, recon_loss: 0.833582, kl_loss: 0.003995 ----
---- [Epoch 442/500, Step 168/196] loss: 0.830109, recon_loss: 0.826161, kl_loss: 0.003948 ----
---- [Epoch 443/500, Step 72/196] loss: 0.827865, recon_loss: 0.823878, kl_loss: 0.003987 ----
---- [Epoch 443/500, Step 172/196] loss: 0.847334, recon_loss: 0.843357, kl_loss: 0.003977 ----
---- [Epoch 444/500, Step 76/196] loss: 0.839880, recon_loss: 0.835929, kl_loss: 0.003951 ----
---- [Epoch 444/500, Step 176/196] loss: 0.833708, recon_loss: 0.829714, kl_loss: 0.003994 ----
---- [Epoch 445/500, Step 80/196] loss: 0.840009, recon_loss: 0.835952, kl_loss: 0.004057 ----
---- [Epoch 445/500, Step 180/196] loss: 0.843641, recon_loss: 0.839666, kl_loss: 0.003975 ----
---- [Epoch 446/500, Step 84/196] loss: 0.844004, recon_loss: 0.840022, kl_loss: 0.003982 ----
---- [Epoch 446/500, Step 184/196] loss: 0.836866, recon_loss: 0.832818, kl_loss: 0.004048 ----
---- [Epoch 447/500, Step 88/196] loss: 0.838674, recon_loss: 0.834725, kl_loss: 0.003949 ----
---- [Epoch 447/500, Step 188/196] loss: 0.834728, recon_loss: 0.830749, kl_loss: 0.003979 ----
---- [Epoch 448/500, Step 92/196] loss: 0.831456, recon_loss: 0.827480, kl_loss: 0.003976 ----
---- [Epoch 448/500, Step 192/196] loss: 0.829207, recon_loss: 0.825188, kl_loss: 0.004018 ----
---- [Epoch 449/500, Step 96/196] loss: 0.840002, recon_loss: 0.836060, kl_loss: 0.003942 ----
---- [Epoch 450/500, Step 0/196] loss: 0.830128, recon_loss: 0.826141, kl_loss: 0.003987 ----
---- [Epoch 450/500, Step 100/196] loss: 0.830536, recon_loss: 0.826528, kl_loss: 0.004008 ----
---- [Epoch 451/500, Step 4/196] loss: 0.817246, recon_loss: 0.813243, kl_loss: 0.004003 ----
---- [Epoch 451/500, Step 104/196] loss: 0.844907, recon_loss: 0.840951, kl_loss: 0.003956 ----
---- [Epoch 452/500, Step 8/196] loss: 0.839653, recon_loss: 0.835717, kl_loss: 0.003936 ----
---- [Epoch 452/500, Step 108/196] loss: 0.826912, recon_loss: 0.822797, kl_loss: 0.004114 ----
---- [Epoch 453/500, Step 12/196] loss: 0.851511, recon_loss: 0.847513, kl_loss: 0.003998 ----
---- [Epoch 453/500, Step 112/196] loss: 0.850255, recon_loss: 0.846208, kl_loss: 0.004048 ----
---- [Epoch 454/500, Step 16/196] loss: 0.835358, recon_loss: 0.831369, kl_loss: 0.003989 ----
---- [Epoch 454/500, Step 116/196] loss: 0.830849, recon_loss: 0.826872, kl_loss: 0.003977 ----
---- [Epoch 455/500, Step 20/196] loss: 0.842244, recon_loss: 0.838276, kl_loss: 0.003967 ----
---- [Epoch 455/500, Step 120/196] loss: 0.825807, recon_loss: 0.821769, kl_loss: 0.004039 ----
---- [Epoch 456/500, Step 24/196] loss: 0.831093, recon_loss: 0.827158, kl_loss: 0.003935 ----
---- [Epoch 456/500, Step 124/196] loss: 0.843681, recon_loss: 0.839709, kl_loss: 0.003972 ----
---- [Epoch 457/500, Step 28/196] loss: 0.824439, recon_loss: 0.820524, kl_loss: 0.003915 ----
---- [Epoch 457/500, Step 128/196] loss: 0.849071, recon_loss: 0.845039, kl_loss: 0.004032 ----
---- [Epoch 458/500, Step 32/196] loss: 0.827360, recon_loss: 0.823362, kl_loss: 0.003997 ----
---- [Epoch 458/500, Step 132/196] loss: 0.845040, recon_loss: 0.841107, kl_loss: 0.003933 ----
---- [Epoch 459/500, Step 36/196] loss: 0.833050, recon_loss: 0.829074, kl_loss: 0.003976 ----
---- [Epoch 459/500, Step 136/196] loss: 0.831662, recon_loss: 0.827650, kl_loss: 0.004011 ----
---- [Epoch 460/500, Step 40/196] loss: 0.832885, recon_loss: 0.828900, kl_loss: 0.003985 ----
---- [Epoch 460/500, Step 140/196] loss: 0.823829, recon_loss: 0.819830, kl_loss: 0.003999 ----
---- [Epoch 461/500, Step 44/196] loss: 0.830290, recon_loss: 0.826350, kl_loss: 0.003941 ----
---- [Epoch 461/500, Step 144/196] loss: 0.828451, recon_loss: 0.824460, kl_loss: 0.003991 ----
---- [Epoch 462/500, Step 48/196] loss: 0.843514, recon_loss: 0.839549, kl_loss: 0.003965 ----
---- [Epoch 462/500, Step 148/196] loss: 0.831342, recon_loss: 0.827373, kl_loss: 0.003969 ----
---- [Epoch 463/500, Step 52/196] loss: 0.850001, recon_loss: 0.846051, kl_loss: 0.003950 ----
---- [Epoch 463/500, Step 152/196] loss: 0.836903, recon_loss: 0.832954, kl_loss: 0.003949 ----
---- [Epoch 464/500, Step 56/196] loss: 0.847751, recon_loss: 0.843752, kl_loss: 0.003999 ----
---- [Epoch 464/500, Step 156/196] loss: 0.840754, recon_loss: 0.836777, kl_loss: 0.003977 ----
---- [Epoch 465/500, Step 60/196] loss: 0.839969, recon_loss: 0.835964, kl_loss: 0.004005 ----
---- [Epoch 465/500, Step 160/196] loss: 0.844788, recon_loss: 0.840820, kl_loss: 0.003968 ----
---- [Epoch 466/500, Step 64/196] loss: 0.843787, recon_loss: 0.839829, kl_loss: 0.003958 ----
---- [Epoch 466/500, Step 164/196] loss: 0.833435, recon_loss: 0.829485, kl_loss: 0.003950 ----
---- [Epoch 467/500, Step 68/196] loss: 0.844134, recon_loss: 0.840162, kl_loss: 0.003973 ----
---- [Epoch 467/500, Step 168/196] loss: 0.841915, recon_loss: 0.837949, kl_loss: 0.003966 ----
---- [Epoch 468/500, Step 72/196] loss: 0.838232, recon_loss: 0.834238, kl_loss: 0.003994 ----
---- [Epoch 468/500, Step 172/196] loss: 0.845247, recon_loss: 0.841251, kl_loss: 0.003996 ----
---- [Epoch 469/500, Step 76/196] loss: 0.830545, recon_loss: 0.826582, kl_loss: 0.003963 ----
---- [Epoch 469/500, Step 176/196] loss: 0.835844, recon_loss: 0.831860, kl_loss: 0.003984 ----
---- [Epoch 470/500, Step 80/196] loss: 0.838819, recon_loss: 0.834829, kl_loss: 0.003990 ----
---- [Epoch 470/500, Step 180/196] loss: 0.839273, recon_loss: 0.835304, kl_loss: 0.003969 ----
---- [Epoch 471/500, Step 84/196] loss: 0.813690, recon_loss: 0.809676, kl_loss: 0.004014 ----
---- [Epoch 471/500, Step 184/196] loss: 0.839597, recon_loss: 0.835652, kl_loss: 0.003946 ----
---- [Epoch 472/500, Step 88/196] loss: 0.830878, recon_loss: 0.826876, kl_loss: 0.004002 ----
---- [Epoch 472/500, Step 188/196] loss: 0.835339, recon_loss: 0.831345, kl_loss: 0.003994 ----
---- [Epoch 473/500, Step 92/196] loss: 0.840265, recon_loss: 0.836295, kl_loss: 0.003970 ----
---- [Epoch 473/500, Step 192/196] loss: 0.838065, recon_loss: 0.834097, kl_loss: 0.003968 ----
---- [Epoch 474/500, Step 96/196] loss: 0.843815, recon_loss: 0.839849, kl_loss: 0.003966 ----
---- [Epoch 475/500, Step 0/196] loss: 0.838897, recon_loss: 0.834903, kl_loss: 0.003994 ----
---- [Epoch 475/500, Step 100/196] loss: 0.837964, recon_loss: 0.834002, kl_loss: 0.003961 ----
---- [Epoch 476/500, Step 4/196] loss: 0.846478, recon_loss: 0.842498, kl_loss: 0.003980 ----
---- [Epoch 476/500, Step 104/196] loss: 0.828665, recon_loss: 0.824659, kl_loss: 0.004006 ----
---- [Epoch 477/500, Step 8/196] loss: 0.845678, recon_loss: 0.841694, kl_loss: 0.003984 ----
---- [Epoch 477/500, Step 108/196] loss: 0.834688, recon_loss: 0.830688, kl_loss: 0.003999 ----
---- [Epoch 478/500, Step 12/196] loss: 0.817431, recon_loss: 0.813444, kl_loss: 0.003987 ----
---- [Epoch 478/500, Step 112/196] loss: 0.836050, recon_loss: 0.832062, kl_loss: 0.003988 ----
---- [Epoch 479/500, Step 16/196] loss: 0.828349, recon_loss: 0.824355, kl_loss: 0.003994 ----
---- [Epoch 479/500, Step 116/196] loss: 0.844994, recon_loss: 0.840988, kl_loss: 0.004006 ----
---- [Epoch 480/500, Step 20/196] loss: 0.827989, recon_loss: 0.824021, kl_loss: 0.003967 ----
---- [Epoch 480/500, Step 120/196] loss: 0.839932, recon_loss: 0.835937, kl_loss: 0.003994 ----
---- [Epoch 481/500, Step 24/196] loss: 0.834130, recon_loss: 0.830153, kl_loss: 0.003977 ----
---- [Epoch 481/500, Step 124/196] loss: 0.822432, recon_loss: 0.818440, kl_loss: 0.003992 ----
---- [Epoch 482/500, Step 28/196] loss: 0.840273, recon_loss: 0.836303, kl_loss: 0.003969 ----
---- [Epoch 482/500, Step 128/196] loss: 0.818785, recon_loss: 0.814783, kl_loss: 0.004002 ----
---- [Epoch 483/500, Step 32/196] loss: 0.834534, recon_loss: 0.830538, kl_loss: 0.003997 ----
---- [Epoch 483/500, Step 132/196] loss: 0.829893, recon_loss: 0.825909, kl_loss: 0.003984 ----
---- [Epoch 484/500, Step 36/196] loss: 0.851210, recon_loss: 0.847267, kl_loss: 0.003943 ----
---- [Epoch 484/500, Step 136/196] loss: 0.831183, recon_loss: 0.827234, kl_loss: 0.003949 ----
---- [Epoch 485/500, Step 40/196] loss: 0.839706, recon_loss: 0.835806, kl_loss: 0.003901 ----
---- [Epoch 485/500, Step 140/196] loss: 0.841562, recon_loss: 0.837581, kl_loss: 0.003981 ----
---- [Epoch 486/500, Step 44/196] loss: 0.836596, recon_loss: 0.832638, kl_loss: 0.003958 ----
---- [Epoch 486/500, Step 144/196] loss: 0.836919, recon_loss: 0.833002, kl_loss: 0.003917 ----
---- [Epoch 487/500, Step 48/196] loss: 0.822834, recon_loss: 0.818837, kl_loss: 0.003997 ----
---- [Epoch 487/500, Step 148/196] loss: 0.826778, recon_loss: 0.822829, kl_loss: 0.003950 ----
---- [Epoch 488/500, Step 52/196] loss: 0.846888, recon_loss: 0.842928, kl_loss: 0.003959 ----
---- [Epoch 488/500, Step 152/196] loss: 0.839921, recon_loss: 0.836000, kl_loss: 0.003922 ----
---- [Epoch 489/500, Step 56/196] loss: 0.839185, recon_loss: 0.835211, kl_loss: 0.003975 ----
---- [Epoch 489/500, Step 156/196] loss: 0.824049, recon_loss: 0.820100, kl_loss: 0.003949 ----
---- [Epoch 490/500, Step 60/196] loss: 0.835145, recon_loss: 0.831215, kl_loss: 0.003930 ----
---- [Epoch 490/500, Step 160/196] loss: 0.844398, recon_loss: 0.840475, kl_loss: 0.003923 ----
---- [Epoch 491/500, Step 64/196] loss: 0.834728, recon_loss: 0.830792, kl_loss: 0.003936 ----
---- [Epoch 491/500, Step 164/196] loss: 0.837396, recon_loss: 0.833426, kl_loss: 0.003970 ----
---- [Epoch 492/500, Step 68/196] loss: 0.826412, recon_loss: 0.822428, kl_loss: 0.003983 ----
---- [Epoch 492/500, Step 168/196] loss: 0.841690, recon_loss: 0.837753, kl_loss: 0.003937 ----
---- [Epoch 493/500, Step 72/196] loss: 0.836348, recon_loss: 0.832344, kl_loss: 0.004004 ----
---- [Epoch 493/500, Step 172/196] loss: 0.839315, recon_loss: 0.835352, kl_loss: 0.003963 ----
---- [Epoch 494/500, Step 76/196] loss: 0.832383, recon_loss: 0.828447, kl_loss: 0.003936 ----
---- [Epoch 494/500, Step 176/196] loss: 0.840608, recon_loss: 0.836641, kl_loss: 0.003967 ----
---- [Epoch 495/500, Step 80/196] loss: 0.839649, recon_loss: 0.835698, kl_loss: 0.003951 ----
---- [Epoch 495/500, Step 180/196] loss: 0.843434, recon_loss: 0.839515, kl_loss: 0.003920 ----
---- [Epoch 496/500, Step 84/196] loss: 0.826798, recon_loss: 0.822782, kl_loss: 0.004016 ----
---- [Epoch 496/500, Step 184/196] loss: 0.835233, recon_loss: 0.831239, kl_loss: 0.003994 ----
---- [Epoch 497/500, Step 88/196] loss: 0.834614, recon_loss: 0.830656, kl_loss: 0.003958 ----
---- [Epoch 497/500, Step 188/196] loss: 0.835263, recon_loss: 0.831340, kl_loss: 0.003924 ----
---- [Epoch 498/500, Step 92/196] loss: 0.839373, recon_loss: 0.835410, kl_loss: 0.003962 ----
---- [Epoch 498/500, Step 192/196] loss: 0.849593, recon_loss: 0.845650, kl_loss: 0.003943 ----
---- [Epoch 499/500, Step 96/196] loss: 0.845283, recon_loss: 0.841352, kl_loss: 0.003932 ----
最终检查点已保存: experiments/nvae_cifar10_2025-10-09_18-28-12/checkpoints/model_final_epoch_499_loss_0.836242.pth
训练完成!
所有文件保存在: experiments/nvae_cifar10_2025-10-09_18-28-12
