2025-10-17 12:43:42,000 - INFO - Starting CNN training script
2025-10-17 12:43:42,000 - INFO - Arguments: {'model': 'mobilenetv2', 'dataset': 'cifar10', 'data_dir': './data', 'batch_size': 256, 'num_workers': 8, 'epochs': 200, 'lr': 0.1, 'lr_schedule': '60:0.1,60:0.02,40:0.004,40:0.0008', 'warm': 1, 'output_dir': './experiments/mobilenetv2_cifar10_20251017_124342'}
2025-10-17 12:43:42,098 - INFO - Using device: cuda
2025-10-17 12:43:42,098 - INFO - Dataset: cifar10, Input channels: 3, Classes: 10
2025-10-17 12:43:44,104 - INFO - Using model: mobilenetv2
2025-10-17 12:43:44,105 - INFO - Learning rate schedule: [(60, 0.1), (60, 0.02), (40, 0.004), (40, 0.0008)]
2025-10-17 12:43:44,114 - INFO - Using TensorBoard for visualization
2025-10-17 12:43:44,114 - INFO - Starting training for 200 epochs
2025-10-17 12:43:44,114 - INFO - Epoch 1/200 (lr=0.1)
2025-10-17 12:43:53,775 - INFO - Train Loss: 1.9262, Train Acc: 28.75%, Val Loss: 1.6068, Val Acc: 43.30%
2025-10-17 12:43:53,827 - INFO - New best model saved with accuracy: 43.30%
2025-10-17 12:43:53,827 - INFO - Epoch 2/200 (lr=0.1)
2025-10-17 12:44:03,004 - INFO - Train Loss: 1.3961, Train Acc: 49.50%, Val Loss: 1.3038, Val Acc: 52.74%
2025-10-17 12:44:03,088 - INFO - New best model saved with accuracy: 52.74%
2025-10-17 12:44:03,088 - INFO - Epoch 3/200 (lr=0.1)
2025-10-17 12:44:12,224 - INFO - Train Loss: 1.1624, Train Acc: 58.32%, Val Loss: 1.2128, Val Acc: 57.08%
2025-10-17 12:44:12,344 - INFO - New best model saved with accuracy: 57.08%
2025-10-17 12:44:12,345 - INFO - Epoch 4/200 (lr=0.1)
2025-10-17 12:44:20,951 - INFO - Train Loss: 1.0522, Train Acc: 62.79%, Val Loss: 0.9911, Val Acc: 65.73%
2025-10-17 12:44:21,064 - INFO - New best model saved with accuracy: 65.73%
2025-10-17 12:44:21,064 - INFO - Epoch 5/200 (lr=0.1)
2025-10-17 12:44:29,563 - INFO - Train Loss: 0.9516, Train Acc: 66.19%, Val Loss: 0.8925, Val Acc: 69.07%
2025-10-17 12:44:29,693 - INFO - New best model saved with accuracy: 69.07%
2025-10-17 12:44:29,694 - INFO - Epoch 6/200 (lr=0.1)
2025-10-17 12:44:39,086 - INFO - Train Loss: 0.8822, Train Acc: 69.04%, Val Loss: 0.9574, Val Acc: 66.63%
2025-10-17 12:44:39,086 - INFO - Epoch 7/200 (lr=0.1)
2025-10-17 12:44:48,370 - INFO - Train Loss: 0.8259, Train Acc: 71.12%, Val Loss: 0.7554, Val Acc: 73.81%
2025-10-17 12:44:48,460 - INFO - New best model saved with accuracy: 73.81%
2025-10-17 12:44:48,460 - INFO - Epoch 8/200 (lr=0.1)
2025-10-17 12:44:57,469 - INFO - Train Loss: 0.7790, Train Acc: 72.93%, Val Loss: 0.7621, Val Acc: 73.64%
2025-10-17 12:44:57,470 - INFO - Epoch 9/200 (lr=0.1)
2025-10-17 12:45:06,391 - INFO - Train Loss: 0.7584, Train Acc: 73.66%, Val Loss: 0.7373, Val Acc: 74.23%
2025-10-17 12:45:06,504 - INFO - New best model saved with accuracy: 74.23%
2025-10-17 12:45:06,504 - INFO - Epoch 10/200 (lr=0.1)
2025-10-17 12:45:15,616 - INFO - Train Loss: 0.7295, Train Acc: 74.79%, Val Loss: 0.8480, Val Acc: 71.88%
2025-10-17 12:45:15,617 - INFO - Epoch 11/200 (lr=0.1)
2025-10-17 12:45:25,017 - INFO - Train Loss: 0.7156, Train Acc: 75.29%, Val Loss: 0.7224, Val Acc: 75.32%
2025-10-17 12:45:25,129 - INFO - New best model saved with accuracy: 75.32%
2025-10-17 12:45:25,130 - INFO - Epoch 12/200 (lr=0.1)
2025-10-17 12:45:34,436 - INFO - Train Loss: 0.6907, Train Acc: 75.79%, Val Loss: 0.6364, Val Acc: 78.02%
2025-10-17 12:45:34,601 - INFO - New best model saved with accuracy: 78.02%
2025-10-17 12:45:34,602 - INFO - Epoch 13/200 (lr=0.1)
2025-10-17 12:45:43,661 - INFO - Train Loss: 0.6763, Train Acc: 76.53%, Val Loss: 0.6797, Val Acc: 76.77%
2025-10-17 12:45:43,661 - INFO - Epoch 14/200 (lr=0.1)
2025-10-17 12:45:52,795 - INFO - Train Loss: 0.6723, Train Acc: 76.72%, Val Loss: 0.6677, Val Acc: 77.03%
2025-10-17 12:45:52,796 - INFO - Epoch 15/200 (lr=0.1)
2025-10-17 12:46:01,803 - INFO - Train Loss: 0.6559, Train Acc: 77.47%, Val Loss: 0.6531, Val Acc: 78.14%
2025-10-17 12:46:01,971 - INFO - New best model saved with accuracy: 78.14%
2025-10-17 12:46:01,971 - INFO - Epoch 16/200 (lr=0.1)
2025-10-17 12:46:11,263 - INFO - Train Loss: 0.6529, Train Acc: 77.63%, Val Loss: 0.7398, Val Acc: 75.40%
2025-10-17 12:46:11,264 - INFO - Epoch 17/200 (lr=0.1)
2025-10-17 12:46:20,603 - INFO - Train Loss: 0.6363, Train Acc: 77.89%, Val Loss: 0.7249, Val Acc: 75.65%
2025-10-17 12:46:20,604 - INFO - Epoch 18/200 (lr=0.1)
2025-10-17 12:46:30,220 - INFO - Train Loss: 0.6458, Train Acc: 77.74%, Val Loss: 0.6947, Val Acc: 77.41%
2025-10-17 12:46:30,220 - INFO - Epoch 19/200 (lr=0.1)
2025-10-17 12:46:38,891 - INFO - Train Loss: 0.6258, Train Acc: 78.63%, Val Loss: 0.7485, Val Acc: 74.91%
2025-10-17 12:46:38,891 - INFO - Epoch 20/200 (lr=0.1)
2025-10-17 12:46:47,631 - INFO - Train Loss: 0.6298, Train Acc: 78.33%, Val Loss: 0.7559, Val Acc: 74.50%
2025-10-17 12:46:47,632 - INFO - Epoch 21/200 (lr=0.1)
2025-10-17 12:46:56,441 - INFO - Train Loss: 0.6265, Train Acc: 78.48%, Val Loss: 0.6297, Val Acc: 78.24%
2025-10-17 12:46:56,548 - INFO - New best model saved with accuracy: 78.24%
2025-10-17 12:46:56,548 - INFO - Epoch 22/200 (lr=0.1)
2025-10-17 12:47:05,514 - INFO - Train Loss: 0.6249, Train Acc: 78.63%, Val Loss: 0.7719, Val Acc: 74.45%
2025-10-17 12:47:05,515 - INFO - Epoch 23/200 (lr=0.1)
2025-10-17 12:47:14,779 - INFO - Train Loss: 0.6207, Train Acc: 78.53%, Val Loss: 0.6700, Val Acc: 77.25%
2025-10-17 12:47:14,779 - INFO - Epoch 24/200 (lr=0.1)
2025-10-17 12:47:23,676 - INFO - Train Loss: 0.6147, Train Acc: 78.85%, Val Loss: 0.7051, Val Acc: 75.30%
2025-10-17 12:47:23,677 - INFO - Epoch 25/200 (lr=0.1)
2025-10-17 12:47:33,078 - INFO - Train Loss: 0.6102, Train Acc: 79.22%, Val Loss: 0.6983, Val Acc: 77.04%
2025-10-17 12:47:33,079 - INFO - Epoch 26/200 (lr=0.1)
2025-10-17 12:47:42,158 - INFO - Train Loss: 0.6035, Train Acc: 79.11%, Val Loss: 0.7424, Val Acc: 74.86%
2025-10-17 12:47:42,158 - INFO - Epoch 27/200 (lr=0.1)
2025-10-17 12:47:51,057 - INFO - Train Loss: 0.6051, Train Acc: 79.16%, Val Loss: 0.7396, Val Acc: 74.42%
2025-10-17 12:47:51,058 - INFO - Epoch 28/200 (lr=0.1)
2025-10-17 12:47:59,858 - INFO - Train Loss: 0.5989, Train Acc: 79.62%, Val Loss: 0.8689, Val Acc: 72.43%
2025-10-17 12:47:59,859 - INFO - Epoch 29/200 (lr=0.1)
2025-10-17 12:48:09,079 - INFO - Train Loss: 0.6032, Train Acc: 79.21%, Val Loss: 0.6497, Val Acc: 77.64%
2025-10-17 12:48:09,080 - INFO - Epoch 30/200 (lr=0.1)
2025-10-17 12:48:17,960 - INFO - Train Loss: 0.6091, Train Acc: 79.01%, Val Loss: 0.6496, Val Acc: 78.32%
2025-10-17 12:48:18,063 - INFO - New best model saved with accuracy: 78.32%
2025-10-17 12:48:18,064 - INFO - Epoch 31/200 (lr=0.1)
2025-10-17 12:48:27,131 - INFO - Train Loss: 0.6009, Train Acc: 79.44%, Val Loss: 0.6647, Val Acc: 77.73%
2025-10-17 12:48:27,131 - INFO - Epoch 32/200 (lr=0.1)
2025-10-17 12:48:35,977 - INFO - Train Loss: 0.5966, Train Acc: 79.48%, Val Loss: 0.6077, Val Acc: 78.56%
2025-10-17 12:48:36,059 - INFO - New best model saved with accuracy: 78.56%
2025-10-17 12:48:36,059 - INFO - Epoch 33/200 (lr=0.1)
2025-10-17 12:48:44,834 - INFO - Train Loss: 0.5925, Train Acc: 79.54%, Val Loss: 0.7818, Val Acc: 73.54%
2025-10-17 12:48:44,835 - INFO - Epoch 34/200 (lr=0.1)
2025-10-17 12:48:53,807 - INFO - Train Loss: 0.5952, Train Acc: 79.59%, Val Loss: 0.6387, Val Acc: 77.91%
2025-10-17 12:48:53,808 - INFO - Epoch 35/200 (lr=0.1)
2025-10-17 12:49:02,877 - INFO - Train Loss: 0.5862, Train Acc: 79.79%, Val Loss: 0.6011, Val Acc: 79.43%
2025-10-17 12:49:02,989 - INFO - New best model saved with accuracy: 79.43%
2025-10-17 12:49:02,989 - INFO - Epoch 36/200 (lr=0.1)
2025-10-17 12:49:12,192 - INFO - Train Loss: 0.5962, Train Acc: 79.69%, Val Loss: 0.6751, Val Acc: 76.89%
2025-10-17 12:49:12,193 - INFO - Epoch 37/200 (lr=0.1)
2025-10-17 12:49:21,324 - INFO - Train Loss: 0.5956, Train Acc: 79.63%, Val Loss: 0.6389, Val Acc: 78.39%
2025-10-17 12:49:21,324 - INFO - Epoch 38/200 (lr=0.1)
2025-10-17 12:49:30,199 - INFO - Train Loss: 0.5873, Train Acc: 79.94%, Val Loss: 0.6450, Val Acc: 78.20%
2025-10-17 12:49:30,199 - INFO - Epoch 39/200 (lr=0.1)
2025-10-17 12:49:39,307 - INFO - Train Loss: 0.5993, Train Acc: 79.77%, Val Loss: 0.7835, Val Acc: 74.99%
2025-10-17 12:49:39,308 - INFO - Epoch 40/200 (lr=0.1)
2025-10-17 12:49:48,536 - INFO - Train Loss: 0.5932, Train Acc: 79.59%, Val Loss: 0.6769, Val Acc: 77.57%
2025-10-17 12:49:48,537 - INFO - Epoch 41/200 (lr=0.1)
2025-10-17 12:49:58,147 - INFO - Train Loss: 0.5862, Train Acc: 79.78%, Val Loss: 0.6313, Val Acc: 78.69%
2025-10-17 12:49:58,148 - INFO - Epoch 42/200 (lr=0.1)
2025-10-17 12:50:07,356 - INFO - Train Loss: 0.5883, Train Acc: 79.85%, Val Loss: 0.6099, Val Acc: 78.84%
2025-10-17 12:50:07,357 - INFO - Epoch 43/200 (lr=0.1)
2025-10-17 12:50:16,469 - INFO - Train Loss: 0.5880, Train Acc: 79.88%, Val Loss: 0.6949, Val Acc: 76.58%
2025-10-17 12:50:16,470 - INFO - Epoch 44/200 (lr=0.1)
2025-10-17 12:50:25,645 - INFO - Train Loss: 0.5937, Train Acc: 79.52%, Val Loss: 0.7384, Val Acc: 73.89%
2025-10-17 12:50:25,645 - INFO - Epoch 45/200 (lr=0.1)
2025-10-17 12:50:34,452 - INFO - Train Loss: 0.5860, Train Acc: 79.97%, Val Loss: 0.9158, Val Acc: 72.49%
2025-10-17 12:50:34,453 - INFO - Epoch 46/200 (lr=0.1)
2025-10-17 12:50:44,003 - INFO - Train Loss: 0.5889, Train Acc: 79.76%, Val Loss: 0.5799, Val Acc: 80.03%
2025-10-17 12:50:44,090 - INFO - New best model saved with accuracy: 80.03%
2025-10-17 12:50:44,090 - INFO - Epoch 47/200 (lr=0.1)
2025-10-17 12:50:52,916 - INFO - Train Loss: 0.5861, Train Acc: 79.81%, Val Loss: 0.6421, Val Acc: 78.06%
2025-10-17 12:50:52,916 - INFO - Epoch 48/200 (lr=0.1)
2025-10-17 12:51:02,294 - INFO - Train Loss: 0.5763, Train Acc: 80.15%, Val Loss: 0.7204, Val Acc: 76.22%
2025-10-17 12:51:02,294 - INFO - Epoch 49/200 (lr=0.1)
2025-10-17 12:51:11,562 - INFO - Train Loss: 0.5803, Train Acc: 80.07%, Val Loss: 0.5694, Val Acc: 80.54%
2025-10-17 12:51:11,637 - INFO - New best model saved with accuracy: 80.54%
2025-10-17 12:51:11,637 - INFO - Epoch 50/200 (lr=0.1)
2025-10-17 12:51:21,123 - INFO - Train Loss: 0.5790, Train Acc: 80.06%, Val Loss: 0.6627, Val Acc: 76.74%
2025-10-17 12:51:21,124 - INFO - Epoch 51/200 (lr=0.1)
2025-10-17 12:51:30,096 - INFO - Train Loss: 0.5777, Train Acc: 80.10%, Val Loss: 0.5600, Val Acc: 81.00%
2025-10-17 12:51:30,176 - INFO - New best model saved with accuracy: 81.00%
2025-10-17 12:51:30,176 - INFO - Epoch 52/200 (lr=0.1)
2025-10-17 12:51:38,815 - INFO - Train Loss: 0.5695, Train Acc: 80.32%, Val Loss: 0.7490, Val Acc: 74.85%
2025-10-17 12:51:38,816 - INFO - Epoch 53/200 (lr=0.1)
2025-10-17 12:51:46,776 - INFO - Train Loss: 0.5831, Train Acc: 79.98%, Val Loss: 0.6412, Val Acc: 78.41%
2025-10-17 12:51:46,777 - INFO - Epoch 54/200 (lr=0.1)
2025-10-17 12:51:55,456 - INFO - Train Loss: 0.5788, Train Acc: 80.07%, Val Loss: 0.6428, Val Acc: 77.93%
2025-10-17 12:51:55,457 - INFO - Epoch 55/200 (lr=0.1)
2025-10-17 12:52:05,172 - INFO - Train Loss: 0.5774, Train Acc: 80.19%, Val Loss: 0.6825, Val Acc: 76.99%
2025-10-17 12:52:05,173 - INFO - Epoch 56/200 (lr=0.1)
2025-10-17 12:52:14,764 - INFO - Train Loss: 0.5749, Train Acc: 80.22%, Val Loss: 0.5928, Val Acc: 80.04%
2025-10-17 12:52:14,765 - INFO - Epoch 57/200 (lr=0.1)
2025-10-17 12:52:23,801 - INFO - Train Loss: 0.5817, Train Acc: 80.09%, Val Loss: 0.6353, Val Acc: 78.67%
2025-10-17 12:52:23,802 - INFO - Epoch 58/200 (lr=0.1)
2025-10-17 12:52:31,448 - INFO - Train Loss: 0.5782, Train Acc: 80.26%, Val Loss: 0.6896, Val Acc: 77.54%
2025-10-17 12:52:31,448 - INFO - Epoch 59/200 (lr=0.1)
2025-10-17 12:52:40,228 - INFO - Train Loss: 0.5677, Train Acc: 80.47%, Val Loss: 0.6149, Val Acc: 79.20%
2025-10-17 12:52:40,229 - INFO - Epoch 60/200 (lr=0.1)
2025-10-17 12:52:49,492 - INFO - Train Loss: 0.5798, Train Acc: 80.08%, Val Loss: 0.7496, Val Acc: 74.30%
2025-10-17 12:52:49,493 - INFO - Epoch 61/200 (lr=0.02)
2025-10-17 12:52:58,677 - INFO - Train Loss: 0.4220, Train Acc: 85.70%, Val Loss: 0.3633, Val Acc: 87.44%
2025-10-17 12:52:58,765 - INFO - New best model saved with accuracy: 87.44%
2025-10-17 12:52:58,766 - INFO - Epoch 62/200 (lr=0.02)
2025-10-17 12:53:07,394 - INFO - Train Loss: 0.3733, Train Acc: 87.19%, Val Loss: 0.3500, Val Acc: 87.74%
2025-10-17 12:53:07,489 - INFO - New best model saved with accuracy: 87.74%
2025-10-17 12:53:07,490 - INFO - Epoch 63/200 (lr=0.02)
2025-10-17 12:53:16,785 - INFO - Train Loss: 0.3545, Train Acc: 87.80%, Val Loss: 0.3367, Val Acc: 88.81%
2025-10-17 12:53:16,888 - INFO - New best model saved with accuracy: 88.81%
2025-10-17 12:53:16,888 - INFO - Epoch 64/200 (lr=0.02)
2025-10-17 12:53:26,065 - INFO - Train Loss: 0.3421, Train Acc: 88.05%, Val Loss: 0.3584, Val Acc: 87.98%
2025-10-17 12:53:26,066 - INFO - Epoch 65/200 (lr=0.02)
2025-10-17 12:53:35,264 - INFO - Train Loss: 0.3368, Train Acc: 88.27%, Val Loss: 0.3640, Val Acc: 87.51%
2025-10-17 12:53:35,265 - INFO - Epoch 66/200 (lr=0.02)
2025-10-17 12:53:44,053 - INFO - Train Loss: 0.3339, Train Acc: 88.43%, Val Loss: 0.3485, Val Acc: 88.04%
2025-10-17 12:53:44,053 - INFO - Epoch 67/200 (lr=0.02)
2025-10-17 12:53:52,448 - INFO - Train Loss: 0.3275, Train Acc: 88.57%, Val Loss: 0.3521, Val Acc: 88.01%
2025-10-17 12:53:52,449 - INFO - Epoch 68/200 (lr=0.02)
2025-10-17 12:54:01,793 - INFO - Train Loss: 0.3242, Train Acc: 88.68%, Val Loss: 0.3366, Val Acc: 88.38%
2025-10-17 12:54:01,793 - INFO - Epoch 69/200 (lr=0.02)
2025-10-17 12:54:10,624 - INFO - Train Loss: 0.3234, Train Acc: 88.62%, Val Loss: 0.3329, Val Acc: 88.30%
2025-10-17 12:54:10,625 - INFO - Epoch 70/200 (lr=0.02)
2025-10-17 12:54:19,853 - INFO - Train Loss: 0.3178, Train Acc: 89.02%, Val Loss: 0.3406, Val Acc: 88.33%
2025-10-17 12:54:19,854 - INFO - Epoch 71/200 (lr=0.02)
2025-10-17 12:54:28,280 - INFO - Train Loss: 0.3158, Train Acc: 89.05%, Val Loss: 0.3349, Val Acc: 88.56%
2025-10-17 12:54:28,281 - INFO - Epoch 72/200 (lr=0.02)
2025-10-17 12:54:37,178 - INFO - Train Loss: 0.3199, Train Acc: 88.98%, Val Loss: 0.3334, Val Acc: 88.69%
2025-10-17 12:54:37,179 - INFO - Epoch 73/200 (lr=0.02)
2025-10-17 12:54:46,132 - INFO - Train Loss: 0.3131, Train Acc: 89.07%, Val Loss: 0.3465, Val Acc: 88.03%
2025-10-17 12:54:46,132 - INFO - Epoch 74/200 (lr=0.02)
2025-10-17 12:54:55,208 - INFO - Train Loss: 0.3134, Train Acc: 89.04%, Val Loss: 0.3457, Val Acc: 87.82%
2025-10-17 12:54:55,208 - INFO - Epoch 75/200 (lr=0.02)
2025-10-17 12:55:04,109 - INFO - Train Loss: 0.3144, Train Acc: 89.12%, Val Loss: 0.3409, Val Acc: 88.41%
2025-10-17 12:55:04,109 - INFO - Epoch 76/200 (lr=0.02)
2025-10-17 12:55:13,216 - INFO - Train Loss: 0.3203, Train Acc: 88.77%, Val Loss: 0.3385, Val Acc: 88.23%
2025-10-17 12:55:13,217 - INFO - Epoch 77/200 (lr=0.02)
2025-10-17 12:55:22,202 - INFO - Train Loss: 0.3173, Train Acc: 89.00%, Val Loss: 0.3290, Val Acc: 88.60%
2025-10-17 12:55:22,202 - INFO - Epoch 78/200 (lr=0.02)
2025-10-17 12:55:30,900 - INFO - Train Loss: 0.3126, Train Acc: 89.12%, Val Loss: 0.3319, Val Acc: 88.47%
2025-10-17 12:55:30,901 - INFO - Epoch 79/200 (lr=0.02)
2025-10-17 12:55:39,560 - INFO - Train Loss: 0.3123, Train Acc: 89.18%, Val Loss: 0.3442, Val Acc: 87.99%
2025-10-17 12:55:39,561 - INFO - Epoch 80/200 (lr=0.02)
2025-10-17 12:55:48,185 - INFO - Train Loss: 0.3176, Train Acc: 89.00%, Val Loss: 0.3518, Val Acc: 88.05%
2025-10-17 12:55:48,185 - INFO - Epoch 81/200 (lr=0.02)
2025-10-17 12:55:57,165 - INFO - Train Loss: 0.3119, Train Acc: 89.20%, Val Loss: 0.3759, Val Acc: 87.47%
2025-10-17 12:55:57,166 - INFO - Epoch 82/200 (lr=0.02)
2025-10-17 12:56:05,305 - INFO - Train Loss: 0.3201, Train Acc: 88.80%, Val Loss: 0.3463, Val Acc: 88.17%
2025-10-17 12:56:05,306 - INFO - Epoch 83/200 (lr=0.02)
2025-10-17 12:56:13,616 - INFO - Train Loss: 0.3117, Train Acc: 89.27%, Val Loss: 0.3474, Val Acc: 88.44%
2025-10-17 12:56:13,617 - INFO - Epoch 84/200 (lr=0.02)
2025-10-17 12:56:22,650 - INFO - Train Loss: 0.3134, Train Acc: 89.07%, Val Loss: 0.3349, Val Acc: 88.47%
2025-10-17 12:56:22,651 - INFO - Epoch 85/200 (lr=0.02)
2025-10-17 12:56:31,569 - INFO - Train Loss: 0.3142, Train Acc: 89.11%, Val Loss: 0.3543, Val Acc: 88.33%
2025-10-17 12:56:31,570 - INFO - Epoch 86/200 (lr=0.02)
2025-10-17 12:56:40,859 - INFO - Train Loss: 0.3071, Train Acc: 89.26%, Val Loss: 0.3445, Val Acc: 88.31%
2025-10-17 12:56:40,859 - INFO - Epoch 87/200 (lr=0.02)
2025-10-17 12:56:49,933 - INFO - Train Loss: 0.3174, Train Acc: 88.98%, Val Loss: 0.3538, Val Acc: 88.10%
2025-10-17 12:56:49,934 - INFO - Epoch 88/200 (lr=0.02)
2025-10-17 12:56:59,326 - INFO - Train Loss: 0.3146, Train Acc: 89.12%, Val Loss: 0.3446, Val Acc: 88.49%
2025-10-17 12:56:59,326 - INFO - Epoch 89/200 (lr=0.02)
2025-10-17 12:57:07,840 - INFO - Train Loss: 0.3123, Train Acc: 89.08%, Val Loss: 0.4215, Val Acc: 86.10%
2025-10-17 12:57:07,841 - INFO - Epoch 90/200 (lr=0.02)
2025-10-17 12:57:17,081 - INFO - Train Loss: 0.3172, Train Acc: 88.96%, Val Loss: 0.3824, Val Acc: 86.74%
2025-10-17 12:57:17,082 - INFO - Epoch 91/200 (lr=0.02)
2025-10-17 12:57:26,376 - INFO - Train Loss: 0.3125, Train Acc: 89.10%, Val Loss: 0.3663, Val Acc: 87.92%
2025-10-17 12:57:26,376 - INFO - Epoch 92/200 (lr=0.02)
2025-10-17 12:57:35,591 - INFO - Train Loss: 0.3126, Train Acc: 89.09%, Val Loss: 0.3696, Val Acc: 87.47%
2025-10-17 12:57:35,592 - INFO - Epoch 93/200 (lr=0.02)
2025-10-17 12:57:44,754 - INFO - Train Loss: 0.3145, Train Acc: 89.23%, Val Loss: 0.3410, Val Acc: 88.31%
2025-10-17 12:57:44,755 - INFO - Epoch 94/200 (lr=0.02)
2025-10-17 12:57:53,901 - INFO - Train Loss: 0.3174, Train Acc: 89.08%, Val Loss: 0.3577, Val Acc: 87.83%
2025-10-17 12:57:53,902 - INFO - Epoch 95/200 (lr=0.02)
2025-10-17 12:58:02,852 - INFO - Train Loss: 0.3109, Train Acc: 89.21%, Val Loss: 0.3642, Val Acc: 87.53%
2025-10-17 12:58:02,852 - INFO - Epoch 96/200 (lr=0.02)
2025-10-17 12:58:12,112 - INFO - Train Loss: 0.3198, Train Acc: 88.96%, Val Loss: 0.3678, Val Acc: 87.38%
2025-10-17 12:58:12,113 - INFO - Epoch 97/200 (lr=0.02)
2025-10-17 12:58:21,581 - INFO - Train Loss: 0.3170, Train Acc: 88.93%, Val Loss: 0.3513, Val Acc: 88.01%
2025-10-17 12:58:21,582 - INFO - Epoch 98/200 (lr=0.02)
2025-10-17 12:58:30,576 - INFO - Train Loss: 0.3170, Train Acc: 89.06%, Val Loss: 0.3980, Val Acc: 86.51%
2025-10-17 12:58:30,576 - INFO - Epoch 99/200 (lr=0.02)
2025-10-17 12:58:39,703 - INFO - Train Loss: 0.3192, Train Acc: 88.98%, Val Loss: 0.3483, Val Acc: 88.10%
2025-10-17 12:58:39,704 - INFO - Epoch 100/200 (lr=0.02)
2025-10-17 12:58:48,014 - INFO - Train Loss: 0.3143, Train Acc: 88.94%, Val Loss: 0.4009, Val Acc: 87.12%
2025-10-17 12:58:48,015 - INFO - Epoch 101/200 (lr=0.02)
2025-10-17 12:58:56,742 - INFO - Train Loss: 0.3108, Train Acc: 89.29%, Val Loss: 0.3556, Val Acc: 88.38%
2025-10-17 12:58:56,743 - INFO - Epoch 102/200 (lr=0.02)
2025-10-17 12:59:06,149 - INFO - Train Loss: 0.3110, Train Acc: 89.12%, Val Loss: 0.4115, Val Acc: 86.21%
2025-10-17 12:59:06,149 - INFO - Epoch 103/200 (lr=0.02)
2025-10-17 12:59:15,573 - INFO - Train Loss: 0.3125, Train Acc: 89.16%, Val Loss: 0.3588, Val Acc: 88.29%
2025-10-17 12:59:15,574 - INFO - Epoch 104/200 (lr=0.02)
2025-10-17 12:59:24,754 - INFO - Train Loss: 0.3176, Train Acc: 89.08%, Val Loss: 0.3481, Val Acc: 88.40%
2025-10-17 12:59:24,754 - INFO - Epoch 105/200 (lr=0.02)
2025-10-17 12:59:33,136 - INFO - Train Loss: 0.3096, Train Acc: 89.24%, Val Loss: 0.3523, Val Acc: 88.02%
2025-10-17 12:59:33,137 - INFO - Epoch 106/200 (lr=0.02)
2025-10-17 12:59:41,836 - INFO - Train Loss: 0.3111, Train Acc: 89.12%, Val Loss: 0.3702, Val Acc: 87.24%
2025-10-17 12:59:41,836 - INFO - Epoch 107/200 (lr=0.02)
2025-10-17 12:59:50,783 - INFO - Train Loss: 0.3108, Train Acc: 89.43%, Val Loss: 0.3742, Val Acc: 87.54%
2025-10-17 12:59:50,783 - INFO - Epoch 108/200 (lr=0.02)
2025-10-17 12:59:59,768 - INFO - Train Loss: 0.3125, Train Acc: 89.09%, Val Loss: 0.3419, Val Acc: 88.50%
2025-10-17 12:59:59,769 - INFO - Epoch 109/200 (lr=0.02)
2025-10-17 13:00:09,011 - INFO - Train Loss: 0.3120, Train Acc: 89.10%, Val Loss: 0.3494, Val Acc: 88.05%
2025-10-17 13:00:09,011 - INFO - Epoch 110/200 (lr=0.02)
2025-10-17 13:00:18,163 - INFO - Train Loss: 0.3122, Train Acc: 89.10%, Val Loss: 0.3779, Val Acc: 87.14%
2025-10-17 13:00:18,163 - INFO - Epoch 111/200 (lr=0.02)
2025-10-17 13:00:27,373 - INFO - Train Loss: 0.3096, Train Acc: 89.24%, Val Loss: 0.3837, Val Acc: 87.02%
2025-10-17 13:00:27,373 - INFO - Epoch 112/200 (lr=0.02)
2025-10-17 13:00:36,845 - INFO - Train Loss: 0.3124, Train Acc: 89.13%, Val Loss: 0.3894, Val Acc: 87.09%
2025-10-17 13:00:36,846 - INFO - Epoch 113/200 (lr=0.02)
2025-10-17 13:00:45,840 - INFO - Train Loss: 0.3097, Train Acc: 89.29%, Val Loss: 0.3886, Val Acc: 86.72%
2025-10-17 13:00:45,841 - INFO - Epoch 114/200 (lr=0.02)
2025-10-17 13:00:54,914 - INFO - Train Loss: 0.3121, Train Acc: 89.14%, Val Loss: 0.3377, Val Acc: 88.24%
2025-10-17 13:00:54,914 - INFO - Epoch 115/200 (lr=0.02)
2025-10-17 13:01:03,879 - INFO - Train Loss: 0.3069, Train Acc: 89.30%, Val Loss: 0.3508, Val Acc: 88.50%
2025-10-17 13:01:03,880 - INFO - Epoch 116/200 (lr=0.02)
2025-10-17 13:01:12,641 - INFO - Train Loss: 0.3067, Train Acc: 89.36%, Val Loss: 0.3661, Val Acc: 87.66%
2025-10-17 13:01:12,643 - INFO - Epoch 117/200 (lr=0.02)
2025-10-17 13:01:21,520 - INFO - Train Loss: 0.3080, Train Acc: 89.32%, Val Loss: 0.3711, Val Acc: 87.90%
2025-10-17 13:01:21,520 - INFO - Epoch 118/200 (lr=0.02)
2025-10-17 13:01:30,515 - INFO - Train Loss: 0.3072, Train Acc: 89.32%, Val Loss: 0.3600, Val Acc: 88.45%
2025-10-17 13:01:30,516 - INFO - Epoch 119/200 (lr=0.02)
2025-10-17 13:01:39,270 - INFO - Train Loss: 0.3112, Train Acc: 89.17%, Val Loss: 0.3766, Val Acc: 87.29%
2025-10-17 13:01:39,271 - INFO - Epoch 120/200 (lr=0.02)
2025-10-17 13:01:47,977 - INFO - Train Loss: 0.3082, Train Acc: 89.28%, Val Loss: 0.3645, Val Acc: 88.30%
2025-10-17 13:01:47,978 - INFO - Epoch 121/200 (lr=0.004)
2025-10-17 13:01:57,265 - INFO - Train Loss: 0.2297, Train Acc: 92.02%, Val Loss: 0.2710, Val Acc: 91.00%
2025-10-17 13:01:57,394 - INFO - New best model saved with accuracy: 91.00%
2025-10-17 13:01:57,394 - INFO - Epoch 122/200 (lr=0.004)
2025-10-17 13:02:06,584 - INFO - Train Loss: 0.1955, Train Acc: 93.29%, Val Loss: 0.2657, Val Acc: 91.29%
2025-10-17 13:02:06,679 - INFO - New best model saved with accuracy: 91.29%
2025-10-17 13:02:06,679 - INFO - Epoch 123/200 (lr=0.004)
2025-10-17 13:02:15,855 - INFO - Train Loss: 0.1888, Train Acc: 93.44%, Val Loss: 0.2630, Val Acc: 91.39%
2025-10-17 13:02:15,951 - INFO - New best model saved with accuracy: 91.39%
2025-10-17 13:02:15,951 - INFO - Epoch 124/200 (lr=0.004)
2025-10-17 13:02:25,005 - INFO - Train Loss: 0.1842, Train Acc: 93.56%, Val Loss: 0.2701, Val Acc: 91.18%
2025-10-17 13:02:25,006 - INFO - Epoch 125/200 (lr=0.004)
2025-10-17 13:02:34,401 - INFO - Train Loss: 0.1802, Train Acc: 93.71%, Val Loss: 0.2651, Val Acc: 91.23%
2025-10-17 13:02:34,401 - INFO - Epoch 126/200 (lr=0.004)
2025-10-17 13:02:43,753 - INFO - Train Loss: 0.1745, Train Acc: 93.97%, Val Loss: 0.2693, Val Acc: 91.21%
2025-10-17 13:02:43,754 - INFO - Epoch 127/200 (lr=0.004)
2025-10-17 13:02:52,880 - INFO - Train Loss: 0.1707, Train Acc: 94.14%, Val Loss: 0.2705, Val Acc: 91.54%
2025-10-17 13:02:52,971 - INFO - New best model saved with accuracy: 91.54%
2025-10-17 13:02:52,972 - INFO - Epoch 128/200 (lr=0.004)
2025-10-17 13:03:01,901 - INFO - Train Loss: 0.1692, Train Acc: 94.07%, Val Loss: 0.2620, Val Acc: 91.24%
2025-10-17 13:03:01,901 - INFO - Epoch 129/200 (lr=0.004)
2025-10-17 13:03:11,086 - INFO - Train Loss: 0.1624, Train Acc: 94.41%, Val Loss: 0.2672, Val Acc: 91.45%
2025-10-17 13:03:11,087 - INFO - Epoch 130/200 (lr=0.004)
2025-10-17 13:03:20,557 - INFO - Train Loss: 0.1634, Train Acc: 94.37%, Val Loss: 0.2648, Val Acc: 91.57%
2025-10-17 13:03:20,662 - INFO - New best model saved with accuracy: 91.57%
2025-10-17 13:03:20,662 - INFO - Epoch 131/200 (lr=0.004)
2025-10-17 13:03:29,530 - INFO - Train Loss: 0.1597, Train Acc: 94.45%, Val Loss: 0.2732, Val Acc: 91.40%
2025-10-17 13:03:29,530 - INFO - Epoch 132/200 (lr=0.004)
2025-10-17 13:03:38,043 - INFO - Train Loss: 0.1597, Train Acc: 94.48%, Val Loss: 0.2671, Val Acc: 91.59%
2025-10-17 13:03:38,141 - INFO - New best model saved with accuracy: 91.59%
2025-10-17 13:03:38,141 - INFO - Epoch 133/200 (lr=0.004)
2025-10-17 13:03:47,666 - INFO - Train Loss: 0.1553, Train Acc: 94.61%, Val Loss: 0.2759, Val Acc: 91.16%
2025-10-17 13:03:47,666 - INFO - Epoch 134/200 (lr=0.004)
2025-10-17 13:03:56,600 - INFO - Train Loss: 0.1566, Train Acc: 94.54%, Val Loss: 0.2769, Val Acc: 91.20%
2025-10-17 13:03:56,601 - INFO - Epoch 135/200 (lr=0.004)
2025-10-17 13:04:05,126 - INFO - Train Loss: 0.1548, Train Acc: 94.59%, Val Loss: 0.2733, Val Acc: 91.51%
2025-10-17 13:04:05,126 - INFO - Epoch 136/200 (lr=0.004)
2025-10-17 13:04:14,203 - INFO - Train Loss: 0.1527, Train Acc: 94.64%, Val Loss: 0.2721, Val Acc: 91.31%
2025-10-17 13:04:14,204 - INFO - Epoch 137/200 (lr=0.004)
2025-10-17 13:04:23,272 - INFO - Train Loss: 0.1538, Train Acc: 94.63%, Val Loss: 0.2764, Val Acc: 91.24%
2025-10-17 13:04:23,272 - INFO - Epoch 138/200 (lr=0.004)
2025-10-17 13:04:32,153 - INFO - Train Loss: 0.1496, Train Acc: 94.68%, Val Loss: 0.2761, Val Acc: 91.23%
2025-10-17 13:04:32,154 - INFO - Epoch 139/200 (lr=0.004)
2025-10-17 13:04:41,667 - INFO - Train Loss: 0.1520, Train Acc: 94.59%, Val Loss: 0.2822, Val Acc: 91.10%
2025-10-17 13:04:41,667 - INFO - Epoch 140/200 (lr=0.004)
2025-10-17 13:04:51,164 - INFO - Train Loss: 0.1492, Train Acc: 94.76%, Val Loss: 0.2845, Val Acc: 91.19%
2025-10-17 13:04:51,165 - INFO - Epoch 141/200 (lr=0.004)
2025-10-17 13:05:00,061 - INFO - Train Loss: 0.1531, Train Acc: 94.60%, Val Loss: 0.2857, Val Acc: 90.74%
2025-10-17 13:05:00,062 - INFO - Epoch 142/200 (lr=0.004)
2025-10-17 13:05:07,305 - INFO - Train Loss: 0.1488, Train Acc: 94.77%, Val Loss: 0.2804, Val Acc: 91.21%
2025-10-17 13:05:07,306 - INFO - Epoch 143/200 (lr=0.004)
2025-10-17 13:05:16,054 - INFO - Train Loss: 0.1476, Train Acc: 94.81%, Val Loss: 0.2815, Val Acc: 91.13%
2025-10-17 13:05:16,054 - INFO - Epoch 144/200 (lr=0.004)
2025-10-17 13:05:25,069 - INFO - Train Loss: 0.1478, Train Acc: 94.88%, Val Loss: 0.2767, Val Acc: 91.07%
2025-10-17 13:05:25,069 - INFO - Epoch 145/200 (lr=0.004)
2025-10-17 13:05:34,293 - INFO - Train Loss: 0.1470, Train Acc: 94.88%, Val Loss: 0.2755, Val Acc: 91.32%
2025-10-17 13:05:34,293 - INFO - Epoch 146/200 (lr=0.004)
2025-10-17 13:05:43,165 - INFO - Train Loss: 0.1442, Train Acc: 94.95%, Val Loss: 0.2854, Val Acc: 91.25%
2025-10-17 13:05:43,166 - INFO - Epoch 147/200 (lr=0.004)
2025-10-17 13:05:52,353 - INFO - Train Loss: 0.1442, Train Acc: 95.00%, Val Loss: 0.2845, Val Acc: 91.14%
2025-10-17 13:05:52,353 - INFO - Epoch 148/200 (lr=0.004)
2025-10-17 13:06:01,306 - INFO - Train Loss: 0.1404, Train Acc: 95.08%, Val Loss: 0.2826, Val Acc: 91.50%
2025-10-17 13:06:01,307 - INFO - Epoch 149/200 (lr=0.004)
2025-10-17 13:06:10,125 - INFO - Train Loss: 0.1393, Train Acc: 95.15%, Val Loss: 0.2896, Val Acc: 91.05%
2025-10-17 13:06:10,125 - INFO - Epoch 150/200 (lr=0.004)
2025-10-17 13:06:19,072 - INFO - Train Loss: 0.1445, Train Acc: 94.85%, Val Loss: 0.2833, Val Acc: 91.37%
2025-10-17 13:06:19,073 - INFO - Epoch 151/200 (lr=0.004)
2025-10-17 13:06:28,250 - INFO - Train Loss: 0.1400, Train Acc: 95.14%, Val Loss: 0.2915, Val Acc: 91.16%
2025-10-17 13:06:28,251 - INFO - Epoch 152/200 (lr=0.004)
2025-10-17 13:06:37,361 - INFO - Train Loss: 0.1405, Train Acc: 95.04%, Val Loss: 0.2898, Val Acc: 91.04%
2025-10-17 13:06:37,362 - INFO - Epoch 153/200 (lr=0.004)
2025-10-17 13:06:46,414 - INFO - Train Loss: 0.1418, Train Acc: 94.95%, Val Loss: 0.2955, Val Acc: 90.98%
2025-10-17 13:06:46,415 - INFO - Epoch 154/200 (lr=0.004)
2025-10-17 13:06:55,552 - INFO - Train Loss: 0.1403, Train Acc: 95.03%, Val Loss: 0.3064, Val Acc: 90.79%
2025-10-17 13:06:55,553 - INFO - Epoch 155/200 (lr=0.004)
2025-10-17 13:07:04,638 - INFO - Train Loss: 0.1390, Train Acc: 95.05%, Val Loss: 0.2903, Val Acc: 91.07%
2025-10-17 13:07:04,638 - INFO - Epoch 156/200 (lr=0.004)
2025-10-17 13:07:13,932 - INFO - Train Loss: 0.1341, Train Acc: 95.20%, Val Loss: 0.3069, Val Acc: 90.85%
2025-10-17 13:07:13,933 - INFO - Epoch 157/200 (lr=0.004)
2025-10-17 13:07:22,544 - INFO - Train Loss: 0.1386, Train Acc: 95.17%, Val Loss: 0.3085, Val Acc: 90.88%
2025-10-17 13:07:22,545 - INFO - Epoch 158/200 (lr=0.004)
2025-10-17 13:07:31,566 - INFO - Train Loss: 0.1366, Train Acc: 95.32%, Val Loss: 0.3034, Val Acc: 90.76%
2025-10-17 13:07:31,567 - INFO - Epoch 159/200 (lr=0.004)
2025-10-17 13:07:39,875 - INFO - Train Loss: 0.1359, Train Acc: 95.24%, Val Loss: 0.2837, Val Acc: 91.30%
2025-10-17 13:07:39,876 - INFO - Epoch 160/200 (lr=0.004)
2025-10-17 13:07:48,842 - INFO - Train Loss: 0.1388, Train Acc: 95.14%, Val Loss: 0.2967, Val Acc: 90.77%
2025-10-17 13:07:48,843 - INFO - Epoch 161/200 (lr=0.0008)
2025-10-17 13:07:57,681 - INFO - Train Loss: 0.1144, Train Acc: 95.94%, Val Loss: 0.2779, Val Acc: 91.51%
2025-10-17 13:07:57,682 - INFO - Epoch 162/200 (lr=0.0008)
2025-10-17 13:08:06,643 - INFO - Train Loss: 0.1075, Train Acc: 96.26%, Val Loss: 0.2771, Val Acc: 91.65%
2025-10-17 13:08:06,739 - INFO - New best model saved with accuracy: 91.65%
2025-10-17 13:08:06,739 - INFO - Epoch 163/200 (lr=0.0008)
2025-10-17 13:08:15,351 - INFO - Train Loss: 0.1019, Train Acc: 96.61%, Val Loss: 0.2716, Val Acc: 91.66%
2025-10-17 13:08:15,487 - INFO - New best model saved with accuracy: 91.66%
2025-10-17 13:08:15,488 - INFO - Epoch 164/200 (lr=0.0008)
2025-10-17 13:08:24,174 - INFO - Train Loss: 0.0997, Train Acc: 96.64%, Val Loss: 0.2755, Val Acc: 91.66%
2025-10-17 13:08:24,175 - INFO - Epoch 165/200 (lr=0.0008)
2025-10-17 13:08:33,301 - INFO - Train Loss: 0.0973, Train Acc: 96.68%, Val Loss: 0.2745, Val Acc: 91.78%
2025-10-17 13:08:33,390 - INFO - New best model saved with accuracy: 91.78%
2025-10-17 13:08:33,390 - INFO - Epoch 166/200 (lr=0.0008)
2025-10-17 13:08:42,148 - INFO - Train Loss: 0.0979, Train Acc: 96.70%, Val Loss: 0.2773, Val Acc: 91.71%
2025-10-17 13:08:42,149 - INFO - Epoch 167/200 (lr=0.0008)
2025-10-17 13:08:50,949 - INFO - Train Loss: 0.0945, Train Acc: 96.83%, Val Loss: 0.2786, Val Acc: 91.78%
2025-10-17 13:08:50,950 - INFO - Epoch 168/200 (lr=0.0008)
2025-10-17 13:09:00,061 - INFO - Train Loss: 0.0938, Train Acc: 96.76%, Val Loss: 0.2788, Val Acc: 91.68%
2025-10-17 13:09:00,062 - INFO - Epoch 169/200 (lr=0.0008)
2025-10-17 13:09:09,403 - INFO - Train Loss: 0.0945, Train Acc: 96.79%, Val Loss: 0.2820, Val Acc: 91.80%
2025-10-17 13:09:09,498 - INFO - New best model saved with accuracy: 91.80%
2025-10-17 13:09:09,498 - INFO - Epoch 170/200 (lr=0.0008)
2025-10-17 13:09:19,113 - INFO - Train Loss: 0.0913, Train Acc: 96.83%, Val Loss: 0.2816, Val Acc: 91.61%
2025-10-17 13:09:19,114 - INFO - Epoch 171/200 (lr=0.0008)
2025-10-17 13:09:27,648 - INFO - Train Loss: 0.0930, Train Acc: 96.75%, Val Loss: 0.2815, Val Acc: 91.74%
2025-10-17 13:09:27,648 - INFO - Epoch 172/200 (lr=0.0008)
2025-10-17 13:09:34,847 - INFO - Train Loss: 0.0950, Train Acc: 96.74%, Val Loss: 0.2772, Val Acc: 91.85%
2025-10-17 13:09:34,970 - INFO - New best model saved with accuracy: 91.85%
2025-10-17 13:09:34,970 - INFO - Epoch 173/200 (lr=0.0008)
2025-10-17 13:09:44,061 - INFO - Train Loss: 0.0909, Train Acc: 96.87%, Val Loss: 0.2806, Val Acc: 91.86%
2025-10-17 13:09:44,152 - INFO - New best model saved with accuracy: 91.86%
2025-10-17 13:09:44,153 - INFO - Epoch 174/200 (lr=0.0008)
2025-10-17 13:09:53,700 - INFO - Train Loss: 0.0916, Train Acc: 96.80%, Val Loss: 0.2834, Val Acc: 91.79%
2025-10-17 13:09:53,701 - INFO - Epoch 175/200 (lr=0.0008)
2025-10-17 13:10:02,684 - INFO - Train Loss: 0.0903, Train Acc: 96.86%, Val Loss: 0.2860, Val Acc: 91.56%
2025-10-17 13:10:02,684 - INFO - Epoch 176/200 (lr=0.0008)
2025-10-17 13:10:11,714 - INFO - Train Loss: 0.0890, Train Acc: 96.95%, Val Loss: 0.2845, Val Acc: 91.54%
2025-10-17 13:10:11,714 - INFO - Epoch 177/200 (lr=0.0008)
2025-10-17 13:10:20,809 - INFO - Train Loss: 0.0877, Train Acc: 96.94%, Val Loss: 0.2827, Val Acc: 91.91%
2025-10-17 13:10:20,969 - INFO - New best model saved with accuracy: 91.91%
2025-10-17 13:10:20,969 - INFO - Epoch 178/200 (lr=0.0008)
2025-10-17 13:10:29,523 - INFO - Train Loss: 0.0860, Train Acc: 97.04%, Val Loss: 0.2838, Val Acc: 91.67%
2025-10-17 13:10:29,524 - INFO - Epoch 179/200 (lr=0.0008)
2025-10-17 13:10:39,140 - INFO - Train Loss: 0.0893, Train Acc: 96.93%, Val Loss: 0.2870, Val Acc: 91.72%
2025-10-17 13:10:39,141 - INFO - Epoch 180/200 (lr=0.0008)
2025-10-17 13:10:48,324 - INFO - Train Loss: 0.0880, Train Acc: 96.95%, Val Loss: 0.2864, Val Acc: 91.62%
2025-10-17 13:10:48,324 - INFO - Epoch 181/200 (lr=0.0008)
2025-10-17 13:10:57,608 - INFO - Train Loss: 0.0858, Train Acc: 97.00%, Val Loss: 0.2899, Val Acc: 91.74%
2025-10-17 13:10:57,608 - INFO - Epoch 182/200 (lr=0.0008)
2025-10-17 13:11:06,899 - INFO - Train Loss: 0.0866, Train Acc: 96.98%, Val Loss: 0.2870, Val Acc: 91.55%
2025-10-17 13:11:06,900 - INFO - Epoch 183/200 (lr=0.0008)
2025-10-17 13:11:15,947 - INFO - Train Loss: 0.0853, Train Acc: 97.02%, Val Loss: 0.2857, Val Acc: 91.64%
2025-10-17 13:11:15,947 - INFO - Epoch 184/200 (lr=0.0008)
2025-10-17 13:11:23,990 - INFO - Train Loss: 0.0854, Train Acc: 97.00%, Val Loss: 0.2875, Val Acc: 91.78%
2025-10-17 13:11:23,990 - INFO - Epoch 185/200 (lr=0.0008)
2025-10-17 13:11:32,560 - INFO - Train Loss: 0.0875, Train Acc: 96.94%, Val Loss: 0.2873, Val Acc: 91.87%
2025-10-17 13:11:32,560 - INFO - Epoch 186/200 (lr=0.0008)
2025-10-17 13:11:41,413 - INFO - Train Loss: 0.0859, Train Acc: 97.07%, Val Loss: 0.2864, Val Acc: 91.82%
2025-10-17 13:11:41,414 - INFO - Epoch 187/200 (lr=0.0008)
2025-10-17 13:11:50,166 - INFO - Train Loss: 0.0859, Train Acc: 96.98%, Val Loss: 0.2887, Val Acc: 91.57%
2025-10-17 13:11:50,166 - INFO - Epoch 188/200 (lr=0.0008)
2025-10-17 13:11:59,487 - INFO - Train Loss: 0.0813, Train Acc: 97.15%, Val Loss: 0.2867, Val Acc: 91.71%
2025-10-17 13:11:59,487 - INFO - Epoch 189/200 (lr=0.0008)
2025-10-17 13:12:08,447 - INFO - Train Loss: 0.0836, Train Acc: 97.20%, Val Loss: 0.2861, Val Acc: 91.74%
2025-10-17 13:12:08,447 - INFO - Epoch 190/200 (lr=0.0008)
2025-10-17 13:12:17,046 - INFO - Train Loss: 0.0822, Train Acc: 97.15%, Val Loss: 0.2870, Val Acc: 91.87%
2025-10-17 13:12:17,046 - INFO - Epoch 191/200 (lr=0.0008)
2025-10-17 13:12:25,934 - INFO - Train Loss: 0.0807, Train Acc: 97.18%, Val Loss: 0.2945, Val Acc: 91.47%
2025-10-17 13:12:25,935 - INFO - Epoch 192/200 (lr=0.0008)
2025-10-17 13:12:34,802 - INFO - Train Loss: 0.0831, Train Acc: 97.11%, Val Loss: 0.2973, Val Acc: 91.67%
2025-10-17 13:12:34,802 - INFO - Epoch 193/200 (lr=0.0008)
2025-10-17 13:12:43,161 - INFO - Train Loss: 0.0829, Train Acc: 97.11%, Val Loss: 0.2969, Val Acc: 91.69%
2025-10-17 13:12:43,161 - INFO - Epoch 194/200 (lr=0.0008)
2025-10-17 13:12:52,078 - INFO - Train Loss: 0.0807, Train Acc: 97.18%, Val Loss: 0.2940, Val Acc: 91.67%
2025-10-17 13:12:52,078 - INFO - Epoch 195/200 (lr=0.0008)
2025-10-17 13:13:01,226 - INFO - Train Loss: 0.0828, Train Acc: 97.12%, Val Loss: 0.2995, Val Acc: 91.52%
2025-10-17 13:13:01,226 - INFO - Epoch 196/200 (lr=0.0008)
2025-10-17 13:13:09,991 - INFO - Train Loss: 0.0786, Train Acc: 97.28%, Val Loss: 0.2943, Val Acc: 91.57%
2025-10-17 13:13:09,992 - INFO - Epoch 197/200 (lr=0.0008)
2025-10-17 13:13:18,810 - INFO - Train Loss: 0.0783, Train Acc: 97.26%, Val Loss: 0.2996, Val Acc: 91.57%
2025-10-17 13:13:18,810 - INFO - Epoch 198/200 (lr=0.0008)
2025-10-17 13:13:27,225 - INFO - Train Loss: 0.0821, Train Acc: 97.07%, Val Loss: 0.2983, Val Acc: 91.55%
2025-10-17 13:13:27,226 - INFO - Epoch 199/200 (lr=0.0008)
2025-10-17 13:13:36,245 - INFO - Train Loss: 0.0798, Train Acc: 97.21%, Val Loss: 0.3023, Val Acc: 91.62%
2025-10-17 13:13:36,245 - INFO - Epoch 200/200 (lr=0.0008)
2025-10-17 13:13:45,269 - INFO - Train Loss: 0.0807, Train Acc: 97.18%, Val Loss: 0.2999, Val Acc: 91.60%
2025-10-17 13:13:45,270 - INFO - Training completed. Best validation accuracy: 91.91%
